 
                                                                                                                                                                                                                                                                
 
 
Variable Summary

           Measurement    Frequency
 Role         Level         Count

ASSESS      NOMINAL           1    
INPUT       NOMINAL           1    
SEGMENT     INTERVAL          1    
TARGET      BINARY            1    
 
                                                                                                                                                                                                                                                                
 
Group Summary

Group                     Frequency
Index        Group          Count

   1     ^(cv_var =1)         2193 
   2     ^(cv_var =2)         2185 
   3     ^(cv_var =3)         2202 
   4     ^(cv_var =4)         2195 
   5     ^(cv_var =5)         2197 
   6     ^(cv_var =6)         2198 
   7     ^(cv_var =7)         2193 
   8     ^(cv_var =8)         2189 
   9     ^(cv_var =9)         2201 
  10     ^(cv_var =10)        2180 
