MPRINT(EM_DIAGRAM):    data _null_;
MPRINT(EM_DIAGRAM):   call symput('NLDATE', strip(put(date(), NLDATE.)));
MPRINT(EM_DIAGRAM):   call symput('NLTIME', strip(put(datetime(), NLTIME.)));
MPRINT(EM_DIAGRAM):   run;
MPRINT(EM_DIAGRAM):   data _null_;
MPRINT(EM_DIAGRAM):   nldate= sasmsg("sashelp.dmine", "log_date_note", 'N', "02 June 2018" );
MPRINT(EM_DIAGRAM):   nltime= sasmsg("sashelp.dmine", "log_time_note", 'N', "17:19:18 o'clock" 
);
MPRINT(EM_DIAGRAM):   put "*------------------------------------------------------------*";
MPRINT(EM_DIAGRAM):   put "* Report Log";
MPRINT(EM_DIAGRAM):   put nldate;
MPRINT(EM_DIAGRAM):   put nltime;
MPRINT(EM_DIAGRAM):   put "*------------------------------------------------------------*";
MPRINT(EM_DIAGRAM):   run;
*------------------------------------------------------------*
* Report Log
Date:                02 June 2018
Time:                17:19:18 o'clock
*------------------------------------------------------------*
MPRINT(EM_DIAGRAM):    filename O30G3LZA "C:\Users\misil\Desktop\DM 
2\Project\WarGameStore_sasProject\Workspaces\EMWS1\Score\EMREPORT.out" encoding="UTF-8" NOBOM;
MPRINT(EM_DIAGRAM):   proc printto print=O30G3LZA new;
MPRINT(EM_DIAGRAM):   run;
81176      data WORK.SCOREFREQMETA;
MPRINT(EM_DIAGRAM):    data WORK.SCOREFREQMETA;
81177      length NAME $32 ROLE $32 LEVEL $8;
MPRINT(EM_DIAGRAM):   length NAME $32 ROLE $32 LEVEL $8;
81178      NAME="I_DepVar";
MPRINT(EM_DIAGRAM):   NAME="I_DepVar";
81179      ROLE="INPUT";
MPRINT(EM_DIAGRAM):   ROLE="INPUT";
81180      LEVEL="NOMINAL";
MPRINT(EM_DIAGRAM):   LEVEL="NOMINAL";
81181      TYPE="C";
MPRINT(EM_DIAGRAM):   TYPE="C";
81182      output;
MPRINT(EM_DIAGRAM):   output;
81183      run;
MPRINT(EM_DIAGRAM):   run;

NOTE: The data set WORK.SCOREFREQMETA has 1 observations and 4 variables.
NOTE: DATA statement used (Total process time):
      real time           0.02 seconds
      cpu time            0.01 seconds
      

81184      data WORK.SCOREHISTMETA;
MPRINT(EM_DIAGRAM):    data WORK.SCOREHISTMETA;
81185      length NAME $32 ROLE $32 LEVEL $8;
MPRINT(EM_DIAGRAM):   length NAME $32 ROLE $32 LEVEL $8;
81186      NAME="P_DepVar1";
MPRINT(EM_DIAGRAM):   NAME="P_DepVar1";
81187      ROLE="INPUT";
MPRINT(EM_DIAGRAM):   ROLE="INPUT";
81188      LEVEL="INTERVAL";
MPRINT(EM_DIAGRAM):   LEVEL="INTERVAL";
81189      TYPE="N";
MPRINT(EM_DIAGRAM):   TYPE="N";
81190      output;
MPRINT(EM_DIAGRAM):   output;
81191      NAME="P_DepVar0";
MPRINT(EM_DIAGRAM):   NAME="P_DepVar0";
81192      ROLE="INPUT";
MPRINT(EM_DIAGRAM):   ROLE="INPUT";
81193      LEVEL="INTERVAL";
MPRINT(EM_DIAGRAM):   LEVEL="INTERVAL";
81194      TYPE="N";
MPRINT(EM_DIAGRAM):   TYPE="N";
81195      output;
MPRINT(EM_DIAGRAM):   output;
81196      run;
MPRINT(EM_DIAGRAM):   run;

NOTE: The data set WORK.SCOREHISTMETA has 2 observations and 4 variables.
NOTE: DATA statement used (Total process time):
      real time           0.00 seconds
      cpu time            0.00 seconds
      

NOTE: View EMWS1.NEURAL6_TRAIN.VIEW used (Total process time):
      real time           0.11 seconds
      cpu time            0.04 seconds
      
81197      ods listing close;
MPRINT(EM_DIAGRAM):    ods listing close;
81198      ods output onewayfreqs=WORK.TEMPFREQ;
MPRINT(EM_DIAGRAM):   ods output onewayfreqs=WORK.TEMPFREQ;
81199      proc freq data = EMWS1.Neural6_TRAIN order=formatted addnames;
MPRINT(EM_DIAGRAM):   proc freq data = EMWS1.Neural6_TRAIN order=formatted addnames;
81200      table I_DepVar / missing;
MPRINT(EM_DIAGRAM):   table I_DepVar / missing;
81201      run;
MPRINT(EM_DIAGRAM):   run;

NOTE: View EMWS1.NEURAL6_TRAIN.VIEW used (Total process time):
      real time           0.04 seconds
      cpu time            0.03 seconds
      
NOTE: There were 1704 observations read from the data set EMWS1.PART_TRAIN.
NOTE: The data set WORK.TEMPFREQ has 2 observations and 8 variables.
NOTE: There were 1704 observations read from the data set EMWS1.NEURAL6_TRAIN.
NOTE: PROCEDURE FREQ used (Total process time):
      real time           0.06 seconds
      cpu time            0.03 seconds
      

MPRINT(EM_DIAGRAM):   quit;
81202      quit;
81203      ods listing;
MPRINT(EM_DIAGRAM):   ods listing;
81204      data WORK.Score_BAR(keep=_VARIABLE_ TYPE COUNT PERCENT _X_ _XLABEL_);
MPRINT(EM_DIAGRAM):    data WORK.Score_BAR(keep=_VARIABLE_ TYPE COUNT PERCENT _X_ _XLABEL_);
81205      label _VARIABLE_ = "%sysfunc(sasmsg(sashelp.dmine, rpt_variable_vlabel, NOQUOTE))"
81205    ! Type = "%sysfunc(sasmsg(sashelp.dmine, rpt_type_vlabel,         NOQUOTE))" _X_ =
81205    ! "%sysfunc(sasmsg(sashelp.dmine, rpt_numValue_vlabel, NOQUOTE))" _XLABEL_ =
81206         "%sysfunc(sasmsg(sashelp.dmine, rpt_fmtValue_vlabel ,    NOQUOTE))" COUNT =
81206    ! "%sysfunc(sasmsg(sashelp.dmine, rpt_count_vlabel,        NOQUOTE))" PERCENT =
81206    ! "%sysfunc(sasmsg(sashelp.dmine, rpt_percent_vlabel,      NOQUOTE))";
MPRINT(EM_DIAGRAM):   label _VARIABLE_ = "Variable" Type = "Type" _X_ = "Numeric Value" 
_XLABEL_ = "Formatted Value" COUNT = "Frequency Count" PERCENT = "Percent";
81207      dsid = open("WORK.TEMPFREQ");
MPRINT(EM_DIAGRAM):   dsid = open("WORK.TEMPFREQ");
81208      varnum = varnum(dsid, 'VARIABLE');
MPRINT(EM_DIAGRAM):   varnum = varnum(dsid, 'VARIABLE');
81209      freqnum = varnum(dsid, 'FREQUENCY');
MPRINT(EM_DIAGRAM):   freqnum = varnum(dsid, 'FREQUENCY');
81210      pvarnum = varnum(dsid, 'PERCENT');
MPRINT(EM_DIAGRAM):   pvarnum = varnum(dsid, 'PERCENT');
81211      typenum = varnum(dsid, '_TYPE_');
MPRINT(EM_DIAGRAM):   typenum = varnum(dsid, '_TYPE_');
81212      length _VARIABLE_ $32 TYPE $1 _XLABEL_ $32;
MPRINT(EM_DIAGRAM):   length _VARIABLE_ $32 TYPE $1 _XLABEL_ $32;
81213      do while(^fetch(dsid));
MPRINT(EM_DIAGRAM):   do while(^fetch(dsid));
81214      _VARIABLE_ = strip(getvarc(dsid, varnum));
MPRINT(EM_DIAGRAM):   _VARIABLE_ = strip(getvarc(dsid, varnum));
81215      count = getvarn(dsid, freqnum);
MPRINT(EM_DIAGRAM):   count = getvarn(dsid, freqnum);
81216      percent= getvarn(dsid, pvarnum);
MPRINT(EM_DIAGRAM):   percent= getvarn(dsid, pvarnum);
81217      vvarnum = varnum(dsid, _VARIABLE_);
MPRINT(EM_DIAGRAM):   vvarnum = varnum(dsid, _VARIABLE_);
81218      type = vartype(dsid, vvarnum);
MPRINT(EM_DIAGRAM):   type = vartype(dsid, vvarnum);
81219      fvarnum = varnum(dsid, 'F_'!!substr(_VARIABLE_, 1, 30));
MPRINT(EM_DIAGRAM):   fvarnum = varnum(dsid, 'F_'!!substr(_VARIABLE_, 1, 30));
81220      _XLABEL_ = left(getvarc(dsid, fvarnum));
MPRINT(EM_DIAGRAM):   _XLABEL_ = left(getvarc(dsid, fvarnum));
81221      _X_ = .;
MPRINT(EM_DIAGRAM):   _X_ = .;
81222      if TYPE eq 'N' then _X_ = getvarn(dsid, vvarnum);
MPRINT(EM_DIAGRAM):   if TYPE eq 'N' then _X_ = getvarn(dsid, vvarnum);
81223      output;
MPRINT(EM_DIAGRAM):   output;
81224      end;
MPRINT(EM_DIAGRAM):   end;
81225      dsid = close(dsid);
MPRINT(EM_DIAGRAM):   dsid = close(dsid);
81226      run;
MPRINT(EM_DIAGRAM):   run;

NOTE: The data set WORK.SCORE_BAR has 2 observations and 6 variables.
NOTE: DATA statement used (Total process time):
      real time           0.01 seconds
      cpu time            0.01 seconds
      

81227      proc sort data=WORK.Score_BAR NOTHREADS;
MPRINT(EM_DIAGRAM):   proc sort data=WORK.Score_BAR NOTHREADS;
81228      by _VARIABLE_;
MPRINT(EM_DIAGRAM):   by _VARIABLE_;
81229      run;
MPRINT(EM_DIAGRAM):   run;

NOTE: There were 2 observations read from the data set WORK.SCORE_BAR.
NOTE: The data set WORK.SCORE_BAR has 2 observations and 6 variables.
NOTE: PROCEDURE SORT used (Total process time):
      real time           0.00 seconds
      cpu time            0.00 seconds
      

81230      proc sort data=WORK.M39LRJ42;
MPRINT(EM_DIAGRAM):   proc sort data=WORK.M39LRJ42;
81231      by Name;
MPRINT(EM_DIAGRAM):   by Name;
81232      run;
MPRINT(EM_DIAGRAM):   run;

NOTE: There were 1 observations read from the data set WORK.M39LRJ42.
NOTE: The data set WORK.M39LRJ42 has 1 observations and 4 variables.
NOTE: PROCEDURE SORT used (Total process time):
      real time           0.00 seconds
      cpu time            0.00 seconds
      

81233      data WORK.Score_BAR;
MPRINT(EM_DIAGRAM):   data WORK.Score_BAR;
81234      merge WORK.Score_BAR(in=_a) WORK.M39LRJ42(keep=Name Role rename=(Name=_Variable_));
MPRINT(EM_DIAGRAM):   merge WORK.Score_BAR(in=_a) WORK.M39LRJ42(keep=Name Role 
rename=(Name=_Variable_));
81235      by _Variable_;
MPRINT(EM_DIAGRAM):   by _Variable_;
81236      label Role = "%sysfunc(sasmsg(sashelp.dmine, meta_role_vlabel ,  NOQUOTE))";
MPRINT(EM_DIAGRAM):   label Role = "Role";
81237      if _a then output;
MPRINT(EM_DIAGRAM):   if _a then output;
81238      run;
MPRINT(EM_DIAGRAM):   run;

NOTE: There were 2 observations read from the data set WORK.SCORE_BAR.
NOTE: There were 1 observations read from the data set WORK.M39LRJ42.
NOTE: The data set WORK.SCORE_BAR has 2 observations and 7 variables.
NOTE: DATA statement used (Total process time):
      real time           0.01 seconds
      cpu time            0.01 seconds
      

81239      data WORK.Score_BAR;
MPRINT(EM_DIAGRAM):    data WORK.Score_BAR;
81240      length DATAROLE $8 TYPE $14;
MPRINT(EM_DIAGRAM):   length DATAROLE $8 TYPE $14;
81241      retain DATAROLE "TRAIN";
MPRINT(EM_DIAGRAM):   retain DATAROLE "TRAIN";
81242      set WORK.Score_BAR;
MPRINT(EM_DIAGRAM):   set WORK.Score_BAR;
81243      run;
MPRINT(EM_DIAGRAM):   run;

NOTE: There were 2 observations read from the data set WORK.SCORE_BAR.
NOTE: The data set WORK.SCORE_BAR has 2 observations and 8 variables.
NOTE: DATA statement used (Total process time):
      real time           0.00 seconds
      cpu time            0.00 seconds
      

81244      proc append base=EMWS1.Score_BAR data=WORK.Score_BAR;
MPRINT(EM_DIAGRAM):   proc append base=EMWS1.Score_BAR data=WORK.Score_BAR;
81245      run;
MPRINT(EM_DIAGRAM):   run;

NOTE: Appending WORK.SCORE_BAR to EMWS1.SCORE_BAR.
NOTE: BASE data set does not exist. DATA file is being copied to BASE file.
NOTE: There were 2 observations read from the data set WORK.SCORE_BAR.
NOTE: The data set EMWS1.SCORE_BAR has 2 observations and 8 variables.
NOTE: PROCEDURE APPEND used (Total process time):
      real time           0.01 seconds
      cpu time            0.00 seconds
      

81246      %var_profile(DATA=EMWS1.Neural6_TRAIN, OUTPUT=work.Score_VARHIST,
81246    ! METADATA=WORK.SCOREHISTMETA, COMPUTESTAT=N, BINDATA=_bindata, STAT=_STAT,
81246    ! PCTLSTAT=work.Score_SUMDATA, FREQ=, BIN=Y, NUMBARS= 16);
MPRINT(EM_DIAGRAM):   
*------------------------------------------------------------*
* Score: Computing Summary Statistics
*------------------------------------------------------------*
MPRINT(VAR_PROFILE):   filename _mac catalog 'WORK.MACROS.VARIABLES.SOURCE';
MPRINT(VAR_PROFILE):   data _null;
MPRINT(VAR_PROFILE):   set WORK.SCOREHISTMETA(where=(LEVEL = 'INTERVAL' and ROLE ne 'FREQ')) 
end=eof;
MPRINT(VAR_PROFILE):   if eof then call symput('_nobs', put(_N_, best.));
MPRINT(VAR_PROFILE):   run;

NOTE: There were 2 observations read from the data set WORK.SCOREHISTMETA.
      WHERE (LEVEL='INTERVAL') and (ROLE not = 'FREQ');
NOTE: The data set WORK._NULL has 2 observations and 4 variables.
NOTE: DATA statement used (Total process time):
      real time           0.00 seconds
      cpu time            0.01 seconds
      

MPRINT(VAR_PROFILE):   data _null_;
MPRINT(VAR_PROFILE):   file _mac;
MPRINT(VAR_PROFILE):   length _VARS $80;
MPRINT(VAR_PROFILE):   retain _vars;
MPRINT(VAR_PROFILE):   if _n_ =1 then put '%macro _vars;';
MPRINT(VAR_PROFILE):   set WORK.SCOREHISTMETA end=eof;
MPRINT(VAR_PROFILE):   where LEVEL = 'INTERVAL' or ROLE='FREQ';
MPRINT(VAR_PROFILE):   if ROLE='FREQ' then call symput('FREQ', trim(NAME));
MPRINT(VAR_PROFILE):   else do;
MPRINT(VAR_PROFILE):   if length(strip(_vars)) + length(strip(NAME)) + 1 <80 then _vars = 
strip(_vars)!! ' ' !!strip(NAME);
MPRINT(VAR_PROFILE):   else do;
MPRINT(VAR_PROFILE):   put _Vars;
MPRINT(VAR_PROFILE):   _vars = strip(NAME);
MPRINT(VAR_PROFILE):   end;
MPRINT(VAR_PROFILE):   end;
MPRINT(VAR_PROFILE):   if eof then do;
MPRINT(VAR_PROFILE):   put _Vars;
MPRINT(VAR_PROFILE):   put '%mend _vars;';
MPRINT(VAR_PROFILE):   end;
MPRINT(VAR_PROFILE):   run;

NOTE: The file _MAC is:
      Catalog Name=WORK.MACROS.VARIABLES.SOURCE,
      Catalog Page Size=4096,
      Number of Catalog Pages=4,
      Created=Saturday,  2 June 2018 17:19:18,
      Last Modified=Saturday,  2 June 2018 17:19:18,
      Filename=C:\Users\misil\AppData\Local\Temp\SAS Temporary 
      Files\_TD19236_DESKTOP-61HCQ9U_\Prc2\macros.sas7bcat,
      Release Created=9.0401M4,
      Host Created=X64_10PRO,
      Owner Name=DESKTOP-61HCQ9U\misil,
      File Size=             5KB,
      File Size (bytes)=5120

NOTE: 3 records were written to the file _MAC.
      The minimum record length was 12.
      The maximum record length was 19.
NOTE: There were 2 observations read from the data set WORK.SCOREHISTMETA.
      WHERE (LEVEL='INTERVAL') or (ROLE='FREQ');
NOTE: DATA statement used (Total process time):
      real time           0.03 seconds
      cpu time            0.01 seconds
      

NOTE: %INCLUDE (level 1) file _MAC is file WORK.MACROS.VARIABLES.SOURCE.
81247     +%macro _vars;
81248     +P_DepVar1 P_DepVar0
81249     +%mend _vars;
NOTE: %INCLUDE (level 1) ending.
MPRINT(VAR_PROFILE):   filename _mac;
NOTE: Fileref _MAC has been deassigned.
*------------------------------------------------------------*
* computingmidpoints_note
*------------------------------------------------------------*
MPRINT(VAR_PROFILE):   filename fref catalog 'work.em.profileformat.source';
MPRINT(VAR_PROFILE):   proc dmdb data=EMWS1.Neural6_TRAIN(obs=1000000) classout=_CLASSOUT 
maxlevel=17;
MPRINT(VAR_PROFILE):   class
MPRINT(_VARS):   P_DepVar1 P_DepVar0
MPRINT(VAR_PROFILE):   ;
MPRINT(VAR_PROFILE):   run;

NOTE: Records processed = 1704   Memory used = 511K.
NOTE: View EMWS1.NEURAL6_TRAIN.VIEW used (Total process time):
      real time           0.03 seconds
      cpu time            0.04 seconds
      
NOTE: There were 1704 observations read from the data set EMWS1.PART_TRAIN.
NOTE: There were 1704 observations read from the data set EMWS1.NEURAL6_TRAIN.
NOTE: The data set WORK._CLASSOUT has 34 observations and 9 variables.
NOTE: PROCEDURE DMDB used (Total process time):
      real time           0.05 seconds
      cpu time            0.04 seconds
      

MPRINT(VAR_PROFILE):   proc freq data=_CLASSOUT ORDER=DATA noprint;
MPRINT(VAR_PROFILE):   table NAME / OUT = _COUNT(where=(COUNT<17));
MPRINT(VAR_PROFILE):   run;

NOTE: There were 34 observations read from the data set WORK._CLASSOUT.
NOTE: The data set WORK._COUNT has 0 observations and 3 variables.
NOTE: PROCEDURE FREQ used (Total process time):
      real time           0.01 seconds
      cpu time            0.03 seconds
      

MPRINT(VAR_PROFILE):   proc sort data=_COUNT(keep=NAME COUNT rename=(COUNT=_NUMCLASSBINS_));
MPRINT(VAR_PROFILE):   by NAME;
MPRINT(VAR_PROFILE):   run;

NOTE: Input data set is empty.
NOTE: The data set WORK._COUNT has 0 observations and 2 variables.
NOTE: PROCEDURE SORT used (Total process time):
      real time           0.01 seconds
      cpu time            0.01 seconds
      

MPRINT(VAR_PROFILE):   proc sort data=_CLASSOUT;
MPRINT(VAR_PROFILE):   by NAME;
MPRINT(VAR_PROFILE):   run;

NOTE: There were 34 observations read from the data set WORK._CLASSOUT.
NOTE: The data set WORK._CLASSOUT has 34 observations and 9 variables.
NOTE: PROCEDURE SORT used (Total process time):
      real time           0.00 seconds
      cpu time            0.00 seconds
      

MPRINT(VAR_PROFILE):   proc transpose data=_CLASSOUT out=_DISCRETEMID(DROP=_NAME_ 
RENAME=(NAME=VARIABLE)) prefix=_MIDPOINT;
MPRINT(VAR_PROFILE):   var NRAW;
MPRINT(VAR_PROFILE):   by NAME;
MPRINT(VAR_PROFILE):   run;

NOTE: There were 34 observations read from the data set WORK._CLASSOUT.
NOTE: The data set WORK._DISCRETEMID has 2 observations and 18 variables.
NOTE: PROCEDURE TRANSPOSE used (Total process time):
      real time           0.02 seconds
      cpu time            0.00 seconds
      

MPRINT(VAR_PROFILE):   proc delete data=WORK._CLASSOUT;
MPRINT(VAR_PROFILE):   run;

NOTE: Deleting WORK._CLASSOUT (memtype=DATA).
NOTE: PROCEDURE DELETE used (Total process time):
      real time           0.00 seconds
      cpu time            0.00 seconds
      

MPRINT(VAR_PROFILE):   data _null_;
MPRINT(VAR_PROFILE):   dsid = open('_DISCRETEMID');
MPRINT(VAR_PROFILE):   if dsid then do;
MPRINT(VAR_PROFILE):   call symput('NUMCLASSBARS', left(trim(put(attrn(dsid, 'NVARS')-1, 
best12.))));
MPRINT(VAR_PROFILE):   dsid = close(dsid);
MPRINT(VAR_PROFILE):   end;
MPRINT(VAR_PROFILE):   run;

NOTE: DATA statement used (Total process time):
      real time           0.00 seconds
      cpu time            0.00 seconds
      

MPRINT(VAR_PROFILE):   data _DISCRETEMID;
MPRINT(VAR_PROFILE):   merge _DISCRETEMID _COUNT(in=_b rename=(NAME=VARIABLE));
MPRINT(VAR_PROFILE):   keep VARIABLE _MIDPOINT1--_MIDPOINT17 _NUMCLASSBINS_;
MPRINT(VAR_PROFILE):   by VARIABLE;
MPRINT(VAR_PROFILE):   if _b then output;
MPRINT(VAR_PROFILE):   run;

NOTE: There were 2 observations read from the data set WORK._DISCRETEMID.
NOTE: There were 0 observations read from the data set WORK._COUNT.
NOTE: The data set WORK._DISCRETEMID has 0 observations and 19 variables.
NOTE: DATA statement used (Total process time):
      real time           0.00 seconds
      cpu time            0.00 seconds
      

MPRINT(VAR_PROFILE):   data _EMVARDIST / view=_EMVARDIST;
MPRINT(VAR_PROFILE):   set EMWS1.Neural6_TRAIN(keep
MPRINT(VAR_PROFILE):  =P_DepVar1 P_DepVar0 obs=1000000);
MPRINT(VAR_PROFILE):   run;

NOTE: DATA STEP view saved on file WORK._EMVARDIST.
NOTE: A stored DATA STEP view cannot run under a different operating system.
NOTE: View EMWS1.NEURAL6_TRAIN.VIEW used (Total process time):
      real time           0.03 seconds
      cpu time            0.03 seconds
      
NOTE: DATA statement used (Total process time):
      real time           0.04 seconds
      cpu time            0.03 seconds
      

MPRINT(VAR_PROFILE):   proc stdize data=_EMVARDIST outstat=work.Score_SUMDATA out=_null_ 
pctlpts=(0 5 25 50 75 95 100);
MPRINT(VAR_PROFILE):   var
MPRINT(_VARS):   P_DepVar1 P_DepVar0
MPRINT(VAR_PROFILE):   ;
MPRINT(VAR_PROFILE):   run;

NOTE: There were 1704 observations read from the data set EMWS1.PART_TRAIN.
NOTE: View WORK._EMVARDIST.VIEW used (Total process time):
      real time           0.13 seconds
      cpu time            0.11 seconds
      
NOTE: There were 1704 observations read from the data set EMWS1.NEURAL6_TRAIN.
NOTE: There were 1704 observations read from the data set WORK._EMVARDIST.
NOTE: The data set WORK.SCORE_SUMDATA has 15 observations and 3 variables.
NOTE: PROCEDURE STDIZE used (Total process time):
      real time           0.16 seconds
      cpu time            0.14 seconds
      

MPRINT(VAR_PROFILE):   proc datasets lib=WORK NOLIST;
MPRINT(VAR_PROFILE):   delete _EMVARDIST / mt=view;
MPRINT(VAR_PROFILE):   run;

NOTE: Deleting WORK._EMVARDIST (memtype=VIEW).
MPRINT(VAR_PROFILE):   quit;

NOTE: PROCEDURE DATASETS used (Total process time):
      real time           0.01 seconds
      cpu time            0.01 seconds
      

MPRINT(VAR_PROFILE):   proc transpose data=work.Score_SUMDATA 
out=_bindata(rename=(_NAME_=VARIABLE COL1=MIN COL2=P5 COL3=P95 COL4=MAX));
MPRINT(VAR_PROFILE):   where _type_ in('P0', 'P5', 'P95', 'P100');
MPRINT(VAR_PROFILE):   run;

NOTE: There were 4 observations read from the data set WORK.SCORE_SUMDATA.
      WHERE _type_ in ('P0', 'P100', 'P5', 'P95');
NOTE: The data set WORK._BINDATA has 2 observations and 6 variables.
NOTE: PROCEDURE TRANSPOSE used (Total process time):
      real time           0.02 seconds
      cpu time            0.00 seconds
      

MPRINT(VAR_PROFILE):   proc sort data=_bindata;
MPRINT(VAR_PROFILE):   by VARIABLE;
MPRINT(VAR_PROFILE):   run;

NOTE: There were 2 observations read from the data set WORK._BINDATA.
NOTE: The data set WORK._BINDATA has 2 observations and 6 variables.
NOTE: PROCEDURE SORT used (Total process time):
      real time           0.00 seconds
      cpu time            0.00 seconds
      

MPRINT(VAR_PROFILE):   data _bindata;
MPRINT(VAR_PROFILE):   set _bindata;
MPRINT(VAR_PROFILE):   length Format $12;
MPRINT(VAR_PROFILE):   array _midpoint{28};
MPRINT(VAR_PROFILE):   array _bounds{28};
MPRINT(VAR_PROFILE):   if (max - min)>1e-10 then do;
MPRINT(VAR_PROFILE):   step = abs(P95-P5)/16;
MPRINT(VAR_PROFILE):   lstep = abs(p5- min)/5;
MPRINT(VAR_PROFILE):   ustep = abs(max-p95)/5;
MPRINT(VAR_PROFILE):   ;
MPRINT(VAR_PROFILE):   if lstep<=step and ustep<=step then do;
MPRINT(VAR_PROFILE):   step = abs(MIN-MAX)/16;
MPRINT(VAR_PROFILE):   START=MIN;
MPRINT(VAR_PROFILE):   do i=1 to 16;
MPRINT(VAR_PROFILE):   _bounds(i) = MIN + i*step;
MPRINT(VAR_PROFILE):   if abs(_bounds{i})< 1e-10 then _bounds(i)= 0;
MPRINT(VAR_PROFILE):   _midpoint(i) = MIN+ (i-0.5)*step;
MPRINT(VAR_PROFILE):   if abs(_midpoint{i})< 1e-10 then _midpoint(i)= 0;
MPRINT(VAR_PROFILE):   end;
MPRINT(VAR_PROFILE):   end;
MPRINT(VAR_PROFILE):   else do;
MPRINT(VAR_PROFILE):   if lstep<=step then do;
MPRINT(VAR_PROFILE):   step = abs(MIN-P95)/16;
MPRINT(VAR_PROFILE):   do i=1 to 16;
MPRINT(VAR_PROFILE):   _bounds(i) = MIN + i*step;
MPRINT(VAR_PROFILE):   if abs(_bounds{i})< 1e-10 then _bounds(i)= 0;
MPRINT(VAR_PROFILE):   _midpoint(i) = MIN+ (i-0.5)*step;
MPRINT(VAR_PROFILE):   if abs(_midpoint{i})< 1e-10 then _midpoint(i)= 0;
MPRINT(VAR_PROFILE):   end;
MPRINT(VAR_PROFILE):   do i=1 to 5;
MPRINT(VAR_PROFILE):   numbars = 16 + i;
MPRINT(VAR_PROFILE):   _bounds(numbars) = P95 + i*ustep;
MPRINT(VAR_PROFILE):   if abs(_bounds{numbars})< 1e-10 then _bounds(numbars)= 0;
MPRINT(VAR_PROFILE):   _midpoint(numbars) = P95 + (i-0.5)*ustep + abs(ustep-step)/2;
MPRINT(VAR_PROFILE):   if abs(_bounds{numbars})< 1e-10 then _bounds(numbars)= 0;
MPRINT(VAR_PROFILE):   end;
MPRINT(VAR_PROFILE):   end;
MPRINT(VAR_PROFILE):   else do;
MPRINT(VAR_PROFILE):   do i=1 to 5;
MPRINT(VAR_PROFILE):   _bounds(i) = P5 - (5-i)*lstep;
MPRINT(VAR_PROFILE):   if abs(_bounds{i})< 1e-10 then _bounds(i)= 0;
MPRINT(VAR_PROFILE):   _midpoint(i) = P5 - (5 - i + 0.5)*lstep - abs(lstep-step)/2;
MPRINT(VAR_PROFILE):   if abs(_midpoint{i})< 1e-10 then _midpoint(i)= 0;
MPRINT(VAR_PROFILE):   end;
MPRINT(VAR_PROFILE):   if ustep<= step then do;
MPRINT(VAR_PROFILE):   step = abs(P5-MAX)/16;
MPRINT(VAR_PROFILE):   do i=1 to 16;
MPRINT(VAR_PROFILE):   numbars = i+5;
MPRINT(VAR_PROFILE):   _bounds(numbars) = P5 + i*step;
MPRINT(VAR_PROFILE):   if abs(_bounds{numbars})< 1e-10 then _bounds(numbars)= 0;
MPRINT(VAR_PROFILE):   _midpoint(numbars) = P5 + (i-0.5)*step;
MPRINT(VAR_PROFILE):   if abs(_midpoint{numbars})< 1e-10 then _midpoint(numbars)= 0;
MPRINT(VAR_PROFILE):   end;
MPRINT(VAR_PROFILE):   end;
MPRINT(VAR_PROFILE):   else do;
MPRINT(VAR_PROFILE):   do i=1 to 16;
MPRINT(VAR_PROFILE):   numbars = i+5;
MPRINT(VAR_PROFILE):   _bounds(numbars) = P5 + i*step;
MPRINT(VAR_PROFILE):   if abs(_bounds{numbars})< 1e-10 then _bounds(numbars)= 0;
MPRINT(VAR_PROFILE):   _midpoint(numbars) = P5 + (i-0.5)*step;
MPRINT(VAR_PROFILE):   if abs(_midpoint{numbars})< 1e-10 then _midpoint(numbars)= 0;
MPRINT(VAR_PROFILE):   end;
MPRINT(VAR_PROFILE):   do i=1 to 5;
MPRINT(VAR_PROFILE):   numbars = 16+5+i;
MPRINT(VAR_PROFILE):   _bounds(numbars) = P95 + i*ustep;
MPRINT(VAR_PROFILE):   if abs(_bounds{numbars})< 1e-10 then _bounds(numbars)= 0;
MPRINT(VAR_PROFILE):   _midpoint(numbars) = P95 + (i-0.5)*ustep + abs(ustep-step)/2;
MPRINT(VAR_PROFILE):  if abs(_midpoint{numbars})< 1e-10 then _midpoint(numbars)= 0;
MPRINT(VAR_PROFILE):   end;
MPRINT(VAR_PROFILE):   end;
MPRINT(VAR_PROFILE):   end;
MPRINT(VAR_PROFILE):   end;
MPRINT(VAR_PROFILE):   end;
MPRINT(VAR_PROFILE):   else do;
MPRINT(VAR_PROFILE):   _bounds(1) = MIN;
MPRINT(VAR_PROFILE):   _midpoint(1) = MIN;
MPRINT(VAR_PROFILE):   end;
MPRINT(VAR_PROFILE):   Format = 'F'!!trim(left(put(_n_,6.)))!!'_';
MPRINT(VAR_PROFILE):   run;

NOTE: There were 2 observations read from the data set WORK._BINDATA.
NOTE: The data set WORK._BINDATA has 2 observations and 69 variables.
NOTE: DATA statement used (Total process time):
      real time           0.01 seconds
      cpu time            0.00 seconds
      

MPRINT(VAR_PROFILE):   data _bindata;
MPRINT(VAR_PROFILE):   merge _bindata _DISCRETEMID(in = _b);
MPRINT(VAR_PROFILE):   by VARIABLE;
MPRINT(VAR_PROFILE):   if _b then _DISCRETE=1;
MPRINT(VAR_PROFILE):   else _DISCRETE=0;
MPRINT(VAR_PROFILE):   run;

WARNING: Multiple lengths were specified for the BY variable VARIABLE by input data sets. This 
         might cause unexpected results.
NOTE: There were 2 observations read from the data set WORK._BINDATA.
NOTE: There were 0 observations read from the data set WORK._DISCRETEMID.
NOTE: The data set WORK._BINDATA has 2 observations and 71 variables.
NOTE: DATA statement used (Total process time):
      real time           0.00 seconds
      cpu time            0.01 seconds
      

MPRINT(VAR_PROFILE):   data _null_;
MPRINT(VAR_PROFILE):   file fref;
MPRINT(VAR_PROFILE):   set _bindata end=eof;
MPRINT(VAR_PROFILE):   array _bounds{26};
MPRINT(VAR_PROFILE):   array _midpoint{26};
MPRINT(VAR_PROFILE):   if _n_=1 then put 'proc format;';
MPRINT(VAR_PROFILE):   put 'value ' Format;
MPRINT(VAR_PROFILE):   if _DISCRETE then do;
MPRINT(VAR_PROFILE):   do i=1 to 16;
MPRINT(VAR_PROFILE):   _MID = _midpoint{i};
MPRINT(VAR_PROFILE):   if _MID ne . and i<= _NUMCLASSBINS_ then put _MID '="' _MID '"';
MPRINT(VAR_PROFILE):   end;
MPRINT(VAR_PROFILE):   put ';';
MPRINT(VAR_PROFILE):   end;
MPRINT(VAR_PROFILE):   else do;
MPRINT(VAR_PROFILE):   if min eq max then do;
MPRINT(VAR_PROFILE):   put 'low - high ="' MIN '";';
MPRINT(VAR_PROFILE):   end;
MPRINT(VAR_PROFILE):   else do;
MPRINT(VAR_PROFILE):   _LB = MIN;
MPRINT(VAR_PROFILE):   _MID = _midpoint{1};
MPRINT(VAR_PROFILE):   _UB = _bounds{1};
MPRINT(VAR_PROFILE):   put 'LOW -' _UB '="' _MID '"';
MPRINT(VAR_PROFILE):   do i=1 to 26-1;
MPRINT(VAR_PROFILE):   _LB = _bounds{i};
MPRINT(VAR_PROFILE):   j=i+1;
MPRINT(VAR_PROFILE):   _MID = _midpoint{j};
MPRINT(VAR_PROFILE):   _UB = _bounds{j};
MPRINT(VAR_PROFILE):   if (_UB ne .) and (_LB ne _UB) then do;
MPRINT(VAR_PROFILE):   if _UB>=MAX then put _LB '-HIGH="' _MID '"';
MPRINT(VAR_PROFILE):   else put _LB '-' _UB '="' _MID '"';
MPRINT(VAR_PROFILE):   end;
MPRINT(VAR_PROFILE):   end;
MPRINT(VAR_PROFILE):   end;
MPRINT(VAR_PROFILE):   end;
MPRINT(VAR_PROFILE):   put ';';
MPRINT(VAR_PROFILE):   if eof then put 'run;';
MPRINT(VAR_PROFILE):   run;

NOTE: The file FREF is:
      Catalog Name=WORK.EM.PROFILEFORMAT.SOURCE,
      Catalog Page Size=4096,
      Number of Catalog Pages=4,
      Created=Saturday,  2 June 2018 17:19:19,
      Last Modified=Saturday,  2 June 2018 17:19:19,
      Filename=C:\Users\misil\AppData\Local\Temp\SAS Temporary 
      Files\_TD19236_DESKTOP-61HCQ9U_\Prc2\em.sas7bcat,
      Release Created=9.0401M4,
      Host Created=X64_10PRO,
      Owner Name=DESKTOP-61HCQ9U\misil,
      File Size=             5KB,
      File Size (bytes)=5120

NOTE: 38 records were written to the file FREF.
      The minimum record length was 1.
      The maximum record length was 43.
NOTE: There were 2 observations read from the data set WORK._BINDATA.
NOTE: DATA statement used (Total process time):
      real time           0.03 seconds
      cpu time            0.01 seconds
      

NOTE: %INCLUDE (level 1) file FREF is file WORK.EM.PROFILEFORMAT.SOURCE.
81250     +proc format;
MPRINT(VAR_PROFILE):   proc format;
81251     +value F1_
81252     +LOW -0.0625697583 ="0.031322229 "
81253     +0.0625697583 -0.1250648169 ="0.0938172876 "
81254     +0.1250648169 -0.1875598755 ="0.1563123462 "
81255     +0.1875598755 -0.2500549341 ="0.2188074048 "
81256     +0.2500549341 -0.3125499927 ="0.2813024634 "
81257     +0.3125499927 -0.3750450513 ="0.343797522 "
81258     +0.3750450513 -0.4375401099 ="0.4062925806 "
81259     +0.4375401099 -0.5000351685 ="0.4687876392 "
81260     +0.5000351685 -0.5625302272 ="0.5312826978 "
81261     +0.5625302272 -0.6250252858 ="0.5937777565 "
81262     +0.6250252858 -0.6875203444 ="0.6562728151 "
81263     +0.6875203444 -0.750015403 ="0.7187678737 "
81264     +0.750015403 -0.8125104616 ="0.7812629323 "
81265     +0.8125104616 -0.8750055202 ="0.8437579909 "
81266     +0.8750055202 -0.9375005788 ="0.9062530495 "
81267     +0.9375005788 -HIGH="0.9687481081 "
81268     +;
MPRINT(VAR_PROFILE):   value F1_ LOW -0.0625697583 ="0.031322229 " 0.0625697583 -0.1250648169 
="0.0938172876 " 0.1250648169 -0.1875598755 ="0.1563123462 " 0.1875598755 -0.2500549341 
="0.2188074048 " 0.2500549341 -0.3125499927 ="0.2813024634 " 0.3125499927 -0.3750450513 
="0.343797522 " 0.3750450513 -0.4375401099 ="0.4062925806 " 0.4375401099 -0.5000351685 
="0.4687876392 " 0.5000351685 -0.5625302272 ="0.5312826978 " 0.5625302272 -0.6250252858 
="0.5937777565 " 0.6250252858 -0.6875203444 ="0.6562728151 " 0.6875203444 -0.750015403 
="0.7187678737 " 0.750015403 -0.8125104616 ="0.7812629323 " 0.8125104616 -0.8750055202 
="0.8437579909 " 0.8750055202 -0.9375005788 ="0.9062530495 " 0.9375005788 -HIGH="0.9687481081 
" ;
NOTE: Format F1_ has been output.
81269     +value F2_
81270     +LOW -0.0624994212 ="0.0312518919 "
81271     +0.0624994212 -0.1249944798 ="0.0937469505 "
81272     +0.1249944798 -0.1874895384 ="0.1562420091 "
81273     +0.1874895384 -0.249984597 ="0.2187370677 "
81274     +0.249984597 -0.3124796556 ="0.2812321263 "
81275     +0.3124796556 -0.3749747142 ="0.3437271849 "
81276     +0.3749747142 -0.4374697728 ="0.4062222435 "
81277     +0.4374697728 -0.4999648315 ="0.4687173022 "
81278     +0.4999648315 -0.5624598901 ="0.5312123608 "
81279     +0.5624598901 -0.6249549487 ="0.5937074194 "
81280     +0.6249549487 -0.6874500073 ="0.656202478 "
81281     +0.6874500073 -0.7499450659 ="0.7186975366 "
81282     +0.7499450659 -0.8124401245 ="0.7811925952 "
81283     +0.8124401245 -0.8749351831 ="0.8436876538 "
81284     +0.8749351831 -0.9374302417 ="0.9061827124 "
81285     +0.9374302417 -HIGH="0.968677771 "
81286     +;
MPRINT(VAR_PROFILE):   value F2_ LOW -0.0624994212 ="0.0312518919 " 0.0624994212 -0.1249944798 
="0.0937469505 " 0.1249944798 -0.1874895384 ="0.1562420091 " 0.1874895384 -0.249984597 
="0.2187370677 " 0.249984597 -0.3124796556 ="0.2812321263 " 0.3124796556 -0.3749747142 
="0.3437271849 " 0.3749747142 -0.4374697728 ="0.4062222435 " 0.4374697728 -0.4999648315 
="0.4687173022 " 0.4999648315 -0.5624598901 ="0.5312123608 " 0.5624598901 -0.6249549487 
="0.5937074194 " 0.6249549487 -0.6874500073 ="0.656202478 " 0.6874500073 -0.7499450659 
="0.7186975366 " 0.7499450659 -0.8124401245 ="0.7811925952 " 0.8124401245 -0.8749351831 
="0.8436876538 " 0.8749351831 -0.9374302417 ="0.9061827124 " 0.9374302417 -HIGH="0.968677771 " 
;
NOTE: Format F2_ has been output.
MPRINT(VAR_PROFILE):   run;
81287     +run;

NOTE: PROCEDURE FORMAT used (Total process time):
      real time           0.00 seconds
      cpu time            0.00 seconds
      

NOTE: %INCLUDE (level 1) ending.
MPRINT(VAR_PROFILE):   filename fref;
NOTE: Fileref FREF has been deassigned.
MPRINT(VAR_PROFILE):   data _binneddata / view=_binneddata;
MPRINT(VAR_PROFILE):   set EMWS1.Neural6_TRAIN(obs=1000000);
MPRINT(VAR_PROFILE):   format P_DepVar0 F1_. P_DepVar1 F2_. ;
MPRINT(VAR_PROFILE):   run;

NOTE: DATA STEP view saved on file WORK._BINNEDDATA.
NOTE: A stored DATA STEP view cannot run under a different operating system.
NOTE: View EMWS1.NEURAL6_TRAIN.VIEW used (Total process time):
      real time           0.04 seconds
      cpu time            0.03 seconds
      
NOTE: DATA statement used (Total process time):
      real time           0.05 seconds
      cpu time            0.03 seconds
      

MPRINT(VAR_PROFILE):   proc dmdb data=_binneddata(obs=1000000) 
classout=_temptab(rename=(NAME=VARIABLE FREQUENCY=COUNT FREQPERCENT=PERCENT));
MPRINT(VAR_PROFILE):   class
MPRINT(_VARS):   P_DepVar1 P_DepVar0
MPRINT(VAR_PROFILE):   ;
MPRINT(VAR_PROFILE):   run;

NOTE: Records processed = 1704   Memory used = 511K.
NOTE: There were 1704 observations read from the data set EMWS1.PART_TRAIN.
NOTE: View WORK._BINNEDDATA.VIEW used (Total process time):
      real time           0.06 seconds
      cpu time            0.06 seconds
      
NOTE: There were 1704 observations read from the data set EMWS1.NEURAL6_TRAIN.
NOTE: There were 1704 observations read from the data set WORK._BINNEDDATA.
NOTE: The data set WORK._TEMPTAB has 32 observations and 9 variables.
NOTE: PROCEDURE DMDB used (Total process time):
      real time           0.09 seconds
      cpu time            0.07 seconds
      

MPRINT(VAR_PROFILE):   data work.Score_VARHIST;
MPRINT(VAR_PROFILE):   label VALUE = "Value";
MPRINT(VAR_PROFILE):   label VARIABLE = "Variable";
MPRINT(VAR_PROFILE):   label COUNT = "Frequency Count";
MPRINT(VAR_PROFILE):   label PERCENT = "Percent";
MPRINT(VAR_PROFILE):   set _temptab;
MPRINT(VAR_PROFILE):   format VALUE 12.3 count;
MPRINT(VAR_PROFILE):   value = inputn(level, 'best12.');
MPRINT(VAR_PROFILE):   keep VARIABLE COUNT PERCENT VALUE;
MPRINT(VAR_PROFILE):   run;

NOTE: There were 32 observations read from the data set WORK._TEMPTAB.
NOTE: The data set WORK.SCORE_VARHIST has 32 observations and 4 variables.
NOTE: DATA statement used (Total process time):
      real time           0.01 seconds
      cpu time            0.01 seconds
      

MPRINT(VAR_PROFILE):   proc datasets lib=work nolist mt=(DATA VIEW);
MPRINT(VAR_PROFILE):   delete _TEMPTAB _BINNEDDATA _MINMAXDATA;
MPRINT(VAR_PROFILE):   run;

NOTE: The file WORK._MINMAXDATA (memtype=(DATA VIEW)) was not found, but appears on a DELETE 
      statement.
NOTE: Deleting WORK._TEMPTAB (memtype=DATA).
NOTE: Deleting WORK._BINNEDDATA (memtype=VIEW).
MPRINT(VAR_PROFILE):   quit;

NOTE: PROCEDURE DATASETS used (Total process time):
      real time           0.02 seconds
      cpu time            0.01 seconds
      

MPRINT(EM_DIAGRAM):  ;

81288      data work.Score_VARHIST;
MPRINT(EM_DIAGRAM):    data work.Score_VARHIST;
81289      length DATAROLE $8 TYPE $14;
MPRINT(EM_DIAGRAM):   length DATAROLE $8 TYPE $14;
81290      retain DATAROLE "TRAIN" TYPE "";
MPRINT(EM_DIAGRAM):   retain DATAROLE "TRAIN" TYPE "";
81291      set work.Score_VARHIST(rename=(VALUE=X));
MPRINT(EM_DIAGRAM):   set work.Score_VARHIST(rename=(VALUE=X));
81292      run;
MPRINT(EM_DIAGRAM):   run;

NOTE: There were 32 observations read from the data set WORK.SCORE_VARHIST.
NOTE: The data set WORK.SCORE_VARHIST has 32 observations and 6 variables.
NOTE: DATA statement used (Total process time):
      real time           0.00 seconds
      cpu time            0.00 seconds
      

81293      proc append base=work.Score_HIST data=work.Score_VARHIST;
MPRINT(EM_DIAGRAM):   proc append base=work.Score_HIST data=work.Score_VARHIST;
81294      run;
MPRINT(EM_DIAGRAM):   run;

NOTE: Appending WORK.SCORE_VARHIST to WORK.SCORE_HIST.
NOTE: BASE data set does not exist. DATA file is being copied to BASE file.
NOTE: There were 32 observations read from the data set WORK.SCORE_VARHIST.
NOTE: The data set WORK.SCORE_HIST has 32 observations and 6 variables.
NOTE: PROCEDURE APPEND used (Total process time):
      real time           0.01 seconds
      cpu time            0.01 seconds
      

81295      proc transpose data=work.Score_SUMDATA out=work.Score_SUMDATA(
81295    ! rename=(_NAME_=VARIABLE _LABEL_=LABEL LOCATION=MEAN SCALE=STD P0=MIN P50=MEDIAN
81295    ! P100=MAX));
MPRINT(EM_DIAGRAM):    proc transpose data=work.Score_SUMDATA out=work.Score_SUMDATA( 
rename=(_NAME_=VARIABLE _LABEL_=LABEL LOCATION=MEAN SCALE=STD P0=MIN P50=MEDIAN P100=MAX));
81296      where _TYPE_ in('LOCATION' 'SCALE' 'N' 'P0' 'P25' 'P50' 'P75' 'P100');
MPRINT(EM_DIAGRAM):   where _TYPE_ in('LOCATION' 'SCALE' 'N' 'P0' 'P25' 'P50' 'P75' 'P100');
81297      id _type_;
MPRINT(EM_DIAGRAM):   id _type_;
81298      run;
MPRINT(EM_DIAGRAM):   run;

NOTE: There were 8 observations read from the data set WORK.SCORE_SUMDATA.
      WHERE _TYPE_ in ('LOCATION', 'N', 'P0', 'P100', 'P25', 'P50', 'P75', 'SCALE');
NOTE: The data set WORK.SCORE_SUMDATA has 2 observations and 10 variables.
NOTE: PROCEDURE TRANSPOSE used (Total process time):
      real time           0.02 seconds
      cpu time            0.01 seconds
      

81299      data work.Score_SUMDATA;
MPRINT(EM_DIAGRAM):   data work.Score_SUMDATA;
81300      length DATAROLE $8 TYPE $14;
MPRINT(EM_DIAGRAM):   length DATAROLE $8 TYPE $14;
81301      retain DATAROLE "TRAIN" Type "";
MPRINT(EM_DIAGRAM):   retain DATAROLE "TRAIN" Type "";
81302      set work.Score_SUMDATA;
MPRINT(EM_DIAGRAM):   set work.Score_SUMDATA;
81303      run;
MPRINT(EM_DIAGRAM):   run;

NOTE: There were 2 observations read from the data set WORK.SCORE_SUMDATA.
NOTE: The data set WORK.SCORE_SUMDATA has 2 observations and 12 variables.
NOTE: DATA statement used (Total process time):
      real time           0.00 seconds
      cpu time            0.00 seconds
      

81304      proc append base=WORK.ScoreSTAT data=work.Score_SUMDATA;
MPRINT(EM_DIAGRAM):   proc append base=WORK.ScoreSTAT data=work.Score_SUMDATA;
81305      run;
MPRINT(EM_DIAGRAM):   run;

NOTE: Appending WORK.SCORE_SUMDATA to WORK.SCORESTAT.
NOTE: BASE data set does not exist. DATA file is being copied to BASE file.
NOTE: There were 2 observations read from the data set WORK.SCORE_SUMDATA.
NOTE: The data set WORK.SCORESTAT has 2 observations and 12 variables.
NOTE: PROCEDURE APPEND used (Total process time):
      real time           0.01 seconds
      cpu time            0.00 seconds
      

81306      data WORK.SCOREFREQMETA;
MPRINT(EM_DIAGRAM):    data WORK.SCOREFREQMETA;
81307      length NAME $32 ROLE $32 LEVEL $8;
MPRINT(EM_DIAGRAM):   length NAME $32 ROLE $32 LEVEL $8;
81308      NAME="I_DepVar";
MPRINT(EM_DIAGRAM):   NAME="I_DepVar";
81309      ROLE="INPUT";
MPRINT(EM_DIAGRAM):   ROLE="INPUT";
81310      LEVEL="NOMINAL";
MPRINT(EM_DIAGRAM):   LEVEL="NOMINAL";
81311      TYPE="C";
MPRINT(EM_DIAGRAM):   TYPE="C";
81312      output;
MPRINT(EM_DIAGRAM):   output;
81313      run;
MPRINT(EM_DIAGRAM):   run;

NOTE: The data set WORK.SCOREFREQMETA has 1 observations and 4 variables.
NOTE: DATA statement used (Total process time):
      real time           0.00 seconds
      cpu time            0.00 seconds
      

81314      data WORK.SCOREHISTMETA;
MPRINT(EM_DIAGRAM):    data WORK.SCOREHISTMETA;
81315      length NAME $32 ROLE $32 LEVEL $8;
MPRINT(EM_DIAGRAM):   length NAME $32 ROLE $32 LEVEL $8;
81316      NAME="P_DepVar1";
MPRINT(EM_DIAGRAM):   NAME="P_DepVar1";
81317      ROLE="INPUT";
MPRINT(EM_DIAGRAM):   ROLE="INPUT";
81318      LEVEL="INTERVAL";
MPRINT(EM_DIAGRAM):   LEVEL="INTERVAL";
81319      TYPE="N";
MPRINT(EM_DIAGRAM):   TYPE="N";
81320      output;
MPRINT(EM_DIAGRAM):   output;
81321      NAME="P_DepVar0";
MPRINT(EM_DIAGRAM):   NAME="P_DepVar0";
81322      ROLE="INPUT";
MPRINT(EM_DIAGRAM):   ROLE="INPUT";
81323      LEVEL="INTERVAL";
MPRINT(EM_DIAGRAM):   LEVEL="INTERVAL";
81324      TYPE="N";
MPRINT(EM_DIAGRAM):   TYPE="N";
81325      output;
MPRINT(EM_DIAGRAM):   output;
81326      run;
MPRINT(EM_DIAGRAM):   run;

NOTE: The data set WORK.SCOREHISTMETA has 2 observations and 4 variables.
NOTE: DATA statement used (Total process time):
      real time           0.00 seconds
      cpu time            0.00 seconds
      

NOTE: View EMWS1.NEURAL6_VALIDATE.VIEW used (Total process time):
      real time           0.07 seconds
      cpu time            0.03 seconds
      
81327      ods listing close;
MPRINT(EM_DIAGRAM):    ods listing close;
81328      ods output onewayfreqs=WORK.TEMPFREQ;
MPRINT(EM_DIAGRAM):   ods output onewayfreqs=WORK.TEMPFREQ;
81329      proc freq data = EMWS1.Neural6_VALIDATE order=formatted addnames;
MPRINT(EM_DIAGRAM):   proc freq data = EMWS1.Neural6_VALIDATE order=formatted addnames;
81330      table I_DepVar / missing;
MPRINT(EM_DIAGRAM):   table I_DepVar / missing;
81331      run;
MPRINT(EM_DIAGRAM):   run;

NOTE: View EMWS1.NEURAL6_VALIDATE.VIEW used (Total process time):
      real time           0.04 seconds
      cpu time            0.03 seconds
      
NOTE: There were 733 observations read from the data set EMWS1.PART_VALIDATE.
NOTE: The data set WORK.TEMPFREQ has 2 observations and 8 variables.
NOTE: There were 733 observations read from the data set EMWS1.NEURAL6_VALIDATE.
NOTE: PROCEDURE FREQ used (Total process time):
      real time           0.06 seconds
      cpu time            0.03 seconds
      

MPRINT(EM_DIAGRAM):   quit;
81332      quit;
81333      ods listing;
MPRINT(EM_DIAGRAM):   ods listing;
81334      data WORK.Score_BAR(keep=_VARIABLE_ TYPE COUNT PERCENT _X_ _XLABEL_);
MPRINT(EM_DIAGRAM):    data WORK.Score_BAR(keep=_VARIABLE_ TYPE COUNT PERCENT _X_ _XLABEL_);
81335      label _VARIABLE_ = "%sysfunc(sasmsg(sashelp.dmine, rpt_variable_vlabel, NOQUOTE))"
81335    ! Type = "%sysfunc(sasmsg(sashelp.dmine, rpt_type_vlabel,         NOQUOTE))" _X_ =
81335    ! "%sysfunc(sasmsg(sashelp.dmine, rpt_numValue_vlabel, NOQUOTE))" _XLABEL_ =
81336         "%sysfunc(sasmsg(sashelp.dmine, rpt_fmtValue_vlabel ,    NOQUOTE))" COUNT =
81336    ! "%sysfunc(sasmsg(sashelp.dmine, rpt_count_vlabel,        NOQUOTE))" PERCENT =
81336    ! "%sysfunc(sasmsg(sashelp.dmine, rpt_percent_vlabel,      NOQUOTE))";
MPRINT(EM_DIAGRAM):   label _VARIABLE_ = "Variable" Type = "Type" _X_ = "Numeric Value" 
_XLABEL_ = "Formatted Value" COUNT = "Frequency Count" PERCENT = "Percent";
81337      dsid = open("WORK.TEMPFREQ");
MPRINT(EM_DIAGRAM):   dsid = open("WORK.TEMPFREQ");
81338      varnum = varnum(dsid, 'VARIABLE');
MPRINT(EM_DIAGRAM):   varnum = varnum(dsid, 'VARIABLE');
81339      freqnum = varnum(dsid, 'FREQUENCY');
MPRINT(EM_DIAGRAM):   freqnum = varnum(dsid, 'FREQUENCY');
81340      pvarnum = varnum(dsid, 'PERCENT');
MPRINT(EM_DIAGRAM):   pvarnum = varnum(dsid, 'PERCENT');
81341      typenum = varnum(dsid, '_TYPE_');
MPRINT(EM_DIAGRAM):   typenum = varnum(dsid, '_TYPE_');
81342      length _VARIABLE_ $32 TYPE $1 _XLABEL_ $32;
MPRINT(EM_DIAGRAM):   length _VARIABLE_ $32 TYPE $1 _XLABEL_ $32;
81343      do while(^fetch(dsid));
MPRINT(EM_DIAGRAM):   do while(^fetch(dsid));
81344      _VARIABLE_ = strip(getvarc(dsid, varnum));
MPRINT(EM_DIAGRAM):   _VARIABLE_ = strip(getvarc(dsid, varnum));
81345      count = getvarn(dsid, freqnum);
MPRINT(EM_DIAGRAM):   count = getvarn(dsid, freqnum);
81346      percent= getvarn(dsid, pvarnum);
MPRINT(EM_DIAGRAM):   percent= getvarn(dsid, pvarnum);
81347      vvarnum = varnum(dsid, _VARIABLE_);
MPRINT(EM_DIAGRAM):   vvarnum = varnum(dsid, _VARIABLE_);
81348      type = vartype(dsid, vvarnum);
MPRINT(EM_DIAGRAM):   type = vartype(dsid, vvarnum);
81349      fvarnum = varnum(dsid, 'F_'!!substr(_VARIABLE_, 1, 30));
MPRINT(EM_DIAGRAM):   fvarnum = varnum(dsid, 'F_'!!substr(_VARIABLE_, 1, 30));
81350      _XLABEL_ = left(getvarc(dsid, fvarnum));
MPRINT(EM_DIAGRAM):   _XLABEL_ = left(getvarc(dsid, fvarnum));
81351      _X_ = .;
MPRINT(EM_DIAGRAM):   _X_ = .;
81352      if TYPE eq 'N' then _X_ = getvarn(dsid, vvarnum);
MPRINT(EM_DIAGRAM):   if TYPE eq 'N' then _X_ = getvarn(dsid, vvarnum);
81353      output;
MPRINT(EM_DIAGRAM):   output;
81354      end;
MPRINT(EM_DIAGRAM):   end;
81355      dsid = close(dsid);
MPRINT(EM_DIAGRAM):   dsid = close(dsid);
81356      run;
MPRINT(EM_DIAGRAM):   run;

NOTE: The data set WORK.SCORE_BAR has 2 observations and 6 variables.
NOTE: DATA statement used (Total process time):
      real time           0.02 seconds
      cpu time            0.01 seconds
      

81357      proc sort data=WORK.Score_BAR NOTHREADS;
MPRINT(EM_DIAGRAM):   proc sort data=WORK.Score_BAR NOTHREADS;
81358      by _VARIABLE_;
MPRINT(EM_DIAGRAM):   by _VARIABLE_;
81359      run;
MPRINT(EM_DIAGRAM):   run;

NOTE: There were 2 observations read from the data set WORK.SCORE_BAR.
NOTE: The data set WORK.SCORE_BAR has 2 observations and 6 variables.
NOTE: PROCEDURE SORT used (Total process time):
      real time           0.01 seconds
      cpu time            0.03 seconds
      

81360      proc sort data=WORK.M1SG_EDB;
MPRINT(EM_DIAGRAM):   proc sort data=WORK.M1SG_EDB;
81361      by Name;
MPRINT(EM_DIAGRAM):   by Name;
81362      run;
MPRINT(EM_DIAGRAM):   run;

NOTE: There were 1 observations read from the data set WORK.M1SG_EDB.
NOTE: The data set WORK.M1SG_EDB has 1 observations and 4 variables.
NOTE: PROCEDURE SORT used (Total process time):
      real time           0.00 seconds
      cpu time            0.01 seconds
      

81363      data WORK.Score_BAR;
MPRINT(EM_DIAGRAM):   data WORK.Score_BAR;
81364      merge WORK.Score_BAR(in=_a) WORK.M1SG_EDB(keep=Name Role rename=(Name=_Variable_));
MPRINT(EM_DIAGRAM):   merge WORK.Score_BAR(in=_a) WORK.M1SG_EDB(keep=Name Role 
rename=(Name=_Variable_));
81365      by _Variable_;
MPRINT(EM_DIAGRAM):   by _Variable_;
81366      label Role = "%sysfunc(sasmsg(sashelp.dmine, meta_role_vlabel ,  NOQUOTE))";
MPRINT(EM_DIAGRAM):   label Role = "Role";
81367      if _a then output;
MPRINT(EM_DIAGRAM):   if _a then output;
81368      run;
MPRINT(EM_DIAGRAM):   run;

NOTE: There were 2 observations read from the data set WORK.SCORE_BAR.
NOTE: There were 1 observations read from the data set WORK.M1SG_EDB.
NOTE: The data set WORK.SCORE_BAR has 2 observations and 7 variables.
NOTE: DATA statement used (Total process time):
      real time           0.01 seconds
      cpu time            0.00 seconds
      

81369      data WORK.Score_BAR;
MPRINT(EM_DIAGRAM):    data WORK.Score_BAR;
81370      length DATAROLE $8 TYPE $14;
MPRINT(EM_DIAGRAM):   length DATAROLE $8 TYPE $14;
81371      retain DATAROLE "VALIDATE";
MPRINT(EM_DIAGRAM):   retain DATAROLE "VALIDATE";
81372      set WORK.Score_BAR;
MPRINT(EM_DIAGRAM):   set WORK.Score_BAR;
81373      run;
MPRINT(EM_DIAGRAM):   run;

NOTE: There were 2 observations read from the data set WORK.SCORE_BAR.
NOTE: The data set WORK.SCORE_BAR has 2 observations and 8 variables.
NOTE: DATA statement used (Total process time):
      real time           0.00 seconds
      cpu time            0.00 seconds
      

81374      proc append base=EMWS1.Score_BAR data=WORK.Score_BAR;
MPRINT(EM_DIAGRAM):   proc append base=EMWS1.Score_BAR data=WORK.Score_BAR;
81375      run;
MPRINT(EM_DIAGRAM):   run;

NOTE: Appending WORK.SCORE_BAR to EMWS1.SCORE_BAR.
NOTE: There were 2 observations read from the data set WORK.SCORE_BAR.
NOTE: 2 observations added.
NOTE: The data set EMWS1.SCORE_BAR has 4 observations and 8 variables.
NOTE: PROCEDURE APPEND used (Total process time):
      real time           0.01 seconds
      cpu time            0.00 seconds
      

81376      %var_profile(DATA=EMWS1.Neural6_VALIDATE, OUTPUT=work.Score_VARHIST,
81376    ! METADATA=WORK.SCOREHISTMETA, COMPUTESTAT=N, BINDATA=_bindata, STAT=_STAT,
81376    ! PCTLSTAT=work.Score_SUMDATA, FREQ=, BIN=Y, NUMBARS= 16);
MPRINT(EM_DIAGRAM):   
*------------------------------------------------------------*
* Score: Computing Summary Statistics
*------------------------------------------------------------*
MPRINT(VAR_PROFILE):   filename _mac catalog 'WORK.MACROS.VARIABLES.SOURCE';
MPRINT(VAR_PROFILE):   data _null;
MPRINT(VAR_PROFILE):   set WORK.SCOREHISTMETA(where=(LEVEL = 'INTERVAL' and ROLE ne 'FREQ')) 
end=eof;
MPRINT(VAR_PROFILE):   if eof then call symput('_nobs', put(_N_, best.));
MPRINT(VAR_PROFILE):   run;

NOTE: There were 2 observations read from the data set WORK.SCOREHISTMETA.
      WHERE (LEVEL='INTERVAL') and (ROLE not = 'FREQ');
NOTE: The data set WORK._NULL has 2 observations and 4 variables.
NOTE: DATA statement used (Total process time):
      real time           0.00 seconds
      cpu time            0.00 seconds
      

MPRINT(VAR_PROFILE):   data _null_;
MPRINT(VAR_PROFILE):   file _mac;
MPRINT(VAR_PROFILE):   length _VARS $80;
MPRINT(VAR_PROFILE):   retain _vars;
MPRINT(VAR_PROFILE):   if _n_ =1 then put '%macro _vars;';
MPRINT(VAR_PROFILE):   set WORK.SCOREHISTMETA end=eof;
MPRINT(VAR_PROFILE):   where LEVEL = 'INTERVAL' or ROLE='FREQ';
MPRINT(VAR_PROFILE):   if ROLE='FREQ' then call symput('FREQ', trim(NAME));
MPRINT(VAR_PROFILE):   else do;
MPRINT(VAR_PROFILE):   if length(strip(_vars)) + length(strip(NAME)) + 1 <80 then _vars = 
strip(_vars)!! ' ' !!strip(NAME);
MPRINT(VAR_PROFILE):   else do;
MPRINT(VAR_PROFILE):   put _Vars;
MPRINT(VAR_PROFILE):   _vars = strip(NAME);
MPRINT(VAR_PROFILE):   end;
MPRINT(VAR_PROFILE):   end;
MPRINT(VAR_PROFILE):   if eof then do;
MPRINT(VAR_PROFILE):   put _Vars;
MPRINT(VAR_PROFILE):   put '%mend _vars;';
MPRINT(VAR_PROFILE):   end;
MPRINT(VAR_PROFILE):   run;

NOTE: The file _MAC is:
      Catalog Name=WORK.MACROS.VARIABLES.SOURCE,
      Catalog Page Size=4096,
      Number of Catalog Pages=5,
      Created=Saturday,  2 June 2018 17:19:18,
      Last Modified=Saturday,  2 June 2018 17:19:18,
      Filename=C:\Users\misil\AppData\Local\Temp\SAS Temporary 
      Files\_TD19236_DESKTOP-61HCQ9U_\Prc2\macros.sas7bcat,
      Release Created=9.0401M4,
      Host Created=X64_10PRO,
      Owner Name=DESKTOP-61HCQ9U\misil,
      File Size=            17KB,
      File Size (bytes)=17408

NOTE: 3 records were written to the file _MAC.
      The minimum record length was 12.
      The maximum record length was 19.
NOTE: There were 2 observations read from the data set WORK.SCOREHISTMETA.
      WHERE (LEVEL='INTERVAL') or (ROLE='FREQ');
NOTE: DATA statement used (Total process time):
      real time           0.00 seconds
      cpu time            0.00 seconds
      

NOTE: %INCLUDE (level 1) file _MAC is file WORK.MACROS.VARIABLES.SOURCE.
81377     +%macro _vars;
81378     +P_DepVar1 P_DepVar0
81379     +%mend _vars;
NOTE: %INCLUDE (level 1) ending.
MPRINT(VAR_PROFILE):   filename _mac;
NOTE: Fileref _MAC has been deassigned.
MPRINT(VAR_PROFILE):   data _binneddata / view=_binneddata;
MPRINT(VAR_PROFILE):   set EMWS1.Neural6_VALIDATE(obs=1000000);
MPRINT(VAR_PROFILE):   format P_DepVar0 F1_. P_DepVar1 F2_. ;
MPRINT(VAR_PROFILE):   run;

NOTE: DATA STEP view saved on file WORK._BINNEDDATA.
NOTE: A stored DATA STEP view cannot run under a different operating system.
NOTE: View EMWS1.NEURAL6_VALIDATE.VIEW used (Total process time):
      real time           0.03 seconds
      cpu time            0.03 seconds
      
NOTE: DATA statement used (Total process time):
      real time           0.04 seconds
      cpu time            0.04 seconds
      

MPRINT(VAR_PROFILE):   proc dmdb data=_binneddata(obs=1000000) 
classout=_temptab(rename=(NAME=VARIABLE FREQUENCY=COUNT FREQPERCENT=PERCENT));
MPRINT(VAR_PROFILE):   class
MPRINT(_VARS):   P_DepVar1 P_DepVar0
MPRINT(VAR_PROFILE):   ;
MPRINT(VAR_PROFILE):   run;

NOTE: Records processed = 733   Memory used = 511K.
NOTE: There were 733 observations read from the data set EMWS1.PART_VALIDATE.
NOTE: View WORK._BINNEDDATA.VIEW used (Total process time):
      real time           0.06 seconds
      cpu time            0.06 seconds
      
NOTE: There were 733 observations read from the data set EMWS1.NEURAL6_VALIDATE.
NOTE: There were 733 observations read from the data set WORK._BINNEDDATA.
NOTE: The data set WORK._TEMPTAB has 32 observations and 9 variables.
NOTE: PROCEDURE DMDB used (Total process time):
      real time           0.09 seconds
      cpu time            0.09 seconds
      

MPRINT(VAR_PROFILE):   data work.Score_VARHIST;
MPRINT(VAR_PROFILE):   label VALUE = "Value";
MPRINT(VAR_PROFILE):   label VARIABLE = "Variable";
MPRINT(VAR_PROFILE):   label COUNT = "Frequency Count";
MPRINT(VAR_PROFILE):   label PERCENT = "Percent";
MPRINT(VAR_PROFILE):   set _temptab;
MPRINT(VAR_PROFILE):   format VALUE 12.3 count;
MPRINT(VAR_PROFILE):   value = inputn(level, 'best12.');
MPRINT(VAR_PROFILE):   keep VARIABLE COUNT PERCENT VALUE;
MPRINT(VAR_PROFILE):   run;

NOTE: There were 32 observations read from the data set WORK._TEMPTAB.
NOTE: The data set WORK.SCORE_VARHIST has 32 observations and 4 variables.
NOTE: DATA statement used (Total process time):
      real time           0.01 seconds
      cpu time            0.00 seconds
      

MPRINT(VAR_PROFILE):   proc datasets lib=work nolist mt=(DATA VIEW);
MPRINT(VAR_PROFILE):   delete _TEMPTAB _BINNEDDATA _MINMAXDATA;
MPRINT(VAR_PROFILE):   run;

NOTE: The file WORK._MINMAXDATA (memtype=(DATA VIEW)) was not found, but appears on a DELETE 
      statement.
NOTE: Deleting WORK._TEMPTAB (memtype=DATA).
NOTE: Deleting WORK._BINNEDDATA (memtype=VIEW).
MPRINT(VAR_PROFILE):   quit;

NOTE: PROCEDURE DATASETS used (Total process time):
      real time           0.01 seconds
      cpu time            0.01 seconds
      

MPRINT(EM_DIAGRAM):  ;

81380      data work.Score_VARHIST;
MPRINT(EM_DIAGRAM):    data work.Score_VARHIST;
81381      length DATAROLE $8 TYPE $14;
MPRINT(EM_DIAGRAM):   length DATAROLE $8 TYPE $14;
81382      retain DATAROLE "VALIDATE" TYPE "";
MPRINT(EM_DIAGRAM):   retain DATAROLE "VALIDATE" TYPE "";
81383      set work.Score_VARHIST(rename=(VALUE=X));
MPRINT(EM_DIAGRAM):   set work.Score_VARHIST(rename=(VALUE=X));
81384      run;
MPRINT(EM_DIAGRAM):   run;

NOTE: There were 32 observations read from the data set WORK.SCORE_VARHIST.
NOTE: The data set WORK.SCORE_VARHIST has 32 observations and 6 variables.
NOTE: DATA statement used (Total process time):
      real time           0.01 seconds
      cpu time            0.00 seconds
      

81385      proc append base=work.Score_HIST data=work.Score_VARHIST;
MPRINT(EM_DIAGRAM):   proc append base=work.Score_HIST data=work.Score_VARHIST;
81386      run;
MPRINT(EM_DIAGRAM):   run;

NOTE: Appending WORK.SCORE_VARHIST to WORK.SCORE_HIST.
NOTE: There were 32 observations read from the data set WORK.SCORE_VARHIST.
NOTE: 32 observations added.
NOTE: The data set WORK.SCORE_HIST has 64 observations and 6 variables.
NOTE: PROCEDURE APPEND used (Total process time):
      real time           0.01 seconds
      cpu time            0.00 seconds
      

81387      proc stdize data=EMWS1.Neural6_VALIDATE(obs=1000000) outstat=work.Score_SUMDATA
81387    ! out=_null_ pctlpts=(0 5 25 50 75 95 100);
MPRINT(EM_DIAGRAM):    proc stdize data=EMWS1.Neural6_VALIDATE(obs=1000000) 
outstat=work.Score_SUMDATA out=_null_ pctlpts=(0 5 25 50 75 95 100);
81388      var
81389      P_DepVar1
81390      P_DepVar0
81391      ;
MPRINT(EM_DIAGRAM):   var P_DepVar1 P_DepVar0 ;
81392      run;
MPRINT(EM_DIAGRAM):   run;

NOTE: View EMWS1.NEURAL6_VALIDATE.VIEW used (Total process time):
      real time           0.08 seconds
      cpu time            0.06 seconds
      
NOTE: There were 733 observations read from the data set EMWS1.PART_VALIDATE.
NOTE: There were 733 observations read from the data set EMWS1.NEURAL6_VALIDATE.
NOTE: The data set WORK.SCORE_SUMDATA has 15 observations and 3 variables.
NOTE: PROCEDURE STDIZE used (Total process time):
      real time           0.10 seconds
      cpu time            0.07 seconds
      

MPRINT(EM_DIAGRAM):   quit;
81393      quit;

81394      proc transpose data=work.Score_SUMDATA out=work.Score_SUMDATA(
81394    ! rename=(_NAME_=VARIABLE _LABEL_=LABEL LOCATION=MEAN SCALE=STD P0=MIN P50=MEDIAN
81394    ! P100=MAX));
MPRINT(EM_DIAGRAM):    proc transpose data=work.Score_SUMDATA out=work.Score_SUMDATA( 
rename=(_NAME_=VARIABLE _LABEL_=LABEL LOCATION=MEAN SCALE=STD P0=MIN P50=MEDIAN P100=MAX));
81395      where _TYPE_ in('LOCATION' 'SCALE' 'N' 'P0' 'P25' 'P50' 'P75' 'P100');
MPRINT(EM_DIAGRAM):   where _TYPE_ in('LOCATION' 'SCALE' 'N' 'P0' 'P25' 'P50' 'P75' 'P100');
81396      id _type_;
MPRINT(EM_DIAGRAM):   id _type_;
81397      run;
MPRINT(EM_DIAGRAM):   run;

NOTE: There were 8 observations read from the data set WORK.SCORE_SUMDATA.
      WHERE _TYPE_ in ('LOCATION', 'N', 'P0', 'P100', 'P25', 'P50', 'P75', 'SCALE');
NOTE: The data set WORK.SCORE_SUMDATA has 2 observations and 10 variables.
NOTE: PROCEDURE TRANSPOSE used (Total process time):
      real time           0.02 seconds
      cpu time            0.01 seconds
      

81398      data work.Score_SUMDATA;
MPRINT(EM_DIAGRAM):   data work.Score_SUMDATA;
81399      length DATAROLE $8 TYPE $14;
MPRINT(EM_DIAGRAM):   length DATAROLE $8 TYPE $14;
81400      retain DATAROLE "VALIDATE" Type "";
MPRINT(EM_DIAGRAM):   retain DATAROLE "VALIDATE" Type "";
81401      set work.Score_SUMDATA;
MPRINT(EM_DIAGRAM):   set work.Score_SUMDATA;
81402      run;
MPRINT(EM_DIAGRAM):   run;

NOTE: There were 2 observations read from the data set WORK.SCORE_SUMDATA.
NOTE: The data set WORK.SCORE_SUMDATA has 2 observations and 12 variables.
NOTE: DATA statement used (Total process time):
      real time           0.00 seconds
      cpu time            0.00 seconds
      

81403      proc append base=WORK.ScoreSTAT data=work.Score_SUMDATA;
MPRINT(EM_DIAGRAM):   proc append base=WORK.ScoreSTAT data=work.Score_SUMDATA;
81404      run;
MPRINT(EM_DIAGRAM):   run;

NOTE: Appending WORK.SCORE_SUMDATA to WORK.SCORESTAT.
NOTE: There were 2 observations read from the data set WORK.SCORE_SUMDATA.
NOTE: 2 observations added.
NOTE: The data set WORK.SCORESTAT has 4 observations and 12 variables.
NOTE: PROCEDURE APPEND used (Total process time):
      real time           0.01 seconds
      cpu time            0.00 seconds
      

81405      data WORK.SCOREFREQMETA;
MPRINT(EM_DIAGRAM):    data WORK.SCOREFREQMETA;
81406      length NAME $32 ROLE $32 LEVEL $8;
MPRINT(EM_DIAGRAM):   length NAME $32 ROLE $32 LEVEL $8;
81407      NAME="I_DepVar";
MPRINT(EM_DIAGRAM):   NAME="I_DepVar";
81408      ROLE="INPUT";
MPRINT(EM_DIAGRAM):   ROLE="INPUT";
81409      LEVEL="NOMINAL";
MPRINT(EM_DIAGRAM):   LEVEL="NOMINAL";
81410      TYPE="C";
MPRINT(EM_DIAGRAM):   TYPE="C";
81411      output;
MPRINT(EM_DIAGRAM):   output;
81412      run;
MPRINT(EM_DIAGRAM):   run;

NOTE: The data set WORK.SCOREFREQMETA has 1 observations and 4 variables.
NOTE: DATA statement used (Total process time):
      real time           0.00 seconds
      cpu time            0.00 seconds
The SAS System

      

81413      data WORK.SCOREHISTMETA;
MPRINT(EM_DIAGRAM):    data WORK.SCOREHISTMETA;
81414      length NAME $32 ROLE $32 LEVEL $8;
MPRINT(EM_DIAGRAM):   length NAME $32 ROLE $32 LEVEL $8;
81415      NAME="P_DepVar1";
MPRINT(EM_DIAGRAM):   NAME="P_DepVar1";
81416      ROLE="INPUT";
MPRINT(EM_DIAGRAM):   ROLE="INPUT";
81417      LEVEL="INTERVAL";
MPRINT(EM_DIAGRAM):   LEVEL="INTERVAL";
81418      TYPE="N";
MPRINT(EM_DIAGRAM):   TYPE="N";
81419      output;
MPRINT(EM_DIAGRAM):   output;
81420      NAME="P_DepVar0";
MPRINT(EM_DIAGRAM):   NAME="P_DepVar0";
81421      ROLE="INPUT";
MPRINT(EM_DIAGRAM):   ROLE="INPUT";
81422      LEVEL="INTERVAL";
MPRINT(EM_DIAGRAM):   LEVEL="INTERVAL";
81423      TYPE="N";
MPRINT(EM_DIAGRAM):   TYPE="N";
81424      output;
MPRINT(EM_DIAGRAM):   output;
81425      run;
MPRINT(EM_DIAGRAM):   run;

NOTE: The data set WORK.SCOREHISTMETA has 2 observations and 4 variables.
NOTE: DATA statement used (Total process time):
      real time           0.00 seconds
      cpu time            0.01 seconds
      

81426      ods listing close;
MPRINT(EM_DIAGRAM):    ods listing close;
81427      ods output onewayfreqs=WORK.TEMPFREQ;
MPRINT(EM_DIAGRAM):   ods output onewayfreqs=WORK.TEMPFREQ;
81428      proc freq data = EMWS1.Score_SCORE order=formatted addnames;
MPRINT(EM_DIAGRAM):   proc freq data = EMWS1.Score_SCORE order=formatted addnames;
81429      table I_DepVar / missing;
MPRINT(EM_DIAGRAM):   table I_DepVar / missing;
81430      run;
MPRINT(EM_DIAGRAM):   run;

NOTE: The data set WORK.TEMPFREQ has 2 observations and 8 variables.
NOTE: There were 5000 observations read from the data set EMWS1.SCORE_SCORE.
NOTE: PROCEDURE FREQ used (Total process time):
      real time           0.02 seconds
      cpu time            0.00 seconds
      

MPRINT(EM_DIAGRAM):   quit;
81431      quit;
81432      ods listing;
MPRINT(EM_DIAGRAM):   ods listing;
81433      data WORK.Score_BAR(keep=_VARIABLE_ TYPE COUNT PERCENT _X_ _XLABEL_);
MPRINT(EM_DIAGRAM):    data WORK.Score_BAR(keep=_VARIABLE_ TYPE COUNT PERCENT _X_ _XLABEL_);
81434      label _VARIABLE_ = "%sysfunc(sasmsg(sashelp.dmine, rpt_variable_vlabel, NOQUOTE))"
81434    ! Type = "%sysfunc(sasmsg(sashelp.dmine, rpt_type_vlabel,         NOQUOTE))" _X_ =
81434    ! "%sysfunc(sasmsg(sashelp.dmine, rpt_numValue_vlabel, NOQUOTE))" _XLABEL_ =
81435         "%sysfunc(sasmsg(sashelp.dmine, rpt_fmtValue_vlabel ,    NOQUOTE))" COUNT =
81435    ! "%sysfunc(sasmsg(sashelp.dmine, rpt_count_vlabel,        NOQUOTE))" PERCENT =
81435    ! "%sysfunc(sasmsg(sashelp.dmine, rpt_percent_vlabel,      NOQUOTE))";
MPRINT(EM_DIAGRAM):   label _VARIABLE_ = "Variable" Type = "Type" _X_ = "Numeric Value" 
_XLABEL_ = "Formatted Value" COUNT = "Frequency Count" PERCENT = "Percent";
81436      dsid = open("WORK.TEMPFREQ");
MPRINT(EM_DIAGRAM):   dsid = open("WORK.TEMPFREQ");
81437      varnum = varnum(dsid, 'VARIABLE');
MPRINT(EM_DIAGRAM):   varnum = varnum(dsid, 'VARIABLE');
81438      freqnum = varnum(dsid, 'FREQUENCY');
MPRINT(EM_DIAGRAM):   freqnum = varnum(dsid, 'FREQUENCY');
81439      pvarnum = varnum(dsid, 'PERCENT');
MPRINT(EM_DIAGRAM):   pvarnum = varnum(dsid, 'PERCENT');
81440      typenum = varnum(dsid, '_TYPE_');
MPRINT(EM_DIAGRAM):   typenum = varnum(dsid, '_TYPE_');
81441      length _VARIABLE_ $32 TYPE $1 _XLABEL_ $32;
MPRINT(EM_DIAGRAM):   length _VARIABLE_ $32 TYPE $1 _XLABEL_ $32;
81442      do while(^fetch(dsid));
MPRINT(EM_DIAGRAM):   do while(^fetch(dsid));
81443      _VARIABLE_ = strip(getvarc(dsid, varnum));
MPRINT(EM_DIAGRAM):   _VARIABLE_ = strip(getvarc(dsid, varnum));
81444      count = getvarn(dsid, freqnum);
MPRINT(EM_DIAGRAM):   count = getvarn(dsid, freqnum);
81445      percent= getvarn(dsid, pvarnum);
MPRINT(EM_DIAGRAM):   percent= getvarn(dsid, pvarnum);
81446      vvarnum = varnum(dsid, _VARIABLE_);
MPRINT(EM_DIAGRAM):   vvarnum = varnum(dsid, _VARIABLE_);
81447      type = vartype(dsid, vvarnum);
MPRINT(EM_DIAGRAM):   type = vartype(dsid, vvarnum);
81448      fvarnum = varnum(dsid, 'F_'!!substr(_VARIABLE_, 1, 30));
MPRINT(EM_DIAGRAM):   fvarnum = varnum(dsid, 'F_'!!substr(_VARIABLE_, 1, 30));
81449      _XLABEL_ = left(getvarc(dsid, fvarnum));
MPRINT(EM_DIAGRAM):   _XLABEL_ = left(getvarc(dsid, fvarnum));
81450      _X_ = .;
MPRINT(EM_DIAGRAM):   _X_ = .;
81451      if TYPE eq 'N' then _X_ = getvarn(dsid, vvarnum);
MPRINT(EM_DIAGRAM):   if TYPE eq 'N' then _X_ = getvarn(dsid, vvarnum);
81452      output;
MPRINT(EM_DIAGRAM):   output;
81453      end;
MPRINT(EM_DIAGRAM):   end;
81454      dsid = close(dsid);
MPRINT(EM_DIAGRAM):   dsid = close(dsid);
81455      run;
MPRINT(EM_DIAGRAM):   run;

NOTE: The data set WORK.SCORE_BAR has 2 observations and 6 variables.
NOTE: DATA statement used (Total process time):
      real time           0.01 seconds
      cpu time            0.00 seconds
      

81456      proc sort data=WORK.Score_BAR NOTHREADS;
MPRINT(EM_DIAGRAM):   proc sort data=WORK.Score_BAR NOTHREADS;
81457      by _VARIABLE_;
MPRINT(EM_DIAGRAM):   by _VARIABLE_;
81458      run;
MPRINT(EM_DIAGRAM):   run;

NOTE: There were 2 observations read from the data set WORK.SCORE_BAR.
NOTE: The data set WORK.SCORE_BAR has 2 observations and 6 variables.
NOTE: PROCEDURE SORT used (Total process time):
      real time           0.00 seconds
      cpu time            0.01 seconds
      

81459      proc sort data=WORK.M2QP6T16;
MPRINT(EM_DIAGRAM):   proc sort data=WORK.M2QP6T16;
81460      by Name;
MPRINT(EM_DIAGRAM):   by Name;
81461      run;
MPRINT(EM_DIAGRAM):   run;

NOTE: There were 1 observations read from the data set WORK.M2QP6T16.
NOTE: The data set WORK.M2QP6T16 has 1 observations and 4 variables.
NOTE: PROCEDURE SORT used (Total process time):
      real time           0.01 seconds
      cpu time            0.00 seconds
      

81462      data WORK.Score_BAR;
MPRINT(EM_DIAGRAM):   data WORK.Score_BAR;
81463      merge WORK.Score_BAR(in=_a) WORK.M2QP6T16(keep=Name Role rename=(Name=_Variable_));
MPRINT(EM_DIAGRAM):   merge WORK.Score_BAR(in=_a) WORK.M2QP6T16(keep=Name Role 
rename=(Name=_Variable_));
81464      by _Variable_;
MPRINT(EM_DIAGRAM):   by _Variable_;
81465      label Role = "%sysfunc(sasmsg(sashelp.dmine, meta_role_vlabel ,  NOQUOTE))";
MPRINT(EM_DIAGRAM):   label Role = "Role";
81466      if _a then output;
MPRINT(EM_DIAGRAM):   if _a then output;
81467      run;
MPRINT(EM_DIAGRAM):   run;

NOTE: There were 2 observations read from the data set WORK.SCORE_BAR.
NOTE: There were 1 observations read from the data set WORK.M2QP6T16.
NOTE: The data set WORK.SCORE_BAR has 2 observations and 7 variables.
NOTE: DATA statement used (Total process time):
      real time           0.02 seconds
      cpu time            0.00 seconds
      

81468      data WORK.Score_BAR;
MPRINT(EM_DIAGRAM):    data WORK.Score_BAR;
81469      length DATAROLE $8 TYPE $14;
MPRINT(EM_DIAGRAM):   length DATAROLE $8 TYPE $14;
81470      retain DATAROLE "SCORE";
MPRINT(EM_DIAGRAM):   retain DATAROLE "SCORE";
81471      set WORK.Score_BAR;
MPRINT(EM_DIAGRAM):   set WORK.Score_BAR;
81472      run;
MPRINT(EM_DIAGRAM):   run;

NOTE: There were 2 observations read from the data set WORK.SCORE_BAR.
NOTE: The data set WORK.SCORE_BAR has 2 observations and 8 variables.
NOTE: DATA statement used (Total process time):
      real time           0.00 seconds
      cpu time            0.00 seconds
      

81473      proc append base=EMWS1.Score_BAR data=WORK.Score_BAR;
MPRINT(EM_DIAGRAM):   proc append base=EMWS1.Score_BAR data=WORK.Score_BAR;
81474      run;
MPRINT(EM_DIAGRAM):   run;

NOTE: Appending WORK.SCORE_BAR to EMWS1.SCORE_BAR.
NOTE: There were 2 observations read from the data set WORK.SCORE_BAR.
NOTE: 2 observations added.
NOTE: The data set EMWS1.SCORE_BAR has 6 observations and 8 variables.
NOTE: PROCEDURE APPEND used (Total process time):
      real time           0.01 seconds
      cpu time            0.00 seconds
      

81475      %var_profile(DATA=EMWS1.Score_SCORE, OUTPUT=work.Score_VARHIST,
81475    ! METADATA=WORK.SCOREHISTMETA, COMPUTESTAT=N, BINDATA=_bindata, STAT=_STAT,
81475    ! PCTLSTAT=work.Score_SUMDATA, FREQ=, BIN=Y, NUMBARS= 16);
MPRINT(EM_DIAGRAM):   
*------------------------------------------------------------*
* Score: Computing Summary Statistics
*------------------------------------------------------------*
MPRINT(VAR_PROFILE):   filename _mac catalog 'WORK.MACROS.VARIABLES.SOURCE';
MPRINT(VAR_PROFILE):   data _null;
MPRINT(VAR_PROFILE):   set WORK.SCOREHISTMETA(where=(LEVEL = 'INTERVAL' and ROLE ne 'FREQ')) 
end=eof;
MPRINT(VAR_PROFILE):   if eof then call symput('_nobs', put(_N_, best.));
MPRINT(VAR_PROFILE):   run;

NOTE: There were 2 observations read from the data set WORK.SCOREHISTMETA.
      WHERE (LEVEL='INTERVAL') and (ROLE not = 'FREQ');
NOTE: The data set WORK._NULL has 2 observations and 4 variables.
NOTE: DATA statement used (Total process time):
      real time           0.01 seconds
      cpu time            0.00 seconds
      

MPRINT(VAR_PROFILE):   data _null_;
MPRINT(VAR_PROFILE):   file _mac;
MPRINT(VAR_PROFILE):   length _VARS $80;
MPRINT(VAR_PROFILE):   retain _vars;
MPRINT(VAR_PROFILE):   if _n_ =1 then put '%macro _vars;';
MPRINT(VAR_PROFILE):   set WORK.SCOREHISTMETA end=eof;
MPRINT(VAR_PROFILE):   where LEVEL = 'INTERVAL' or ROLE='FREQ';
MPRINT(VAR_PROFILE):   if ROLE='FREQ' then call symput('FREQ', trim(NAME));
MPRINT(VAR_PROFILE):   else do;
MPRINT(VAR_PROFILE):   if length(strip(_vars)) + length(strip(NAME)) + 1 <80 then _vars = 
strip(_vars)!! ' ' !!strip(NAME);
MPRINT(VAR_PROFILE):   else do;
MPRINT(VAR_PROFILE):   put _Vars;
MPRINT(VAR_PROFILE):   _vars = strip(NAME);
MPRINT(VAR_PROFILE):   end;
MPRINT(VAR_PROFILE):   end;
MPRINT(VAR_PROFILE):   if eof then do;
MPRINT(VAR_PROFILE):   put _Vars;
MPRINT(VAR_PROFILE):   put '%mend _vars;';
MPRINT(VAR_PROFILE):   end;
MPRINT(VAR_PROFILE):   run;

NOTE: The file _MAC is:
      Catalog Name=WORK.MACROS.VARIABLES.SOURCE,
      Catalog Page Size=4096,
      Number of Catalog Pages=5,
      Created=Saturday,  2 June 2018 17:19:18,
      Last Modified=Saturday,  2 June 2018 17:19:20,
      Filename=C:\Users\misil\AppData\Local\Temp\SAS Temporary 
      Files\_TD19236_DESKTOP-61HCQ9U_\Prc2\macros.sas7bcat,
      Release Created=9.0401M4,
      Host Created=X64_10PRO,
      Owner Name=DESKTOP-61HCQ9U\misil,
      File Size=            21KB,
      File Size (bytes)=21504

NOTE: 3 records were written to the file _MAC.
      The minimum record length was 12.
      The maximum record length was 19.
NOTE: There were 2 observations read from the data set WORK.SCOREHISTMETA.
      WHERE (LEVEL='INTERVAL') or (ROLE='FREQ');
NOTE: DATA statement used (Total process time):
      real time           0.00 seconds
      cpu time            0.01 seconds
      

NOTE: %INCLUDE (level 1) file _MAC is file WORK.MACROS.VARIABLES.SOURCE.
81476     +%macro _vars;
81477     +P_DepVar1 P_DepVar0
81478     +%mend _vars;
NOTE: %INCLUDE (level 1) ending.
MPRINT(VAR_PROFILE):   filename _mac;
NOTE: Fileref _MAC has been deassigned.
MPRINT(VAR_PROFILE):   data _binneddata / view=_binneddata;
MPRINT(VAR_PROFILE):   set EMWS1.Score_SCORE(obs=1000000);
MPRINT(VAR_PROFILE):   format P_DepVar0 F1_. P_DepVar1 F2_. ;
MPRINT(VAR_PROFILE):   run;

NOTE: DATA STEP view saved on file WORK._BINNEDDATA.
NOTE: A stored DATA STEP view cannot run under a different operating system.
NOTE: DATA statement used (Total process time):
      real time           0.01 seconds
      cpu time            0.01 seconds
      

MPRINT(VAR_PROFILE):   proc dmdb data=_binneddata(obs=1000000) 
classout=_temptab(rename=(NAME=VARIABLE FREQUENCY=COUNT FREQPERCENT=PERCENT));
MPRINT(VAR_PROFILE):   class
MPRINT(_VARS):   P_DepVar1 P_DepVar0
MPRINT(VAR_PROFILE):   ;
MPRINT(VAR_PROFILE):   run;

NOTE: Records processed = 5000   Memory used = 511K.
NOTE: View WORK._BINNEDDATA.VIEW used (Total process time):
      real time           0.04 seconds
      cpu time            0.04 seconds
      
NOTE: There were 5000 observations read from the data set EMWS1.SCORE_SCORE.
NOTE: There were 5000 observations read from the data set WORK._BINNEDDATA.
NOTE: The data set WORK._TEMPTAB has 32 observations and 9 variables.
NOTE: PROCEDURE DMDB used (Total process time):
      real time           0.06 seconds
      cpu time            0.06 seconds
      

MPRINT(VAR_PROFILE):   data work.Score_VARHIST;
MPRINT(VAR_PROFILE):   label VALUE = "Value";
MPRINT(VAR_PROFILE):   label VARIABLE = "Variable";
MPRINT(VAR_PROFILE):   label COUNT = "Frequency Count";
MPRINT(VAR_PROFILE):   label PERCENT = "Percent";
MPRINT(VAR_PROFILE):   set _temptab;
MPRINT(VAR_PROFILE):   format VALUE 12.3 count;
MPRINT(VAR_PROFILE):   value = inputn(level, 'best12.');
MPRINT(VAR_PROFILE):   keep VARIABLE COUNT PERCENT VALUE;
MPRINT(VAR_PROFILE):   run;

NOTE: There were 32 observations read from the data set WORK._TEMPTAB.
NOTE: The data set WORK.SCORE_VARHIST has 32 observations and 4 variables.
NOTE: DATA statement used (Total process time):
      real time           0.01 seconds
      cpu time            0.01 seconds
      

MPRINT(VAR_PROFILE):   proc datasets lib=work nolist mt=(DATA VIEW);
MPRINT(VAR_PROFILE):   delete _TEMPTAB _BINNEDDATA _MINMAXDATA;
MPRINT(VAR_PROFILE):   run;

NOTE: The file WORK._MINMAXDATA (memtype=(DATA VIEW)) was not found, but appears on a DELETE 
      statement.
NOTE: Deleting WORK._TEMPTAB (memtype=DATA).
NOTE: Deleting WORK._BINNEDDATA (memtype=VIEW).
MPRINT(VAR_PROFILE):   quit;

NOTE: PROCEDURE DATASETS used (Total process time):
      real time           0.01 seconds
      cpu time            0.01 seconds
      

MPRINT(EM_DIAGRAM):  ;

81479      data work.Score_VARHIST;
MPRINT(EM_DIAGRAM):    data work.Score_VARHIST;
81480      length DATAROLE $8 TYPE $14;
MPRINT(EM_DIAGRAM):   length DATAROLE $8 TYPE $14;
81481      retain DATAROLE "SCORE" TYPE "";
MPRINT(EM_DIAGRAM):   retain DATAROLE "SCORE" TYPE "";
81482      set work.Score_VARHIST(rename=(VALUE=X));
MPRINT(EM_DIAGRAM):   set work.Score_VARHIST(rename=(VALUE=X));
81483      run;
MPRINT(EM_DIAGRAM):   run;

NOTE: There were 32 observations read from the data set WORK.SCORE_VARHIST.
NOTE: The data set WORK.SCORE_VARHIST has 32 observations and 6 variables.
NOTE: DATA statement used (Total process time):
      real time           0.00 seconds
      cpu time            0.00 seconds
      

81484      proc append base=work.Score_HIST data=work.Score_VARHIST;
MPRINT(EM_DIAGRAM):   proc append base=work.Score_HIST data=work.Score_VARHIST;
81485      run;
MPRINT(EM_DIAGRAM):   run;

NOTE: Appending WORK.SCORE_VARHIST to WORK.SCORE_HIST.
NOTE: There were 32 observations read from the data set WORK.SCORE_VARHIST.
NOTE: 32 observations added.
NOTE: The data set WORK.SCORE_HIST has 96 observations and 6 variables.
NOTE: PROCEDURE APPEND used (Total process time):
      real time           0.01 seconds
      cpu time            0.00 seconds
      

81486      proc stdize data=EMWS1.Score_SCORE(obs=1000000) outstat=work.Score_SUMDATA
81486    ! out=_null_ pctlpts=(0 5 25 50 75 95 100);
MPRINT(EM_DIAGRAM):    proc stdize data=EMWS1.Score_SCORE(obs=1000000) 
outstat=work.Score_SUMDATA out=_null_ pctlpts=(0 5 25 50 75 95 100);
81487      var
81488      P_DepVar1
81489      P_DepVar0
81490      ;
MPRINT(EM_DIAGRAM):   var P_DepVar1 P_DepVar0 ;
81491      run;
MPRINT(EM_DIAGRAM):   run;

NOTE: There were 5000 observations read from the data set EMWS1.SCORE_SCORE.
NOTE: The data set WORK.SCORE_SUMDATA has 15 observations and 3 variables.
NOTE: PROCEDURE STDIZE used (Total process time):
      real time           0.01 seconds
      cpu time            0.00 seconds
      

MPRINT(EM_DIAGRAM):   quit;
81492      quit;

81493      proc transpose data=work.Score_SUMDATA out=work.Score_SUMDATA(
81493    ! rename=(_NAME_=VARIABLE _LABEL_=LABEL LOCATION=MEAN SCALE=STD P0=MIN P50=MEDIAN
81493    ! P100=MAX));
MPRINT(EM_DIAGRAM):    proc transpose data=work.Score_SUMDATA out=work.Score_SUMDATA( 
rename=(_NAME_=VARIABLE _LABEL_=LABEL LOCATION=MEAN SCALE=STD P0=MIN P50=MEDIAN P100=MAX));
81494      where _TYPE_ in('LOCATION' 'SCALE' 'N' 'P0' 'P25' 'P50' 'P75' 'P100');
MPRINT(EM_DIAGRAM):   where _TYPE_ in('LOCATION' 'SCALE' 'N' 'P0' 'P25' 'P50' 'P75' 'P100');
81495      id _type_;
MPRINT(EM_DIAGRAM):   id _type_;
81496      run;
MPRINT(EM_DIAGRAM):   run;

NOTE: There were 8 observations read from the data set WORK.SCORE_SUMDATA.
      WHERE _TYPE_ in ('LOCATION', 'N', 'P0', 'P100', 'P25', 'P50', 'P75', 'SCALE');
NOTE: The data set WORK.SCORE_SUMDATA has 2 observations and 10 variables.
NOTE: PROCEDURE TRANSPOSE used (Total process time):
      real time           0.02 seconds
      cpu time            0.01 seconds
      

81497      data work.Score_SUMDATA;
MPRINT(EM_DIAGRAM):   data work.Score_SUMDATA;
81498      length DATAROLE $8 TYPE $14;
MPRINT(EM_DIAGRAM):   length DATAROLE $8 TYPE $14;
81499      retain DATAROLE "SCORE" Type "";
MPRINT(EM_DIAGRAM):   retain DATAROLE "SCORE" Type "";
81500      set work.Score_SUMDATA;
MPRINT(EM_DIAGRAM):   set work.Score_SUMDATA;
81501      run;
MPRINT(EM_DIAGRAM):   run;

NOTE: There were 2 observations read from the data set WORK.SCORE_SUMDATA.
NOTE: The data set WORK.SCORE_SUMDATA has 2 observations and 12 variables.
NOTE: DATA statement used (Total process time):
      real time           0.01 seconds
      cpu time            0.00 seconds
      

81502      proc append base=WORK.ScoreSTAT data=work.Score_SUMDATA;
MPRINT(EM_DIAGRAM):   proc append base=WORK.ScoreSTAT data=work.Score_SUMDATA;
81503      run;
MPRINT(EM_DIAGRAM):   run;

NOTE: Appending WORK.SCORE_SUMDATA to WORK.SCORESTAT.
NOTE: There were 2 observations read from the data set WORK.SCORE_SUMDATA.
NOTE: 2 observations added.
NOTE: The data set WORK.SCORESTAT has 6 observations and 12 variables.
NOTE: PROCEDURE APPEND used (Total process time):
      real time           0.01 seconds
      cpu time            0.00 seconds
      

81504      data EMWS1.Score_BAR(DROP=ROLE rename = (_VARIABLE_=VARIABLE _XLABEL_=X));
MPRINT(EM_DIAGRAM):    data EMWS1.Score_BAR(DROP=ROLE rename = (_VARIABLE_=VARIABLE 
_XLABEL_=X));
81505      set EMWS1.Score_BAR;
MPRINT(EM_DIAGRAM):   set EMWS1.Score_BAR;
81506      label VARIABLE= "%sysfunc(sasmsg(sashelp.dmine, meta_name_vlabel,  NOQUOTE))"
81506    ! DATAROLE= "%sysfunc(sasmsg(sashelp.dmine, rpt_datarole_vlabel,  NOQUOTE))" TYPE =
81506    ! "%sysfunc(sasmsg(sashelp.dmine, rpt_outputType_vlabel,  NOQUOTE))";
MPRINT(EM_DIAGRAM):   label VARIABLE= "Variable Name" DATAROLE= "Data Role" TYPE = "Output 
Type";
81507      select(_VARIABLE_);
MPRINT(EM_DIAGRAM):   select(_VARIABLE_);
81508      when("I_DepVar") TYPE = 'CLASSIFICATION';
MPRINT(EM_DIAGRAM):   when("I_DepVar") TYPE = 'CLASSIFICATION';
81509      otherwise;
MPRINT(EM_DIAGRAM):   otherwise;
81510      end;
MPRINT(EM_DIAGRAM):   end;
81511      run;
MPRINT(EM_DIAGRAM):   run;

NOTE: Variable VARIABLE is uninitialized.
NOTE: There were 6 observations read from the data set EMWS1.SCORE_BAR.
NOTE: The data set EMWS1.SCORE_BAR has 6 observations and 7 variables.
NOTE: DATA statement used (Total process time):
      real time           0.01 seconds
      cpu time            0.01 seconds
      

81512      proc sort data = EMWS1.Score_BAR NOTHREADS;
MPRINT(EM_DIAGRAM):   proc sort data = EMWS1.Score_BAR NOTHREADS;
81513      by DATAROLE TYPE;
MPRINT(EM_DIAGRAM):   by DATAROLE TYPE;
81514      run;
MPRINT(EM_DIAGRAM):   run;

NOTE: There were 6 observations read from the data set EMWS1.SCORE_BAR.
NOTE: The data set EMWS1.SCORE_BAR has 6 observations and 7 variables.
NOTE: PROCEDURE SORT used (Total process time):
      real time           0.01 seconds
      cpu time            0.00 seconds
      

81515      %let _cn = %sysfunc(getoption(CENTER));
81516      %let _nb = %sysfunc(getoption(NUMBER));
81517      options nonumber nocenter;
MPRINT(EM_DIAGRAM):   options nonumber nocenter;
81518      title;
MPRINT(EM_DIAGRAM):   title;
81519      proc print data = EMWS1.Score_BAR noobs label;
MPRINT(EM_DIAGRAM):   proc print data = EMWS1.Score_BAR noobs label;
81520      by DATAROLE TYPE;
MPRINT(EM_DIAGRAM):   by DATAROLE TYPE;
81521      title9 ' ';
MPRINT(EM_DIAGRAM):   title9 ' ';
81522      title10 "%sysfunc(sasmsg(sashelp.dmine, rpt_classStats_title, NOQUOTE))";
MPRINT(EM_DIAGRAM):   title10 "Class Variable Summary Statistics";
MPRINT(EM_DIAGRAM):   run;
81523      run;

NOTE: There were 6 observations read from the data set EMWS1.SCORE_BAR.
NOTE: The PROCEDURE PRINT printed page 30.
NOTE: PROCEDURE PRINT used (Total process time):
      real time           0.00 seconds
      cpu time            0.00 seconds
      

81524      title10;
MPRINT(EM_DIAGRAM):   title10;
81525      options &_cn &_nb;
MPRINT(EM_DIAGRAM):   options NOCENTER NONUMBER;
81526      data EMWS1.Score_HIST;
MPRINT(EM_DIAGRAM):    data EMWS1.Score_HIST;
81527      set work.Score_HIST(rename=(Percent=Value));
MPRINT(EM_DIAGRAM):   set work.Score_HIST(rename=(Percent=Value));
81528      label VARIABLE= "%sysfunc(sasmsg(sashelp.dmine, meta_name_vlabel,      NOQUOTE))"
81528    ! DATAROLE= "%sysfunc(sasmsg(sashelp.dmine, rpt_datarole_vlabel,   NOQUOTE))" TYPE =
81528    ! "%sysfunc(sasmsg(sashelp.dmine, rpt_outputType_vlabel, NOQUOTE))" X =
81529         "%sysfunc(sasmsg(sashelp.dmine, rpt_numValue_vlabel,   NOQUOTE))" COUNT =
81529    ! "%sysfunc(sasmsg(sashelp.dmine, rpt_count_vlabel,      NOQUOTE))" Value =
81529    ! "%sysfunc(sasmsg(sashelp.dmine, rpt_percent_vlabel,    NOQUOTE))";
MPRINT(EM_DIAGRAM):   label VARIABLE= "Variable Name" DATAROLE= "Data Role" TYPE = "Output 
Type" X = "Numeric Value" COUNT = "Frequency Count" Value = "Percent";
81530      select(VARIABLE);
MPRINT(EM_DIAGRAM):   select(VARIABLE);
81531      when("P_DepVar1") TYPE = 'PROBABILITY';
MPRINT(EM_DIAGRAM):   when("P_DepVar1") TYPE = 'PROBABILITY';
81532      when("P_DepVar0") TYPE = 'PROBABILITY';
MPRINT(EM_DIAGRAM):   when("P_DepVar0") TYPE = 'PROBABILITY';
81533      otherwise;
MPRINT(EM_DIAGRAM):   otherwise;
81534      end;
MPRINT(EM_DIAGRAM):   end;
81535      run;
MPRINT(EM_DIAGRAM):   run;

NOTE: There were 96 observations read from the data set WORK.SCORE_HIST.
NOTE: The data set EMWS1.SCORE_HIST has 96 observations and 6 variables.
NOTE: DATA statement used (Total process time):
      real time           0.01 seconds
      cpu time            0.01 seconds
      

81536      data WORK.ScoreSTAT;
MPRINT(EM_DIAGRAM):    data WORK.ScoreSTAT;
81537      set WORK.ScoreSTAT;
MPRINT(EM_DIAGRAM):   set WORK.ScoreSTAT;
81538      label VARIABLE= "%sysfunc(sasmsg(sashelp.dmine, meta_name_vlabel,  NOQUOTE))" LABEL
81538    ! = "%sysfunc(sasmsg(sashelp.dmine, meta_label_vlabel,  NOQUOTE))" MEAN =
81538    ! "%sysfunc(sasmsg(sashelp.dmine, rpt_mean_vlabel,  NOQUOTE))" N =
81539         "%sysfunc(sasmsg(sashelp.dmine, rpt_nonmiss_vlabel,  NOQUOTE))" STD =
81539    ! "%sysfunc(sasmsg(sashelp.dmine, rpt_std_vlabel,  NOQUOTE))" MIN =
81539    ! "%sysfunc(sasmsg(sashelp.dmine, rpt_minimum_vlabel,  NOQUOTE))" MAX =
81540         "%sysfunc(sasmsg(sashelp.dmine, rpt_maximum_vlabel,  NOQUOTE))" MEDIAN =
81540    ! "%sysfunc(sasmsg(sashelp.dmine, rpt_median_vlabel,  NOQUOTE))" P25 =
81540    ! "%sysfunc(sasmsg(sashelp.dmine, rpt_p25_vlabel,  NOQUOTE))" P75 =
81541         "%sysfunc(sasmsg(sashelp.dmine, rpt_p75_vlabel,  NOQUOTE))";
MPRINT(EM_DIAGRAM):   label VARIABLE= "Variable Name" LABEL = "Label" MEAN = "Mean" N = "Non 
Missing" STD = "Standard Deviation" MIN = "Minimum" MAX = "Maximum" MEDIAN = "Median" P25 = 
"25th Percentile" P75 = "75th Percentile";
81542      select(VARIABLE);
MPRINT(EM_DIAGRAM):   select(VARIABLE);
81543      when("P_DepVar1") TYPE = 'PROBABILITY';
MPRINT(EM_DIAGRAM):   when("P_DepVar1") TYPE = 'PROBABILITY';
81544      when("P_DepVar0") TYPE = 'PROBABILITY';
MPRINT(EM_DIAGRAM):   when("P_DepVar0") TYPE = 'PROBABILITY';
81545      otherwise;
MPRINT(EM_DIAGRAM):   otherwise;
81546      end;
MPRINT(EM_DIAGRAM):   end;
81547      run;
MPRINT(EM_DIAGRAM):   run;

NOTE: There were 6 observations read from the data set WORK.SCORESTAT.
NOTE: The data set WORK.SCORESTAT has 6 observations and 12 variables.
NOTE: DATA statement used (Total process time):
      real time           0.02 seconds
      cpu time            0.01 seconds
      

81548      proc sort data = WORK.ScoreSTAT NOTHREADS;
MPRINT(EM_DIAGRAM):   proc sort data = WORK.ScoreSTAT NOTHREADS;
81549      by VARIABLE;
MPRINT(EM_DIAGRAM):   by VARIABLE;
81550      run;
MPRINT(EM_DIAGRAM):   run;

NOTE: There were 6 observations read from the data set WORK.SCORESTAT.
NOTE: The data set WORK.SCORESTAT has 6 observations and 12 variables.
NOTE: PROCEDURE SORT used (Total process time):
      real time           0.00 seconds
      cpu time            0.00 seconds
      

81551      proc transpose data = WORK.ScoreSTAT out=WORK.ScoreSTAT(rename=(_NAME_=STATISTICS
81551    ! _LABEL_=LABEL));
MPRINT(EM_DIAGRAM):   proc transpose data = WORK.ScoreSTAT 
out=WORK.ScoreSTAT(rename=(_NAME_=STATISTICS _LABEL_=LABEL));
81552      by VARIABLE;
MPRINT(EM_DIAGRAM):   by VARIABLE;
81553      id DATAROLE;
MPRINT(EM_DIAGRAM):   id DATAROLE;
81554      run;
MPRINT(EM_DIAGRAM):   run;

NOTE: There were 6 observations read from the data set WORK.SCORESTAT.
NOTE: The data set WORK.SCORESTAT has 16 observations and 6 variables.
NOTE: PROCEDURE TRANSPOSE used (Total process time):
      real time           0.02 seconds
      cpu time            0.01 seconds
      

81555      proc datasets library=WORK nolist;
MPRINT(EM_DIAGRAM):   proc datasets library=WORK nolist;
81556      modify ScoreSTAT;
MPRINT(EM_DIAGRAM):   modify ScoreSTAT;
81557      label STATISTICS = "%sysfunc(sasmsg(sashelp.dmine, rpt_statistics_vlabel,
81557    ! NOQUOTE))" VARIABLE= "%sysfunc(sasmsg(sashelp.dmine, meta_name_vlabel,  NOQUOTE))"
81557    ! LABEL = "%sysfunc(sasmsg(sashelp.dmine, meta_label_vlabel,  NOQUOTE))" TYPE =
MPRINT(EM_DIAGRAM):   label STATISTICS = "Statistics" VARIABLE= "Variable Name" LABEL = 
"Label" TYPE = "Output Type";
WARNING: Variable TYPE not found in data set WORK.SCORESTAT.
81558         "%sysfunc(sasmsg(sashelp.dmine, rpt_outputType_vlabel,  NOQUOTE))";
MPRINT(EM_DIAGRAM):   run;
81559      run;

NOTE: MODIFY was successful for WORK.SCORESTAT.DATA.
81560      %let _cn = %sysfunc(getoption(CENTER));
81561      %let _nb = %sysfunc(getoption(NUMBER));
81562      options nonumber nocenter;
MPRINT(EM_DIAGRAM):   options nonumber nocenter;
81563      title;
MPRINT(EM_DIAGRAM):   title;

NOTE: PROCEDURE DATASETS used (Total process time):
      real time           0.03 seconds
      cpu time            0.00 seconds
      

81564      proc print data = WORK.ScoreSTAT label noobs;
MPRINT(EM_DIAGRAM):   proc print data = WORK.ScoreSTAT label noobs;
81565      by VARIABLE;
MPRINT(EM_DIAGRAM):   by VARIABLE;
81566      title9 ' ';
MPRINT(EM_DIAGRAM):   title9 ' ';
81567      title10 "%sysfunc(sasmsg(sashelp.dmine, rpt_intervalStats_title, NOQUOTE))";
MPRINT(EM_DIAGRAM):   title10 "Interval Variable Summary Statistics";
MPRINT(EM_DIAGRAM):   run;
81568      run;

NOTE: There were 16 observations read from the data set WORK.SCORESTAT.
NOTE: The PROCEDURE PRINT printed page 31.
NOTE: PROCEDURE PRINT used (Total process time):
      real time           0.00 seconds
      cpu time            0.01 seconds
      

81569      title10;
MPRINT(EM_DIAGRAM):   title10;
81570      options &_cn &_nb;
MPRINT(EM_DIAGRAM):   options NOCENTER NONUMBER;
MPRINT(EM_DIAGRAM):    proc printto;
MPRINT(EM_DIAGRAM):   run;
