 
                                                                                               
 
 
Class Variable Summary Statistics

Data Role=SCORE Output Type=CLASSIFICATION

            Numeric    Formatted    Frequency
Variable     Value       Value        Count      Percent

I_DepVar       .           0           4447       88.94 
I_DepVar       .           1            553       11.06 


Data Role=TRAIN Output Type=CLASSIFICATION

            Numeric    Formatted    Frequency
Variable     Value       Value        Count      Percent

I_DepVar       .           0           1491        87.5 
I_DepVar       .           1            213        12.5 


Data Role=VALIDATE Output Type=CLASSIFICATION

            Numeric    Formatted    Frequency
Variable     Value       Value        Count      Percent

I_DepVar       .           0           639       87.1760
I_DepVar       .           1            94       12.8240
 
                                                                                               
 
 
Interval Variable Summary Statistics

Variable Name=P_DepVar0

Statistics    Label                   TRAIN    VALIDATE      SCORE

  MEAN        Mean                     0.86       0.869       0.88
  STD         Standard Deviation       0.29       0.290       0.27
  N           Non Missing           1704.00     733.000    5000.00
  MIN         Minimum                  0.00       0.000       0.00
  P25         25th Percentile          0.96       0.967       0.98
  MEDIAN      Median                   1.00       0.999       1.00
  P75         75th Percentile          1.00       1.000       1.00
  MAX         Maximum                  1.00       1.000       1.00


Variable Name=P_DepVar1

Statistics    Label                   TRAIN    VALIDATE      SCORE

  MEAN        Mean                     0.14       0.131       0.12
  STD         Standard Deviation       0.29       0.290       0.27
  N           Non Missing           1704.00     733.000    5000.00
  MIN         Minimum                  0.00       0.000       0.00
  P25         25th Percentile          0.00       0.000       0.00
  MEDIAN      Median                   0.00       0.001       0.00
  P75         75th Percentile          0.04       0.033       0.02
  MAX         Maximum                  1.00       1.000       1.00
