MPRINT(EM_DIAGRAM):    data _null_;
MPRINT(EM_DIAGRAM):   call symput('NLDATE', strip(put(date(), NLDATE.)));
MPRINT(EM_DIAGRAM):   call symput('NLTIME', strip(put(datetime(), NLTIME.)));
MPRINT(EM_DIAGRAM):   run;
MPRINT(EM_DIAGRAM):   data _null_;
MPRINT(EM_DIAGRAM):   nldate= sasmsg("sashelp.dmine", "log_date_note", 'N', "24 December 2017" );
MPRINT(EM_DIAGRAM):   nltime= sasmsg("sashelp.dmine", "log_time_note", 'N', "10:10:20 o'clock" );
MPRINT(EM_DIAGRAM):   put "*------------------------------------------------------------*";
MPRINT(EM_DIAGRAM):   put "* Report Log";
MPRINT(EM_DIAGRAM):   put nldate;
MPRINT(EM_DIAGRAM):   put nltime;
MPRINT(EM_DIAGRAM):   put "*------------------------------------------------------------*";
MPRINT(EM_DIAGRAM):   run;
*------------------------------------------------------------*
* Report Log
Date:                24 December 2017
Time:                10:10:20 o'clock
*------------------------------------------------------------*
MPRINT(EM_DIAGRAM):    filename O396YWPK "C:\Users\misil\Desktop\MIS\DM1_project\Workspaces\EMWS1\EMSave5\EMREPORT.out" encoding="UTF-8" NOBOM;
MPRINT(EM_DIAGRAM):   proc printto print=O396YWPK new;
MPRINT(EM_DIAGRAM):   run;
24817      %let EMEXCEPTIONSTRING=;
24818      *------------------------------------------------------------*;
MPRINT(EM_DIAGRAM):    *------------------------------------------------------------*;
24819      * REPORT: EMSave5;
MPRINT(EM_DIAGRAM):   * REPORT: EMSave5;
24820      *------------------------------------------------------------*;
MPRINT(EM_DIAGRAM):   *------------------------------------------------------------*;
24821      %let EM_ACTION = REPORT;
24822      %let syscc = 0;
24823      *** MAIN MACRO FOR EMSAVE EXTENSION NODE;
MPRINT(EM_DIAGRAM):     *** MAIN MACRO FOR EMSAVE EXTENSION NODE;
24824      
24825      %macro EM_SAVEXT_MAIN;
24826      
24827         %if %upcase("&EM_ACTION") = "CREATE" %then %do;
24828             filename _create catalog 'sashelp.emutil.savext_create.source';
24829             %include _create;
24830             filename _create;
24831             %EM_SAVEXT_CREATE;
24832         %end;
24833         %else
24834         %if %upcase("&EM_ACTION") = "TRAIN" %then %do;
24835             filename _train catalog 'sashelp.emutil.savext_train.source';
24836             %include _train;
24837             filename _train;
24838             %EM_SAVEXT_TRAIN;
24839         %end;
24840      
24841      %mend EM_SAVEXT_MAIN;
24842      
24843      %EM_SAVEXT_MAIN;
MPRINT(EM_DIAGRAM):  ;
24844      
24845      *------------------------------------------------------------*;
MPRINT(EM_DIAGRAM):   *------------------------------------------------------------*;
24846      * End REPORT: EMSave5;
MPRINT(EM_DIAGRAM):   * End REPORT: EMSave5;
24847      *------------------------------------------------------------*;
MPRINT(EM_DIAGRAM):   *------------------------------------------------------------*;

24848      /* Reset EM Options */
24849      options formchar="|----|+|---+=|-/\<>*";
MPRINT(EM_DIAGRAM):    options formchar="|----|+|---+=|-/\<>*";
24850      options nocenter ls=256 ps=10000;
MPRINT(EM_DIAGRAM):   options nocenter ls=256 ps=10000;
24851      goptions reset=all device=GIF NODISPLAY;
MPRINT(EM_DIAGRAM):   goptions reset=all device=GIF NODISPLAY;
MPRINT(EM_DIAGRAM):    proc printto;
MPRINT(EM_DIAGRAM):   run;
