 
                                                                                                                                                                                                                                                                
 
 
Variable Summary

           Measurement    Frequency
 Role         Level         Count

ASSESS      NOMINAL           1    
INPUT       NOMINAL           1    
SEGMENT     INTERVAL          1    
TARGET      BINARY            1    
 
                                                                                                                                                                                                                                                                
 
Group Summary

Group                     Frequency
Index        Group          Count

   1     ^(cv_var =1)         2183 
   2     ^(cv_var =2)         2191 
   3     ^(cv_var =3)         2208 
   4     ^(cv_var =4)         2219 
   5     ^(cv_var =5)         2164 
   6     ^(cv_var =6)         2182 
   7     ^(cv_var =7)         2218 
   8     ^(cv_var =8)         2184 
   9     ^(cv_var =9)         2190 
  10     ^(cv_var =10)        2194 
