MPRINT(EM_DIAGRAM):    data _null_;
MPRINT(EM_DIAGRAM):   call symput('NLDATE', strip(put(date(), NLDATE.)));
MPRINT(EM_DIAGRAM):   call symput('NLTIME', strip(put(datetime(), NLTIME.)));
MPRINT(EM_DIAGRAM):   run;
MPRINT(EM_DIAGRAM):   data _null_;
MPRINT(EM_DIAGRAM):   nldate= sasmsg("sashelp.dmine", "log_date_note", 'N', "22 December 2017" );
MPRINT(EM_DIAGRAM):   nltime= sasmsg("sashelp.dmine", "log_time_note", 'N', "12:24:50 o'clock" );
MPRINT(EM_DIAGRAM):   put "*------------------------------------------------------------*";
MPRINT(EM_DIAGRAM):   put "* Report Log";
MPRINT(EM_DIAGRAM):   put nldate;
MPRINT(EM_DIAGRAM):   put nltime;
MPRINT(EM_DIAGRAM):   put "*------------------------------------------------------------*";
MPRINT(EM_DIAGRAM):   run;
*------------------------------------------------------------*
* Report Log
Date:                22 December 2017
Time:                12:24:50 o'clock
*------------------------------------------------------------*
MPRINT(EM_DIAGRAM):    filename O3SXLJ_E "C:\Users\misil\Desktop\MIS\DM1_project\Workspaces\EMWS1\Trans2\EMREPORT.out" encoding="UTF-8" NOBOM;
MPRINT(EM_DIAGRAM):   proc printto print=O3SXLJ_E new;
MPRINT(EM_DIAGRAM):   run;
19355      *------------------------------------------------------------*;
MPRINT(EM_DIAGRAM):    *------------------------------------------------------------*;
19356      * &msgString;
MPRINT(EM_DIAGRAM):   * &msgString;
19357      *------------------------------------------------------------*;
MPRINT(EM_DIAGRAM):   *------------------------------------------------------------*;
19358      filename _flowref "C:\Users\misil\Desktop\MIS\DM1_project\Workspaces\EMWS1\Trans2\EMFLOWSCORE.sas";
MPRINT(EM_DIAGRAM):   filename _flowref "C:\Users\misil\Desktop\MIS\DM1_project\Workspaces\EMWS1\Trans2\EMFLOWSCORE.sas";
19359      proc FCMP NOEXECUTE IMPUTEDDEPS OUTDEPS=WORK.TRANS_SCOREINPUTS;
MPRINT(EM_DIAGRAM):   proc FCMP NOEXECUTE IMPUTEDDEPS OUTDEPS=WORK.TRANS_SCOREINPUTS;
19360      %INCLUDE _flowref;
MPRINT(EM_DIAGRAM):   *------------------------------------------------------------*;
MPRINT(EM_DIAGRAM):   * Formula Code;
MPRINT(EM_DIAGRAM):   *------------------------------------------------------------*;
MPRINT(EM_DIAGRAM):   newPremHealth =IMP_PremHealth * ( NOT revHealth) ;
MPRINT(EM_DIAGRAM):   newPremLife =IMP_PremLife * ( NOT revLife) ;
MPRINT(EM_DIAGRAM):   newPremMotor =IMP_PremMotor * ( NOT revMotor) ;
MPRINT(EM_DIAGRAM):   newPremWork =IMP_PremWork * ( NOT revWork) ;
MPRINT(EM_DIAGRAM):   newPremHousehold =PremHousehold * ( NOT revHousehold) ;
19369      run;
MPRINT(EM_DIAGRAM):   run;

NOTE: Dependency structure written to data set WORK.TRANS_SCOREINPUTS.
NOTE: PROCEDURE FCMP used (Total process time):
      real time           0.01 seconds
      cpu time            0.01 seconds
      

MPRINT(EM_DIAGRAM):   quit;
19370      quit;
19371      data WORK.TRANS_SCOREINPUTS;
MPRINT(EM_DIAGRAM):   data WORK.TRANS_SCOREINPUTS;
19372      set WORK.TRANS_SCOREINPUTS(keep=RHS rename=(RHS=NAME));
MPRINT(EM_DIAGRAM):   set WORK.TRANS_SCOREINPUTS(keep=RHS rename=(RHS=NAME));
19373      length UNAME $32;
MPRINT(EM_DIAGRAM):   length UNAME $32;
19374      UNAME = upcase(NAME);
MPRINT(EM_DIAGRAM):   UNAME = upcase(NAME);
19375      run;
MPRINT(EM_DIAGRAM):   run;

NOTE: There were 10 observations read from the data set WORK.TRANS_SCOREINPUTS.
NOTE: The data set WORK.TRANS_SCOREINPUTS has 10 observations and 2 variables.
NOTE: DATA statement used (Total process time):
      real time           0.01 seconds
      cpu time            0.00 seconds
      

19376      proc sort data=WORK.TRANS_SCOREINPUTS NODUPKEY;
MPRINT(EM_DIAGRAM):   proc sort data=WORK.TRANS_SCOREINPUTS NODUPKEY;
19377      by UNAME;
MPRINT(EM_DIAGRAM):   by UNAME;
19378      run;
MPRINT(EM_DIAGRAM):   run;

NOTE: There were 10 observations read from the data set WORK.TRANS_SCOREINPUTS.
NOTE: 0 observations with duplicate key values were deleted.
NOTE: The data set WORK.TRANS_SCOREINPUTS has 10 observations and 2 variables.
NOTE: PROCEDURE SORT used (Total process time):
      real time           0.00 seconds
      cpu time            0.00 seconds
      

19379      filename _flowref;
MPRINT(EM_DIAGRAM):   filename _flowref;
NOTE: Fileref _FLOWREF has been deassigned.
19380      %let SYSCC = 0;
19381      *------------------------------------------------------------*;
MPRINT(EM_DIAGRAM):    *------------------------------------------------------------*;
19382      * transformcombinevariables;
MPRINT(EM_DIAGRAM):   * transformcombinevariables;
19383      *------------------------------------------------------------*;
MPRINT(EM_DIAGRAM):   *------------------------------------------------------------*;
19384      data WORK.TRANS_OUTPUTVARS;
MPRINT(EM_DIAGRAM):   data WORK.TRANS_OUTPUTVARS;
19385      length Uname inputName $32 inputLevel $10 inputType $1 _MetaFlag 8;
MPRINT(EM_DIAGRAM):   length Uname inputName $32 inputLevel $10 inputType $1 _MetaFlag 8;
19386      set
19387      EMWS1.Trans2_FORMULA
19388      ;
MPRINT(EM_DIAGRAM):   set EMWS1.Trans2_FORMULA ;
19389      _MetaFlag=0;
MPRINT(EM_DIAGRAM):   _MetaFlag=0;
19390      uname = upcase(name);
MPRINT(EM_DIAGRAM):   uname = upcase(name);
19391      run;
MPRINT(EM_DIAGRAM):   run;

NOTE: Variable inputName is uninitialized.
NOTE: Variable inputLevel is uninitialized.
NOTE: Variable inputType is uninitialized.
NOTE: There were 5 observations read from the data set EMWS1.TRANS2_FORMULA.
NOTE: The data set WORK.TRANS_OUTPUTVARS has 5 observations and 22 variables.
NOTE: DATA statement used (Total process time):
      real time           0.00 seconds
      cpu time            0.00 seconds
      

19392      data _temp;
MPRINT(EM_DIAGRAM):    data _temp;
19393      length UNAME $32;
MPRINT(EM_DIAGRAM):   length UNAME $32;
19394      set EMWS1.Trans2_CMeta_TRAIN(keep=NAME LEVEL ROLE TYPE CREATOR LABEL);
MPRINT(EM_DIAGRAM):   set EMWS1.Trans2_CMeta_TRAIN(keep=NAME LEVEL ROLE TYPE CREATOR LABEL);
19395      UNAME = upcase(name);
MPRINT(EM_DIAGRAM):   UNAME = upcase(name);
19396      where upcase(CREATOR) = upcase("Trans2");
MPRINT(EM_DIAGRAM):   where upcase(CREATOR) = upcase("Trans2");
19397      run;
MPRINT(EM_DIAGRAM):   run;

NOTE: There were 5 observations read from the data set EMWS1.TRANS2_CMETA_TRAIN.
      WHERE UPCASE(CREATOR)='TRANS2';
NOTE: The data set WORK._TEMP has 5 observations and 7 variables.
NOTE: DATA statement used (Total process time):
      real time           0.01 seconds
      cpu time            0.00 seconds
      

19398      proc sort data=_temp(drop=CREATOR);
MPRINT(EM_DIAGRAM):   proc sort data=_temp(drop=CREATOR);
19399      by UNAME;
MPRINT(EM_DIAGRAM):   by UNAME;
19400      run;
MPRINT(EM_DIAGRAM):   run;

NOTE: There were 5 observations read from the data set WORK._TEMP.
NOTE: The data set WORK._TEMP has 5 observations and 6 variables.
NOTE: PROCEDURE SORT used (Total process time):
      real time           0.01 seconds
      cpu time            0.01 seconds
      

19401      proc sort data=WORK.TRANS_OUTPUTVARS;
MPRINT(EM_DIAGRAM):    proc sort data=WORK.TRANS_OUTPUTVARS;
19402      by UNAME;
MPRINT(EM_DIAGRAM):   by UNAME;
19403      run;
MPRINT(EM_DIAGRAM):   run;

NOTE: There were 5 observations read from the data set WORK.TRANS_OUTPUTVARS.
NOTE: The data set WORK.TRANS_OUTPUTVARS has 5 observations and 22 variables.
NOTE: PROCEDURE SORT used (Total process time):
      real time           0.01 seconds
      cpu time            0.01 seconds
      

19404      data WORK.TRANS_OUTPUTVARS;
MPRINT(EM_DIAGRAM):   data WORK.TRANS_OUTPUTVARS;
19405      merge WORK.TRANS_OUTPUTVARS _temp;
MPRINT(EM_DIAGRAM):   merge WORK.TRANS_OUTPUTVARS _temp;
19406      by UNAME;
MPRINT(EM_DIAGRAM):   by UNAME;
19407      run;
MPRINT(EM_DIAGRAM):   run;

NOTE: There were 5 observations read from the data set WORK.TRANS_OUTPUTVARS.
NOTE: There were 5 observations read from the data set WORK._TEMP.
NOTE: The data set WORK.TRANS_OUTPUTVARS has 5 observations and 22 variables.
NOTE: DATA statement used (Total process time):
      real time           0.00 seconds
      cpu time            0.00 seconds
      

19408      *------------------------------------------------------------*;
MPRINT(EM_DIAGRAM):    *------------------------------------------------------------*;
19409      * Trans2: Get Metadata for the Score Inputs Variables;
MPRINT(EM_DIAGRAM):   * Trans2: Get Metadata for the Score Inputs Variables;
19410      *------------------------------------------------------------*;
MPRINT(EM_DIAGRAM):   *------------------------------------------------------------*;
19411      data _temp;
MPRINT(EM_DIAGRAM):   data _temp;
19412      length UNAME $32;
MPRINT(EM_DIAGRAM):   length UNAME $32;
19413      set EMWS1.Trans2_VariableSet(keep=NAME LEVEL TYPE LABEL);
MPRINT(EM_DIAGRAM):   set EMWS1.Trans2_VariableSet(keep=NAME LEVEL TYPE LABEL);
19414      UNAME = upcase(name);
MPRINT(EM_DIAGRAM):   UNAME = upcase(name);
19415      run;
MPRINT(EM_DIAGRAM):   run;

NOTE: There were 18 observations read from the data set EMWS1.TRANS2_VARIABLESET.
NOTE: The data set WORK._TEMP has 18 observations and 5 variables.
NOTE: DATA statement used (Total process time):
      real time           0.00 seconds
      cpu time            0.00 seconds
      

19416      proc sort data=_temp;
MPRINT(EM_DIAGRAM):   proc sort data=_temp;
19417      by UNAME;
MPRINT(EM_DIAGRAM):   by UNAME;
19418      run;
MPRINT(EM_DIAGRAM):   run;

NOTE: There were 18 observations read from the data set WORK._TEMP.
NOTE: The data set WORK._TEMP has 18 observations and 5 variables.
NOTE: PROCEDURE SORT used (Total process time):
      real time           0.01 seconds
      cpu time            0.01 seconds
      

19419      data WORK.TRANS_SCOREINPUTS;
MPRINT(EM_DIAGRAM):   data WORK.TRANS_SCOREINPUTS;
19420      merge WORK.TRANS_SCOREINPUTS(in=_a) _temp(in=_b);
MPRINT(EM_DIAGRAM):   merge WORK.TRANS_SCOREINPUTS(in=_a) _temp(in=_b);
19421      by UNAME;
MPRINT(EM_DIAGRAM):   by UNAME;
19422      if _a and _b then output;
MPRINT(EM_DIAGRAM):   if _a and _b then output;
19423      run;
MPRINT(EM_DIAGRAM):   run;

NOTE: There were 10 observations read from the data set WORK.TRANS_SCOREINPUTS.
NOTE: There were 18 observations read from the data set WORK._TEMP.
NOTE: The data set WORK.TRANS_SCOREINPUTS has 10 observations and 5 variables.
NOTE: DATA statement used (Total process time):
      real time           0.01 seconds
      cpu time            0.00 seconds
      

19424      *------------------------------------------------------------*;
MPRINT(EM_DIAGRAM):    *------------------------------------------------------------*;
19425      * Trans2: Computing Summary Statistics;
MPRINT(EM_DIAGRAM):   * Trans2: Computing Summary Statistics;
19426      *------------------------------------------------------------*;
MPRINT(EM_DIAGRAM):   *------------------------------------------------------------*;
19427      proc dmdb data=EMWS1.Trans2_TRAIN classout=WORK.TRANS_CLASSSTATS varout=WORK.TRANS_VARSTATS;
MPRINT(EM_DIAGRAM):   proc dmdb data=EMWS1.Trans2_TRAIN classout=WORK.TRANS_CLASSSTATS varout=WORK.TRANS_VARSTATS;
19428      ;
MPRINT(EM_DIAGRAM):   ;
19429      var
19430      IMP_PremHealth
19431      IMP_PremLife
19432      IMP_PremMotor
19433      IMP_PremWork
19434      PremHousehold
19435      revHealth
19436      revHousehold
19437      revLife
19438      revMotor
19439      revWork
19440      newPremHealth
19441      newPremHousehold
19442      newPremLife
19443      newPremMotor
19444      newPremWork
19445      ;
MPRINT(EM_DIAGRAM):   var IMP_PremHealth IMP_PremLife IMP_PremMotor IMP_PremWork PremHousehold revHealth revHousehold revLife revMotor revWork newPremHealth newPremHousehold newPremLife newPremMotor newPremWork ;
19446      run;
MPRINT(EM_DIAGRAM):   run;

NOTE: Records processed = 10296   Memory used = 511K.
NOTE: There were 10296 observations read from the data set A2Z_INSU.A2Z_INSURANCE.
NOTE: There were 10296 observations read from the data set EMWS1.IDS_DATA.
NOTE: There were 10296 observations read from the data set EMWS1.IMPT_TRAIN.
NOTE: View EMWS1.TRANS2_TRAIN.VIEW used (Total process time):
      real time           0.10 seconds
      cpu time            0.09 seconds
      
NOTE: There were 10296 observations read from the data set EMWS1.TRANS_TRAIN.
NOTE: There were 10296 observations read from the data set EMWS1.TRANS2_TRAIN.
NOTE: The data set WORK.TRANS_VARSTATS has 15 observations and 9 variables.
NOTE: PROCEDURE DMDB used (Total process time):
      real time           0.14 seconds
      cpu time            0.12 seconds
      

19447      *------------------------------------------------------------*;
MPRINT(EM_DIAGRAM):    *------------------------------------------------------------*;
19448      * Trans2: Combine Information and Statistics for Class Variables;
MPRINT(EM_DIAGRAM):   * Trans2: Combine Information and Statistics for Class Variables;
19449      *------------------------------------------------------------*;
MPRINT(EM_DIAGRAM):   *------------------------------------------------------------*;
19450      proc sort data=WORK.TRANS_OUTPUTVARS out=_temp;
MPRINT(EM_DIAGRAM):   proc sort data=WORK.TRANS_OUTPUTVARS out=_temp;
19451      by NAME;
MPRINT(EM_DIAGRAM):   by NAME;
19452      run;
MPRINT(EM_DIAGRAM):   run;

NOTE: There were 5 observations read from the data set WORK.TRANS_OUTPUTVARS.
NOTE: The data set WORK._TEMP has 5 observations and 22 variables.
NOTE: PROCEDURE SORT used (Total process time):
      real time           0.01 seconds
      cpu time            0.01 seconds
      

19453      proc sort data=WORK.TRANS_CLASSSTATS;
MPRINT(EM_DIAGRAM):   proc sort data=WORK.TRANS_CLASSSTATS;
19454      by NAME;
MPRINT(EM_DIAGRAM):   by NAME;
19455      run;
MPRINT(EM_DIAGRAM):   run;

NOTE: Input data set is empty.
NOTE: The data set WORK.TRANS_CLASSSTATS has 0 observations and 9 variables.
NOTE: PROCEDURE SORT used (Total process time):
      real time           0.01 seconds
      cpu time            0.01 seconds
      

19456      data WORK.TRANS_CLASSSTATS(keep=name nlevel nmiss);
MPRINT(EM_DIAGRAM):   data WORK.TRANS_CLASSSTATS(keep=name nlevel nmiss);
19457      retain nlevel nmiss;
MPRINT(EM_DIAGRAM):   retain nlevel nmiss;
19458      set WORK.TRANS_CLASSSTATS;
MPRINT(EM_DIAGRAM):   set WORK.TRANS_CLASSSTATS;
19459      by Name;
MPRINT(EM_DIAGRAM):   by Name;
19460      if first.Name then do;
MPRINT(EM_DIAGRAM):   if first.Name then do;
19461      nlevel= 0;
MPRINT(EM_DIAGRAM):   nlevel= 0;
19462      nmiss= 0;
MPRINT(EM_DIAGRAM):   nmiss= 0;
19463      end;
MPRINT(EM_DIAGRAM):   end;
19464      if (type='C' and CRAW='') or (type='N' and NRAW=.) then nmiss = FREQUENCY;
MPRINT(EM_DIAGRAM):   if (type='C' and CRAW='') or (type='N' and NRAW=.) then nmiss = FREQUENCY;
19465      else nlevel + 1;
MPRINT(EM_DIAGRAM):   else nlevel + 1;
19466      if last.name then output;
MPRINT(EM_DIAGRAM):   if last.name then output;
19467      run;
MPRINT(EM_DIAGRAM):   run;

NOTE: There were 0 observations read from the data set WORK.TRANS_CLASSSTATS.
NOTE: The data set WORK.TRANS_CLASSSTATS has 0 observations and 3 variables.
NOTE: DATA statement used (Total process time):
      real time           0.01 seconds
      cpu time            0.00 seconds
      

19468      /*Merge Statistics for Class Output Vars */
19469      data WORK.TRANS_CLASSSTATS;
MPRINT(EM_DIAGRAM):   data WORK.TRANS_CLASSSTATS;
19470      length SOURCE $6 _METHOD_ $8 NAME $32 FORMULA $300;
MPRINT(EM_DIAGRAM):   length SOURCE $6 _METHOD_ $8 NAME $32 FORMULA $300;
19471      merge WORK.TRANS_CLASSSTATS(in=_a) _temp(in=_b keep=NAME InputName Formula _MetaFlag LEVEL TYPE LABEL);
MPRINT(EM_DIAGRAM):   merge WORK.TRANS_CLASSSTATS(in=_a) _temp(in=_b keep=NAME InputName Formula _MetaFlag LEVEL TYPE LABEL);
19472      by NAME;
MPRINT(EM_DIAGRAM):   by NAME;
19473      if _a and _b then do;
MPRINT(EM_DIAGRAM):   if _a and _b then do;
19474      SOURCE='Output';
MPRINT(EM_DIAGRAM):   SOURCE='Output';
19475      if _MetaFlag = 1 then _METHOD_="Meta";
MPRINT(EM_DIAGRAM):   if _MetaFlag = 1 then _METHOD_="Meta";
19476      else if Formula eq 'Interaction' then _METHOD_="Computed";
MPRINT(EM_DIAGRAM):   else if Formula eq 'Interaction' then _METHOD_="Computed";
19477      else if inputName eq '' then _METHOD_="Formula";
MPRINT(EM_DIAGRAM):   else if inputName eq '' then _METHOD_="Formula";
19478      else _METHOD_="Computed";
MPRINT(EM_DIAGRAM):   else _METHOD_="Computed";
19479      if Formula = '' then Formula = "User Code";
MPRINT(EM_DIAGRAM):   if Formula = '' then Formula = "User Code";
19480      end;
MPRINT(EM_DIAGRAM):   end;
19481      if _a then output;
MPRINT(EM_DIAGRAM):   if _a then output;
19482      drop inputName LEVEL TYPE _MetaFlag;
MPRINT(EM_DIAGRAM):   drop inputName LEVEL TYPE _MetaFlag;
19483      run;
MPRINT(EM_DIAGRAM):   run;

NOTE: There were 0 observations read from the data set WORK.TRANS_CLASSSTATS.
NOTE: There were 5 observations read from the data set WORK._TEMP.
NOTE: The data set WORK.TRANS_CLASSSTATS has 0 observations and 7 variables.
NOTE: DATA statement used (Total process time):
      real time           0.01 seconds
      cpu time            0.01 seconds
      

19484      /*Merge Statistics for Class Input Vars */
19485      proc sort data=WORK.TRANS_SCOREINPUTS(drop=TYPE LEVEL) out=_temp nodupkey;
MPRINT(EM_DIAGRAM):   proc sort data=WORK.TRANS_SCOREINPUTS(drop=TYPE LEVEL) out=_temp nodupkey;
19486      by NAME;
MPRINT(EM_DIAGRAM):   by NAME;
19487      run;
MPRINT(EM_DIAGRAM):   run;

NOTE: There were 10 observations read from the data set WORK.TRANS_SCOREINPUTS.
NOTE: 0 observations with duplicate key values were deleted.
NOTE: The data set WORK._TEMP has 10 observations and 3 variables.
NOTE: PROCEDURE SORT used (Total process time):
      real time           0.03 seconds
      cpu time            0.03 seconds
      

19488      data WORK.TRANS_CLASSSTATS;
MPRINT(EM_DIAGRAM):   data WORK.TRANS_CLASSSTATS;
19489      merge WORK.TRANS_CLASSSTATS(in=_a) _temp(in=_b);
MPRINT(EM_DIAGRAM):   merge WORK.TRANS_CLASSSTATS(in=_a) _temp(in=_b);
19490      by NAME;
MPRINT(EM_DIAGRAM):   by NAME;
19491      if _a and _b then do;
MPRINT(EM_DIAGRAM):   if _a and _b then do;
19492      SOURCE='Input';
MPRINT(EM_DIAGRAM):   SOURCE='Input';
19493      _METHOD_="Original";
MPRINT(EM_DIAGRAM):   _METHOD_="Original";
19494      end;
MPRINT(EM_DIAGRAM):   end;
19495      if _a then output;
MPRINT(EM_DIAGRAM):   if _a then output;
19496      run;
MPRINT(EM_DIAGRAM):   run;

NOTE: There were 0 observations read from the data set WORK.TRANS_CLASSSTATS.
NOTE: There were 10 observations read from the data set WORK._TEMP.
NOTE: The data set WORK.TRANS_CLASSSTATS has 0 observations and 8 variables.
NOTE: DATA statement used (Total process time):
      real time           0.00 seconds
      cpu time            0.00 seconds
      

19497      *------------------------------------------------------------*;
MPRINT(EM_DIAGRAM):    *------------------------------------------------------------*;
19498      * Trans2: Combine Information and Statistics for Interval Variables;
MPRINT(EM_DIAGRAM):   * Trans2: Combine Information and Statistics for Interval Variables;
19499      *------------------------------------------------------------*;
MPRINT(EM_DIAGRAM):   *------------------------------------------------------------*;
19500      proc sort data=WORK.TRANS_OUTPUTVARS out=_temp;
MPRINT(EM_DIAGRAM):   proc sort data=WORK.TRANS_OUTPUTVARS out=_temp;
19501      by NAME;
MPRINT(EM_DIAGRAM):   by NAME;
19502      run;
MPRINT(EM_DIAGRAM):   run;

NOTE: There were 5 observations read from the data set WORK.TRANS_OUTPUTVARS.
NOTE: The data set WORK._TEMP has 5 observations and 22 variables.
NOTE: PROCEDURE SORT used (Total process time):
      real time           0.01 seconds
      cpu time            0.01 seconds
      

19503      proc sort data=WORK.TRANS_VARSTATS;
MPRINT(EM_DIAGRAM):   proc sort data=WORK.TRANS_VARSTATS;
19504      by NAME;
MPRINT(EM_DIAGRAM):   by NAME;
19505      run;
MPRINT(EM_DIAGRAM):   run;

NOTE: There were 15 observations read from the data set WORK.TRANS_VARSTATS.
NOTE: The data set WORK.TRANS_VARSTATS has 15 observations and 9 variables.
NOTE: PROCEDURE SORT used (Total process time):
      real time           0.00 seconds
      cpu time            0.00 seconds
      

MPRINT(EM_DIAGRAM):   *Merge Statistics for Output Vars;
19506      *Merge Statistics for Output Vars;
19507      data WORK.TRANS_VARSTATS;
MPRINT(EM_DIAGRAM):   data WORK.TRANS_VARSTATS;
19508      length SOURCE $6 _METHOD_ $8 NAME $32 FORMULA $300;
MPRINT(EM_DIAGRAM):   length SOURCE $6 _METHOD_ $8 NAME $32 FORMULA $300;
19509      merge WORK.TRANS_VARSTATS(in=_a) _temp(in=_b keep=NAME Formula InputName _MetaFlag LEVEL TYPE LABEL);
MPRINT(EM_DIAGRAM):   merge WORK.TRANS_VARSTATS(in=_a) _temp(in=_b keep=NAME Formula InputName _MetaFlag LEVEL TYPE LABEL);
19510      by NAME;
MPRINT(EM_DIAGRAM):   by NAME;
19511      if _a and _b then do;
MPRINT(EM_DIAGRAM):   if _a and _b then do;
19512      SOURCE='Output';
MPRINT(EM_DIAGRAM):   SOURCE='Output';
19513      if _MetaFlag = 1 then _METHOD_="Meta";
MPRINT(EM_DIAGRAM):   if _MetaFlag = 1 then _METHOD_="Meta";
19514      else if Formula eq 'Interaction' then _METHOD_="Computed";
MPRINT(EM_DIAGRAM):   else if Formula eq 'Interaction' then _METHOD_="Computed";
19515      else if inputName eq '' then _METHOD_="Formula";
MPRINT(EM_DIAGRAM):   else if inputName eq '' then _METHOD_="Formula";
19516      else _METHOD_="Computed";
MPRINT(EM_DIAGRAM):   else _METHOD_="Computed";
19517      if Formula = '' then Formula = "Mixture of variables";
MPRINT(EM_DIAGRAM):   if Formula = '' then Formula = "Mixture of variables";
19518      end;
MPRINT(EM_DIAGRAM):   end;
19519      if _a then output;
MPRINT(EM_DIAGRAM):   if _a then output;
19520      drop inputName LEVEL TYPE _MetaFlag;
MPRINT(EM_DIAGRAM):   drop inputName LEVEL TYPE _MetaFlag;
19521      run;
MPRINT(EM_DIAGRAM):   run;

NOTE: There were 15 observations read from the data set WORK.TRANS_VARSTATS.
NOTE: There were 5 observations read from the data set WORK._TEMP.
NOTE: The data set WORK.TRANS_VARSTATS has 15 observations and 13 variables.
NOTE: DATA statement used (Total process time):
      real time           0.00 seconds
      cpu time            0.00 seconds
      

MPRINT(EM_DIAGRAM):   *Merge Statistics for Input Vars;
19522      *Merge Statistics for Input Vars;
19523      proc sort data=WORK.TRANS_SCOREINPUTS(drop=TYPE LEVEL) out=_temp nodupkey;
MPRINT(EM_DIAGRAM):   proc sort data=WORK.TRANS_SCOREINPUTS(drop=TYPE LEVEL) out=_temp nodupkey;
19524      by NAME;
MPRINT(EM_DIAGRAM):   by NAME;
19525      run;
MPRINT(EM_DIAGRAM):   run;

NOTE: There were 10 observations read from the data set WORK.TRANS_SCOREINPUTS.
NOTE: 0 observations with duplicate key values were deleted.
NOTE: The data set WORK._TEMP has 10 observations and 3 variables.
NOTE: PROCEDURE SORT used (Total process time):
      real time           0.03 seconds
      cpu time            0.03 seconds
      

19526      data WORK.TRANS_VARSTATS;
MPRINT(EM_DIAGRAM):   data WORK.TRANS_VARSTATS;
19527      merge WORK.TRANS_VARSTATS(in=_a) _temp(in=_b);
MPRINT(EM_DIAGRAM):   merge WORK.TRANS_VARSTATS(in=_a) _temp(in=_b);
19528      by NAME;
MPRINT(EM_DIAGRAM):   by NAME;
19529      if _a and _b then do;
MPRINT(EM_DIAGRAM):   if _a and _b then do;
19530      SOURCE='Input';
MPRINT(EM_DIAGRAM):   SOURCE='Input';
19531      _METHOD_="Original";
MPRINT(EM_DIAGRAM):   _METHOD_="Original";
19532      end;
MPRINT(EM_DIAGRAM):   end;
19533      if _a then output;
MPRINT(EM_DIAGRAM):   if _a then output;
19534      run;
MPRINT(EM_DIAGRAM):   run;

NOTE: There were 15 observations read from the data set WORK.TRANS_VARSTATS.
NOTE: There were 10 observations read from the data set WORK._TEMP.
NOTE: The data set WORK.TRANS_VARSTATS has 15 observations and 14 variables.
NOTE: DATA statement used (Total process time):
      real time           0.01 seconds
      cpu time            0.00 seconds
      

19535      *------------------------------------------------------------*;
MPRINT(EM_DIAGRAM):    *------------------------------------------------------------*;
19536      * Trans2: Combine statistics for class and interval variables;
MPRINT(EM_DIAGRAM):   * Trans2: Combine statistics for class and interval variables;
19537      *------------------------------------------------------------*;
MPRINT(EM_DIAGRAM):   *------------------------------------------------------------*;
19538      data EMWS1.Trans2_STATISTICS;
MPRINT(EM_DIAGRAM):   data EMWS1.Trans2_STATISTICS;
19539      length SOURCE $6 _METHOD_ $8 NAME $32 FORMULA $300;
MPRINT(EM_DIAGRAM):   length SOURCE $6 _METHOD_ $8 NAME $32 FORMULA $300;
19540      label SOURCE = "%sysfunc(sasmsg(sashelp.dmine, rpt_source_vlabel,  NOQUOTE))" _METHOD_ = "%sysfunc(sasmsg(sashelp.dmine, rpt_method_vlabel,  NOQUOTE))" NAME = "%sysfunc(sasmsg(sashelp.dmine, meta_name_vlabel,  NOQUOTE))" FORMULA =
19541         "%sysfunc(sasmsg(sashelp.dmine, rpt_formula_vlabel,   NOQUOTE))" NLEVEL = "%sysfunc(sasmsg(sashelp.dmine, rpt_numcat_vlabel,   NOQUOTE))" N = "%sysfunc(sasmsg(sashelp.dmine, rpt_nonmiss_vlabel, NOQUOTE))" NMISS =
19542         "%sysfunc(sasmsg(sashelp.dmine, rpt_missing_vlabel, NOQUOTE))" MIN = "%sysfunc(sasmsg(sashelp.dmine, rpt_minimum_vlabel, NOQUOTE))" MAX = "%sysfunc(sasmsg(sashelp.dmine, rpt_maximum_vlabel, NOQUOTE))" MEAN =
19543         "%sysfunc(sasmsg(sashelp.dmine, rpt_mean_vlabel,    NOQUOTE))" STD = "%sysfunc(sasmsg(sashelp.dmine, rpt_std_vlabel,     NOQUOTE))" SKEWNESS = "%sysfunc(sasmsg(sashelp.dmine, rpt_skewness_vlabel, NOQUOTE))" KURTOSIS =
19544         "%sysfunc(sasmsg(sashelp.dmine, rpt_kurtosis_vlabel, NOQUOTE))" LABEL = "%sysfunc(sasmsg(sashelp.dmine, meta_label_vlabel, NOQUOTE))";
MPRINT(EM_DIAGRAM):   label SOURCE = "Source" _METHOD_ = "Method" NAME = "Variable Name" FORMULA = "Formula" NLEVEL = "Number of Levels" N = "Non Missing" NMISS = "Missing" MIN = "Minimum" MAX = "Maximum" MEAN = "Mean" STD = "Standard Deviation" SKEWNESS 
= "Skewness" KURTOSIS = "Kurtosis" LABEL = "Label";
19545      set
19546      WORK.TRANS_CLASSSTATS
19547      WORK.TRANS_VARSTATS
19548      ;
MPRINT(EM_DIAGRAM):   set WORK.TRANS_CLASSSTATS WORK.TRANS_VARSTATS ;
19549      drop UNAME;
MPRINT(EM_DIAGRAM):   drop UNAME;
19550      run;
MPRINT(EM_DIAGRAM):   run;

NOTE: There were 0 observations read from the data set WORK.TRANS_CLASSSTATS.
NOTE: There were 15 observations read from the data set WORK.TRANS_VARSTATS.
NOTE: The data set EMWS1.TRANS2_STATISTICS has 15 observations and 14 variables.
NOTE: DATA statement used (Total process time):
      real time           0.01 seconds
      cpu time            0.01 seconds
      

19551      proc sort data=EMWS1.Trans2_STATISTICS;
MPRINT(EM_DIAGRAM):   proc sort data=EMWS1.Trans2_STATISTICS;
19552      by SOURCE _METHOD_ NAME;
MPRINT(EM_DIAGRAM):   by SOURCE _METHOD_ NAME;
19553      run;
MPRINT(EM_DIAGRAM):   run;

NOTE: There were 15 observations read from the data set EMWS1.TRANS2_STATISTICS.
NOTE: The data set EMWS1.TRANS2_STATISTICS has 15 observations and 14 variables.
NOTE: PROCEDURE SORT used (Total process time):
      real time           0.00 seconds
      cpu time            0.00 seconds
      

19554      proc sort data = EMWS1.Trans2_STATISTICS NOTHREADS;
MPRINT(EM_DIAGRAM):    proc sort data = EMWS1.Trans2_STATISTICS NOTHREADS;
19555      by SOURCE NAME;
MPRINT(EM_DIAGRAM):   by SOURCE NAME;
19556      run;
MPRINT(EM_DIAGRAM):   run;

NOTE: There were 15 observations read from the data set EMWS1.TRANS2_STATISTICS.
NOTE: The data set EMWS1.TRANS2_STATISTICS has 15 observations and 14 variables.
NOTE: PROCEDURE SORT used (Total process time):
      real time           0.01 seconds
      cpu time            0.00 seconds
      

19557      title9 ' ';
MPRINT(EM_DIAGRAM):   title9 ' ';
19558      proc print data = EMWS1.Trans2_STATISTICS(obs=500) noobs label;
MPRINT(EM_DIAGRAM):   proc print data = EMWS1.Trans2_STATISTICS(obs=500) noobs label;
19559      title9 "%sysfunc(sasmsg(sashelp.dmine, rpt_intervalinputStats_title, NOQUOTE))";
MPRINT(EM_DIAGRAM):   title9 "Summary Statistics for Input Interval Variables";
19560      title10 "%sysfunc(sasmsg(sashelp.dmine, rpt_maxObsPrinted_title, NOQUOTE))";
MPRINT(EM_DIAGRAM):   title10 "(maximum 500 observations printed)";
MPRINT(EM_DIAGRAM):   var Name NMISS MIN MAX MEAN STD SKEWNESS KURTOSIS;
MPRINT(EM_DIAGRAM):   where SOURCE eq 'INPUT' and mean ne .;
MPRINT(EM_DIAGRAM):   run;
19561      var Name NMISS MIN MAX MEAN STD SKEWNESS KURTOSIS;
19562      where SOURCE eq 'INPUT' and mean ne .;
19563      run;

NOTE: No observations were selected from data set EMWS1.TRANS2_STATISTICS.
NOTE: There were 0 observations read from the data set EMWS1.TRANS2_STATISTICS.
      WHERE (SOURCE='INPUT') and (mean not = .);
NOTE: PROCEDURE PRINT used (Total process time):
      real time           0.00 seconds
      cpu time            0.00 seconds
      

19564      proc print data = EMWS1.Trans2_STATISTICS(obs=500) noobs label;
MPRINT(EM_DIAGRAM):   proc print data = EMWS1.Trans2_STATISTICS(obs=500) noobs label;
19565      title9 "%sysfunc(sasmsg(sashelp.dmine, rpt_intervaloutputStats_title, NOQUOTE))";
MPRINT(EM_DIAGRAM):   title9 "Summary Statistics for Output Interval Variables";
19566      title10 "%sysfunc(sasmsg(sashelp.dmine, rpt_maxObsPrinted_title, NOQUOTE))";
MPRINT(EM_DIAGRAM):   title10 "(maximum 500 observations printed)";
MPRINT(EM_DIAGRAM):   var Name _METHOD_ NMISS MIN MAX MEAN STD SKEWNESS KURTOSIS;
MPRINT(EM_DIAGRAM):   where SOURCE eq 'OUTPUT' and mean ne .;
MPRINT(EM_DIAGRAM):   run;
19567      var Name _METHOD_ NMISS MIN MAX MEAN STD SKEWNESS KURTOSIS;
19568      where SOURCE eq 'OUTPUT' and mean ne .;
19569      run;

NOTE: No observations were selected from data set EMWS1.TRANS2_STATISTICS.
NOTE: There were 0 observations read from the data set EMWS1.TRANS2_STATISTICS.
      WHERE (SOURCE='OUTPUT') and (mean not = .);
NOTE: PROCEDURE PRINT used (Total process time):
      real time           0.00 seconds
      cpu time            0.00 seconds
      

19570      proc print data = EMWS1.Trans2_STATISTICS(obs=500) noobs label;
MPRINT(EM_DIAGRAM):   proc print data = EMWS1.Trans2_STATISTICS(obs=500) noobs label;
19571      title9 "%sysfunc(sasmsg(sashelp.dmine, rpt_classinputStats_title, NOQUOTE))";
MPRINT(EM_DIAGRAM):   title9 "Summary Statistics for Input Class Variables";
19572      title10 "%sysfunc(sasmsg(sashelp.dmine, rpt_maxObsPrinted_title, NOQUOTE))";
MPRINT(EM_DIAGRAM):   title10 "(maximum 500 observations printed)";
MPRINT(EM_DIAGRAM):   var Name NLEVEL NMISS;
MPRINT(EM_DIAGRAM):   where SOURCE eq 'INPUT' and nlevel ne .;
MPRINT(EM_DIAGRAM):   run;
19573      var Name NLEVEL NMISS;
19574      where SOURCE eq 'INPUT' and nlevel ne .;
19575      run;

NOTE: No observations were selected from data set EMWS1.TRANS2_STATISTICS.
NOTE: There were 0 observations read from the data set EMWS1.TRANS2_STATISTICS.
      WHERE (SOURCE='INPUT') and (nlevel not = .);
NOTE: PROCEDURE PRINT used (Total process time):
      real time           0.00 seconds
      cpu time            0.00 seconds
      

19576      proc print data = EMWS1.Trans2_STATISTICS(obs=500) noobs label;
MPRINT(EM_DIAGRAM):   proc print data = EMWS1.Trans2_STATISTICS(obs=500) noobs label;
19577      title9 "%sysfunc(sasmsg(sashelp.dmine, rpt_classoutputStats_title, NOQUOTE))";
MPRINT(EM_DIAGRAM):   title9 "Summary Statistics for Output Class Variables";
19578      title10 "%sysfunc(sasmsg(sashelp.dmine, rpt_maxObsPrinted_title, NOQUOTE))";
MPRINT(EM_DIAGRAM):   title10 "(maximum 500 observations printed)";
MPRINT(EM_DIAGRAM):   var Name _METHOD_ NLEVEL NMISS;
MPRINT(EM_DIAGRAM):   where SOURCE eq 'OUTPUT' and nlevel ne .;
MPRINT(EM_DIAGRAM):   run;
19579      var Name _METHOD_ NLEVEL NMISS;
19580      where SOURCE eq 'OUTPUT' and nlevel ne .;
19581      run;

NOTE: No observations were selected from data set EMWS1.TRANS2_STATISTICS.
NOTE: There were 0 observations read from the data set EMWS1.TRANS2_STATISTICS.
      WHERE (SOURCE='OUTPUT') and (nlevel not = .);
NOTE: PROCEDURE PRINT used (Total process time):
      real time           0.01 seconds
      cpu time            0.01 seconds
      

19582      title9;
MPRINT(EM_DIAGRAM):   title9;
19583      title10;
MPRINT(EM_DIAGRAM):   title10;
19584      data EMWS1.Trans2_EMSCOREVAR;
MPRINT(EM_DIAGRAM):    data EMWS1.Trans2_EMSCOREVAR;
19585      length Name $32 formula $300 file $200;
MPRINT(EM_DIAGRAM):   length Name $32 formula $300 file $200;
19586      keep NAME Formula file;
MPRINT(EM_DIAGRAM):   keep NAME Formula file;
19587      set EMWS1.Trans2_STATISTICS;
MPRINT(EM_DIAGRAM):   set EMWS1.Trans2_STATISTICS;
19588      where SOURCE='Output';
MPRINT(EM_DIAGRAM):   where SOURCE='Output';
19589      select( _METHOD_);
MPRINT(EM_DIAGRAM):   select( _METHOD_);
19590      when('Computed') do;
MPRINT(EM_DIAGRAM):   when('Computed') do;
19591      file="TRANSFORMCODE\"!!strip(NAME)!!'.sas';
MPRINT(EM_DIAGRAM):   file="TRANSFORMCODE\"!!strip(NAME)!!'.sas';
19592      formula = '';
MPRINT(EM_DIAGRAM):   formula = '';
19593      end;
MPRINT(EM_DIAGRAM):   end;
19594      when('Formula') do;
MPRINT(EM_DIAGRAM):   when('Formula') do;
19595      if Formula eq 'Mixture of variables' then do;
MPRINT(EM_DIAGRAM):   if Formula eq 'Mixture of variables' then do;
19596      file= "EDITORCODE.sas";
MPRINT(EM_DIAGRAM):   file= "EDITORCODE.sas";
19597      formula = '';
MPRINT(EM_DIAGRAM):   formula = '';
19598      end;
MPRINT(EM_DIAGRAM):   end;
19599      if Formula = 'User Code' then do;
MPRINT(EM_DIAGRAM):   if Formula = 'User Code' then do;
19600      file= "EDITORCODE.sas";
MPRINT(EM_DIAGRAM):   file= "EDITORCODE.sas";
19601      formula = '';
MPRINT(EM_DIAGRAM):   formula = '';
19602      end;
MPRINT(EM_DIAGRAM):   end;
19603      end;
MPRINT(EM_DIAGRAM):   end;
19604      otherwise;
MPRINT(EM_DIAGRAM):   otherwise;
19605      end;
MPRINT(EM_DIAGRAM):   end;
19606      output;
MPRINT(EM_DIAGRAM):   output;
19607      run;
MPRINT(EM_DIAGRAM):   run;

NOTE: There were 5 observations read from the data set EMWS1.TRANS2_STATISTICS.
      WHERE SOURCE='Output';
NOTE: The data set EMWS1.TRANS2_EMSCOREVAR has 5 observations and 3 variables.
NOTE: DATA statement used (Total process time):
      real time           0.01 seconds
      cpu time            0.00 seconds
      

MPRINT(EM_DIAGRAM):    proc printto;
MPRINT(EM_DIAGRAM):   run;
