MPRINT(EM_DIAGRAM):    data _null_;
MPRINT(EM_DIAGRAM):   call symput('NLDATE', strip(put(date(), NLDATE.)));
MPRINT(EM_DIAGRAM):   call symput('NLTIME', strip(put(datetime(), NLTIME.)));
MPRINT(EM_DIAGRAM):   run;
MPRINT(EM_DIAGRAM):   data _null_;
MPRINT(EM_DIAGRAM):   nldate= sasmsg("sashelp.dmine", "log_date_note", 'N', "23 December 2017" );
MPRINT(EM_DIAGRAM):   nltime= sasmsg("sashelp.dmine", "log_time_note", 'N', "09:48:42 o'clock" );
MPRINT(EM_DIAGRAM):   put "*------------------------------------------------------------*";
MPRINT(EM_DIAGRAM):   put "* Report Log";
MPRINT(EM_DIAGRAM):   put nldate;
MPRINT(EM_DIAGRAM):   put nltime;
MPRINT(EM_DIAGRAM):   put "*------------------------------------------------------------*";
MPRINT(EM_DIAGRAM):   run;
*------------------------------------------------------------*
* Report Log
Date:                23 December 2017
Time:                09:48:42 o'clock
*------------------------------------------------------------*
MPRINT(EM_DIAGRAM):    filename O0QF7X1S "C:\Users\misil\Desktop\MIS\DM1_project\Workspaces\EMWS1\EMSave3\EMREPORT.out" encoding="UTF-8" NOBOM;
MPRINT(EM_DIAGRAM):   proc printto print=O0QF7X1S new;
MPRINT(EM_DIAGRAM):   run;
24812      %let EMEXCEPTIONSTRING=;
24813      *------------------------------------------------------------*;
MPRINT(EM_DIAGRAM):    *------------------------------------------------------------*;
24814      * REPORT: EMSave3;
MPRINT(EM_DIAGRAM):   * REPORT: EMSave3;
24815      *------------------------------------------------------------*;
MPRINT(EM_DIAGRAM):   *------------------------------------------------------------*;
24816      %let EM_ACTION = REPORT;
24817      %let syscc = 0;
24818      *** MAIN MACRO FOR EMSAVE EXTENSION NODE;
MPRINT(EM_DIAGRAM):     *** MAIN MACRO FOR EMSAVE EXTENSION NODE;
24819      
24820      %macro EM_SAVEXT_MAIN;
24821      
24822         %if %upcase("&EM_ACTION") = "CREATE" %then %do;
24823             filename _create catalog 'sashelp.emutil.savext_create.source';
24824             %include _create;
24825             filename _create;
24826             %EM_SAVEXT_CREATE;
24827         %end;
24828         %else
24829         %if %upcase("&EM_ACTION") = "TRAIN" %then %do;
24830             filename _train catalog 'sashelp.emutil.savext_train.source';
24831             %include _train;
24832             filename _train;
24833             %EM_SAVEXT_TRAIN;
24834         %end;
24835      
24836      %mend EM_SAVEXT_MAIN;
24837      
24838      %EM_SAVEXT_MAIN;
MPRINT(EM_DIAGRAM):  ;
24839      
24840      *------------------------------------------------------------*;
MPRINT(EM_DIAGRAM):   *------------------------------------------------------------*;
24841      * End REPORT: EMSave3;
MPRINT(EM_DIAGRAM):   * End REPORT: EMSave3;
24842      *------------------------------------------------------------*;
MPRINT(EM_DIAGRAM):   *------------------------------------------------------------*;

24843      /* Reset EM Options */
24844      options formchar="|----|+|---+=|-/\<>*";
MPRINT(EM_DIAGRAM):    options formchar="|----|+|---+=|-/\<>*";
24845      options nocenter ls=256 ps=10000;
MPRINT(EM_DIAGRAM):   options nocenter ls=256 ps=10000;
24846      goptions reset=all device=GIF NODISPLAY;
MPRINT(EM_DIAGRAM):   goptions reset=all device=GIF NODISPLAY;
MPRINT(EM_DIAGRAM):    proc printto;
MPRINT(EM_DIAGRAM):   run;
