 
                                                                                                                                                                                                                                                                
 
 
Variable Summary

            Measurement    Frequency
Role           Level         Count

ASSESS       NOMINAL            1   
ID           INTERVAL           1   
INPUT        BINARY             6   
INPUT        INTERVAL          24   
INPUT        NOMINAL            2   
REJECTED     INTERVAL           5   
REJECTED     NOMINAL            6   
TARGET       BINARY             1   
 
                                                                                                                                                                                                                                                                
 
 
Modified Attributes for DATA Port

Variable        Measurement      New                                      New                 New
Name               Level        Level     Role     New Role    Report    Report    Order     Order     Creator    Label

AcceptedCmp1     BINARY        DEFAULT    INPUT    REJECTED      N         D                DEFAULT               AcceptedCmp1
AcceptedCmp2     BINARY        DEFAULT    INPUT    REJECTED      N         D                DEFAULT               AcceptedCmp2
AcceptedCmp3     BINARY        DEFAULT    INPUT    REJECTED      N         D                DEFAULT               AcceptedCmp3
AcceptedCmp4     BINARY        DEFAULT    INPUT    REJECTED      N         D                DEFAULT               AcceptedCmp4
AcceptedCmp5     BINARY        DEFAULT    INPUT    REJECTED      N         D                DEFAULT               AcceptedCmp5
Childhome        INTERVAL      BINARY     INPUT    DEFAULT       N         D                DEFAULT    EMCODE2                
Dt_Customer      INTERVAL      DEFAULT    INPUT    REJECTED      N         D                DEFAULT               Dt_Customer 
Kidhome          INTERVAL      DEFAULT    INPUT    REJECTED      N         D                DEFAULT               Kidhome     
Teenhome         INTERVAL      DEFAULT    INPUT    REJECTED      N         D                DEFAULT               Teenhome    
Year_Birth       INTERVAL      DEFAULT    INPUT    REJECTED      N         D                DEFAULT               Year_Birth  
