MPRINT(EM_DIAGRAM):    data _null_;
MPRINT(EM_DIAGRAM):   call symput('NLDATE', strip(put(date(), NLDATE.)));
MPRINT(EM_DIAGRAM):   call symput('NLTIME', strip(put(datetime(), NLTIME.)));
MPRINT(EM_DIAGRAM):   run;
MPRINT(EM_DIAGRAM):   data _null_;
MPRINT(EM_DIAGRAM):   nldate= sasmsg("sashelp.dmine", "log_date_note", 'N', "27 May 2018" );
MPRINT(EM_DIAGRAM):   nltime= sasmsg("sashelp.dmine", "log_time_note", 'N', "15:21:07 o'clock" );
MPRINT(EM_DIAGRAM):   put "*------------------------------------------------------------*";
MPRINT(EM_DIAGRAM):   put "* Training Log";
MPRINT(EM_DIAGRAM):   put nldate;
MPRINT(EM_DIAGRAM):   put nltime;
MPRINT(EM_DIAGRAM):   put "*------------------------------------------------------------*";
MPRINT(EM_DIAGRAM):   run;
*------------------------------------------------------------*
* Training Log
Date:                27 May 2018
Time:                15:21:07 o'clock
*------------------------------------------------------------*
MPRINT(EM_DIAGRAM):    filename O1XXG0VJ "C:\Users\misil\Desktop\DM 2\Project\WarGameStore_sasProject\Workspaces\EMWS1\FIMPORT2\EMTRAIN.out" encoding="UTF-8" NOBOM;
MPRINT(EM_DIAGRAM):   proc printto print=O1XXG0VJ new;
MPRINT(EM_DIAGRAM):   run;
MPRINT(EM_DIAGRAM):    filename _LOG "C:\Users\misil\Desktop\DM 2\Project\WarGameStore_sasProject\Workspaces\EMWS1\FIMPORT2\EMLOG.log" encoding="UTF-8" NOBOM;
MPRINT(EM_DIAGRAM):    data _null_;
MPRINT(EM_DIAGRAM):   call symput('NLDATE', strip(put(date(), NLDATE.)));
MPRINT(EM_DIAGRAM):   call symput('NLTIME', strip(put(datetime(), NLTIME.)));
MPRINT(EM_DIAGRAM):   run;
MPRINT(EM_DIAGRAM):   data _null_;
MPRINT(EM_DIAGRAM):   nldate= sasmsg("sashelp.dmine", "log_date_note", 'N', "27 May 2018" );
MPRINT(EM_DIAGRAM):   nltime= sasmsg("sashelp.dmine", "log_time_note", 'N', "15:21:07 o'clock" );
MPRINT(EM_DIAGRAM):   file _LOG;
MPRINT(EM_DIAGRAM):   put "*------------------------------------------------------------*";
MPRINT(EM_DIAGRAM):   put "User:                misil";
MPRINT(EM_DIAGRAM):   put nldate;
MPRINT(EM_DIAGRAM):   put nltime;
MPRINT(EM_DIAGRAM):   put "Site:                70107571";
MPRINT(EM_DIAGRAM):   put "Platform:            X64_10PRO";
MPRINT(EM_DIAGRAM):   put "Maintenance Release: 9.04.01M4P110916";
MPRINT(EM_DIAGRAM):   put "EM Version:          14.2";
MPRINT(EM_DIAGRAM):   put "* ";
MPRINT(EM_DIAGRAM):   run;
MPRINT(EM_DIAGRAM):    filename _LOGIN "C:\Users\misil\Desktop\DM 2\Project\WarGameStore_sasProject\Workspaces\EMWS1\FIMPORT2\EMTRAIN.log" encoding="UTF-8" NOBOM;
MPRINT(EM_COPYFILE):   data _null_;
MPRINT(EM_COPYFILE):   length line $20000;
MPRINT(EM_COPYFILE):   file _LOG MOD lrecl=20000;
MPRINT(EM_COPYFILE):   fid=fopen("_LOGIN",'i',20000,'v');
MPRINT(EM_COPYFILE):   if fid > 0 then do;
MPRINT(EM_COPYFILE):   do while(^fread(fid));
MPRINT(EM_COPYFILE):   rlen = frlen(fid);
MPRINT(EM_COPYFILE):   rc= fget(fid,line,20000);
MPRINT(EM_COPYFILE):   start = length(line)-length(left(line))+1;
MPRINT(EM_COPYFILE):   line=strip(line);
MPRINT(EM_COPYFILE):   put @start line;
MPRINT(EM_COPYFILE):   end;
MPRINT(EM_COPYFILE):   if fid > 0 then rc=fclose(fid);
MPRINT(EM_COPYFILE):   end;
MPRINT(EM_COPYFILE):   run;
MPRINT(EM_DIAGRAM):  ;
MPRINT(EM_DIAGRAM):   filename _LOGIN;
MPRINT(EM_DIAGRAM):    data _null_;
MPRINT(EM_DIAGRAM):   file _LOG mod;
MPRINT(EM_DIAGRAM):   put _page_;
MPRINT(EM_DIAGRAM):   run;
MPRINT(EM_DIAGRAM):   filename _LOGIN "C:\Users\misil\Desktop\DM 2\Project\WarGameStore_sasProject\Workspaces\EMWS1\FIMPORT2\EMSCORE.log" encoding="UTF-8" NOBOM;
MPRINT(EM_DIAGRAM):  ;
MPRINT(EM_DIAGRAM):   data _null_;
MPRINT(EM_DIAGRAM):   file _LOG mod;
MPRINT(EM_DIAGRAM):   put _page_;
MPRINT(EM_DIAGRAM):   run;
MPRINT(EM_DIAGRAM):    filename _LOGIN "C:\Users\misil\Desktop\DM 2\Project\WarGameStore_sasProject\Workspaces\EMWS1\FIMPORT2\EMREPORT.log" encoding="UTF-8" NOBOM;
MPRINT(EM_DIAGRAM):  ;
MPRINT(EM_DIAGRAM):   filename _LOGIN;
MPRINT(EM_DIAGRAM):    filename _LOG;
MPRINT(EM_DIAGRAM):    filename _OUT "C:\Users\misil\Desktop\DM 2\Project\WarGameStore_sasProject\Workspaces\EMWS1\FIMPORT2\EMOUTPUT.out" encoding="UTF-8" NOBOM;
MPRINT(EM_DIAGRAM):    data _null_;
MPRINT(EM_DIAGRAM):   call symput('NLDATE', strip(put(date(), NLDATE.)));
MPRINT(EM_DIAGRAM):   call symput('NLTIME', strip(put(datetime(), NLTIME.)));
MPRINT(EM_DIAGRAM):   run;
MPRINT(EM_DIAGRAM):   data _null_;
MPRINT(EM_DIAGRAM):   nldate= sasmsg("sashelp.dmine", "log_date_note", 'N', "27 May 2018" );
MPRINT(EM_DIAGRAM):   nltime= sasmsg("sashelp.dmine", "log_time_note", 'N', "15:21:07 o'clock" );
MPRINT(EM_DIAGRAM):   file _OUT;
MPRINT(EM_DIAGRAM):   put "*------------------------------------------------------------*";
MPRINT(EM_DIAGRAM):   put "User:                misil";
MPRINT(EM_DIAGRAM):   put nldate;
MPRINT(EM_DIAGRAM):   put nltime;
MPRINT(EM_DIAGRAM):   put "*------------------------------------------------------------*";
MPRINT(EM_DIAGRAM):   put "* Training Output";
MPRINT(EM_DIAGRAM):   put "*------------------------------------------------------------*";
MPRINT(EM_DIAGRAM):   run;
MPRINT(EM_DIAGRAM):    filename _OUTIN "C:\Users\misil\Desktop\DM 2\Project\WarGameStore_sasProject\Workspaces\EMWS1\FIMPORT2\EMTRAIN.out" encoding="UTF-8" NOBOM;
MPRINT(EM_DIAGRAM):   ;
MPRINT(EM_COPYFILE):   data _null_;
MPRINT(EM_COPYFILE):   length line $20000;
MPRINT(EM_COPYFILE):   file _OUT MOD lrecl=20000;
MPRINT(EM_COPYFILE):   fid=fopen("_OUTIN",'i',20000,'v');
MPRINT(EM_COPYFILE):   if fid > 0 then do;
MPRINT(EM_COPYFILE):   do while(^fread(fid));
MPRINT(EM_COPYFILE):   rlen = frlen(fid);
MPRINT(EM_COPYFILE):   rc= fget(fid,line,20000);
MPRINT(EM_COPYFILE):   start = length(line)-length(left(line))+1;
MPRINT(EM_COPYFILE):   line=strip(line);
MPRINT(EM_COPYFILE):   put @start line;
MPRINT(EM_COPYFILE):   end;
MPRINT(EM_COPYFILE):   if fid > 0 then rc=fclose(fid);
MPRINT(EM_COPYFILE):   end;
MPRINT(EM_COPYFILE):   run;
MPRINT(EM_DIAGRAM):  ;
MPRINT(EM_DIAGRAM):   filename _OUTIN;
MPRINT(EM_DIAGRAM):    data _null_;
MPRINT(EM_DIAGRAM):   file _OUT mod;
MPRINT(EM_DIAGRAM):   put _page_;
MPRINT(EM_DIAGRAM):   put // "*------------------------------------------------------------*";
MPRINT(EM_DIAGRAM):   put "* Score Output";
MPRINT(EM_DIAGRAM):   put "*------------------------------------------------------------*";
MPRINT(EM_DIAGRAM):   run;
MPRINT(EM_DIAGRAM):    filename _OUTIN "C:\Users\misil\Desktop\DM 2\Project\WarGameStore_sasProject\Workspaces\EMWS1\FIMPORT2\EMSCORE.out" encoding="UTF-8" NOBOM;
MPRINT(EM_DIAGRAM):  ;
MPRINT(EM_DIAGRAM):   filename _OUTIN;
MPRINT(EM_DIAGRAM):    data _null_;
MPRINT(EM_DIAGRAM):   file _OUT mod;
MPRINT(EM_DIAGRAM):   put _page_;
MPRINT(EM_DIAGRAM):   put // "*------------------------------------------------------------*";
MPRINT(EM_DIAGRAM):   put "* Report Output";
MPRINT(EM_DIAGRAM):   put "*------------------------------------------------------------*";
MPRINT(EM_DIAGRAM):   run;
MPRINT(EM_DIAGRAM):    filename _OUTIN "C:\Users\misil\Desktop\DM 2\Project\WarGameStore_sasProject\Workspaces\EMWS1\FIMPORT2\EMREPORT.out" encoding="UTF-8" NOBOM;
MPRINT(EM_DIAGRAM):  ;
MPRINT(EM_DIAGRAM):   filename _OUTIN;
MPRINT(EM_DIAGRAM):    filename _OUT;
MPRINT(EM_DIAGRAM):    filename _emtool_ 'C:\Users\misil\Desktop\DM 2\Project\WarGameStore_sasProject\Workspaces\EMWS1\FIMPORT2\EMRUNSTATUS.xml' encoding="UTF-8" NOBOM;
22380      proc freq data=EMWS1.FIMPORT2_VariableSet noprint;
MPRINT(EM_DIAGRAM):    proc freq data=EMWS1.FIMPORT2_VariableSet noprint;
22381      table ROLE*LEVEL/out=WORK.FIMPORT2META;
MPRINT(EM_DIAGRAM):   table ROLE*LEVEL/out=WORK.FIMPORT2META;
22382      run;
MPRINT(EM_DIAGRAM):   run;

NOTE: There were 34 observations read from the data set EMWS1.FIMPORT2_VARIABLESET.
NOTE: The data set WORK.FIMPORT2META has 3 observations and 4 variables.
NOTE: PROCEDURE FREQ used (Total process time):
      real time           0.07 seconds
      cpu time            0.03 seconds
      

22383      proc print data=WORK.FIMPORT2META label noobs;
MPRINT(EM_DIAGRAM):   proc print data=WORK.FIMPORT2META label noobs;
22384      var ROLE LEVEL COUNT;
MPRINT(EM_DIAGRAM):   var ROLE LEVEL COUNT;
22385      label ROLE = "%sysfunc(sasmsg(sashelp.dmine, meta_role_vlabel, NOQUOTE))" LEVEL = "%sysfunc(sasmsg(sashelp.dmine, meta_level_vlabel, NOQUOTE))" COUNT = "%sysfunc(sasmsg(sashelp.dmine, rpt_count_vlabel, NOQUOTE))";
MPRINT(EM_DIAGRAM):   label ROLE = "Role" LEVEL = "Measurement Level" COUNT = "Frequency Count";
22386      title9 ' ';
MPRINT(EM_DIAGRAM):   title9 ' ';
22387      title10 "%sysfunc(sasmsg(sashelp.dmine, rpt_varSummary_title  , NOQUOTE))";
MPRINT(EM_DIAGRAM):   title10 "Variable Summary";
MPRINT(EM_DIAGRAM):   run;
22388      run;

NOTE: There were 3 observations read from the data set WORK.FIMPORT2META.
NOTE: The PROCEDURE PRINT printed page 1.
NOTE: PROCEDURE PRINT used (Total process time):
      real time           0.00 seconds
      cpu time            0.00 seconds
      

22389      title10;
MPRINT(EM_DIAGRAM):   title10;
22390      %let EMEXCEPTIONSTRING=;
MPRINT(EM_DIAGRAM):     *------------------------------------------------------------*;
MPRINT(EM_DIAGRAM):   * FIMPORT2: Generation of macros and macro variables;
MPRINT(EM_DIAGRAM):   * To see the code generated, set the EM_DEBUG macro variable to SOURCE or _ALL_;
MPRINT(EM_DIAGRAM):   *------------------------------------------------------------*;
MPRINT(EM_DIAGRAM):   *------------------------------------------------------------*;
MPRINT(EM_DIAGRAM):   * FIMPORT2: EM Macro Variables and Macros;
MPRINT(EM_DIAGRAM):   *------------------------------------------------------------*;
MPRINT(EM_DIAGRAM):   *------------------------------------------------------------* ;
MPRINT(EM_DIAGRAM):   * System Macro Variables;
MPRINT(EM_DIAGRAM):   *------------------------------------------------------------* ;
MPRINT(EM_DIAGRAM):   data _null_;
MPRINT(EM_DIAGRAM):   length string $2000;
MPRINT(EM_DIAGRAM):   string = 'WarGameStore_sasProject';
MPRINT(EM_DIAGRAM):   call symput('EM_PROJECTNAME', trim(string));
MPRINT(EM_DIAGRAM):   string = 'WarGame classification';
MPRINT(EM_DIAGRAM):   call symput('EM_WSNAME', trim(string));
MPRINT(EM_DIAGRAM):   run;
MPRINT(EM_DIAGRAM):   *------------------------------------------------------------* ;
MPRINT(EM_DIAGRAM):   * Properties Macro Variables ;
MPRINT(EM_DIAGRAM):   *------------------------------------------------------------* ;
MPRINT(EM_DIAGRAM):   *------------------------------------------------------------*;
MPRINT(EM_DIAGRAM):   * Files Macro Variables;
MPRINT(EM_DIAGRAM):   *------------------------------------------------------------*;
MPRINT(EM_DIAGRAM):   *------------------------------------------------------------*;
MPRINT(EM_DIAGRAM):   * Import Macro Variables;
MPRINT(EM_DIAGRAM):   *------------------------------------------------------------*;
MPRINT(EM_DIAGRAM):   *------------------------------------------------------------*;
MPRINT(EM_DIAGRAM):   * Export Macro Variables;
MPRINT(EM_DIAGRAM):   *------------------------------------------------------------*;
MPRINT(EM_DIAGRAM):   *------------------------------------------------------------*;
MPRINT(EM_DIAGRAM):   * Decision Macro Variables;
MPRINT(EM_DIAGRAM):   *------------------------------------------------------------*;
MPRINT(EM_DIAGRAM):   *------------------------------------------------------------*;
MPRINT(EM_DIAGRAM):   * Statement Macro Variables;
MPRINT(EM_DIAGRAM):   *------------------------------------------------------------*;
MPRINT(EM_DIAGRAM):   *------------------------------------------------------------*;
MPRINT(EM_DIAGRAM):   * Variable Macros;
MPRINT(EM_DIAGRAM):   *------------------------------------------------------------*;
MPRINT(EM_DIAGRAM):   *------------------------------------------------------------*;
MPRINT(EM_DIAGRAM):   * General Variable Macros;
MPRINT(EM_DIAGRAM):   *------------------------------------------------------------*;
MPRINT(EM_DIAGRAM):   *------------------------------------------------------------*;
MPRINT(EM_DIAGRAM):   * Target Variable Macros;
MPRINT(EM_DIAGRAM):   *------------------------------------------------------------*;
MPRINT(EM_DIAGRAM):   *------------------------------------------------------------*;
MPRINT(EM_DIAGRAM):   * Input Variable Macros;
MPRINT(EM_DIAGRAM):   *------------------------------------------------------------*;
MPRINT(EM_DIAGRAM):   *------------------------------------------------------------*;
MPRINT(EM_DIAGRAM):   * Rejected Variable Macros;
MPRINT(EM_DIAGRAM):   *------------------------------------------------------------*;
MPRINT(EM_DIAGRAM):   *------------------------------------------------------------*;
MPRINT(EM_DIAGRAM):   * Misc Variable Macros;
MPRINT(EM_DIAGRAM):   *------------------------------------------------------------*;
MPRINT(EM_DIAGRAM):   *------------------------------------------------------------*;
MPRINT(EM_DIAGRAM):   * End Create EM Macro Variables and Macros;
MPRINT(EM_DIAGRAM):   *------------------------------------------------------------*;
22735      *------------------------------------------------------------*;
MPRINT(EM_DIAGRAM):    *------------------------------------------------------------*;
22736      * FIMPORT2: Generation of macros and macro variables;
MPRINT(EM_DIAGRAM):   * FIMPORT2: Generation of macros and macro variables;
22737      * To see the code generated, set the EM_DEBUG macro variable to SOURCE or _ALL_;
MPRINT(EM_DIAGRAM):   * To see the code generated, set the EM_DEBUG macro variable to SOURCE or _ALL_;
22738      *------------------------------------------------------------*;
MPRINT(EM_DIAGRAM):   *------------------------------------------------------------*;

22739      %let EMEXCEPTIONSTRING=;
22740      *------------------------------------------------------------*;
MPRINT(EM_DIAGRAM):    *------------------------------------------------------------*;
22741      * TRAIN: FIMPORT2;
MPRINT(EM_DIAGRAM):   * TRAIN: FIMPORT2;
22742      *------------------------------------------------------------*;
MPRINT(EM_DIAGRAM):   *------------------------------------------------------------*;
22743      %let EM_ACTION = TRAIN;
22744      %let syscc = 0;
22745      /* Fimport.source */
22746      %macro main;
22747            %if %upcase(&EM_ACTION) = CREATE %then %do;
22748               filename temp catalog 'sashelp.emsamp.Fimport_create.source';
22749               %include temp;
22750               filename temp;
22751               %create;
22752            %end;
22753            %else
22754            %if %upcase(&EM_ACTION) = TRAIN %then %do;
22755               filename temp catalog 'sashelp.emsamp.Fimport_train.source';
22756               %include temp;
22757               filename temp;
22758               %train;
22759            %end;
22760            %else
22761            %if %upcase(&EM_ACTION) = UPDATE %then %do;
22762               filename temp catalog 'sashelp.emsamp.Fimport_update.source';
22763               %include temp;
22764               filename temp;
22765               %update;
22766            %end;
22767            %else
22768            %if %upcase(&EM_ACTION) = PROPERTY %then %do;
22769               filename temp catalog 'sashelp.emsamp.Fimport_actions.source';
22770               %include temp;
22771               filename temp;
22772               %property;
22773            %end;
22774             %else
22775            %if %upcase(&EM_ACTION) = SCORE %then %do;
22776               filename temp catalog 'sashelp.emsamp.Fimport_score.source';
22777               %include temp;
22778               filename temp;
22779               %score;
22780            %end;
22781            %else
22782            %if %upcase(&EM_ACTION) = REPORT %then %do;
22783               filename temp catalog 'sashelp.emsamp.Fimport_report.source';
22784               %include temp;
22785               filename temp;
22786               %report;
22787            %end;
22788            %else
22789            %if %upcase(&EM_ACTION) = OPENVARIABLESET %then %do;
22790               filename temp catalog 'sashelp.emsamp.Fimport_actions.source';
22791               %include temp;
22792               filename temp;
22793               %openvariableset;
22794            %end;
22795            %else
22796            %if %upcase(&EM_ACTION) = CLOSEVARIABLESET %then %do;
22797               filename temp catalog 'sashelp.emsamp.Fimport_actions.source';
22798               %include temp;
22799               filename temp;
22800               %closevariableset;
22801            %end;
22802      %mend main;
22803      %main;
MPRINT(EM_DIAGRAM):    
MPRINT(MAIN):   filename temp catalog 'sashelp.emsamp.Fimport_train.source';
NOTE: %INCLUDE (level 1) file TEMP is file SASHELP.EMSAMP.FIMPORT_TRAIN.SOURCE.
22804     +%EM_GETNAME(key=USERIMPORTFILE, type=FILE, extension=txt);
MPRINT(MAIN):  ;
22805     +%macro appendExt;
22806     +   data _null_;
22807     +      tempuif =  trim("&EM_USER_USERIMPORTFILE");
22808     +      rfile = reverse(tempuif);
22809     +      period = indexc(rfile,".");
22810     +      uif = substr(tempuif, 1, length(tempuif)- period+1);
22811     +      newuif = trim(uif)||trim("&EM_PROPERTY_FILETYPE");
22812     +      call symput("EM_USER_USERIMPORTFILE",%bquote(newuif));
22813     +   run;
22814     +%mend appendExt;
22816     +%macro getNobs(ds);
22817     + %global dset nobs;
22818     + %let dset=&ds;
22819     + %let dsid = %sysfunc(open(&dset));
22820     + %if &dsid %then %do;
22821     +      %let nobs =%sysfunc(attrn(&dsid,nobs));
22822     +      %let rc = %sysfunc(close(&dsid));
22823     +   %end;
22824     + %else %put open for data set &dset failed - %sysfunc(sysmsg());
22825     +%mend getNobs;
22826     +%macro keepordrop;
22827     +  proc contents data=work.importfile noprint
22828     +  out=work.importattrs;
22829     +  run;
22830     +  %getNobs(work.importattrs);
22831     +  data _null_;
22832     +    set  work.importattrs;
22833     +    call symput("varname"||left(_n_),name);
22834     +  run;
22836     +  %put nobs=&nobs  maxcols=&EM_PROPERTY_MAXCOLS;
22837     +  /* importattrs contains 1 observation for each VARIABLE in the data set. */
22838     +  %if &nobs > &EM_PROPERTY_MAXCOLS %then %do;
22839     +     %let diff = %eval(&nobs - &EM_PROPERTY_MAXCOLS);
22840     +     %put diff=&diff;
22841     +     %if %eval(&diff ge &EM_PROPERTY_MAXCOLS) %then %do;
22842     +         %let kORd = keep;
22843     +             %let start=1;
22844     +             %let end = &EM_PROPERTY_MAXCOLS;
22845     +       %end;
22846     +     %else %do;
22847     +         %let kORd = drop;
22848     +             %let start = &EM_PROPERTY_MAXCOLS + 1;
22849     +             %let end = &nobs;
22850     +       %end;
22851     +     data &em_user_data;
22852     +        set &em_user_data;
22853     +        &kORd
22854     +        %do i = &start %to &end;
22855     +            &&varname&i
22856     +         %end;
22857     +        ;
22858     +     run;
22859     +%end;
22860     +%mend keepordrop;
22861     +%macro dropformatvars;
22862     +   %put fmtcnt=&fmtcnt;
22863     +   data new;
22864     +     set work.importfile;
22865     +     %do i = 1 %to &fmtcnt;
22866     +       x1zy&i =put(&&varname&i,&&fmt&i);
22867     +     %end;
22868     +   run;
22869     +   data new;
22870     +     set new;
22871     +     drop
22872     +     %do i = 1 %to &fmtcnt;
22873     +     &&varname&i
22874     +     %end;
22875     +     ;
22876     +   run;
22877     +   proc datasets library=work nolist;
22878     +     modify new;
22879     +     %do i = 1 %to &fmtcnt;
22880     +     rename x1zy&i=&&varname&i;
22881     +     %end;
22882     +   run; quit;
22883     +   data work.importfile;
22884     +     set new;
22885     +   run;
22886     +%mend;
22888     +%macro procimport(out=);
22889     +   %if %upcase(&EM_PROPERTY_FILETYPE)=MDB %then %do;
22890     +      proc import table=%sysfunc(trim(&EM_PROPERTY_ACCESSTABLE))
22891     +         out=&out
22892     +         dbms = ACCESS
22893     +         replace;
22894     +         database="%trim(&_IFILENAME)"
22895     +   %end;
22896     +   %else %do;
22897     +       proc import datafile="%trim(&_IFILENAME)"
22898     +          out=&out
22900     +      %put filetype=*&EM_PROPERTY_FILETYPE.*;
22901     +      %put delimiter=*&EM_PROPERTY_DELIMITER.*;
22902     +      %if %upcase(&EM_PROPERTY_FILETYPE) ^= TXT %then %do;
22903     +         dbms=&EM_PROPERTY_FILETYPE
22904     +      %end;
22905     +      %else %do;
22906     +         dbms=TAB
22907     +      %end;
22908     +      /* Work around for the following defects:S0560899 and S0560009.   */
22909     +      %let sasEnv=%sysfunc(getlocenv());
22910     +      %if %upcase(&EM_PROPERTY_FILETYPE) = XLS and %upcase(&sasEnv) ^= SBCS %then %do;
22911     +         dbms=EXCEL
22912     +      %end;
22914     +      replace;
22915     +      %if %substr(%upcase(&EM_PROPERTY_FILETYPE),1,2)=WK | %upcase(&EM_PROPERTY_FILETYPE)=XLS
22916     +       | %upcase(&EM_PROPERTY_FILETYPE)=DLM | %upcase(&EM_PROPERTY_FILETYPE)=CSV
22917     +       | %upcase(&EM_PROPERTY_FILETYPE)=TAB | %upcase(&EM_PROPERTY_FILETYPE)=TXT %then %do;
22918     +        %if %length(&EM_PROPERTY_NAMEROW) > 0 %then %do;
22919     +            getnames=&EM_PROPERTY_NAMEROW;
22920     +        %end;
22921     +      %end;
22922     +      %if %upcase(&EM_PROPERTY_FILETYPE)=CSV | %upcase(&EM_PROPERTY_FILETYPE)=DLM |
22923     +          %upcase(&EM_PROPERTY_FILETYPE=TXT)  %then %do;
22924     +         %if (%length(%trim(%bquote(&EM_PROPERTY_DELIMITER))) > 0) %then %do;
22925     +            %if "%upcase(&EM_PROPERTY_DELIMITER)"="SP" %then %do;
22926     +               delimiter=" ";
22927     +            %end;
22928     +            %else %if "%upcase(&EM_PROPERTY_DELIMITER)"="TAB" %then %do;
22929     +               /* Do not specifiy a delimiter */
22930     +            %end;
22931     +            %else %do;
22932     +               delimiter="&EM_PROPERTY_DELIMITER";
22933     +            %end;
22934     +         %end;
22935     +         %if %eval(&EM_PROPERTY_SKIPROWS > 0) %then %do;
22936     +            datarow=&EM_PROPERTY_SKIPROWS;
22937     +            /* Guessingrows must be >= skiprows */
22938     +            %if %eval(&EM_PROPERTY_GUESSROWS < &EM_PROPERTY_SKIPROWS ) %then %do;
22939     +              %let EM_PROPERTY_GUESSROWS = &EM_PROPERTY_SKIPROWS;
22940     +            %end;
22941     +         %end;
22942     +         %if %eval(&EM_PROPERTY_GUESSROWS > 0) %then %do;
22943     +            guessingrows=&EM_PROPERTY_GUESSROWS;
22944     +         %end;
22945     +       %end;
22946     +      %if %upcase(&EM_PROPERTY_FILETYPE)=DTA | %upcase(&EM_PROPERTY_FILETYPE)=JMP
22947     +                 | %upcase(&EM_PROPERTY_FILETYPE)=SAV %then %do;
22948     +            FMTLIB = work.formats;
22949     +      %end;
22950     +   %end;
22951     +   run;
22952     +%mend procimport;
22954     +%macro train;
22956     +   %let vvnString = %sysfunc(getoption(validvarname));
22958     +   %em_getname(key=DATA,           type=DATA);
22959     +   %em_getname(key=EMCMETADEFAULT, type=DATA);
22960     +   %em_getname(key=EMTMETADEFAULT, type=DATA);
22961     +   %em_getname(key=EMSTATDEFAULT, type=DATA);
22963     +   %appendExt;
22965     +   %let _IFILENAME = %nrbquote(%trim(&EM_PROPERTY_IFILENAME));
22966     +   %if %upcase(&EM_PROPERTY_IMPORTTYPE) = LOCAL %then %do;
22967     +       %if %nrbquote(%sysfunc(fileexist(&EM_USER_USERIMPORTFILE))) %then
22968     +           %let _IFILENAME = %nrbquote(&EM_USER_USERIMPORTFILE);
22969     +   %end;
22971     +   %if ^%sysfunc(fileexist(%nrbquote(&_IFILENAME))) %then %do;
22972     +       %let EMEXCEPTIONSTRING = exception.server.EMTOOL.NOTRAININGCODEFILE,%nrbquote(&_IFILENAME);
22973     +       %goto endtrain;
22974     +   %end;
22976     +   options validvarname=ANY;
22977     +   %procimport(out=work.importfile);
22979     +   %if %upcase(&EM_PROPERTY_FILETYPE) = DTA | %upcase(&EM_PROPERTY_FILETYPE) = JMP
22980     +              | %upcase(&EM_PROPERTY_FILETYPE)=SAV %then %do;
22981     +      %global fmtcnt;
22982     +      %let fmtcnt=0;
22983     +      proc contents data=work.importfile out=work.impattrs noprint;
22984     +      run;
22985     +      data _null_;
22986     +        set work.impattrs;
22987     +        if _n_=1 then i=0;
22988     +        if substr(format,1,1) ^= "$" and length(trim(format)) > 1 then do;
22989     +           i = i+1;
22990     +           varname = substr(name, 1, length(name));
22991     +           call symput("fmt"||left(i), trim(format)||".");
22992     +           call symput("varname"||left(i), varname);
22993     +           call symput("fmtcnt",left(i));
22994     +      end;
22995     +      retain i;
22996     +     run;
22997     +    %if &fmtcnt > 0 %then %do;
22998     +       %dropformatvars;
22999     +    %end;
23000     +    proc datasets lib=work memtype=data nolist;
23001     +        modify importfile;
23002     +        attrib _all_ format=;
23003     +    run;
23004     +    quit;
23005     +   %end;
23007     +   %let _fimportObs  = 0;
23008     +   %let _fimportVars = 0;
23009     +   %if %sysfunc(exist(work.importFile)) %then %do;
23010     +       %let dsid = %sysfunc(open(work.importFile));
23011     +       %if &dsid %then %do;
23012     +           %let _fimportObs  = %sysfunc(attrn(&dsid, NOBS));
23013     +           %let _fimportVars = %sysfunc(attrn(&dsid, NVARS));
23014     +       %let dsid = %sysfunc(close(&dsid));
23015     +       %end;
23016     +   %end;
23018     +   %if ^&_fimportObs %then %do;
23019     +       %let EMEXCEPTIONSTRING = exception.server.EMTOOL.FILE_NO_OBS;
23020     +       %goto endtrain;
23021     +   %end;
23022     +   %if ^&_fimportVars %then %do;
23023     +       %let EMEXCEPTIONSTRING = exception.server.EMTOOL.FILE_NO_VARS;
23024     +       %goto endtrain;
23025     +   %end;
23027     +   data &em_user_data;
23028     +      set work.importfile(obs=&EM_PROPERTY_MAXROWS);
23029     +   run;
23030     +   %keepordrop;
23032     +   %em_getname(key=EMSTAT,     type=DATA);
23034     +   proc datasets lib=&em_lib nolist;
23035     +      delete &em_nodeid._EMSTATDEFAULT &em_nodeid._EMINFO;
23036     +   run;
23038     +   %if "&em_property_advancedadvisor" eq "Y" %then %do;
23039     +        %EmAdviseColumns(&em_user_data, applyIntervalLevelLowerLimit=Y,
23040     +            intervalLevelLowerLimit=20, applyMaxPercentMissing=Y,
23041     +            maxPercentMissing=50, applyMaxClassLevels=Y,
23042     +            maxClassLevels=20, identifyEmptyColumns=Y,
23043     +            outdata=&em_user_EMCMETADEFAULT,
23044     +            computeStat=Y, statisticData=&em_user_EMSTATDEFAULT);
23046     +        data &em_user_emcmetadefault;
23047     +           set &em_user_emcmetadefault;
23048     +           drop nlevel pctmiss min max mean std skewness kurtosis;
23049     +        run;
23051     +        data &em_data_eminfo;
23052     +           length TARGET KEY $32  DATA $43;
23053     +           TARGET=""; KEY="STATS"; DATA="&em_user_emstatdefault"; output;
23054     +        run;
23056     +        %let EM_META_ADVISOR=ADVANCED;
23058     +   %end;
23059     +   %else %do;
23060     +       %EmAdviseColumns(&em_user_data, applyIntervalLevelLowerLimit=N,
23061     +            applyMaxPercentMissing=N, applyMaxClassLevels=N,
23062     +            identifyEmptyColumns=N,   maxLevelDetection=0,
23063     +            outdata=&em_user_EMCMETADEFAULT, computeStat=N, statisticData=WORK.STATISTIC);
23065     +            %if "&em_property_summarize" eq "Y" %then %do;
23066     +                %em_getname(key=EMSTAT,  type=DATA);
23067     +                data &em_data_eminfo;
23068     +                   length TARGET KEY $32  DATA $43;
23069     +                   TARGET=""; KEY="STATS"; DATA="&em_user_emstat"; output;
23070     +                run;
23071     +            %end;
23073     +        %let EM_META_ADVISOR=BASIC;
23075     +   %end;
23077     +   %em_getname(key=VVNLABEL, type=FILE, extension=sas);
23078     +   data _null_;
23079     +      fname = '_text';
23080     +      rc=filename(fname, "&em_user_vvnlabel");
23081     +      if ^rc and fexist(fname) then
23082     +         rc=fdelete(fname);
23083     +     rc=filename(fname);
23084     +   run;
23087     +   /* Validvarname Case */
23088     +   %let newNameFlag = 0;
23089     +   %if %sysfunc(exist(&em_user_EMCMETADEFAULT)) %then %do;
23090     +       %let dsid = %sysfunc(open(&em_user_EMCMETADEFAULT));
23091     +        %if &dsid %then %do;
23092     +            %let newNameFlag = %sysfunc(varnum(&dsid, NEWNAME));
23093     +            %let dsid = %sysfunc(close(&dsid));
23094     +       %end;
23095     +   %end;
23097     +   %if %sysevalf(&newNameFlag>0) %then %do;
23098     +       proc contents data=work.importfile noprint out=work._any(keep=VARNUM NAME LABEL);
23099     +       run;
23100     +       proc sort data=work._any; by VARNUM; run; quit;
23102     +       options validvarname=V7;
23104     +       %procimport(out=work.importfile2);
23106     +       options validvarname=ANY;
23108     +       proc contents data=work.importfile2 noprint out=work._v7(rename=(NAME=V7NAME) keep=VARNUM NAME LABEL);
23109     +       run;
23110     +       proc sort data=work._v7; by varnum; run; quit;
23112     +       filename _FI "&em_user_vvnlabel";
23113     +       data work._names;
23114     +          length string $200;
23115     +          merge work._v7 work._any;
23116     +          by VARNUM;
23117     +          file _FI;
23118     +          if V7NAME ne NAME then do;
23119     +             string = trim(V7NAME)!!'= "'!!tranwrd(trim(NAME), '"', '""')!!'"n;';
23120     +             put string;
23121     +             if LABEL eq '' then do;
23122     +                string = 'Label '!!trim(V7NAME)!!"='"!!tranwrd(trim(NAME), "'", "''")!!"';";
23123     +                put string;
23124     +             end;
23125     +             string='drop "'!!tranwrd(trim(NAME), '"', '""')!!'"n;';
23126     +             put string;
23127     +          end;
23128     +          drop string;
23129     +       run;
23130     +       data &em_user_data;
23131     +          set &em_user_data;
23132     +          %if %sysfunc(fileexist(%nrbquote(&em_user_vvnlabel))) %then %do;
23133     +              filename _FI "&em_user_vvnlabel";
23134     +              %inc _FI;
23135     +             filename _FI;
23136     +          %end;
23137     +       run;
23139     +       proc sort data=&em_user_EMCMETADEFAULT; by NAME; run;
23140     +       proc sort data=work._names;             by NAME; run;
23142     +       data &em_user_EMCMETADEFAULT;
23143     +         merge  &em_user_EMCMETADEFAULT _names;
23144     +         by NAME;
23145     +         length DROP $1;
23146     +         DROP='N';
23147     +         if NEWNAME ne NAME then do;
23148     +            if LABEL eq '' then do;
23149     +               LABEL = NAME;
23150     +            end;
23151     +            NAME=V7NAME;
23152     +         end;
23153     +         drop NEWNAME V7NAME VARNUM;
23154     +       run;
23156     +       proc datasets lib=work nolist;
23157     +          delete _any _v7 _names importfile2;
23158     +       run;
23159     +       quit;
23161     +   %end;
23162     +   %else %do;
23163     +       data &em_user_EMCMETADEFAULT;
23164     +          set &em_user_EMCMETADEFAULT;
23165     +          length DROP $1;
23166     +          DROP='N';
23167     +       run;
23168     +   %end;
23170     +    %EmAdviseTable(&em_user_data, outdata=&em_user_EMTMETADEFAULT, newdataflag=Y);
23172     +   data _temp;
23173     +      set &em_user_emtmetadefault(rename=(ROLE=PORT MEMNAME=DATASET CRDATE=MODTIME));
23174     +      keep PORT LIBNAME DATASET MODTIME COLUMNMETA COLUMNMETAMODTIME NOBS;
23175     +      PORT='DATA'; COLUMNMETA="&em_nodeid._EMCMETADEFAULT";
23176     +      COLUMNMETAMODTIME=MODTIME;
23177     +   run;
23178     +   proc sort data=&em_data_importset;
23179     +      by PORT;
23180     +   run;
23181     +   data &em_data_importset;
23182     +      merge &em_data_importset _temp;
23183     +      by PORT;
23184     +      if PORT='DATA' then ROLE="&em_property_role";
23185     +   run;
23187     +    %em_getname(key=VARIABLESETDELTA, type=FILE, extension=txt);
23189     +    %if %sysfunc(exist(&em_user_emcmetadefault)) %then %do;
23190     +        %if %sysfunc(fileexist(&em_user_variablesetdelta)) %then %do;
23191     +            filename x "&em_user_variablesetdelta";
23192     +            data &em_data_variableset;
23193     +               set &em_user_emcmetadefault;
23194     +               %inc X;
23195     +            run;
23196     +            filename x;
23197     +        %end;
23198     +        %else %do;
23199     +            data &em_data_variableset;
23200     +               set &em_user_emcmetadefault;
23201     +            run;
23202     +        %end;
23203     +    %end;
23205     +   %if %sysfunc(exist(&em_data_variableset)) and %sysfunc(exist(&em_user_emcmetadefault)) %then %do;
23206     +      proc compare compare=&em_data_variableset base=&em_user_emcmetadefault
23207     +         noprint outnoequal outbase outcomp out=_DiffMeta noprint;
23208     +         id NAME;
23209     +      run;
23211     +         filename x1 "&EM_FILE_CDELTA_TRAIN";
23212     +         data _null_;
23213     +            length string $200;
23214     +            set _DiffMeta end=eof;
23215     +            where _type_='COMPARE';
23216     +            file x1;
23217     +            string = 'if NAME="'!!strip(NAME)!!'" then do;';
23218     +            put string;
23219     +            string = '   ROLE="'!!strip(ROLE)!!'";';
23220     +            put string;
23221     +            string=  '   LEVEL="'!!strip(LEVEL)!!'";';
23222     +            put string;
23223     +            string = '   ORDER="'!!strip(ORDER)!!'";';
23224     +            put string;
23225     +            put 'end;';
23226     +            if drop='Y' then do;
23227     +               string='if NAME="'!!strip(NAME)!!'" then delete;';
23228     +               put string;
23229     +            end;
23230     +            if eof then
23231     +               put 'drop DROP;';
23232     +         run;
23234     +         %em_getname(key=DELTACODE,      type=FILE, extension=txt);
23235     +         filename x2 "&em_user_deltacode";
23236     +         %em_copyfile(infref=x1, outfref=x2);
23237     +         filename x1;
23238     +         filename x2;
23240     +         %em_getname(key=VARIABLESETDELTA, type=FILE, extension=txt);
23241     +         filename x "&em_user_variablesetdelta";
23242     +         data _null_;
23243     +            length string $200;
23244     +            set _DiffMeta end=eof;
23245     +            where _type_='COMPARE';
23246     +            file x;
23247     +            string = 'if NAME="'!!strip(NAME)!!'" then do;';
23248     +            put string;
23249     +            string = '   ROLE="'!!strip(ROLE)!!'";';
23250     +            put string;
23251     +            string=  '   LEVEL="'!!strip(LEVEL)!!'";';
23252     +            put string;
23253     +            string = '   ORDER="'!!strip(ORDER)!!'";';
23254     +            put string;
23255     +            string = '   DROP="'!!strip(DROP)!!'";';
23256     +            put string;
23257     +            put 'end;';
23258     +         run;
23259     +         filename x;
23260     +       proc datasets lib=work nolist;
23261     +          delete _DiffMeta;
23262     +       run;
23264     +       data &em_data_exportset;
23265     +          set &em_data_exportset;
23266     +          if NODEPORT='TRAIN' then do;
23267     +             ROLE="&em_property_role";
23268     +             COLUMNMETAMODTIME=datetime();
23269     +             MODTIME=datetime();
23270     +             DATASET="&em_nodeid._train";
23271     +             COLUMNMETA="&em_nodeid._CMeta_TRAIN";
23272     +             DELTACODE="CDelta_TRAIN";
23273     +             APPLYDELTA='Y';
23274     +             EXPORT='Y';
23275     +             NEEDUPDATE='Y';
23277     +            %if "&em_property_advancedadvisor" eq "Y" %then %do;
23278     +                EMINFO="&em_data_eminfo";
23279     +                EMINFOMODTIME=datetime();
23280     +            %end;
23281     +            %else %do;
23282     +                EMINFO='';
23283     +                EMINFOMODTIME=.;
23284     +            %end;
23285     +          end;
23286     +       run;
23287     +   %end;
23289     +  proc contents data=&em_user_data;
23290     +  run;
23291     +  proc datasets library=work nolist;
23292     +   delete importfile importattrs new;
23293     +   quit;
23294     +  run;
23296     +  /* Reset VALIDVARNAME to original settings */
23297     +  options validvarname=&vvnString;
23299     +  %endtrain:
23300     +%mend train;
NOTE: %INCLUDE (level 1) ending.
MPRINT(MAIN):   filename temp;
NOTE: Fileref TEMP has been deassigned.
MPRINT(TRAIN):  ;
MPRINT(TRAIN):  ;
MPRINT(TRAIN):  ;
MPRINT(TRAIN):  ;
MPRINT(APPENDEXT):   data _null_;
MPRINT(APPENDEXT):   tempuif = trim("C:\Users\misil\Desktop\DM 2\Project\WarGameStore_sasProject\Workspaces\EMWS1\FIMPORT2\USERIMPORTFILE.txt");
MPRINT(APPENDEXT):   rfile = reverse(tempuif);
MPRINT(APPENDEXT):   period = indexc(rfile,".");
MPRINT(APPENDEXT):   uif = substr(tempuif, 1, length(tempuif)- period+1);
MPRINT(APPENDEXT):   newuif = trim(uif)||trim("xlsx");
MPRINT(APPENDEXT):   call symput("EM_USER_USERIMPORTFILE",newuif);
MPRINT(APPENDEXT):   run;

NOTE: DATA statement used (Total process time):
      real time           0.01 seconds
      cpu time            0.01 seconds
      

MPRINT(TRAIN):  ;
MPRINT(TRAIN):   options validvarname=ANY;
MPRINT(PROCIMPORT):   proc import datafile=
filetype=*xlsx*
delimiter=*,*
MPRINT(PROCIMPORT):  "C:\Users\misil\Desktop\DM 2\Project\WarGameStore_sasProject\Workspaces\EMWS1\FIMPORT2\USERIMPORTFILE.xlsx" out=work.importfile dbms=xlsx replace;
MPRINT(PROCIMPORT):   RXLX;
MPRINT(PROCIMPORT):   run;

NOTE: The import data set has 5000 observations and 34 variables.
NOTE: WORK.IMPORTFILE data set was successfully created.
NOTE: PROCEDURE IMPORT used (Total process time):
      real time           2.35 seconds
      cpu time            2.35 seconds
      

MPRINT(TRAIN):  ;
MPRINT(TRAIN):   data EMWS1.FIMPORT2_DATA;
MPRINT(TRAIN):   set work.importfile(obs=1000000);
MPRINT(TRAIN):   run;

NOTE: There were 5000 observations read from the data set WORK.IMPORTFILE.
NOTE: The data set EMWS1.FIMPORT2_DATA has 5000 observations and 34 variables.
NOTE: DATA statement used (Total process time):
      real time           0.03 seconds
      cpu time            0.00 seconds
      

MPRINT(KEEPORDROP):   proc contents data=work.importfile noprint out=work.importattrs;
MPRINT(KEEPORDROP):   run;

NOTE: The data set WORK.IMPORTATTRS has 34 observations and 41 variables.
NOTE: PROCEDURE CONTENTS used (Total process time):
      real time           0.03 seconds
      cpu time            0.00 seconds
      

MPRINT(KEEPORDROP):  ;
MPRINT(KEEPORDROP):   data _null_;
MPRINT(KEEPORDROP):   set work.importattrs;
MPRINT(KEEPORDROP):   call symput("varname"||left(_n_),name);
MPRINT(KEEPORDROP):   run;

NOTE: Numeric values have been converted to character values at the places given by: (Line):(Column).
      23:137   
NOTE: There were 34 observations read from the data set WORK.IMPORTATTRS.
NOTE: DATA statement used (Total process time):
      real time           0.01 seconds
      cpu time            0.01 seconds
      

nobs=34  maxcols=10000
MPRINT(TRAIN):  ;
MPRINT(TRAIN):  ;
MPRINT(TRAIN):   proc datasets lib=EMWS1 nolist;
MPRINT(TRAIN):   delete FIMPORT2_EMSTATDEFAULT FIMPORT2_EMINFO;
MPRINT(TRAIN):   run;

NOTE: The file EMWS1.FIMPORT2_EMSTATDEFAULT (memtype=DATA) was not found, but appears on a DELETE statement.
NOTE: The file EMWS1.FIMPORT2_EMINFO (memtype=DATA) was not found, but appears on a DELETE statement.

NOTE: PROCEDURE DATASETS used (Total process time):
      real time           0.14 seconds
      cpu time            0.12 seconds
      

MPRINT(EMADVISECOLUMNS):   proc display c=sashelp.emmeta.advisecolumns.scl;
MPRINT(EMADVISECOLUMNS):   run;

23301      %let SYSCC = 0;
23302      %let _dsidTable = 0;
23303      %let _engineTable =;
23304      data _null_;
MPRINT(EMADVISECOLUMNS):    data _null_;
23305      dsid = open('EMWS1.FIMPORT2_DATA');
MPRINT(EMADVISECOLUMNS):   dsid = open('EMWS1.FIMPORT2_DATA');
23306      call symput('_dsidTable', strip(put(dsid, best.)));
MPRINT(EMADVISECOLUMNS):   call symput('_dsidTable', strip(put(dsid, best.)));
23307      if dsid then do;
MPRINT(EMADVISECOLUMNS):   if dsid then do;
23308      call symput('_engineTable', attrc(dsid, 'ENGINE'));
MPRINT(EMADVISECOLUMNS):   call symput('_engineTable', attrc(dsid, 'ENGINE'));
23309      dsid = close(dsid);
MPRINT(EMADVISECOLUMNS):   dsid = close(dsid);
23310      end;
MPRINT(EMADVISECOLUMNS):   end;
23311      run;
MPRINT(EMADVISECOLUMNS):   run;

NOTE: DATA statement used (Total process time):
      real time           0.00 seconds
      cpu time            0.00 seconds
      

23312      options fmterr;
MPRINT(EMADVISECOLUMNS):    options fmterr;
23313      data _metaTestView;
MPRINT(EMADVISECOLUMNS):   data _metaTestView;
23314      set EMWS1.FIMPORT2_DATA;
MPRINT(EMADVISECOLUMNS):   set EMWS1.FIMPORT2_DATA;
23315      if _N_=1 then do;
MPRINT(EMADVISECOLUMNS):   if _N_=1 then do;
23316      output;
MPRINT(EMADVISECOLUMNS):   output;
23317      stop;
MPRINT(EMADVISECOLUMNS):   stop;
23318      end;
MPRINT(EMADVISECOLUMNS):   end;
23319      run;
MPRINT(EMADVISECOLUMNS):   run;

NOTE: There were 1 observations read from the data set EMWS1.FIMPORT2_DATA.
NOTE: The data set WORK._METATESTVIEW has 1 observations and 34 variables.
NOTE: DATA statement used (Total process time):
      real time           0.02 seconds
      cpu time            0.01 seconds
      

23320      proc contents data=EMWS1.FIMPORT2_DATA
23321      out=WORK.M2GC8A3D noprint;
MPRINT(EMADVISECOLUMNS):    proc contents data=EMWS1.FIMPORT2_DATA out=WORK.M2GC8A3D noprint;
23322      run;
MPRINT(EMADVISECOLUMNS):   run;

NOTE: The data set WORK.M2GC8A3D has 34 observations and 41 variables.
NOTE: PROCEDURE CONTENTS used (Total process time):
      real time           0.03 seconds
      cpu time            0.01 seconds
      

23323      data WORK.M2GC8A3D;
MPRINT(EMADVISECOLUMNS):    data WORK.M2GC8A3D;
23324      length NAME $ 64 TYPE $ 1 LABEL $ 200 FORMAT $ 36 INFORMAT $36 INDEX $ 1 INDEXTYPE $ 9;
MPRINT(EMADVISECOLUMNS):   length NAME $ 64 TYPE $ 1 LABEL $ 200 FORMAT $ 36 INFORMAT $36 INDEX $ 1 INDEXTYPE $ 9;
23325      label NAME =;
MPRINT(EMADVISECOLUMNS):   label NAME =;
23326      set WORK.M2GC8A3D(keep=name type length label format formatl formatd informat informl informd idxusage rename=(type=itype));
MPRINT(EMADVISECOLUMNS):   set WORK.M2GC8A3D(keep=name type length label format formatl formatd informat informl informd idxusage rename=(type=itype));
23327      if itype = 1 then type = 'N';
MPRINT(EMADVISECOLUMNS):   if itype = 1 then type = 'N';
23328      else type = 'C';
MPRINT(EMADVISECOLUMNS):   else type = 'C';
23329      if formatl > 0 then do;
MPRINT(EMADVISECOLUMNS):   if formatl > 0 then do;
23330      if format ne '' then do;
MPRINT(EMADVISECOLUMNS):   if format ne '' then do;
23331      if type='N' then format = strip(format)!!strip(put(formatl, best12.))!!'.'!!strip(put(formatd, best12.));
MPRINT(EMADVISECOLUMNS):   if type='N' then format = strip(format)!!strip(put(formatl, best12.))!!'.'!!strip(put(formatd, best12.));
23332      else format = strip(format)!!strip(put(formatl, best12.))!!'.';
MPRINT(EMADVISECOLUMNS):   else format = strip(format)!!strip(put(formatl, best12.))!!'.';
23333      end;
MPRINT(EMADVISECOLUMNS):   end;
23334      else format = strip(put(formatl, best12.))!!'.'!!strip(put(formatd, best12.));
MPRINT(EMADVISECOLUMNS):   else format = strip(put(formatl, best12.))!!'.'!!strip(put(formatd, best12.));
23335      end;
MPRINT(EMADVISECOLUMNS):   end;
23336      else if format ne '' then format = strip(format)!!'.';
MPRINT(EMADVISECOLUMNS):   else if format ne '' then format = strip(format)!!'.';
23337      if informl > 0 then do;
MPRINT(EMADVISECOLUMNS):   if informl > 0 then do;
23338      if informat ne ' ' then do;
MPRINT(EMADVISECOLUMNS):   if informat ne ' ' then do;
23339      if type='N' then informat = strip(informat)!!strip(put(informl, best12.))!!'.'!!strip(put(informd, best12.));
MPRINT(EMADVISECOLUMNS):   if type='N' then informat = strip(informat)!!strip(put(informl, best12.))!!'.'!!strip(put(informd, best12.));
23340      else informat = strip(informat)!!strip(put(informl, best12.))!!'.';
MPRINT(EMADVISECOLUMNS):   else informat = strip(informat)!!strip(put(informl, best12.))!!'.';
23341      end;
MPRINT(EMADVISECOLUMNS):   end;
23342      else informat = strip(put(informl, best12.))!!'.'!!strip(put(informd, best12.));
MPRINT(EMADVISECOLUMNS):   else informat = strip(put(informl, best12.))!!'.'!!strip(put(informd, best12.));
23343      end;
MPRINT(EMADVISECOLUMNS):   end;
23344      else if informat ne '' then informat = strip(informat)!!'.';
MPRINT(EMADVISECOLUMNS):   else if informat ne '' then informat = strip(informat)!!'.';
23345      if idxusage = 'NONE' then index ="N";
MPRINT(EMADVISECOLUMNS):   if idxusage = 'NONE' then index ="N";
23346      else index = "Y";
MPRINT(EMADVISECOLUMNS):   else index = "Y";
23347      indextype = idxusage;
MPRINT(EMADVISECOLUMNS):   indextype = idxusage;
23348      drop idxusage itype formatl formatd informl informd;
MPRINT(EMADVISECOLUMNS):   drop idxusage itype formatl formatd informl informd;
23349      run;
MPRINT(EMADVISECOLUMNS):   run;

NOTE: There were 34 observations read from the data set WORK.M2GC8A3D.
NOTE: The data set WORK.M2GC8A3D has 34 observations and 8 variables.
NOTE: DATA statement used (Total process time):
      real time           0.01 seconds
      cpu time            0.00 seconds
      

23350      data WORK.M2GC8A3D;
MPRINT(EMADVISECOLUMNS):    data WORK.M2GC8A3D;
23351      length UNAME $64;
MPRINT(EMADVISECOLUMNS):   length UNAME $64;
23352      set WORK.M2GC8A3D;
MPRINT(EMADVISECOLUMNS):   set WORK.M2GC8A3D;
23353      UNAME = upcase(NAME);
MPRINT(EMADVISECOLUMNS):   UNAME = upcase(NAME);
23354      run;
MPRINT(EMADVISECOLUMNS):   run;

NOTE: There were 34 observations read from the data set WORK.M2GC8A3D.
NOTE: The data set WORK.M2GC8A3D has 34 observations and 9 variables.
NOTE: DATA statement used (Total process time):
      real time           0.03 seconds
      cpu time            0.01 seconds
      

MPRINT(EMADVISECOLUMNS):    proc sort data=WORK.M1CP1KFX NOTHREADS;
MPRINT(EMADVISECOLUMNS):   by UNAME;
MPRINT(EMADVISECOLUMNS):   run;
23358      data WORK.M1CP1KFX;
MPRINT(EMADVISECOLUMNS):    data WORK.M1CP1KFX;
23359      drop UNAME;
MPRINT(EMADVISECOLUMNS):   drop UNAME;
23360      set WORK.M1CP1KFX;
MPRINT(EMADVISECOLUMNS):   set WORK.M1CP1KFX;
23361      run;
MPRINT(EMADVISECOLUMNS):   run;

NOTE: There were 34 observations read from the data set WORK.M1CP1KFX.
NOTE: The data set WORK.M1CP1KFX has 34 observations and 8 variables.
NOTE: DATA statement used (Total process time):
      real time           0.03 seconds
      cpu time            0.03 seconds
      

MPRINT(EMADVISECOLUMNS):    data WORK.M0UL3EQT(keep=NAME ATTR);
MPRINT(EMADVISECOLUMNS):   length ATTR $ 20;
MPRINT(EMADVISECOLUMNS):   set WORK.M1CP1KFX;
MPRINT(EMADVISECOLUMNS):   if level ne "INTERVAL" then do;
MPRINT(EMADVISECOLUMNS):   if order = ' ' then do;
MPRINT(EMADVISECOLUMNS):   attr = 'ORDER';
MPRINT(EMADVISECOLUMNS):   output;
MPRINT(EMADVISECOLUMNS):   end;
MPRINT(EMADVISECOLUMNS):   end;
MPRINT(EMADVISECOLUMNS):   if format ne ' ' and formattype = ' ' then do;
MPRINT(EMADVISECOLUMNS):   attr = 'FORMATTYPE';
MPRINT(EMADVISECOLUMNS):   output;
MPRINT(EMADVISECOLUMNS):   end;
MPRINT(EMADVISECOLUMNS):   if role = ' ' then do;
MPRINT(EMADVISECOLUMNS):   attr = 'ROLE';
MPRINT(EMADVISECOLUMNS):   output;
MPRINT(EMADVISECOLUMNS):   end;
MPRINT(EMADVISECOLUMNS):   if level = ' ' then do;
MPRINT(EMADVISECOLUMNS):   attr = 'LEVEL';
MPRINT(EMADVISECOLUMNS):   output;
MPRINT(EMADVISECOLUMNS):   end;
MPRINT(EMADVISECOLUMNS):   if type = ' ' then do;
MPRINT(EMADVISECOLUMNS):   attr = 'TYPE';
MPRINT(EMADVISECOLUMNS):   output;
MPRINT(EMADVISECOLUMNS):   end;
MPRINT(EMADVISECOLUMNS):   if index = ' ' then do;
MPRINT(EMADVISECOLUMNS):   attr = 'INDEX';
MPRINT(EMADVISECOLUMNS):   output;
MPRINT(EMADVISECOLUMNS):   end;
MPRINT(EMADVISECOLUMNS):   if report = ' ' then do;
MPRINT(EMADVISECOLUMNS):   attr = 'REPORT';
MPRINT(EMADVISECOLUMNS):   output;
MPRINT(EMADVISECOLUMNS):   end;
MPRINT(EMADVISECOLUMNS):   run;
MPRINT(EMADVISECOLUMNS):   proc sort NOTHREADS;
MPRINT(EMADVISECOLUMNS):   by attr;
MPRINT(EMADVISECOLUMNS):   run;
MPRINT(EMADVISECOLUMNS):    data WORK.M1CP1KFX;
MPRINT(EMADVISECOLUMNS):   length NAME $64 ROLE $ 32 LEVEL $ 10 ORDER $ 8 CREATOR $32 FORMATTYPE $ 10 FAMILY $ 10 LOWERLIMIT 8 UPPERLIMIT 8 REPORT $1 DISTRIBUTION $ 20 COMMENT $64;
MPRINT(EMADVISECOLUMNS):   length levelAssigned 8 roleAssigned 8 PRICE 8;
MPRINT(EMADVISECOLUMNS):   set WORK.M1CP1KFX;
MPRINT(EMADVISECOLUMNS):   if formattype = ' ' then do;
MPRINT(EMADVISECOLUMNS):   if format ne ' ' then do;
MPRINT(EMADVISECOLUMNS):   if type = 'N' then do;
MPRINT(EMADVISECOLUMNS):   pos = indexc(format,'.1234567890');
MPRINT(EMADVISECOLUMNS):   if pos > 1 then tempfmt = substr(format,1, pos-1);
MPRINT(EMADVISECOLUMNS):   else tempfmt = ' ';
MPRINT(EMADVISECOLUMNS):   flen = length(tempfmt);
MPRINT(EMADVISECOLUMNS):   select;
MPRINT(EMADVISECOLUMNS):   when(tempfmt in ("DATE" "DAY" "DDMMYY" "DOWNAME" "JULDAY" "JULIAN" "MMDDYY" "MMDDYYD" "MMDDYYC" "MMDDYYN" "MMDDYYP" "MMDDYYS" "MONNAME" "MONTH" "MONYY" "NENGO" "QTR" "QTRR" "WEEKDATE" "WEEKDATX" "WEEKDAY" "WORDDATE" "WORDDATX" 
"YEAR" "YYMMDD" "YYMON" "YYMMDDC" "YYMMDDD" "YYMMDDN" "YYMMDDP" "YYMMDDS" "EURDFDE" "NJDATE" "NLDATE" "EURDFDD" "EURDFDWN" "EURDFMN" "EURDFMY" "EURDFWK" "EURDFWKX" "EURDFWDX" "EURDFDN" "EURDFDE" )) formattype = 'DATE';
MPRINT(EMADVISECOLUMNS):   when(tempfmt in ("DATETIME" "EURDFDT" "TOD" )) formattype = "DATETIME";
MPRINT(EMADVISECOLUMNS):   when(tempfmt in ("HHMM" "HOUR" "MMSS" "TIME" "TIMEAMPM" )) formattype = "TIME";
MPRINT(EMADVISECOLUMNS):   when(tempfmt in ("COMMA" "COMMAX" "DOLLAR" "DOLLARX" "E" "FRACT" "NEGPAREN" "PERCENT")) formattype="QUANTITY";
MPRINT(EMADVISECOLUMNS):   when(tempfmt in ("BINARY" "HEX" "IB" "OCTAL" "PD" "PIB" "PK" "RB" "SSN" "Z" "ZD")) formattype = "CODING";
MPRINT(EMADVISECOLUMNS):   otherwise do;
MPRINT(EMADVISECOLUMNS):   formattype = "USER";
MPRINT(EMADVISECOLUMNS):   if compress(tempfmt, '0123456789.', '') = '' then formattype='NUM';
MPRINT(EMADVISECOLUMNS):   else if substr(tempfmt, 1, 6)='NLDATE' then formattype = "DATE";
MPRINT(EMADVISECOLUMNS):   else if substr(tempfmt, 1, 6)='NLDATM' then formattype = "DATETIME";
MPRINT(EMADVISECOLUMNS):   else if substr(tempfmt, 1, 4)='NLTIM' then formattype = "TIME";
MPRINT(EMADVISECOLUMNS):   else if flen >= 4 then do;
MPRINT(EMADVISECOLUMNS):   str = substr(tempfmt,1,4);
MPRINT(EMADVISECOLUMNS):   if str in ("MMYY" "YYMM" "YYQR") then formattype ="DATE";
MPRINT(EMADVISECOLUMNS):   else if str = "S370" then formattype = "CODING";
MPRINT(EMADVISECOLUMNS):   else if str = "BEST" then formattype = "NUM";
MPRINT(EMADVISECOLUMNS):   drop str;
MPRINT(EMADVISECOLUMNS):   end;
MPRINT(EMADVISECOLUMNS):   else if flen >=3 and substr(tempfmt,1,3) = "YYQ" then formatType = "DATE";
MPRINT(EMADVISECOLUMNS):   end;
MPRINT(EMADVISECOLUMNS):   end;
MPRINT(EMADVISECOLUMNS):   drop flen tempfmt pos;
MPRINT(EMADVISECOLUMNS):   end;
MPRINT(EMADVISECOLUMNS):   else do;
MPRINT(EMADVISECOLUMNS):   formatType = "CATEGORY";
MPRINT(EMADVISECOLUMNS):   end;
MPRINT(EMADVISECOLUMNS):   end;
MPRINT(EMADVISECOLUMNS):   if formatType = "NUM" then do;
MPRINT(EMADVISECOLUMNS):   if index = "Y" then formatType = "DISCRETE";
MPRINT(EMADVISECOLUMNS):   else formatType = "QUANTITY";
MPRINT(EMADVISECOLUMNS):   end;
MPRINT(EMADVISECOLUMNS):   end;
MPRINT(EMADVISECOLUMNS):   if level = ' ' then do;
MPRINT(EMADVISECOLUMNS):   if formatType in ("CATEGORY", "CODING", "ID") or type = "C" then level = "NOMINAL";
MPRINT(EMADVISECOLUMNS):   else level = "INTERVAL";
MPRINT(EMADVISECOLUMNS):   levelAssigned = 1;
MPRINT(EMADVISECOLUMNS):   end;
MPRINT(EMADVISECOLUMNS):   else level = upcase(level);
MPRINT(EMADVISECOLUMNS):   if role = ' ' then do;
MPRINT(EMADVISECOLUMNS):   length name_prefix $8 _uname $64;
MPRINT(EMADVISECOLUMNS):   drop name_prefix _uname _freqflag;
MPRINT(EMADVISECOLUMNS):   retain _freqflag;
MPRINT(EMADVISECOLUMNS):   if LENGTH> 80 then ROLE = 'TEXT';
MPRINT(EMADVISECOLUMNS):   _uname = upcase(NAME);
MPRINT(EMADVISECOLUMNS):   select(_uname);
MPRINT(EMADVISECOLUMNS):   when('_PARTIND_') do;
MPRINT(EMADVISECOLUMNS):   ROLE = 'ID';
MPRINT(EMADVISECOLUMNS):   LEVEL = 'NOMINAL';
MPRINT(EMADVISECOLUMNS):   end;
MPRINT(EMADVISECOLUMNS):   when('_WARN_') ROLE = 'ASSESS';
MPRINT(EMADVISECOLUMNS):   when('EM_SEGMENT') do;
MPRINT(EMADVISECOLUMNS):   ROLE = 'SEGMENT';
MPRINT(EMADVISECOLUMNS):   LEVEL = 'NOMINAL';
MPRINT(EMADVISECOLUMNS):   end;
MPRINT(EMADVISECOLUMNS):   when('_NODE_') do;
MPRINT(EMADVISECOLUMNS):   ROLE = 'SEGMENT';
MPRINT(EMADVISECOLUMNS):   LEVEL = 'NOMINAL';
MPRINT(EMADVISECOLUMNS):   end;
MPRINT(EMADVISECOLUMNS):   when('EM_CLASSTARGET') ROLE = 'ASSESS';
MPRINT(EMADVISECOLUMNS):   when('EM_VALUETARGET') ROLE = 'ASSESS';
MPRINT(EMADVISECOLUMNS):   when('EM_PREDICTION') ROLE = 'PREDICT';
MPRINT(EMADVISECOLUMNS):   when('EM_PROBABILITY') ROLE = 'PREDICT';
MPRINT(EMADVISECOLUMNS):   when('EM_EVENTPROBABILITY') ROLE = 'PREDICT';
MPRINT(EMADVISECOLUMNS):   when('EM_CLASSIFICATION') ROLE = 'CLASSIFICATION';
MPRINT(EMADVISECOLUMNS):   when('EM_DECISION') ROLE = 'DECISION';
MPRINT(EMADVISECOLUMNS):   when('EM_PROFIT') ROLE = 'ASSESS';
MPRINT(EMADVISECOLUMNS):   when('EM_LOSS') ROLE = 'ASSESS';
MPRINT(EMADVISECOLUMNS):   when('EM_ROI') ROLE = 'ASSESS';
MPRINT(EMADVISECOLUMNS):   when('URI') ROLE = 'URL';
MPRINT(EMADVISECOLUMNS):   when('FILTERED') ROLE = 'TEXTLOC';
MPRINT(EMADVISECOLUMNS):   otherwise do;
MPRINT(EMADVISECOLUMNS):   if upcase(NAME) =: 'ZIP' then do;
MPRINT(EMADVISECOLUMNS):   ROLE = 'REJECTED';
MPRINT(EMADVISECOLUMNS):   LEVEL = 'NOMINAL';
MPRINT(EMADVISECOLUMNS):   COMMENT = 'Rejected by: Exceed the maximum class level of %s';
MPRINT(EMADVISECOLUMNS):   end;
MPRINT(EMADVISECOLUMNS):   else if upcase(NAME) in('FREQ', 'FREQUENCY') then do;
MPRINT(EMADVISECOLUMNS):   ROLE = 'FREQ';
MPRINT(EMADVISECOLUMNS):   if TYPE = 'C' then ROLE = 'INPUT';
MPRINT(EMADVISECOLUMNS):   else if _freqflag =1 then ROLE='REJECTED';
MPRINT(EMADVISECOLUMNS):   end;
MPRINT(EMADVISECOLUMNS):   else do;
MPRINT(EMADVISECOLUMNS):   name_prefix = scan(_uname, 1, '_');
MPRINT(EMADVISECOLUMNS):   if scan(_uname, 2, '_') = '' then name_prefix='';
MPRINT(EMADVISECOLUMNS):   if name_prefix in('F', 'I', 'U') then do;
MPRINT(EMADVISECOLUMNS):   ROLE = 'CLASSIFICATION';
MPRINT(EMADVISECOLUMNS):   LEVEL = 'NOMINAL';
MPRINT(EMADVISECOLUMNS):   end;
MPRINT(EMADVISECOLUMNS):   else if name_prefix in('Q') then ROLE = 'ASSESS';
MPRINT(EMADVISECOLUMNS):   else if name_prefix in('P', 'V') then ROLE = 'PREDICT';
MPRINT(EMADVISECOLUMNS):   else if name_prefix in('R', 'RS', 'RT', 'RD', 'RDS', 'RDT', 'RA', 'RAS', 'RAT') then ROLE = 'RESIDUAL';
MPRINT(EMADVISECOLUMNS):   else if name_prefix ='D' then do;
MPRINT(EMADVISECOLUMNS):   ROLE = 'DECISION';
MPRINT(EMADVISECOLUMNS):   LEVEL = 'NOMINAL';
MPRINT(EMADVISECOLUMNS):   end;
MPRINT(EMADVISECOLUMNS):   else if name_prefix ='B' then do;
MPRINT(EMADVISECOLUMNS):   ROLE = 'SEGMENT';
MPRINT(EMADVISECOLUMNS):   LEVEL = 'NOMINAL';
MPRINT(EMADVISECOLUMNS):   end;
MPRINT(EMADVISECOLUMNS):   else if name_prefix in('EP', 'BP', 'CP', 'EL', 'CL', 'BL', 'W', 'ROI', 'IC') then ROLE = 'ASSESS';
MPRINT(EMADVISECOLUMNS):   else do;
MPRINT(EMADVISECOLUMNS):   array _ROLE_ (19) $32 _TEMPORARY_ ('ASSESS','CLASSIFICATION','CENSOR', 'COST', 'CROSSID', 'DECISION', 'ID','INPUT', 'LABEL', 'MISSING','PREDICT','REFERRER','REJECTED', 'RESIDUAL','SEGMENT', 'SEQUENCE','TARGET', 'TEXT', 'TIMEID');
MPRINT(EMADVISECOLUMNS):   drop _found_ i;
MPRINT(EMADVISECOLUMNS):   _found_=0;
MPRINT(EMADVISECOLUMNS):   do i=1 to 19 until(_found_=1);
MPRINT(EMADVISECOLUMNS):   if index(_uname, trim(_ROLE_{i}))=1 then do;
MPRINT(EMADVISECOLUMNS):   ROLE=_ROLE_{i};
MPRINT(EMADVISECOLUMNS):   if ROLE = 'ID' then LEVEL = 'NOMINAL';
MPRINT(EMADVISECOLUMNS):   else if ROLE = 'SEGMENT' then LEVEL = 'NOMINAL';
MPRINT(EMADVISECOLUMNS):   else if ROLE = 'TIMEID' and TYPE='N' then LEVEL = 'INTERVAL';
MPRINT(EMADVISECOLUMNS):   _found_=1;
MPRINT(EMADVISECOLUMNS):   end;
MPRINT(EMADVISECOLUMNS):   end;
MPRINT(EMADVISECOLUMNS):   if length(_uname)>2 then do;
MPRINT(EMADVISECOLUMNS):   if substr(reverse(trim(_uname)), 1, 3) = 'DI_' then do;
MPRINT(EMADVISECOLUMNS):   ROLE = 'ID';
MPRINT(EMADVISECOLUMNS):   LEVEL = 'NOMINAL';
MPRINT(EMADVISECOLUMNS):   end;
MPRINT(EMADVISECOLUMNS):   end;
MPRINT(EMADVISECOLUMNS):   end;
MPRINT(EMADVISECOLUMNS):   end;
MPRINT(EMADVISECOLUMNS):   end;
MPRINT(EMADVISECOLUMNS):   end;
MPRINT(EMADVISECOLUMNS):   if ROLE='FREQ' then _freqflag=1;
MPRINT(EMADVISECOLUMNS):   else if ROLE = 'CLASSIFICATION' then LEVEL = 'NOMINAL';
MPRINT(EMADVISECOLUMNS):   if symexist('RATEMKG_ROLE') then do;
MPRINT(EMADVISECOLUMNS):   if upcase(symget('RATEMKG_ROLE')) in('Y', 'YES') then do;
MPRINT(EMADVISECOLUMNS):   if _uname =: 'POLICY' then ROLE = 'POLICYID';
MPRINT(EMADVISECOLUMNS):   else if _uname in ('PARTITION', '_PARTIND_') then ROLE = 'PARTITION';
MPRINT(EMADVISECOLUMNS):   else if type = 'N' then do;
MPRINT(EMADVISECOLUMNS):   if _uname = 'EXPOSURE' then ROLE = 'EXPOSURE';
MPRINT(EMADVISECOLUMNS):   else if _uname = 'YEAR' then ROLE = 'YEAR';
MPRINT(EMADVISECOLUMNS):   else if _uname = 'WEIGHT' then ROLE = 'WEIGHT';
MPRINT(EMADVISECOLUMNS):   else if _uname = 'OFFSET' then ROLE = 'OFFSET';
MPRINT(EMADVISECOLUMNS):   end;
MPRINT(EMADVISECOLUMNS):   end;
MPRINT(EMADVISECOLUMNS):   end;
MPRINT(EMADVISECOLUMNS):   end;
MPRINT(EMADVISECOLUMNS):   if role = ' ' then do;
MPRINT(EMADVISECOLUMNS):   if formattype in('DATE', 'DATETIME', 'TIME') then role = 'TIMEID';
MPRINT(EMADVISECOLUMNS):   else role = 'INPUT';
MPRINT(EMADVISECOLUMNS):   roleAssigned = 1;
MPRINT(EMADVISECOLUMNS):   end;
MPRINT(EMADVISECOLUMNS):   else role = upcase(role);
MPRINT(EMADVISECOLUMNS):   if REPORT = '' then REPORT = 'N';
MPRINT(EMADVISECOLUMNS):   if symexist('dmwb_product') then do;
MPRINT(EMADVISECOLUMNS):   if upcase(symget('dmwb_product')) = 'FACTORYMINER_DATASOURCE' then do;
MPRINT(EMADVISECOLUMNS):   if ROLE ^in('INPUT', 'TARGET', 'REJECTED', 'SEGMENT', 'FREQ', 'ID', 'KEY') then ROLE='REJECTED';
MPRINT(EMADVISECOLUMNS):   end;
MPRINT(EMADVISECOLUMNS):   end;
MPRINT(EMADVISECOLUMNS):   run;
MPRINT(EMADVISECOLUMNS):    data WORK.M1CP1KFX;
MPRINT(EMADVISECOLUMNS):   set WORK.M1CP1KFX;
MPRINT(EMADVISECOLUMNS):   label NAME = "Variable Name" TYPE = "Type" ROLE = "Role" LEVEL= "Measurement Level" ORDER= "Order" CREATOR= "Creator" FORMATTYPE= "Format Type" FAMILY= "Family" DISTRIBUTION= "Distribution" PRICE= "Price" LOWERLIMIT= "Lower 
limit" UPPERLIMIT= "Upper Limit" REPORT= "Report" COMMENT= "Comment" INDEX= "Index" INDEXTYPE= "IndexType" LABEL= "Label" LENGTH= "Length";
MPRINT(EMADVISECOLUMNS):   label NEWNAME = "New Variable Name";
MPRINT(EMADVISECOLUMNS):   length NEWNAME $32;
MPRINT(EMADVISECOLUMNS):   NEWNAME=NAME;
MPRINT(EMADVISECOLUMNS):   if NAME ='MntBrandA _Material' then NEWNAME="MntBrandA__Material";
MPRINT(EMADVISECOLUMNS):   drop levelAssigned roleAssigned;
MPRINT(EMADVISECOLUMNS):   run;
NOTE: PROCEDURE DISPLAY used (Total process time):
      real time           0.63 seconds
      cpu time            0.37 seconds
      

MPRINT(EMADVISECOLUMNS):   
MPRINT(TRAIN):  ;
MPRINT(TRAIN):  ;
MPRINT(TRAIN):   data _null_;
MPRINT(TRAIN):   fname = '_text';
MPRINT(TRAIN):   rc=filename(fname, "C:\Users\misil\Desktop\DM 2\Project\WarGameStore_sasProject\Workspaces\EMWS1\FIMPORT2\VVNLABEL.sas");
MPRINT(TRAIN):   if ^rc and fexist(fname) then rc=fdelete(fname);
MPRINT(TRAIN):   rc=filename(fname);
MPRINT(TRAIN):   run;

NOTE: DATA statement used (Total process time):
      real time           0.01 seconds
      cpu time            0.00 seconds
      

MPRINT(TRAIN):   proc contents data=work.importfile noprint out=work._any(keep=VARNUM NAME LABEL);
MPRINT(TRAIN):   run;

NOTE: The data set WORK._ANY has 34 observations and 3 variables.
NOTE: PROCEDURE CONTENTS used (Total process time):
      real time           0.04 seconds
      cpu time            0.01 seconds
      

MPRINT(TRAIN):   proc sort data=work._any;
MPRINT(TRAIN):   by VARNUM;
MPRINT(TRAIN):   run;

NOTE: There were 34 observations read from the data set WORK._ANY.
NOTE: The data set WORK._ANY has 34 observations and 3 variables.
NOTE: PROCEDURE SORT used (Total process time):
      real time           0.01 seconds
      cpu time            0.00 seconds
      

MPRINT(TRAIN):   quit;
MPRINT(TRAIN):   options validvarname=V7;
MPRINT(PROCIMPORT):   proc import datafile=
filetype=*xlsx*
delimiter=*,*
MPRINT(PROCIMPORT):  "C:\Users\misil\Desktop\DM 2\Project\WarGameStore_sasProject\Workspaces\EMWS1\FIMPORT2\USERIMPORTFILE.xlsx" out=work.importfile2 dbms=xlsx replace;
MPRINT(PROCIMPORT):   RXLX;
MPRINT(PROCIMPORT):   run;

NOTE:    Variable Name Change.  MntBrandA _Material -> MntBrandA__Material             
NOTE: The import data set has 5000 observations and 34 variables.
NOTE: WORK.IMPORTFILE2 data set was successfully created.
NOTE: PROCEDURE IMPORT used (Total process time):
      real time           2.30 seconds
      cpu time            2.29 seconds
      

MPRINT(TRAIN):  ;
MPRINT(TRAIN):   options validvarname=ANY;
MPRINT(TRAIN):   proc contents data=work.importfile2 noprint out=work._v7(rename=(NAME=V7NAME) keep=VARNUM NAME LABEL);
MPRINT(TRAIN):   run;

NOTE: The data set WORK._V7 has 34 observations and 3 variables.
NOTE: PROCEDURE CONTENTS used (Total process time):
      real time           0.01 seconds
      cpu time            0.00 seconds
      

MPRINT(TRAIN):   proc sort data=work._v7;
MPRINT(TRAIN):   by varnum;
MPRINT(TRAIN):   run;

NOTE: There were 34 observations read from the data set WORK._V7.
NOTE: The data set WORK._V7 has 34 observations and 3 variables.
NOTE: PROCEDURE SORT used (Total process time):
      real time           0.01 seconds
      cpu time            0.00 seconds
      

MPRINT(TRAIN):   quit;
MPRINT(TRAIN):   filename _FI "C:\Users\misil\Desktop\DM 2\Project\WarGameStore_sasProject\Workspaces\EMWS1\FIMPORT2\VVNLABEL.sas";
MPRINT(TRAIN):   data work._names;
MPRINT(TRAIN):   length string $200;
MPRINT(TRAIN):   merge work._v7 work._any;
MPRINT(TRAIN):   by VARNUM;
MPRINT(TRAIN):   file _FI;
MPRINT(TRAIN):   if V7NAME ne NAME then do;
MPRINT(TRAIN):   string = trim(V7NAME)!!'= "'!!tranwrd(trim(NAME), '"', '""')!!'"n;';
MPRINT(TRAIN):   put string;
MPRINT(TRAIN):   if LABEL eq '' then do;
MPRINT(TRAIN):   string = 'Label '!!trim(V7NAME)!!"='"!!tranwrd(trim(NAME), "'", "''")!!"';";
MPRINT(TRAIN):   put string;
MPRINT(TRAIN):   end;
MPRINT(TRAIN):   string='drop "'!!tranwrd(trim(NAME), '"', '""')!!'"n;';
MPRINT(TRAIN):   put string;
MPRINT(TRAIN):   end;
MPRINT(TRAIN):   drop string;
MPRINT(TRAIN):   run;

NOTE: The file _FI is:
      Filename=C:\Users\misil\Desktop\DM 2\Project\WarGameStore_sasProject\Workspaces\EMWS1\FIMPORT2\VVNLABEL.sas,
      RECFM=V,LRECL=32767,File Size (bytes)=0,
      Last Modified=27 May 2018 15:21:15 o'clock,
      Create Time=22 May 2018 22:22:54 o'clock

NOTE: 2 records were written to the file _FI.
      The minimum record length was 28.
      The maximum record length was 44.
NOTE: There were 34 observations read from the data set WORK._V7.
NOTE: There were 34 observations read from the data set WORK._ANY.
NOTE: The data set WORK._NAMES has 34 observations and 4 variables.
NOTE: DATA statement used (Total process time):
      real time           0.03 seconds
      cpu time            0.03 seconds
      

MPRINT(TRAIN):   data EMWS1.FIMPORT2_DATA;
MPRINT(TRAIN):   set EMWS1.FIMPORT2_DATA;
MPRINT(TRAIN):   filename _FI "C:\Users\misil\Desktop\DM 2\Project\WarGameStore_sasProject\Workspaces\EMWS1\FIMPORT2\VVNLABEL.sas";
NOTE: %INCLUDE (level 1) file _FI is file C:\Users\misil\Desktop\DM 2\Project\WarGameStore_sasProject\Workspaces\EMWS1\FIMPORT2\VVNLABEL.sas.
23616     +MntBrandA__Material= "MntBrandA _Material"n;
MPRINT(TRAIN):   MntBrandA__Material= "MntBrandA _Material"n;
23617     +drop "MntBrandA _Material"n;
MPRINT(TRAIN):   drop "MntBrandA _Material"n;
NOTE: %INCLUDE (level 1) ending.
MPRINT(TRAIN):   filename _FI;
NOTE: Fileref _FI has been deassigned.
MPRINT(TRAIN):   run;

NOTE: There were 5000 observations read from the data set EMWS1.FIMPORT2_DATA.
NOTE: The data set EMWS1.FIMPORT2_DATA has 5000 observations and 34 variables.
NOTE: DATA statement used (Total process time):
      real time           0.03 seconds
      cpu time            0.01 seconds
      

MPRINT(TRAIN):   proc sort data=EMWS1.FIMPORT2_EMCMETADEFAULT;
MPRINT(TRAIN):   by NAME;
MPRINT(TRAIN):   run;

NOTE: There were 34 observations read from the data set EMWS1.FIMPORT2_EMCMETADEFAULT.
NOTE: The data set EMWS1.FIMPORT2_EMCMETADEFAULT has 34 observations and 21 variables.
NOTE: PROCEDURE SORT used (Total process time):
      real time           0.00 seconds
      cpu time            0.00 seconds
      

MPRINT(TRAIN):   proc sort data=work._names;
MPRINT(TRAIN):   by NAME;
MPRINT(TRAIN):   run;

NOTE: There were 34 observations read from the data set WORK._NAMES.
NOTE: The data set WORK._NAMES has 34 observations and 4 variables.
NOTE: PROCEDURE SORT used (Total process time):
      real time           0.01 seconds
      cpu time            0.01 seconds
      

MPRINT(TRAIN):   data EMWS1.FIMPORT2_EMCMETADEFAULT;
MPRINT(TRAIN):   merge EMWS1.FIMPORT2_EMCMETADEFAULT _names;
MPRINT(TRAIN):   by NAME;
MPRINT(TRAIN):   length DROP $1;
MPRINT(TRAIN):   DROP='N';
MPRINT(TRAIN):   if NEWNAME ne NAME then do;
MPRINT(TRAIN):   if LABEL eq '' then do;
MPRINT(TRAIN):   LABEL = NAME;
MPRINT(TRAIN):   end;
MPRINT(TRAIN):   NAME=V7NAME;
MPRINT(TRAIN):   end;
MPRINT(TRAIN):   drop NEWNAME V7NAME VARNUM;
MPRINT(TRAIN):   run;

NOTE: There were 34 observations read from the data set EMWS1.FIMPORT2_EMCMETADEFAULT.
NOTE: There were 34 observations read from the data set WORK._NAMES.
NOTE: The data set EMWS1.FIMPORT2_EMCMETADEFAULT has 34 observations and 21 variables.
NOTE: DATA statement used (Total process time):
      real time           0.03 seconds
      cpu time            0.03 seconds
      

MPRINT(TRAIN):   proc datasets lib=work nolist;
MPRINT(TRAIN):   delete _any _v7 _names importfile2;
MPRINT(TRAIN):   run;

NOTE: Deleting WORK._ANY (memtype=DATA).
NOTE: Deleting WORK._V7 (memtype=DATA).
NOTE: Deleting WORK._NAMES (memtype=DATA).
NOTE: Deleting WORK.IMPORTFILE2 (memtype=DATA).
MPRINT(TRAIN):   quit;

NOTE: PROCEDURE DATASETS used (Total process time):
      real time           0.03 seconds
      cpu time            0.01 seconds
      

MPRINT(EMADVISETABLE):   proc display c=sashelp.emmeta.advisetable.scl;
MPRINT(EMADVISETABLE):   run;

23618      %let SYSCC = 0;
23619      data EMWS1.FIMPORT2_EMTMETADEFAULT;
MPRINT(EMADVISETABLE):    data EMWS1.FIMPORT2_EMTMETADEFAULT;
23620      length LIBNAME $8;
MPRINT(EMADVISETABLE):   length LIBNAME $8;
23621      LIBNAME = "EMWS1";
MPRINT(EMADVISETABLE):   LIBNAME = "EMWS1";
23622      run;
MPRINT(EMADVISETABLE):   run;

NOTE: The data set EMWS1.FIMPORT2_EMTMETADEFAULT has 1 observations and 1 variables.
NOTE: DATA statement used (Total process time):
      real time           0.03 seconds
      cpu time            0.03 seconds
      

MPRINT(EMADVISETABLE):    data _null_;
MPRINT(EMADVISETABLE):   dsid = open("EMWS1.FIMPORT2_DATA");
MPRINT(EMADVISETABLE):   call symput("_DSID", put(dsid,BEST.));
MPRINT(EMADVISETABLE):   if dsid > 0 then dsid = close(dsid);
MPRINT(EMADVISETABLE):   run;
MPRINT(EMADVISETABLE):    ods output enginehost=em_tablehost;
MPRINT(EMADVISETABLE):   ods listing close;
MPRINT(EMADVISETABLE):   proc contents data=EMWS1.FIMPORT2_DATA;
MPRINT(EMADVISETABLE):   run;
MPRINT(EMADVISETABLE):   ods listing;
MPRINT(EMADVISETABLE):    data WORK.M0D29BA9;
MPRINT(EMADVISETABLE):   length MEMNAME $ 32 MEMTYPE $ 8 MEMLABEL $ 256 TYPEMEM $ 8 ENGINE $ 8 CRDATE 8 MODATE 8 NOBS 8 NCOLS 8 NBYTES 8 ROLE $ 20 USEEXTERNALDATA $1 SAMPLINGRATE 8 SEGMENT $ 20;
MPRINT(EMADVISETABLE):   set WORK.M0D29BA9(obs=1);
MPRINT(EMADVISETABLE):   nobs = 5000;
MPRINT(EMADVISETABLE):   ncols = 34;
MPRINT(EMADVISETABLE):   nbytes = 1311744;
MPRINT(EMADVISETABLE):   memname = "FIMPORT2_DATA";
MPRINT(EMADVISETABLE):   memtype = "DATA    ";
MPRINT(EMADVISETABLE):   memlabel = "";
MPRINT(EMADVISETABLE):   typemem = "DATA    ";
MPRINT(EMADVISETABLE):   engine = "V9      ";
MPRINT(EMADVISETABLE):   crdate = 1843053675.19;
MPRINT(EMADVISETABLE):   modate = 1843053675.19;
MPRINT(EMADVISETABLE):   format crdate datetime16.;
MPRINT(EMADVISETABLE):   format modate datetime16.;
MPRINT(EMADVISETABLE):   if role = ' ' then role = 'TRAIN';
MPRINT(EMADVISETABLE):   output;
MPRINT(EMADVISETABLE):   run;
NOTE: PROCEDURE DISPLAY used (Total process time):
      real time           0.32 seconds
      cpu time            0.18 seconds
      

MPRINT(EMADVISETABLE):   
MPRINT(TRAIN):  ;
MPRINT(TRAIN):   data _temp;
MPRINT(TRAIN):   set EMWS1.FIMPORT2_EMTMETADEFAULT(rename=(ROLE=PORT MEMNAME=DATASET CRDATE=MODTIME));
MPRINT(TRAIN):   keep PORT LIBNAME DATASET MODTIME COLUMNMETA COLUMNMETAMODTIME NOBS;
MPRINT(TRAIN):   PORT='DATA';
MPRINT(TRAIN):   COLUMNMETA="FIMPORT2_EMCMETADEFAULT";
MPRINT(TRAIN):   COLUMNMETAMODTIME=MODTIME;
MPRINT(TRAIN):   run;

NOTE: There were 1 observations read from the data set EMWS1.FIMPORT2_EMTMETADEFAULT.
NOTE: The data set WORK._TEMP has 1 observations and 7 variables.
NOTE: DATA statement used (Total process time):
      real time           0.03 seconds
      cpu time            0.01 seconds
      

MPRINT(TRAIN):   proc sort data=EMWS1.FIMPORT2_ImportSet;
MPRINT(TRAIN):   by PORT;
MPRINT(TRAIN):   run;

NOTE: There were 15 observations read from the data set EMWS1.FIMPORT2_IMPORTSET.
NOTE: The data set EMWS1.FIMPORT2_IMPORTSET has 15 observations and 14 variables.
NOTE: PROCEDURE SORT used (Total process time):
      real time           0.03 seconds
      cpu time            0.01 seconds
      

MPRINT(TRAIN):   data EMWS1.FIMPORT2_ImportSet;
MPRINT(TRAIN):   merge EMWS1.FIMPORT2_ImportSet _temp;
MPRINT(TRAIN):   by PORT;
MPRINT(TRAIN):   if PORT='DATA' then ROLE="SCORE";
MPRINT(TRAIN):   run;

NOTE: There were 15 observations read from the data set EMWS1.FIMPORT2_IMPORTSET.
NOTE: There were 1 observations read from the data set WORK._TEMP.
NOTE: The data set EMWS1.FIMPORT2_IMPORTSET has 15 observations and 14 variables.
NOTE: DATA statement used (Total process time):
      real time           0.03 seconds
      cpu time            0.01 seconds
      

MPRINT(TRAIN):  ;
MPRINT(TRAIN):   filename x "C:\Users\misil\Desktop\DM 2\Project\WarGameStore_sasProject\Workspaces\EMWS1\FIMPORT2\VARIABLESETDELTA.txt";
MPRINT(TRAIN):   data EMWS1.FIMPORT2_VariableSet;
MPRINT(TRAIN):   set EMWS1.FIMPORT2_EMCMETADEFAULT;
NOTE: %INCLUDE (level 1) file X is file C:\Users\misil\Desktop\DM 2\Project\WarGameStore_sasProject\Workspaces\EMWS1\FIMPORT2\VARIABLESETDELTA.txt.
NOTE: %INCLUDE (level 1) ending.
MPRINT(TRAIN):   run;

NOTE: There were 34 observations read from the data set EMWS1.FIMPORT2_EMCMETADEFAULT.
NOTE: The data set EMWS1.FIMPORT2_VARIABLESET has 34 observations and 21 variables.
NOTE: DATA statement used (Total process time):
      real time           0.03 seconds
      cpu time            0.01 seconds
      

MPRINT(TRAIN):   filename x;
NOTE: Fileref X has been deassigned.
MPRINT(TRAIN):   proc compare compare=EMWS1.FIMPORT2_VariableSet base=EMWS1.FIMPORT2_EMCMETADEFAULT noprint outnoequal outbase outcomp out=_DiffMeta noprint;
MPRINT(TRAIN):   id NAME;
MPRINT(TRAIN):   run;

NOTE: There were 34 observations read from the data set EMWS1.FIMPORT2_VARIABLESET.
NOTE: There were 34 observations read from the data set EMWS1.FIMPORT2_EMCMETADEFAULT.
NOTE: The data set WORK._DIFFMETA has 0 observations and 23 variables.
NOTE: PROCEDURE COMPARE used (Total process time):
      real time           0.03 seconds
      cpu time            0.01 seconds
      

MPRINT(TRAIN):   filename x1 "C:\Users\misil\Desktop\DM 2\Project\WarGameStore_sasProject\Workspaces\EMWS1\FIMPORT2\CDELTA_TRAIN.sas";
MPRINT(TRAIN):   data _null_;
MPRINT(TRAIN):   length string $200;
MPRINT(TRAIN):   set _DiffMeta end=eof;
MPRINT(TRAIN):   where _type_='COMPARE';
MPRINT(TRAIN):   file x1;
MPRINT(TRAIN):   string = 'if NAME="'!!strip(NAME)!!'" then do;';
MPRINT(TRAIN):   put string;
MPRINT(TRAIN):   string = '   ROLE="'!!strip(ROLE)!!'";';
MPRINT(TRAIN):   put string;
MPRINT(TRAIN):   string= '   LEVEL="'!!strip(LEVEL)!!'";';
MPRINT(TRAIN):   put string;
MPRINT(TRAIN):   string = '   ORDER="'!!strip(ORDER)!!'";';
MPRINT(TRAIN):   put string;
MPRINT(TRAIN):   put 'end;';
MPRINT(TRAIN):   if drop='Y' then do;
MPRINT(TRAIN):   string='if NAME="'!!strip(NAME)!!'" then delete;';
MPRINT(TRAIN):   put string;
MPRINT(TRAIN):   end;
MPRINT(TRAIN):   if eof then put 'drop DROP;';
MPRINT(TRAIN):   run;

NOTE: The file X1 is:
      Filename=C:\Users\misil\Desktop\DM 2\Project\WarGameStore_sasProject\Workspaces\EMWS1\FIMPORT2\CDELTA_TRAIN.sas,
      RECFM=V,LRECL=32767,File Size (bytes)=0,
      Last Modified=27 May 2018 15:21:15 o'clock,
      Create Time=22 May 2018 22:21:29 o'clock

NOTE: 0 records were written to the file X1.
NOTE: There were 0 observations read from the data set WORK._DIFFMETA.
      WHERE _type_='COMPARE';
NOTE: DATA statement used (Total process time):
      real time           0.01 seconds
      cpu time            0.01 seconds
      

MPRINT(TRAIN):  ;
MPRINT(TRAIN):   filename x2 "C:\Users\misil\Desktop\DM 2\Project\WarGameStore_sasProject\Workspaces\EMWS1\FIMPORT2\DELTACODE.txt";
MPRINT(EM_COPYFILE):   data _null_;
MPRINT(EM_COPYFILE):   length line $20000;
MPRINT(EM_COPYFILE):   file x2 lrecl=20000;
MPRINT(EM_COPYFILE):   fid=fopen("x1",'i',20000,'v');
MPRINT(EM_COPYFILE):   if fid > 0 then do;
MPRINT(EM_COPYFILE):   do while(^fread(fid));
MPRINT(EM_COPYFILE):   rlen = frlen(fid);
MPRINT(EM_COPYFILE):   rc= fget(fid,line,20000);
MPRINT(EM_COPYFILE):   start = length(line)-length(left(line))+1;
MPRINT(EM_COPYFILE):   line=strip(line);
MPRINT(EM_COPYFILE):   put @start line;
MPRINT(EM_COPYFILE):   end;
MPRINT(EM_COPYFILE):   if fid > 0 then rc=fclose(fid);
MPRINT(EM_COPYFILE):   end;
MPRINT(EM_COPYFILE):   run;

NOTE: The file X2 is:
      Filename=C:\Users\misil\Desktop\DM 2\Project\WarGameStore_sasProject\Workspaces\EMWS1\FIMPORT2\DELTACODE.txt,
      RECFM=V,LRECL=20000,File Size (bytes)=0,
      Last Modified=27 May 2018 15:21:15 o'clock,
      Create Time=22 May 2018 22:22:54 o'clock

NOTE: 0 records were written to the file X2.
NOTE: DATA statement used (Total process time):
      real time           0.00 seconds
      cpu time            0.00 seconds
      

MPRINT(TRAIN):  ;
MPRINT(TRAIN):   filename x1;
NOTE: Fileref X1 has been deassigned.
MPRINT(TRAIN):   filename x2;
NOTE: Fileref X2 has been deassigned.
MPRINT(TRAIN):  ;
MPRINT(TRAIN):   filename x "C:\Users\misil\Desktop\DM 2\Project\WarGameStore_sasProject\Workspaces\EMWS1\FIMPORT2\VARIABLESETDELTA.txt";
MPRINT(TRAIN):   data _null_;
MPRINT(TRAIN):   length string $200;
MPRINT(TRAIN):   set _DiffMeta end=eof;
MPRINT(TRAIN):   where _type_='COMPARE';
MPRINT(TRAIN):   file x;
MPRINT(TRAIN):   string = 'if NAME="'!!strip(NAME)!!'" then do;';
MPRINT(TRAIN):   put string;
MPRINT(TRAIN):   string = '   ROLE="'!!strip(ROLE)!!'";';
MPRINT(TRAIN):   put string;
MPRINT(TRAIN):   string= '   LEVEL="'!!strip(LEVEL)!!'";';
MPRINT(TRAIN):   put string;
MPRINT(TRAIN):   string = '   ORDER="'!!strip(ORDER)!!'";';
MPRINT(TRAIN):   put string;
MPRINT(TRAIN):   string = '   DROP="'!!strip(DROP)!!'";';
MPRINT(TRAIN):   put string;
MPRINT(TRAIN):   put 'end;';
MPRINT(TRAIN):   run;

NOTE: The file X is:
      Filename=C:\Users\misil\Desktop\DM 2\Project\WarGameStore_sasProject\Workspaces\EMWS1\FIMPORT2\VARIABLESETDELTA.txt,
      RECFM=V,LRECL=32767,File Size (bytes)=0,
      Last Modified=27 May 2018 15:21:15 o'clock,
      Create Time=22 May 2018 22:22:54 o'clock

NOTE: 0 records were written to the file X.
NOTE: There were 0 observations read from the data set WORK._DIFFMETA.
      WHERE _type_='COMPARE';
NOTE: DATA statement used (Total process time):
      real time           0.00 seconds
      cpu time            0.00 seconds
      

MPRINT(TRAIN):   filename x;
NOTE: Fileref X has been deassigned.
MPRINT(TRAIN):   proc datasets lib=work nolist;
MPRINT(TRAIN):   delete _DiffMeta;
MPRINT(TRAIN):   run;

NOTE: Deleting WORK._DIFFMETA (memtype=DATA).

NOTE: PROCEDURE DATASETS used (Total process time):
      real time           0.01 seconds
      cpu time            0.01 seconds
      

MPRINT(TRAIN):   data EMWS1.FIMPORT2_ExportSet;
MPRINT(TRAIN):   set EMWS1.FIMPORT2_ExportSet;
MPRINT(TRAIN):   if NODEPORT='TRAIN' then do;
MPRINT(TRAIN):   ROLE="SCORE";
MPRINT(TRAIN):   COLUMNMETAMODTIME=datetime();
MPRINT(TRAIN):   MODTIME=datetime();
MPRINT(TRAIN):   DATASET="FIMPORT2_train";
MPRINT(TRAIN):   COLUMNMETA="FIMPORT2_CMeta_TRAIN";
MPRINT(TRAIN):   DELTACODE="CDelta_TRAIN";
MPRINT(TRAIN):   APPLYDELTA='Y';
MPRINT(TRAIN):   EXPORT='Y';
MPRINT(TRAIN):   NEEDUPDATE='Y';
MPRINT(TRAIN):   EMINFO='';
MPRINT(TRAIN):   EMINFOMODTIME=.;
MPRINT(TRAIN):   end;
MPRINT(TRAIN):   run;

NOTE: There were 6 observations read from the data set EMWS1.FIMPORT2_EXPORTSET.
NOTE: The data set EMWS1.FIMPORT2_EXPORTSET has 6 observations and 18 variables.
NOTE: DATA statement used (Total process time):
      real time           0.01 seconds
      cpu time            0.00 seconds
      

MPRINT(TRAIN):   proc contents data=EMWS1.FIMPORT2_DATA;
MPRINT(TRAIN):   run;

NOTE: PROCEDURE CONTENTS used (Total process time):
      real time           0.01 seconds
      cpu time            0.01 seconds
      
NOTE: The PROCEDURE CONTENTS printed page 2.

MPRINT(TRAIN):   proc datasets library=work nolist;
MPRINT(TRAIN):   delete importfile importattrs new;
MPRINT(TRAIN):   quit;

NOTE: The file WORK.NEW (memtype=DATA) was not found, but appears on a DELETE statement.
NOTE: Deleting WORK.IMPORTFILE (memtype=DATA).
NOTE: Deleting WORK.IMPORTATTRS (memtype=DATA).
NOTE: PROCEDURE DATASETS used (Total process time):
      real time           0.01 seconds
      cpu time            0.00 seconds
      

MPRINT(TRAIN):   run;
MPRINT(TRAIN):   options validvarname=V7;
MPRINT(MAIN):  ;
MPRINT(EM_DIAGRAM):  ;
MPRINT(EM_DIAGRAM):   *------------------------------------------------------------*;
MPRINT(EM_DIAGRAM):   * End TRAIN: FIMPORT2;
MPRINT(EM_DIAGRAM):   *------------------------------------------------------------*;
23651      *------------------------------------------------------------*;
23652      * End TRAIN: FIMPORT2;
23653      *------------------------------------------------------------*;

23654      *------------------------------------------------------------*;
MPRINT(EM_DIAGRAM):    *------------------------------------------------------------*;
23655      * Close any missing semi colons;
MPRINT(EM_DIAGRAM):   * Close any missing semi colons;
23656      *------------------------------------------------------------*;
MPRINT(EM_DIAGRAM):   *------------------------------------------------------------*;
23657      ;
MPRINT(EM_DIAGRAM):   ;
23658      ;
MPRINT(EM_DIAGRAM):   ;
23659      ;
MPRINT(EM_DIAGRAM):   ;
23660      ;
MPRINT(EM_DIAGRAM):   ;
23661      quit;
MPRINT(EM_DIAGRAM):   quit;
23662      *------------------------------------------------------------*;
MPRINT(EM_DIAGRAM):   *------------------------------------------------------------*;
23663      * Close any unbalanced quotes;
MPRINT(EM_DIAGRAM):   * Close any unbalanced quotes;
23664      *------------------------------------------------------------*;
MPRINT(EM_DIAGRAM):   *------------------------------------------------------------*;
23665      /*; *"; *'; */
23666      ;
MPRINT(EM_DIAGRAM):   ;
23667      run;
MPRINT(EM_DIAGRAM):   run;
23668      quit;
MPRINT(EM_DIAGRAM):   quit;
23669      /* Reset EM Options */
23670      options formchar="|----|+|---+=|-/\<>*";
MPRINT(EM_DIAGRAM):   options formchar="|----|+|---+=|-/\<>*";
23671      options nocenter ls=256 ps=10000;
MPRINT(EM_DIAGRAM):   options nocenter ls=256 ps=10000;
23672      goptions reset=all device=GIF NODISPLAY;
MPRINT(EM_DIAGRAM):   goptions reset=all device=GIF NODISPLAY;
MPRINT(EM_DIAGRAM):    proc printto;
MPRINT(EM_DIAGRAM):   run;
