 
                                                                                               
 
 
Fit Statistics

Target=DepVar Target Label=DepVar

   Fit
Statistics    Statistics Label                    Train    Validation

 _AIC_        Akaike's Information Criterion     389.52          .   
 _ASE_        Average Squared Error                0.03         0.03 
 _AVERR_      Average Error Function               0.11         0.10 
 _DFE_        Degrees of Freedom for Error      1690.00          .   
 _DFM_        Model Degrees of Freedom            14.00          .   
 _DFT_        Total Degrees of Freedom          1704.00          .   
 _DIV_        Divisor for ASE                   3408.00      1466.00 
 _ERR_        Error Function                     361.52       150.38 
 _FPE_        Final Prediction Error               0.03          .   
 _MAX_        Maximum Absolute Error               0.99         0.97 
 _MSE_        Mean Square Error                    0.03         0.03 
 _NOBS_       Sum of Frequencies                1704.00       733.00 
 _NW_         Number of Estimate Weights          14.00          .   
 _RASE_       Root Average Sum of Squares          0.18         0.18 
 _RFPE_       Root Final Prediction Error          0.18          .   
 _RMSE_       Root Mean Squared Error              0.18         0.18 
 _SBC_        Schwarz's Bayesian Criterion       465.69          .   
 _SSE_        Sum of Squared Errors              108.72        47.59 
 _SUMW_       Sum of Case Weights Times Freq    3408.00      1466.00 
 _MISC_       Misclassification Rate               0.05         0.05 
 
                                                                                               
 
 
Classification Table

Data Role=TRAIN Target Variable=DepVar Target Label=DepVar

                       Target        Outcome     Frequency       Total
Target    Outcome    Percentage    Percentage      Count      Percentage

  0          0         97.0946       97.6886        1437        84.3310 
  1          0          2.9054       18.4549          43         2.5235 
  0          1         15.1786        2.3114          34         1.9953 
  1          1         84.8214       81.5451         190        11.1502 


Data Role=VALIDATE Target Variable=DepVar Target Label=DepVar

                       Target        Outcome     Frequency       Total
Target    Outcome    Percentage    Percentage      Count      Percentage

  0          0         96.5625       97.7848        618         84.3111 
  1          0          3.4375       21.7822         22          3.0014 
  0          1         15.0538        2.2152         14          1.9100 
  1          1         84.9462       78.2178         79         10.7776 
 
                                                                                               
 
 
Event Classification Table

Data Role=TRAIN Target=DepVar Target Label=DepVar

  False       True        False       True
Negative    Negative    Positive    Positive

   43         1437         34          190  


Data Role=VALIDATE Target=DepVar Target Label=DepVar

  False       True        False       True
Negative    Negative    Positive    Positive

   22          618         14          79   
 
                                                                                               
 
 
Assessment Score Rankings

Data Role=TRAIN Target Variable=DepVar Target Label=DepVar

                                                                                    Mean
                            Cumulative       %      Cumulative     Number of     Posterior
Depth      Gain     Lift       Lift      Response   % Response   Observations   Probability

   5    605.819   7.05819     7.05819     96.5116     96.5116         86          0.99110  
  10    588.563   6.71103     6.88563     91.7647     94.1520         85          0.87210  
  15    485.636   3.78571     5.85636     51.7647     80.0781         85          0.52145  
  20    376.115   1.46266     4.76115     20.0000     65.1026         85          0.21316  
  25    289.700   0.43019     3.89700      5.8824     53.2864         85          0.08060  
  30    231.384   0.42519     3.31384      5.8140     45.3125         86          0.02813  
  35    185.427   0.08604     2.85427      1.1765     39.0285         85          0.01185  
  40    149.853   0.00000     2.49853      0.0000     34.1642         85          0.00564  
  45    122.164   0.00000     2.22164      0.0000     30.3781         85          0.00273  
  50    100.000   0.00000     2.00000      0.0000     27.3474         85          0.00132  
  55     81.663   0.00000     1.81663      0.0000     24.8401         86          0.00060  
  60     66.569   0.00000     1.66569      0.0000     22.7761         85          0.00027  
  65     53.791   0.00000     1.53791      0.0000     21.0289         85          0.00013  
  70     42.833   0.00000     1.42833      0.0000     19.5306         85          0.00006  
  75     33.333   0.00000     1.33333      0.0000     18.2316         85          0.00002  
  80     24.927   0.00000     1.24927      0.0000     17.0821         86          0.00001  
  85     17.598   0.00000     1.17598      0.0000     16.0801         85          0.00000  
  90     11.082   0.00000     1.11082      0.0000     15.1890         85          0.00000  
  95      5.250   0.00000     1.05250      0.0000     14.3916         85          0.00000  
 100      0.000   0.00000     1.00000      0.0000     13.6737         85          0.00000  


Data Role=VALIDATE Target Variable=DepVar Target Label=DepVar

                                                                                    Mean
                            Cumulative       %      Cumulative     Number of     Posterior
Depth      Gain     Lift       Lift      Response   % Response   Observations   Probability

   5    625.743   7.25743     7.25743     100.000     100.000         37          0.99197  
  10    596.321   6.66899     6.96321      91.892      95.946         37          0.83259  
  15    454.203   2.62074     5.54203      36.111      76.364         36          0.48839  
  20    373.954   2.35376     4.73954      32.432      65.306         37          0.20210  
  25    294.425   0.78459     3.94425      10.811      54.348         37          0.06903  
  30    233.182   0.20160     3.33182       2.778      45.909         36          0.02942  
  35    185.214   0.00000     2.85214       0.000      39.300         37          0.01137  
  40    149.320   0.00000     2.49320       0.000      34.354         37          0.00511  
  45    122.121   0.00000     2.22121       0.000      30.606         36          0.00204  
  50     99.728   0.00000     1.99728       0.000      27.520         37          0.00098  
  55     81.436   0.00000     1.81436       0.000      25.000         37          0.00048  
  60     66.591   0.00000     1.66591       0.000      22.955         36          0.00019  
  65     53.669   0.00000     1.53669       0.000      21.174         37          0.00009  
  70     42.607   0.00000     1.42607       0.000      19.650         37          0.00005  
  75     33.273   0.00000     1.33273       0.000      18.364         36          0.00002  
  80     24.872   0.00000     1.24872       0.000      17.206         37          0.00001  
  85     17.468   0.00000     1.17468       0.000      16.186         37          0.00000  
  90     11.061   0.00000     1.11061       0.000      15.303         36          0.00000  
  95      5.165   0.00000     1.05165       0.000      14.491         37          0.00000  
 100      0.000   0.00000     1.00000       0.000      13.779         36          0.00000  
 
                                                                                               
 
 
Assessment Score Distribution

Data Role=TRAIN Target Variable=DepVar Target Label=DepVar

 Posterior     Number                     Mean
Probability      of      Number of     Posterior
   Range       Events    Nonevents    Probability    Percentage

 0.95-1.00       100           3        0.98535         6.0446 
 0.90-0.95        18           0        0.92394         1.0563 
 0.85-0.90        15           3        0.88018         1.0563 
 0.80-0.85        15           1        0.82565         0.9390 
 0.75-0.80        10           1        0.77118         0.6455 
 0.70-0.75         6           3        0.72719         0.5282 
 0.65-0.70         7           2        0.67935         0.5282 
 0.60-0.65         4           5        0.61875         0.5282 
 0.55-0.60         7           4        0.57766         0.6455 
 0.50-0.55         8          12        0.52045         1.1737 
 0.45-0.50         3           5        0.46483         0.4695 
 0.40-0.45         3           4        0.42445         0.4108 
 0.35-0.40         8           5        0.38431         0.7629 
 0.30-0.35         3          13        0.32140         0.9390 
 0.25-0.30         2           7        0.27791         0.5282 
 0.20-0.25         4          18        0.22467         1.2911 
 0.15-0.20         4          24        0.17672         1.6432 
 0.10-0.15         8          21        0.12530         1.7019 
 0.05-0.10         2          67        0.07399         4.0493 
 0.00-0.05         6        1273        0.00343        75.0587 


Data Role=VALIDATE Target Variable=DepVar Target Label=DepVar

 Posterior     Number                     Mean
Probability      of      Number of     Posterior
   Range       Events    Nonevents    Probability    Percentage

 0.95-1.00       42           0         0.98835         5.7299 
 0.90-0.95        4           0         0.92730         0.5457 
 0.85-0.90        6           0         0.87723         0.8186 
 0.80-0.85        6           0         0.82635         0.8186 
 0.75-0.80        8           2         0.77205         1.3643 
 0.70-0.75        6           1         0.72116         0.9550 
 0.65-0.70        1           1         0.69849         0.2729 
 0.60-0.65        3           3         0.62281         0.8186 
 0.55-0.60        1           3         0.57239         0.5457 
 0.50-0.55        2           4         0.51924         0.8186 
 0.40-0.45        3           3         0.42036         0.8186 
 0.35-0.40        0           4         0.37964         0.5457 
 0.30-0.35        4           5         0.32391         1.2278 
 0.25-0.30        4           4         0.27059         1.0914 
 0.20-0.25        4           5         0.21917         1.2278 
 0.15-0.20        1           7         0.17284         1.0914 
 0.10-0.15        2          11         0.12858         1.7735 
 0.05-0.10        3          23         0.07149         3.5471 
 0.00-0.05        1         556         0.00391        75.9891 
