 
                                                                                                                                                                                                                                                                
 
 
Variable Summary

            Measurement    Frequency
Role           Level         Count

INPUT        BINARY             2   
INPUT        INTERVAL          19   
INPUT        NOMINAL            2   
REJECTED     BINARY             5   
REJECTED     INTERVAL          15   
REJECTED     NOMINAL            6   
TARGET       BINARY             1   
 
                                                                                                                                                                                                                                                                
 
 
Model Events

                                  Number
                   Measurement      of
Target    Event       Level       Levels      Order       Label

DepVar      1        BINARY          2      Descending    DepVar
 
                                                                                                                                                                                                                                                                
 
 
Predicted and decision variables

Type         Variable     Label

TARGET       DepVar       DepVar             
PREDICTED    P_DepVar1    Predicted: DepVar=1
RESIDUAL     R_DepVar1    Residual: DepVar=1 
PREDICTED    P_DepVar0    Predicted: DepVar=0
RESIDUAL     R_DepVar0    Residual: DepVar=0 
FROM         F_DepVar     From: DepVar       
INTO         I_DepVar     Into: DepVar       
 
                                                                                                                                                                                                                                                                
 
 

The DMREG Procedure

                Model Information

Training Data Set              WORK.EM_DMREG.VIEW
DMDB Catalog                   WORK.REG_DMDB     
Target Variable                DepVar (DepVar)   
Target Measurement Level       Ordinal           
Number of Target Categories    2                 
Error                          MBernoulli        
Link Function                  Logit             
Number of Model Parameters     30                
Number of Observations         1704              


        Target Profile
 
 Ordered     Dep         Total
   Value     Var     Frequency

       1     1             233
       2     0            1471




Stepwise Selection Procedure


Step 0: Intercept entered.
 
                                                                                                                                                                                                                                                                
 
 

The DMREG Procedure

Newton-Raphson Ridge Optimization

Without Parameter Scaling

Parameter Estimates               1

                                             Optimization Start

Active Constraints                                  0  Objective Function                       679.88893071
Max Abs Gradient Element                  1.14575E-13                                                       

                                            Optimization Results

Iterations                                          0  Function Calls                                      3
Hessian Calls                                       1  Active Constraints                                  0
Objective Function                       679.88893071  Max Abs Gradient Element                  1.14575E-13
Ridge                                               0  Actual Over Pred Change                             0

Convergence criterion (ABSGCONV=0.00001) satisfied.                                               


     Likelihood Ratio Test for Global Null Hypothesis: BETA=0
 
     -2 Log Likelihood          Likelihood
  Intercept     Intercept &          Ratio
       Only      Covariates     Chi-Square       DF     Pr > ChiSq

   1359.778        1359.778         0.0000        0          .    




                                         Analysis of Maximum Likelihood Estimates
 
                                                          Standard          Wald                  Standardized
Parameter                               DF    Estimate       Error    Chi-Square    Pr > ChiSq        Estimate    Exp(Est)

Intercept                                1     -1.8427      0.0705        682.95        <.0001                       0.158




Step 1: Effect RANGE_campaign_acceptance entered.
 
                                                                                                                                                                                                                                                                
 
 

The DMREG Procedure

Newton-Raphson Ridge Optimization

Without Parameter Scaling

Parameter Estimates               2

                                             Optimization Start

Active Constraints                                  0  Objective Function                       679.88893071
Max Abs Gradient Element                 81.713615023                                                       


                                                                                                        Ratio
                                                                                                      Between
                                                                                                       Actual
                                                                 Objective     Max Abs                    and
                     Function         Active        Objective     Function    Gradient              Predicted
Iter     Restarts       Calls    Constraints         Function       Change     Element     Ridge       Change

   1            0           2              0        602.13091      77.7580     63.0799         0        0.564
   2            0           3              0        578.60586      23.5250      4.6044         0        0.875
   3            0           4              0        577.76043       0.8454      0.2160         0        1.018
   4            0           5              0        577.75976     0.000674    0.000280         0        1.001
   5            0           6              0        577.75976     7.32E-10    3.89E-10         0        0.986

                                            Optimization Results

Iterations                                          5  Function Calls                                      8
Hessian Calls                                       6  Active Constraints                                  0
Objective Function                       577.75975552  Max Abs Gradient Element                 3.885746E-10
Ridge                                               0  Actual Over Pred Change                   0.985554528

Convergence criterion (GCONV=1E-6) satisfied.                                                     


     Likelihood Ratio Test for Global Null Hypothesis: BETA=0
 
     -2 Log Likelihood          Likelihood
  Intercept     Intercept &          Ratio
       Only      Covariates     Chi-Square       DF     Pr > ChiSq

   1359.778        1155.520       204.2584        1         <.0001


                 Type 3 Analysis of Effects
 
                                           Wald
Effect                         DF    Chi-Square    Pr > ChiSq

RANGE_campaign_acceptance       1      179.8519        <.0001


                                         Analysis of Maximum Likelihood Estimates
 
                                                          Standard          Wald                  Standardized
Parameter                               DF    Estimate       Error    Chi-Square    Pr > ChiSq        Estimate    Exp(Est)

Intercept                                1     -2.4753      0.0968        653.32        <.0001                       0.084
RANGE_campaign_acceptance                1      4.8562      0.3621        179.85        <.0001          0.4645     128.541


                     Odds Ratio Estimates
                               
                                                         Point
Effect                                                Estimate

RANGE_campaign_acceptance                              128.541


Step 2: Effect RANGE_Recency entered.
 
                                                                                                                                                                                                                                                                
 
 

The DMREG Procedure

Newton-Raphson Ridge Optimization

Without Parameter Scaling

Parameter Estimates               3

                                             Optimization Start

Active Constraints                                  0  Objective Function                       679.88893071
Max Abs Gradient Element                 107.53330251                                                       


                                                                                                        Ratio
                                                                                                      Between
                                                                                                       Actual
                                                                 Objective     Max Abs                    and
                     Function         Active        Objective     Function    Gradient              Predicted
Iter     Restarts       Calls    Constraints         Function       Change     Element     Ridge       Change

   1            0           2              0        498.11309        181.8       107.3         0        0.785
   2            0           3              0        446.09863      52.0145     15.2231         0        1.089
   3            0           4              0        440.78269       5.3159      2.7548         0        1.120
   4            0           5              0        440.56787       0.2148      0.1334         0        1.030
   5            0           6              0        440.56740     0.000463    0.000310         0        1.001
   6            0           7              0        440.56740     2.336E-9     1.59E-9         0        1.000

                                            Optimization Results

Iterations                                          6  Function Calls                                      9
Hessian Calls                                       7  Active Constraints                                  0
Objective Function                       440.56740403  Max Abs Gradient Element                 1.5897382E-9
Ridge                                               0  Actual Over Pred Change                  0.9996574935

Convergence criterion (GCONV=1E-6) satisfied.                                                     


     Likelihood Ratio Test for Global Null Hypothesis: BETA=0
 
     -2 Log Likelihood          Likelihood
  Intercept     Intercept &          Ratio
       Only      Covariates     Chi-Square       DF     Pr > ChiSq

   1359.778         881.135       478.6431        2         <.0001


                 Type 3 Analysis of Effects
 
                                           Wald
Effect                         DF    Chi-Square    Pr > ChiSq

RANGE_Recency                   1      164.6721        <.0001
RANGE_campaign_acceptance       1      213.0389        <.0001


                                         Analysis of Maximum Likelihood Estimates
 
                                                          Standard          Wald                  Standardized
Parameter                               DF    Estimate       Error    Chi-Square    Pr > ChiSq        Estimate    Exp(Est)

Intercept                                1     -0.7188      0.1341         28.75        <.0001                       0.487
RANGE_Recency                            1     -5.7937      0.4515        164.67        <.0001         -0.9456       0.003
RANGE_campaign_acceptance                1      7.2990      0.5001        213.04        <.0001          0.6981     999.000


                     Odds Ratio Estimates
                               
                                                         Point
Effect                                                Estimate

RANGE_Recency                                            0.003
RANGE_campaign_acceptance                              999.000


Step 3: Effect MntCard_Games entered.
 
                                                                                                                                                                                                                                                                
 
 

The DMREG Procedure

Newton-Raphson Ridge Optimization

Without Parameter Scaling

Parameter Estimates               4

                                             Optimization Start

Active Constraints                                  0  Objective Function                       679.88893071
Max Abs Gradient Element                 107.53330251                                                       


                                                                                                        Ratio
                                                                                                      Between
                                                                                                       Actual
                                                                 Objective     Max Abs                    and
                     Function         Active        Objective     Function    Gradient              Predicted
Iter     Restarts       Calls    Constraints         Function       Change     Element     Ridge       Change

   1            0           2              0        441.55494        238.3       124.4         0        0.826
   2            0           3              0        372.04914      69.5058     25.0553         0        1.165
   3            0           4              0        358.74295      13.3062      6.2905         0        1.178
   4            0           5              0        357.34857       1.3944      0.7515         0        1.077
   5            0           6              0        357.32751       0.0211      0.0129         0        1.011
   6            0           7              0        357.32750     5.793E-6    3.683E-6         0        1.000

                                            Optimization Results

Iterations                                          6  Function Calls                                      9
Hessian Calls                                       7  Active Constraints                                  0
Objective Function                       357.32749973  Max Abs Gradient Element                 3.6826155E-6
Ridge                                               0  Actual Over Pred Change                  1.0001861104

Convergence criterion (GCONV=1E-6) satisfied.                                                     


     Likelihood Ratio Test for Global Null Hypothesis: BETA=0
 
     -2 Log Likelihood          Likelihood
  Intercept     Intercept &          Ratio
       Only      Covariates     Chi-Square       DF     Pr > ChiSq

   1359.778         714.655       645.1229        3         <.0001


                 Type 3 Analysis of Effects
 
                                           Wald
Effect                         DF    Chi-Square    Pr > ChiSq

MntCard_Games                   1      124.7041        <.0001
RANGE_Recency                   1      164.4712        <.0001
RANGE_campaign_acceptance       1      205.3101        <.0001


                                         Analysis of Maximum Likelihood Estimates
 
                                                          Standard          Wald                  Standardized
Parameter                               DF    Estimate       Error    Chi-Square    Pr > ChiSq        Estimate    Exp(Est)

Intercept                                1     -3.6378      0.3108        137.04        <.0001                       0.026
MntCard_Games                            1      8.1104      0.7263        124.70        <.0001          0.6790     999.000
RANGE_Recency                            1     -7.1936      0.5609        164.47        <.0001         -1.1741       0.001
RANGE_campaign_acceptance                1      8.7819      0.6129        205.31        <.0001          0.8399     999.000


                     Odds Ratio Estimates
                               
                                                         Point
Effect                                                Estimate

MntCard_Games                                          999.000
RANGE_Recency                                           <0.001
RANGE_campaign_acceptance                              999.000


Step 4: Effect NumDealsPurchases entered.
 
                                                                                                                                                                                                                                                                
 
 

The DMREG Procedure

Newton-Raphson Ridge Optimization

Without Parameter Scaling

Parameter Estimates               5

                                             Optimization Start

Active Constraints                                  0  Objective Function                       679.88893071
Max Abs Gradient Element                 107.53330251                                                       


                                                                                                        Ratio
                                                                                                      Between
                                                                                                       Actual
                                                                 Objective     Max Abs                    and
                     Function         Active        Objective     Function    Gradient              Predicted
Iter     Restarts       Calls    Constraints         Function       Change     Element     Ridge       Change

   1            0           2              0        415.73739        264.2       134.4         0        0.847
   2            0           3              0        331.86114      83.8763     31.3473         0        1.197
   3            0           4              0        310.79746      21.0637      9.1442         0        1.208
   4            0           5              0        307.47932       3.3181      1.5747         0        1.112
   5            0           6              0        307.36553       0.1138      0.0628         0        1.025
   6            0           7              0        307.36536     0.000171    0.000100         0        1.001

                                            Optimization Results

Iterations                                          6  Function Calls                                      9
Hessian Calls                                       7  Active Constraints                                  0
Objective Function                       307.36535603  Max Abs Gradient Element                 0.0001001637
Ridge                                               0  Actual Over Pred Change                  1.0010363999

Convergence criterion (GCONV=1E-6) satisfied.                                                     


     Likelihood Ratio Test for Global Null Hypothesis: BETA=0
 
     -2 Log Likelihood          Likelihood
  Intercept     Intercept &          Ratio
       Only      Covariates     Chi-Square       DF     Pr > ChiSq

   1359.778         614.731       745.0471        4         <.0001


                 Type 3 Analysis of Effects
 
                                           Wald
Effect                         DF    Chi-Square    Pr > ChiSq

MntCard_Games                   1      150.2796        <.0001
NumDealsPurchases               1       86.4445        <.0001
RANGE_Recency                   1      171.5936        <.0001
RANGE_campaign_acceptance       1      214.1403        <.0001


                                         Analysis of Maximum Likelihood Estimates
 
                                                          Standard          Wald                  Standardized
Parameter                               DF    Estimate       Error    Chi-Square    Pr > ChiSq        Estimate    Exp(Est)

Intercept                                1     -6.2677      0.4753        173.88        <.0001                       0.002
MntCard_Games                            1     10.8350      0.8839        150.28        <.0001          0.9071     999.000
NumDealsPurchases                        1     11.1223      1.1963         86.44        <.0001          0.5559     999.000
RANGE_Recency                            1     -8.2917      0.6330        171.59        <.0001         -1.3533       0.000
RANGE_campaign_acceptance                1     11.4574      0.7830        214.14        <.0001          1.0958     999.000


                     Odds Ratio Estimates
                               
                                                         Point
Effect                                                Estimate

MntCard_Games                                          999.000
NumDealsPurchases                                      999.000
RANGE_Recency                                           <0.001
RANGE_campaign_acceptance                              999.000


Step 5: Effect NumCatalogPurchases entered.
 
                                                                                                                                                                                                                                                                
 
 

The DMREG Procedure

Newton-Raphson Ridge Optimization

Without Parameter Scaling

Parameter Estimates               6

                                             Optimization Start

Active Constraints                                  0  Objective Function                       679.88893071
Max Abs Gradient Element                 107.53330251                                                       


                                                                                                        Ratio
                                                                                                      Between
                                                                                                       Actual
                                                                 Objective     Max Abs                    and
                     Function         Active        Objective     Function    Gradient              Predicted
Iter     Restarts       Calls    Constraints         Function       Change     Element     Ridge       Change

   1            0           2              0        388.26082        291.6       145.8         0        0.851
   2            0           3              0        287.19942        101.1     37.1349         0        1.218
   3            0           4              0        254.81441      32.3850     12.5827         0        1.246
   4            0           5              0        246.54908       8.2653      3.2316         0        1.170
   5            0           6              0        245.78214       0.7669      0.3431         0        1.068
   6            0           7              0        245.77323      0.00891     0.00446         0        1.008
   7            0           8              0        245.77323     1.421E-6    7.324E-7         0        1.000

                                            Optimization Results

Iterations                                          7  Function Calls                                     10
Hessian Calls                                       8  Active Constraints                                  0
Objective Function                       245.77322699  Max Abs Gradient Element                 7.3243145E-7
Ridge                                               0  Actual Over Pred Change                  1.0001074176

Convergence criterion (GCONV=1E-6) satisfied.                                                     


     Likelihood Ratio Test for Global Null Hypothesis: BETA=0
 
     -2 Log Likelihood          Likelihood
  Intercept     Intercept &          Ratio
       Only      Covariates     Chi-Square       DF     Pr > ChiSq

   1359.778         491.546       868.2314        5         <.0001


                 Type 3 Analysis of Effects
 
                                           Wald
Effect                         DF    Chi-Square    Pr > ChiSq

MntCard_Games                   1      130.9318        <.0001
NumCatalogPurchases             1       96.4352        <.0001
NumDealsPurchases               1      122.6518        <.0001
RANGE_Recency                   1      163.4541        <.0001
RANGE_campaign_acceptance       1      174.7624        <.0001


                                         Analysis of Maximum Likelihood Estimates
 
                                                          Standard          Wald                  Standardized
Parameter                               DF    Estimate       Error    Chi-Square    Pr > ChiSq        Estimate    Exp(Est)

Intercept                                1    -11.9100      0.8899        179.13        <.0001                       0.000
MntCard_Games                            1     12.1587      1.0626        130.93        <.0001          1.0179     999.000
NumCatalogPurchases                      1     17.5434      1.7865         96.44        <.0001          0.7117     999.000
NumDealsPurchases                        1     18.4785      1.6685        122.65        <.0001          0.9235     999.000
RANGE_Recency                            1    -10.0414      0.7854        163.45        <.0001         -1.6389       0.000
RANGE_campaign_acceptance                1     12.3539      0.9345        174.76        <.0001          1.1815     999.000


                     Odds Ratio Estimates
                               
                                                         Point
Effect                                                Estimate

MntCard_Games                                          999.000
NumCatalogPurchases                                    999.000
NumDealsPurchases                                      999.000
RANGE_Recency                                           <0.001
RANGE_campaign_acceptance                              999.000


Step 6: Effect Marital_Status entered.
 
                                                                                                                                                                                                                                                                
 
 

The DMREG Procedure

Newton-Raphson Ridge Optimization

Without Parameter Scaling

Parameter Estimates              10

                                             Optimization Start

Active Constraints                                  0  Objective Function                       679.88893071
Max Abs Gradient Element                 107.53330251                                                       


                                                                                                        Ratio
                                                                                                      Between
                                                                                                       Actual
                                                                 Objective     Max Abs                    and
                     Function         Active        Objective     Function    Gradient              Predicted
Iter     Restarts       Calls    Constraints         Function       Change     Element     Ridge       Change

   1            0           2              0        371.98787        307.9       150.8         0        0.851
   2            0           3              0        263.36876        108.6     39.5355         0        1.226
   3            0           4              0        225.02965      38.3391     14.1221         0        1.263
   4            0           5              0        212.88045      12.1492      4.2544         0        1.202
   5            0           6              0        211.09903       1.7814      0.6870         0        1.104
   6            0           7              0        211.04657       0.0525      0.0232         0        1.022
   7            0           8              0        211.04652     0.000057    0.000027         0        1.001

                                            Optimization Results

Iterations                                          7  Function Calls                                     10
Hessian Calls                                       8  Active Constraints                                  0
Objective Function                       211.04651752  Max Abs Gradient Element                 0.0000266365
Ridge                                               0  Actual Over Pred Change                  1.0007471092

Convergence criterion (GCONV=1E-6) satisfied.                                                     


     Likelihood Ratio Test for Global Null Hypothesis: BETA=0
 
     -2 Log Likelihood          Likelihood
  Intercept     Intercept &          Ratio
       Only      Covariates     Chi-Square       DF     Pr > ChiSq

   1359.778         422.093       937.6848        9         <.0001


                 Type 3 Analysis of Effects
 
                                           Wald
Effect                         DF    Chi-Square    Pr > ChiSq

Marital_Status                  4       58.2297        <.0001
MntCard_Games                   1      120.1456        <.0001
NumCatalogPurchases             1       89.5607        <.0001
NumDealsPurchases               1      118.3949        <.0001
RANGE_Recency                   1      153.8135        <.0001
RANGE_campaign_acceptance       1      163.7041        <.0001


                                         Analysis of Maximum Likelihood Estimates
 
                                                          Standard          Wald                  Standardized
Parameter                               DF    Estimate       Error    Chi-Square    Pr > ChiSq        Estimate    Exp(Est)

Intercept                                1    -12.8097      1.0271        155.53        <.0001                       0.000
Marital_Status            Divorced       1      1.0856      0.3226         11.33        0.0008                       2.961
Marital_Status            Married        1     -1.1150      0.2440         20.88        <.0001                       0.328
Marital_Status            Single         1      0.7023      0.2512          7.81        0.0052                       2.018
Marital_Status            Together       1     -1.5660      0.3032         26.68        <.0001                       0.209
MntCard_Games                            1     13.3115      1.2144        120.15        <.0001          1.1145     999.000
NumCatalogPurchases                      1     19.6567      2.0771         89.56        <.0001          0.7974     999.000
NumDealsPurchases                        1     21.0682      1.9362        118.39        <.0001          1.0529     999.000
RANGE_Recency                            1    -11.2556      0.9075        153.81        <.0001         -1.8371       0.000
RANGE_campaign_acceptance                1     13.9137      1.0875        163.70        <.0001          1.3307     999.000


                     Odds Ratio Estimates
                               
                                                         Point
Effect                                                Estimate

Marital_Status            Divorced vs Widow              1.212
Marital_Status            Married vs Widow               0.134
Marital_Status            Single vs Widow                0.826
Marital_Status            Together vs Widow              0.086
MntCard_Games                                          999.000
NumCatalogPurchases                                    999.000
NumDealsPurchases                                      999.000
RANGE_Recency                                           <0.001
RANGE_campaign_acceptance                              999.000


Step 7: Effect RANGE_NumWebVisitsMonth entered.
 
                                                                                                                                                                                                                                                                
 
 

The DMREG Procedure

Newton-Raphson Ridge Optimization

Without Parameter Scaling

Parameter Estimates              11

                                             Optimization Start

Active Constraints                                  0  Objective Function                       679.88893071
Max Abs Gradient Element                 107.53330251                                                       


                                                                                                        Ratio
                                                                                                      Between
                                                                                                       Actual
                                                                 Objective     Max Abs                    and
                     Function         Active        Objective     Function    Gradient              Predicted
Iter     Restarts       Calls    Constraints         Function       Change     Element     Ridge       Change

   1            0           2              0        367.20377        312.7       153.5         0        0.851
   2            0           3              0        255.03223        112.2     40.8319         0        1.229
   3            0           4              0        213.73590      41.2963     14.8755         0        1.271
   4            0           5              0        199.36221      14.3737      4.8076         0        1.218
   5            0           6              0        196.79785       2.5644      0.9361         0        1.124
   6            0           7              0        196.68614       0.1117      0.0479         0        1.032
   7            0           8              0        196.68586     0.000273    0.000127         0        1.002
   8            0           9              0        196.68586     1.775E-9    8.43E-10         0        1.000

                                            Optimization Results

Iterations                                          8  Function Calls                                     11
Hessian Calls                                       9  Active Constraints                                  0
Objective Function                       196.68586464  Max Abs Gradient Element                 8.430733E-10
Ridge                                               0  Actual Over Pred Change                  1.0000973961

Convergence criterion (GCONV=1E-6) satisfied.                                                     


     Likelihood Ratio Test for Global Null Hypothesis: BETA=0
 
     -2 Log Likelihood          Likelihood
  Intercept     Intercept &          Ratio
       Only      Covariates     Chi-Square       DF     Pr > ChiSq

   1359.778         393.372       966.4061       10         <.0001


                 Type 3 Analysis of Effects
 
                                           Wald
Effect                         DF    Chi-Square    Pr > ChiSq

Marital_Status                  4       56.5505        <.0001
MntCard_Games                   1      123.0003        <.0001
NumCatalogPurchases             1       93.0715        <.0001
NumDealsPurchases               1      116.8646        <.0001
RANGE_NumWebVisitsMonth         1       26.2887        <.0001
RANGE_Recency                   1      146.0962        <.0001
RANGE_campaign_acceptance       1      151.5713        <.0001


                                         Analysis of Maximum Likelihood Estimates
 
                                                          Standard          Wald                  Standardized
Parameter                               DF    Estimate       Error    Chi-Square    Pr > ChiSq        Estimate    Exp(Est)

Intercept                                1    -15.5619      1.2854        146.58        <.0001                       0.000
Marital_Status            Divorced       1      1.0773      0.3381         10.15        0.0014                       2.937
Marital_Status            Married        1     -1.1303      0.2516         20.18        <.0001                       0.323
Marital_Status            Single         1      0.7260      0.2592          7.85        0.0051                       2.067
Marital_Status            Together       1     -1.6673      0.3205         27.06        <.0001                       0.189
MntCard_Games                            1     15.0239      1.3547        123.00        <.0001          1.2578     999.000
NumCatalogPurchases                      1     21.3836      2.2165         93.07        <.0001          0.8675     999.000
NumDealsPurchases                        1     22.2618      2.0593        116.86        <.0001          1.1126     999.000
RANGE_NumWebVisitsMonth                  1      3.7838      0.7380         26.29        <.0001          0.4544      43.984
RANGE_Recency                            1    -11.9456      0.9883        146.10        <.0001         -1.9497       0.000
RANGE_campaign_acceptance                1     13.7635      1.1179        151.57        <.0001          1.3163     999.000


                     Odds Ratio Estimates
                               
                                                         Point
Effect                                                Estimate

Marital_Status            Divorced vs Widow              1.087
Marital_Status            Married vs Widow               0.119
Marital_Status            Single vs Widow                0.765
Marital_Status            Together vs Widow              0.070
MntCard_Games                                          999.000
NumCatalogPurchases                                    999.000
NumDealsPurchases                                      999.000
RANGE_NumWebVisitsMonth                                 43.984
RANGE_Recency                                           <0.001
RANGE_campaign_acceptance                              999.000


Step 8: Effect RANGE_loyalty entered.
 
                                                                                                                                                                                                                                                                
 
 

The DMREG Procedure

Newton-Raphson Ridge Optimization

Without Parameter Scaling

Parameter Estimates              12

                                             Optimization Start

Active Constraints                                  0  Objective Function                       679.88893071
Max Abs Gradient Element                 107.53330251                                                       


                                                                                                        Ratio
                                                                                                      Between
                                                                                                       Actual
                                                                 Objective     Max Abs                    and
                     Function         Active        Objective     Function    Gradient              Predicted
Iter     Restarts       Calls    Constraints         Function       Change     Element     Ridge       Change

   1            0           2              0        365.17947        314.7       153.5         0        0.854
   2            0           3              0        250.91480        114.3     41.5361         0        1.235
   3            0           4              0        206.99562      43.9192     15.3732         0        1.278
   4            0           5              0        190.59639      16.3992      5.1499         0        1.229
   5            0           6              0        187.19569       3.4007      1.1157         0        1.141
   6            0           7              0        186.99421       0.2015      0.0762         0        1.044
   7            0           8              0        186.99329     0.000923    0.000381         0        1.003
   8            0           9              0        186.99329     2.167E-8    9.161E-9         0        1.000

                                            Optimization Results

Iterations                                          8  Function Calls                                     11
Hessian Calls                                       9  Active Constraints                                  0
Objective Function                       186.99329121  Max Abs Gradient Element                 9.1606958E-9
Ridge                                               0  Actual Over Pred Change                  1.0000248275

Convergence criterion (GCONV=1E-6) satisfied.                                                     


     Likelihood Ratio Test for Global Null Hypothesis: BETA=0
 
     -2 Log Likelihood          Likelihood
  Intercept     Intercept &          Ratio
       Only      Covariates     Chi-Square       DF     Pr > ChiSq

   1359.778         373.987       985.7913       11         <.0001


                 Type 3 Analysis of Effects
 
                                           Wald
Effect                         DF    Chi-Square    Pr > ChiSq

Marital_Status                  4       56.0806        <.0001
MntCard_Games                   1      119.7717        <.0001
NumCatalogPurchases             1       93.8610        <.0001
NumDealsPurchases               1      109.6373        <.0001
RANGE_NumWebVisitsMonth         1       19.2935        <.0001
RANGE_Recency                   1      139.4961        <.0001
RANGE_campaign_acceptance       1      146.7011        <.0001
RANGE_loyalty                   1       17.8994        <.0001


                                         Analysis of Maximum Likelihood Estimates
 
                                                          Standard          Wald                  Standardized
Parameter                               DF    Estimate       Error    Chi-Square    Pr > ChiSq        Estimate    Exp(Est)

Intercept                                1    -17.0041      1.4231        142.78        <.0001                       0.000
Marital_Status            Divorced       1      1.0800      0.3497          9.54        0.0020                       2.945
Marital_Status            Married        1     -1.1513      0.2586         19.83        <.0001                       0.316
Marital_Status            Single         1      0.7897      0.2721          8.42        0.0037                       2.203
Marital_Status            Together       1     -1.7081      0.3330         26.30        <.0001                       0.181
MntCard_Games                            1     15.8217      1.4457        119.77        <.0001          1.3246     999.000
NumCatalogPurchases                      1     22.5284      2.3253         93.86        <.0001          0.9139     999.000
NumDealsPurchases                        1     22.6091      2.1593        109.64        <.0001          1.1299     999.000
RANGE_NumWebVisitsMonth                  1      3.3594      0.7648         19.29        <.0001          0.4034      28.771
RANGE_Recency                            1    -12.8721      1.0899        139.50        <.0001         -2.1009       0.000
RANGE_campaign_acceptance                1     14.5617      1.2022        146.70        <.0001          1.3927     999.000
RANGE_loyalty                            1      2.1688      0.5126         17.90        <.0001          0.3517       8.748


                     Odds Ratio Estimates
                               
                                                         Point
Effect                                                Estimate

Marital_Status            Divorced vs Widow              1.095
Marital_Status            Married vs Widow               0.118
Marital_Status            Single vs Widow                0.819
Marital_Status            Together vs Widow              0.067
MntCard_Games                                          999.000
NumCatalogPurchases                                    999.000
NumDealsPurchases                                      999.000
RANGE_NumWebVisitsMonth                                 28.771
RANGE_Recency                                           <0.001
RANGE_campaign_acceptance                              999.000
RANGE_loyalty                                            8.748


Step 9: Effect RANGE_Frq entered.
 
                                                                                                                                                                                                                                                                
 
 

The DMREG Procedure

Newton-Raphson Ridge Optimization

Without Parameter Scaling

Parameter Estimates              13

                                             Optimization Start

Active Constraints                                  0  Objective Function                       679.88893071
Max Abs Gradient Element                 107.53330251                                                       


                                                                                                        Ratio
                                                                                                      Between
                                                                                                       Actual
                                                                 Objective     Max Abs                    and
                     Function         Active        Objective     Function    Gradient              Predicted
Iter     Restarts       Calls    Constraints         Function       Change     Element     Ridge       Change

   1            0           2              0        364.76002        315.1       153.8         0        0.853
   2            0           3              0        249.72461        115.0     41.6117         0        1.235
   3            0           4              0        205.02150      44.7031     15.5630         0        1.280
   4            0           5              0        187.98223      17.0393      5.3138         0        1.232
   5            0           6              0        184.31658       3.6656      1.1950         0        1.146
   6            0           7              0        184.08176       0.2348      0.0886         0        1.047
   7            0           8              0        184.08049      0.00128    0.000528         0        1.004
   8            0           9              0        184.08049     4.268E-8    1.813E-8         0        1.000

                                            Optimization Results

Iterations                                          8  Function Calls                                     11
Hessian Calls                                       9  Active Constraints                                  0
Objective Function                       184.08048805  Max Abs Gradient Element                 1.8125289E-8
Ridge                                               0  Actual Over Pred Change                  1.0000191564

Convergence criterion (GCONV=1E-6) satisfied.                                                     


     Likelihood Ratio Test for Global Null Hypothesis: BETA=0
 
     -2 Log Likelihood          Likelihood
  Intercept     Intercept &          Ratio
       Only      Covariates     Chi-Square       DF     Pr > ChiSq

   1359.778         368.161       991.6169       12         <.0001


                 Type 3 Analysis of Effects
 
                                           Wald
Effect                         DF    Chi-Square    Pr > ChiSq

Marital_Status                  4       57.5392        <.0001
MntCard_Games                   1      119.3226        <.0001
NumCatalogPurchases             1       88.3943        <.0001
NumDealsPurchases               1      100.9398        <.0001
RANGE_Frq                       1        5.6752        0.0172
RANGE_NumWebVisitsMonth         1       22.1595        <.0001
RANGE_Recency                   1      137.9458        <.0001
RANGE_campaign_acceptance       1      146.1380        <.0001
RANGE_loyalty                   1       17.0293        <.0001


                                         Analysis of Maximum Likelihood Estimates
 
                                                          Standard          Wald                  Standardized
Parameter                               DF    Estimate       Error    Chi-Square    Pr > ChiSq        Estimate    Exp(Est)

Intercept                                1    -17.6411      1.4811        141.87        <.0001                       0.000
Marital_Status            Divorced       1      1.1373      0.3545         10.29        0.0013                       3.118
Marital_Status            Married        1     -1.1739      0.2605         20.31        <.0001                       0.309
Marital_Status            Single         1      0.7682      0.2713          8.02        0.0046                       2.156
Marital_Status            Together       1     -1.7834      0.3401         27.49        <.0001                       0.168
MntCard_Games                            1     16.1149      1.4753        119.32        <.0001          1.3492     999.000
NumCatalogPurchases                      1     25.5076      2.7130         88.39        <.0001          1.0348     999.000
NumDealsPurchases                        1     22.0480      2.1945        100.94        <.0001          1.1019     999.000
RANGE_Frq                                1     -2.4761      1.0394          5.68        0.0172         -0.3238       0.084
RANGE_NumWebVisitsMonth                  1      5.1383      1.0915         22.16        <.0001          0.6171     170.419
RANGE_Recency                            1    -13.1252      1.1175        137.95        <.0001         -2.1422       0.000
RANGE_campaign_acceptance                1     14.9466      1.2364        146.14        <.0001          1.4295     999.000
RANGE_loyalty                            1      2.1366      0.5178         17.03        <.0001          0.3464       8.471


                     Odds Ratio Estimates
                               
                                                         Point
Effect                                                Estimate

Marital_Status            Divorced vs Widow              1.089
Marital_Status            Married vs Widow               0.108
Marital_Status            Single vs Widow                0.753
Marital_Status            Together vs Widow              0.059
MntCard_Games                                          999.000
NumCatalogPurchases                                    999.000
NumDealsPurchases                                      999.000
RANGE_Frq                                                0.084
RANGE_NumWebVisitsMonth                                170.419
RANGE_Recency                                           <0.001
RANGE_campaign_acceptance                              999.000
RANGE_loyalty                                            8.471


Step 10: Effect Childhome entered.
 
                                                                                                                                                                                                                                                                
 
 

The DMREG Procedure

Newton-Raphson Ridge Optimization

Without Parameter Scaling

Parameter Estimates              14

                                             Optimization Start

Active Constraints                                  0  Objective Function                       679.88893071
Max Abs Gradient Element                 107.53330251                                                       


                                                                                                        Ratio
                                                                                                      Between
                                                                                                       Actual
                                                                 Objective     Max Abs                    and
                     Function         Active        Objective     Function    Gradient              Predicted
Iter     Restarts       Calls    Constraints         Function       Change     Element     Ridge       Change

   1            0           2              0        363.89419        316.0       154.2         0        0.854
   2            0           3              0        247.79075        116.1     41.8747         0        1.236
   3            0           4              0        202.38475      45.4060     15.7277         0        1.280
   4            0           5              0        184.90692      17.4778      5.4018         0        1.235
   5            0           6              0        181.02797       3.8790      1.2353         0        1.151
   6            0           7              0        180.76045       0.2675      0.0972         0        1.051
   7            0           8              0        180.75875      0.00170    0.000674         0        1.005
   8            0           9              0        180.75875     7.819E-8    3.174E-8         0        1.000

                                            Optimization Results

Iterations                                          8  Function Calls                                     11
Hessian Calls                                       9  Active Constraints                                  0
Objective Function                       180.75875308  Max Abs Gradient Element                 3.1740002E-8
Ridge                                               0  Actual Over Pred Change                   1.000025594

Convergence criterion (GCONV=1E-6) satisfied.                                                     


     Likelihood Ratio Test for Global Null Hypothesis: BETA=0
 
     -2 Log Likelihood          Likelihood
  Intercept     Intercept &          Ratio
       Only      Covariates     Chi-Square       DF     Pr > ChiSq

   1359.778         361.518       998.2604       13         <.0001


                 Type 3 Analysis of Effects
 
                                           Wald
Effect                         DF    Chi-Square    Pr > ChiSq

Childhome                       1        6.5460        0.0105
Marital_Status                  4       57.9138        <.0001
MntCard_Games                   1      115.6985        <.0001
NumCatalogPurchases             1       80.8655        <.0001
NumDealsPurchases               1       95.6779        <.0001
RANGE_Frq                       1        8.7033        0.0032
RANGE_NumWebVisitsMonth         1       25.1407        <.0001
RANGE_Recency                   1      135.5695        <.0001
RANGE_campaign_acceptance       1      141.2205        <.0001
RANGE_loyalty                   1       14.1812        0.0002


                                         Analysis of Maximum Likelihood Estimates
 
                                                          Standard          Wald                  Standardized
Parameter                               DF    Estimate       Error    Chi-Square    Pr > ChiSq        Estimate    Exp(Est)

Intercept                                1    -17.3664      1.4881        136.19        <.0001                       0.000
Childhome                 0              1      0.5845      0.2284          6.55        0.0105                       1.794
Marital_Status            Divorced       1      1.1986      0.3628         10.91        0.0010                       3.315
Marital_Status            Married        1     -1.2009      0.2637         20.73        <.0001                       0.301
Marital_Status            Single         1      0.7450      0.2739          7.40        0.0065                       2.107
Marital_Status            Together       1     -1.8335      0.3464         28.02        <.0001                       0.160
MntCard_Games                            1     15.8638      1.4748        115.70        <.0001          1.3281     999.000
NumCatalogPurchases                      1     24.8037      2.7583         80.87        <.0001          1.0062     999.000
NumDealsPurchases                        1     24.7188      2.5271         95.68        <.0001          1.2353     999.000
RANGE_Frq                                1     -3.2903      1.1153          8.70        0.0032         -0.4302       0.037
RANGE_NumWebVisitsMonth                  1      5.6958      1.1360         25.14        <.0001          0.6840     297.618
RANGE_Recency                            1    -13.3455      1.1462        135.57        <.0001         -2.1782       0.000
RANGE_campaign_acceptance                1     14.8336      1.2482        141.22        <.0001          1.4187     999.000
RANGE_loyalty                            1      1.9680      0.5226         14.18        0.0002          0.3191       7.157


                     Odds Ratio Estimates
                               
                                                         Point
Effect                                                Estimate

Childhome                 0 vs 1                         3.219
Marital_Status            Divorced vs Widow              1.114
Marital_Status            Married vs Widow               0.101
Marital_Status            Single vs Widow                0.708
Marital_Status            Together vs Widow              0.054
MntCard_Games                                          999.000
NumCatalogPurchases                                    999.000
NumDealsPurchases                                      999.000
RANGE_Frq                                                0.037
RANGE_NumWebVisitsMonth                                297.618
RANGE_Recency                                           <0.001
RANGE_campaign_acceptance                              999.000
RANGE_loyalty                                            7.157


NOTE: No (additional) effects met the 0.05 significance level for entry into the model.


                                  Summary of Stepwise Selection
 
                     Effect                      Number         Score          Wald
    Step    Entered                        DF        In    Chi-Square    Chi-Square    Pr > ChiSq

       1    RANGE_campaign_acceptance       1         1      275.9469                      <.0001
       2    RANGE_Recency                   1         2      229.8187                      <.0001
       3    MntCard_Games                   1         3      155.0592                      <.0001
       4    NumDealsPurchases               1         4      108.8357                      <.0001
       5    NumCatalogPurchases             1         5      127.8328                      <.0001
       6    Marital_Status                  4         6       68.2962                      <.0001
       7    RANGE_NumWebVisitsMonth         1         7       28.1977                      <.0001
       8    RANGE_loyalty                   1         8       18.8686                      <.0001
       9    RANGE_Frq                       1         9        5.7735                      0.0163
      10    Childhome                       1        10        6.6424                      0.0100


The selected model is the model trained in the last step (Step 10). It consists of the following effects:

Intercept  Childhome  Marital_Status  MntCard_Games  NumCatalogPurchases  NumDealsPurchases  RANGE_Frq  RANGE_NumWebVisitsMonth  RANGE_Recency  RANGE_campaign_acceptance  RANGE_loyalty  


     Likelihood Ratio Test for Global Null Hypothesis: BETA=0
 
     -2 Log Likelihood          Likelihood
  Intercept     Intercept &          Ratio
       Only      Covariates     Chi-Square       DF     Pr > ChiSq

   1359.778         361.518       998.2604       13         <.0001


                 Type 3 Analysis of Effects
 
                                           Wald
Effect                         DF    Chi-Square    Pr > ChiSq

Childhome                       1        6.5460        0.0105
Marital_Status                  4       57.9138        <.0001
MntCard_Games                   1      115.6985        <.0001
NumCatalogPurchases             1       80.8655        <.0001
NumDealsPurchases               1       95.6779        <.0001
RANGE_Frq                       1        8.7033        0.0032
RANGE_NumWebVisitsMonth         1       25.1407        <.0001
RANGE_Recency                   1      135.5695        <.0001
RANGE_campaign_acceptance       1      141.2205        <.0001
RANGE_loyalty                   1       14.1812        0.0002


                                         Analysis of Maximum Likelihood Estimates
 
                                                          Standard          Wald                  Standardized
Parameter                               DF    Estimate       Error    Chi-Square    Pr > ChiSq        Estimate    Exp(Est)

Intercept                                1    -17.3664      1.4881        136.19        <.0001                       0.000
Childhome                 0              1      0.5845      0.2284          6.55        0.0105                       1.794
Marital_Status            Divorced       1      1.1986      0.3628         10.91        0.0010                       3.315
Marital_Status            Married        1     -1.2009      0.2637         20.73        <.0001                       0.301
Marital_Status            Single         1      0.7450      0.2739          7.40        0.0065                       2.107
Marital_Status            Together       1     -1.8335      0.3464         28.02        <.0001                       0.160
MntCard_Games                            1     15.8638      1.4748        115.70        <.0001          1.3281     999.000
NumCatalogPurchases                      1     24.8037      2.7583         80.87        <.0001          1.0062     999.000
NumDealsPurchases                        1     24.7188      2.5271         95.68        <.0001          1.2353     999.000
RANGE_Frq                                1     -3.2903      1.1153          8.70        0.0032         -0.4302       0.037
RANGE_NumWebVisitsMonth                  1      5.6958      1.1360         25.14        <.0001          0.6840     297.618
RANGE_Recency                            1    -13.3455      1.1462        135.57        <.0001         -2.1782       0.000
RANGE_campaign_acceptance                1     14.8336      1.2482        141.22        <.0001          1.4187     999.000
RANGE_loyalty                            1      1.9680      0.5226         14.18        0.0002          0.3191       7.157


                     Odds Ratio Estimates
                               
                                                         Point
Effect                                                Estimate

Childhome                 0 vs 1                         3.219
Marital_Status            Divorced vs Widow              1.114
Marital_Status            Married vs Widow               0.101
Marital_Status            Single vs Widow                0.708
Marital_Status            Together vs Widow              0.054
MntCard_Games                                          999.000
NumCatalogPurchases                                    999.000
NumDealsPurchases                                      999.000
RANGE_Frq                                                0.037
RANGE_NumWebVisitsMonth                                297.618
RANGE_Recency                                           <0.001
RANGE_campaign_acceptance                              999.000
RANGE_loyalty                                            7.157
