 
                                                                                                                                                                                                                                                                
 
 
Variable Summary

            Measurement    Frequency
Role           Level         Count

INPUT        BINARY             2   
INPUT        INTERVAL          19   
INPUT        NOMINAL            2   
REJECTED     BINARY             5   
REJECTED     INTERVAL          15   
REJECTED     NOMINAL            6   
TARGET       BINARY             1   
 
                                                                                                                                                                                                                                                                
 
 

The DMINE Procedure

                 R-Squares for Target Variable: DepVar
 
Effect                               DF        R-Square

AOV16: RANGE_campaign_acceptance      4        0.164448                
Var:   RANGE_campaign_acceptance      1        0.161941                
AOV16: NumCatalogPurchases           15        0.126440                
AOV16: RANGE_Recency                 15        0.105806                
AOV16: RANGE_Mnt                     15        0.103056                
AOV16: RANGE_IMP_Income              15        0.102262                
AOV16: MntCard_Games                 15        0.101299                
AOV16: RANGE_average_purchase        15        0.100887                
Var:   RANGE_Recency                  1        0.096298                
Var:   NumCatalogPurchases            1        0.094563                
AOV16: NumDealsPurchases             15        0.087876                
Class: Childhome*Marital_Status       9        0.081365                
Var:   RANGE_Mnt                      1        0.081159                
Group: Childhome*Marital_Status       3        0.081018                
Var:   RANGE_average_purchase         1        0.078608                
Var:   MntCard_Games                  1        0.071594                
AOV16: NumStorePurchases             15        0.062774                
Class: Education*Marital_Status      24        0.055379                
Group: Education*Marital_Status       8        0.054873                
Var:   RANGE_IMP_Income               1        0.051799                
AOV16: RANGE_Frq                     15        0.050631                
AOV16: NumWebPurchases               15        0.040323                
Var:   RANGE_Frq                      1        0.037411                
Class: Childhome*Education            9        0.035817                
Group: Childhome*Education            4        0.035544                
Class: Complain*Marital_Status        9        0.032388                
Group: Complain*Marital_Status        2        0.031799                
Class: Marital_Status                 4        0.030740                
Group: Marital_Status                 2        0.030611                
Var:   NumStorePurchases              1        0.030146                
Class: Childhome*Complain             3        0.029906                
Group: Childhome*Complain             1        0.029775                
AOV16: RANGE_NumWebVisitsMonth       11        0.029613                
Class: Childhome                      1        0.029372                
AOV16: MntMiniatures                 15        0.028743                
AOV16: IMP_MntScenario               12        0.019656                
Var:   NumWebPurchases                1        0.016399                
Var:   IMP_MntScenario                1        0.016061                
Var:   RANGE_NumWebVisitsMonth        1        0.015611                
AOV16: IMP_MntBrandA__Material       15        0.013642                
AOV16: RANGE_loyalty                 15        0.013403                
Class: Complain*Education             8        0.012170                
Group: Complain*Education             3        0.012135                
AOV16: MntPainting_Material          14        0.011937                
AOV16: MntMagazines                  15        0.010183                
AOV16: RANGE_age                     15        0.009739                
Var:   RANGE_loyalty                  1        0.008163                
Var:   IMP_MntBrandA__Material        1        0.006846                
Var:   MntMagazines                   1        0.005897                
Var:   MntMiniatures                  1        0.005408                
Var:   MntPainting_Material           1        0.005038                
Class: Education                      4        0.002776    R2 < MINR2  
Group: Education                      2        0.002735    R2 < MINR2  
Var:   RANGE_age                      1        0.001532    R2 < MINR2  
Var:   NumDealsPurchases              1        0.000247    R2 < MINR2  
Class: Complain                       1     0.000094629    R2 < MINR2  
 
                                                                                                                                                                                                                                                                
 
 

The DMINE Procedure

                                        Effects Chosen for Target: DepVar
 
                                                                                            Sum of      Error Mean
Effect                               DF        R-Square         F Value    p-Value         Squares          Square

Var:   RANGE_campaign_acceptance      1        0.161941      328.882418     <.0001       32.572784        0.099041
Var:   RANGE_Recency                  1        0.109936      256.826418     <.0001       22.112574        0.086099
Var:   MntCard_Games                  1        0.066764      171.613496     <.0001       13.428861        0.078251
Group: Marital_Status                 2        0.025502       34.049753     <.0001        5.129387        0.075322
Var:   NumCatalogPurchases            1        0.018451       50.715192     <.0001        3.711305        0.073179
Var:   RANGE_loyalty                  1        0.009419       26.274844     <.0001        1.894559        0.072105
Var:   NumWebPurchases                1        0.007117       20.077059     <.0001        1.431562        0.071303
Class: Childhome                      1        0.002133        6.035032     0.0141        0.429044        0.071092
Var:   RANGE_NumWebVisitsMonth        1        0.001655        4.692379     0.0304        0.332866        0.070938
Var:   IMP_MntScenario                1        0.001009        2.864287     0.0907        0.202962        0.070860
Var:   RANGE_IMP_Income               1        0.000510        1.449418     0.2288        0.102678        0.070841
Var:   IMP_MntBrandA__Material        1        0.000584        1.658121     0.1980        0.117417        0.070813
 
                                                                                                                                                                                                                                                                
 
 

The DMINE Procedure

      The Final ANOVA Table for Target: DepVar
 
                                              Sum of
Effect            DF        R-Square         Squares

Model             13        0.405021       81.465997
Error           1690               .      119.674261
Total           1703               .      201.140258
 
                                                                                                                                                                                                                                                                
 
 

The DMINE Procedure

                              Effects Not Chosen for Target: DepVar
 
                                                                                            Sum of
Effect                               DF        R-Square         F Value    p-Value         Squares

Var:   RANGE_Mnt                      1    1.1512057E-8     0.000032680     0.9954     0.000002316
Var:   RANGE_average_purchase         1        0.000342        0.970383     0.3247        0.068717
Var:   RANGE_Frq                      1     0.000085588        0.242999     0.6221        0.017215
Var:   NumStorePurchases              0               0               0     1.0000               0
Var:   MntMagazines                   1     0.000093083        0.264281     0.6073        0.018723
Var:   MntMiniatures                  1        0.000133        0.378368     0.5386        0.026803
Var:   MntPainting_Material           1        0.000485        1.377788     0.2406        0.097544
 
                                                                                                                                                                                                                                                                
 
 

The DMINE Procedure

         Estimating logistic
 
 Iter           Alpha            Beta

    0       -2.216438        4.278849
    1       -4.315262        7.675175
    2       -6.292057       10.829540
    3       -7.620033       12.962870
    4       -8.051503       13.662057
    5       -8.086127       13.718536
    6       -8.086331       13.718869
    6       -8.086331       13.718869
 
                                                                                                                                                                                                                                                                
 
 

The DMINE Procedure

Classification Table for CUTOFF = 0.5000
 
         Accuracy =  93.31
 
                      Predicted
Observed               1           0

1                    153          80
0                     34        1437
Missing                0           0













-------------------------------------------------------------------
Summary of Variable Selection from Training
-------------------------------------------------------------------


Target Name : DepVar
Target Level : BINARY
Variable Selection Model : R-Square

Total number of inputs : 23
Total number of used inputs : 23
Total number of unused inputs : 0
Total number of rejected inputs : 12

Maximum missing percentage : 50
NOTE: There is no rejected variable by maximum missing percentage

Maximum class level : 100
NOTE:There is no rejected variable by maximum class level

NOTE: 1 group variable has been created
