MPRINT(EM_DIAGRAM):    data _null_;
MPRINT(EM_DIAGRAM):   call symput('NLDATE', strip(put(date(), NLDATE.)));
MPRINT(EM_DIAGRAM):   call symput('NLTIME', strip(put(datetime(), NLTIME.)));
MPRINT(EM_DIAGRAM):   run;
MPRINT(EM_DIAGRAM):   data _null_;
MPRINT(EM_DIAGRAM):   nldate= sasmsg("sashelp.dmine", "log_date_note", 'N', "02 June 2018" );
MPRINT(EM_DIAGRAM):   nltime= sasmsg("sashelp.dmine", "log_time_note", 'N', "17:18:58 o'clock" );
MPRINT(EM_DIAGRAM):   put "*------------------------------------------------------------*";
MPRINT(EM_DIAGRAM):   put "* Training Log";
MPRINT(EM_DIAGRAM):   put nldate;
MPRINT(EM_DIAGRAM):   put nltime;
MPRINT(EM_DIAGRAM):   put "*------------------------------------------------------------*";
MPRINT(EM_DIAGRAM):   run;
*------------------------------------------------------------*
* Training Log
Date:                02 June 2018
Time:                17:18:58 o'clock
*------------------------------------------------------------*
MPRINT(EM_DIAGRAM):    filename O1E3874K "C:\Users\misil\Desktop\DM 2\Project\WarGameStore_sasProject\Workspaces\EMWS1\Part\EMTRAIN.out" encoding="UTF-8" NOBOM;
MPRINT(EM_DIAGRAM):   proc printto print=O1E3874K new;
MPRINT(EM_DIAGRAM):   run;
MPRINT(EM_DIAGRAM):    filename _LOG "C:\Users\misil\Desktop\DM 2\Project\WarGameStore_sasProject\Workspaces\EMWS1\Part\EMLOG.log" encoding="UTF-8" NOBOM;
MPRINT(EM_DIAGRAM):    data _null_;
MPRINT(EM_DIAGRAM):   call symput('NLDATE', strip(put(date(), NLDATE.)));
MPRINT(EM_DIAGRAM):   call symput('NLTIME', strip(put(datetime(), NLTIME.)));
MPRINT(EM_DIAGRAM):   run;
MPRINT(EM_DIAGRAM):   data _null_;
MPRINT(EM_DIAGRAM):   nldate= sasmsg("sashelp.dmine", "log_date_note", 'N', "02 June 2018" );
MPRINT(EM_DIAGRAM):   nltime= sasmsg("sashelp.dmine", "log_time_note", 'N', "17:18:58 o'clock" );
MPRINT(EM_DIAGRAM):   file _LOG;
MPRINT(EM_DIAGRAM):   put "*------------------------------------------------------------*";
MPRINT(EM_DIAGRAM):   put "User:                misil";
MPRINT(EM_DIAGRAM):   put nldate;
MPRINT(EM_DIAGRAM):   put nltime;
MPRINT(EM_DIAGRAM):   put "Site:                70107571";
MPRINT(EM_DIAGRAM):   put "Platform:            X64_10PRO";
MPRINT(EM_DIAGRAM):   put "Maintenance Release: 9.04.01M4P110916";
MPRINT(EM_DIAGRAM):   put "EM Version:          14.2";
MPRINT(EM_DIAGRAM):   put "* ";
MPRINT(EM_DIAGRAM):   run;
MPRINT(EM_DIAGRAM):    filename _LOGIN "C:\Users\misil\Desktop\DM 2\Project\WarGameStore_sasProject\Workspaces\EMWS1\Part\EMTRAIN.log" encoding="UTF-8" NOBOM;
MPRINT(EM_COPYFILE):   data _null_;
MPRINT(EM_COPYFILE):   length line $20000;
MPRINT(EM_COPYFILE):   file _LOG MOD lrecl=20000;
MPRINT(EM_COPYFILE):   fid=fopen("_LOGIN",'i',20000,'v');
MPRINT(EM_COPYFILE):   if fid > 0 then do;
MPRINT(EM_COPYFILE):   do while(^fread(fid));
MPRINT(EM_COPYFILE):   rlen = frlen(fid);
MPRINT(EM_COPYFILE):   rc= fget(fid,line,20000);
MPRINT(EM_COPYFILE):   start = length(line)-length(left(line))+1;
MPRINT(EM_COPYFILE):   line=strip(line);
MPRINT(EM_COPYFILE):   put @start line;
MPRINT(EM_COPYFILE):   end;
MPRINT(EM_COPYFILE):   if fid > 0 then rc=fclose(fid);
MPRINT(EM_COPYFILE):   end;
MPRINT(EM_COPYFILE):   run;
MPRINT(EM_DIAGRAM):  ;
MPRINT(EM_DIAGRAM):   filename _LOGIN;
MPRINT(EM_DIAGRAM):    data _null_;
MPRINT(EM_DIAGRAM):   file _LOG mod;
MPRINT(EM_DIAGRAM):   put _page_;
MPRINT(EM_DIAGRAM):   run;
MPRINT(EM_DIAGRAM):   filename _LOGIN "C:\Users\misil\Desktop\DM 2\Project\WarGameStore_sasProject\Workspaces\EMWS1\Part\EMSCORE.log" encoding="UTF-8" NOBOM;
MPRINT(EM_DIAGRAM):  ;
MPRINT(EM_DIAGRAM):   data _null_;
MPRINT(EM_DIAGRAM):   file _LOG mod;
MPRINT(EM_DIAGRAM):   put _page_;
MPRINT(EM_DIAGRAM):   run;
MPRINT(EM_DIAGRAM):    filename _LOGIN "C:\Users\misil\Desktop\DM 2\Project\WarGameStore_sasProject\Workspaces\EMWS1\Part\EMREPORT.log" encoding="UTF-8" NOBOM;
MPRINT(EM_DIAGRAM):  ;
MPRINT(EM_DIAGRAM):   filename _LOGIN;
MPRINT(EM_DIAGRAM):    filename _LOG;
MPRINT(EM_DIAGRAM):    filename _OUT "C:\Users\misil\Desktop\DM 2\Project\WarGameStore_sasProject\Workspaces\EMWS1\Part\EMOUTPUT.out" encoding="UTF-8" NOBOM;
MPRINT(EM_DIAGRAM):    data _null_;
MPRINT(EM_DIAGRAM):   call symput('NLDATE', strip(put(date(), NLDATE.)));
MPRINT(EM_DIAGRAM):   call symput('NLTIME', strip(put(datetime(), NLTIME.)));
MPRINT(EM_DIAGRAM):   run;
MPRINT(EM_DIAGRAM):   data _null_;
MPRINT(EM_DIAGRAM):   nldate= sasmsg("sashelp.dmine", "log_date_note", 'N', "02 June 2018" );
MPRINT(EM_DIAGRAM):   nltime= sasmsg("sashelp.dmine", "log_time_note", 'N', "17:18:58 o'clock" );
MPRINT(EM_DIAGRAM):   file _OUT;
MPRINT(EM_DIAGRAM):   put "*------------------------------------------------------------*";
MPRINT(EM_DIAGRAM):   put "User:                misil";
MPRINT(EM_DIAGRAM):   put nldate;
MPRINT(EM_DIAGRAM):   put nltime;
MPRINT(EM_DIAGRAM):   put "*------------------------------------------------------------*";
MPRINT(EM_DIAGRAM):   put "* Training Output";
MPRINT(EM_DIAGRAM):   put "*------------------------------------------------------------*";
MPRINT(EM_DIAGRAM):   run;
MPRINT(EM_DIAGRAM):    filename _OUTIN "C:\Users\misil\Desktop\DM 2\Project\WarGameStore_sasProject\Workspaces\EMWS1\Part\EMTRAIN.out" encoding="UTF-8" NOBOM;
MPRINT(EM_DIAGRAM):   ;
MPRINT(EM_COPYFILE):   data _null_;
MPRINT(EM_COPYFILE):   length line $20000;
MPRINT(EM_COPYFILE):   file _OUT MOD lrecl=20000;
MPRINT(EM_COPYFILE):   fid=fopen("_OUTIN",'i',20000,'v');
MPRINT(EM_COPYFILE):   if fid > 0 then do;
MPRINT(EM_COPYFILE):   do while(^fread(fid));
MPRINT(EM_COPYFILE):   rlen = frlen(fid);
MPRINT(EM_COPYFILE):   rc= fget(fid,line,20000);
MPRINT(EM_COPYFILE):   start = length(line)-length(left(line))+1;
MPRINT(EM_COPYFILE):   line=strip(line);
MPRINT(EM_COPYFILE):   put @start line;
MPRINT(EM_COPYFILE):   end;
MPRINT(EM_COPYFILE):   if fid > 0 then rc=fclose(fid);
MPRINT(EM_COPYFILE):   end;
MPRINT(EM_COPYFILE):   run;
MPRINT(EM_DIAGRAM):  ;
MPRINT(EM_DIAGRAM):   filename _OUTIN;
MPRINT(EM_DIAGRAM):    data _null_;
MPRINT(EM_DIAGRAM):   file _OUT mod;
MPRINT(EM_DIAGRAM):   put _page_;
MPRINT(EM_DIAGRAM):   put // "*------------------------------------------------------------*";
MPRINT(EM_DIAGRAM):   put "* Score Output";
MPRINT(EM_DIAGRAM):   put "*------------------------------------------------------------*";
MPRINT(EM_DIAGRAM):   run;
MPRINT(EM_DIAGRAM):    filename _OUTIN "C:\Users\misil\Desktop\DM 2\Project\WarGameStore_sasProject\Workspaces\EMWS1\Part\EMSCORE.out" encoding="UTF-8" NOBOM;
MPRINT(EM_DIAGRAM):  ;
MPRINT(EM_DIAGRAM):   filename _OUTIN;
MPRINT(EM_DIAGRAM):    data _null_;
MPRINT(EM_DIAGRAM):   file _OUT mod;
MPRINT(EM_DIAGRAM):   put _page_;
MPRINT(EM_DIAGRAM):   put // "*------------------------------------------------------------*";
MPRINT(EM_DIAGRAM):   put "* Report Output";
MPRINT(EM_DIAGRAM):   put "*------------------------------------------------------------*";
MPRINT(EM_DIAGRAM):   run;
MPRINT(EM_DIAGRAM):    filename _OUTIN "C:\Users\misil\Desktop\DM 2\Project\WarGameStore_sasProject\Workspaces\EMWS1\Part\EMREPORT.out" encoding="UTF-8" NOBOM;
MPRINT(EM_DIAGRAM):  ;
MPRINT(EM_DIAGRAM):   filename _OUTIN;
MPRINT(EM_DIAGRAM):    filename _OUT;
MPRINT(EM_DIAGRAM):    filename _emtool_ 'C:\Users\misil\Desktop\DM 2\Project\WarGameStore_sasProject\Workspaces\EMWS1\Part\EMRUNSTATUS.xml' encoding="UTF-8" NOBOM;
53923      proc freq data=EMWS1.Part_VariableSet noprint;
MPRINT(EM_DIAGRAM):    proc freq data=EMWS1.Part_VariableSet noprint;
53924      table ROLE*LEVEL/out=WORK.PartMETA;
MPRINT(EM_DIAGRAM):   table ROLE*LEVEL/out=WORK.PartMETA;
53925      run;
MPRINT(EM_DIAGRAM):   run;

NOTE: There were 13 observations read from the data set EMWS1.PART_VARIABLESET.
NOTE: The data set WORK.PARTMETA has 5 observations and 4 variables.
NOTE: PROCEDURE FREQ used (Total process time):
      real time           0.06 seconds
      cpu time            0.01 seconds
      

53926      proc print data=WORK.PartMETA label noobs;
MPRINT(EM_DIAGRAM):   proc print data=WORK.PartMETA label noobs;
53927      var ROLE LEVEL COUNT;
MPRINT(EM_DIAGRAM):   var ROLE LEVEL COUNT;
53928      label ROLE = "%sysfunc(sasmsg(sashelp.dmine, meta_role_vlabel, NOQUOTE))" LEVEL = "%sysfunc(sasmsg(sashelp.dmine, meta_level_vlabel, NOQUOTE))" COUNT = "%sysfunc(sasmsg(sashelp.dmine, rpt_count_vlabel, NOQUOTE))";
MPRINT(EM_DIAGRAM):   label ROLE = "Role" LEVEL = "Measurement Level" COUNT = "Frequency Count";
53929      title9 ' ';
MPRINT(EM_DIAGRAM):   title9 ' ';
53930      title10 "%sysfunc(sasmsg(sashelp.dmine, rpt_varSummary_title  , NOQUOTE))";
MPRINT(EM_DIAGRAM):   title10 "Variable Summary";
MPRINT(EM_DIAGRAM):   run;
53931      run;

NOTE: There were 5 observations read from the data set WORK.PARTMETA.
NOTE: The PROCEDURE PRINT printed page 12.
NOTE: PROCEDURE PRINT used (Total process time):
      real time           0.00 seconds
      cpu time            0.01 seconds
      

53932      title10;
MPRINT(EM_DIAGRAM):   title10;
MPRINT(EM_DIAGRAM):    *------------------------------------------------------------*;
MPRINT(EM_DIAGRAM):   * Part: Preparing metadata for Training;
MPRINT(EM_DIAGRAM):   *------------------------------------------------------------*;
MPRINT(EM_DIAGRAM):   data WORK.M0XSXRSN;
MPRINT(EM_DIAGRAM):   set WORK.M0XSXRSN;
MPRINT(EM_DIAGRAM):   where(PARTITIONROLE ne '' or ROLE='TARGET');
MPRINT(EM_DIAGRAM):   run;
53940      *------------------------------------------------------------*;
MPRINT(EM_DIAGRAM):    *------------------------------------------------------------*;
53941      * Part: Determine number of observations;
MPRINT(EM_DIAGRAM):   * Part: Determine number of observations;
53942      *------------------------------------------------------------*;
MPRINT(EM_DIAGRAM):   *------------------------------------------------------------*;
53943      proc sql;
MPRINT(EM_DIAGRAM):   proc sql;
53944      reset noprint;
MPRINT(EM_DIAGRAM):   reset noprint;
53945      select count(*) into :_tmpa from EMWS1.Meta_TRAIN
53946      ;
MPRINT(EM_DIAGRAM):   select count(*) into :_tmpa from EMWS1.Meta_TRAIN ;
NOTE: There were 2437 observations read from the data set EMWS1.EMCODE3_TRAIN.
NOTE: View EMWS1.META_TRAIN.VIEW used (Total process time):
      real time           0.06 seconds
      cpu time            0.06 seconds
      
NOTE: There were 2437 observations read from the data set EMWS1.TRANS_TRAIN.
53947      quit;
MPRINT(EM_DIAGRAM):   quit;
NOTE: PROCEDURE SQL used (Total process time):
      real time           0.08 seconds
      cpu time            0.09 seconds
      

trainPct=70 validatePct=30 testPct=0 
NOTE: View EMWS1.META_TRAIN.VIEW used (Total process time):
      real time           0.05 seconds
      cpu time            0.04 seconds
      
53948      *------------------------------------------------------------*;
MPRINT(EM_DIAGRAM):    *------------------------------------------------------------*;
53949      * Part: Retrieving stratification variable(s) levels;
MPRINT(EM_DIAGRAM):   * Part: Retrieving stratification variable(s) levels;
53950      *------------------------------------------------------------*;
MPRINT(EM_DIAGRAM):   *------------------------------------------------------------*;
53951      proc freq data=EMWS1.Meta_TRAIN noprint;
MPRINT(EM_DIAGRAM):   proc freq data=EMWS1.Meta_TRAIN noprint;
53952      format
53953      DepVar BEST.
53954      ;
MPRINT(EM_DIAGRAM):   format DepVar BEST. ;
53955      table
53956      DepVar
53957      /out=WORK.Part_FREQ(drop=percent);
MPRINT(EM_DIAGRAM):   table DepVar /out=WORK.Part_FREQ(drop=percent);
53958      run;
MPRINT(EM_DIAGRAM):   run;

NOTE: There were 2437 observations read from the data set EMWS1.EMCODE3_TRAIN.
NOTE: View EMWS1.META_TRAIN.VIEW used (Total process time):
      real time           0.07 seconds
      cpu time            0.06 seconds
      
NOTE: There were 2437 observations read from the data set EMWS1.TRANS_TRAIN.
NOTE: There were 2437 observations read from the data set EMWS1.META_TRAIN.
NOTE: The data set WORK.PART_FREQ has 2 observations and 2 variables.
NOTE: PROCEDURE FREQ used (Total process time):
      real time           0.10 seconds
      cpu time            0.07 seconds
      

53959      proc sort data=WORK.Part_FREQ;
MPRINT(EM_DIAGRAM):    proc sort data=WORK.Part_FREQ;
53960      by descending count;
MPRINT(EM_DIAGRAM):   by descending count;
53961      run;
MPRINT(EM_DIAGRAM):   run;

NOTE: There were 2 observations read from the data set WORK.PART_FREQ.
NOTE: The data set WORK.PART_FREQ has 2 observations and 2 variables.
NOTE: PROCEDURE SORT used (Total process time):
      real time           0.00 seconds
      cpu time            0.01 seconds
      

MPRINT(EM_DIAGRAM):   * Part: Retrieving levels that meet minimum requirement;
53962      * Part: Retrieving levels that meet minimum requirement;
53963      data WORK.Part_FREQ2(keep = count);
MPRINT(EM_DIAGRAM):   data WORK.Part_FREQ2(keep = count);
53964      set WORK.Part_FREQ;
MPRINT(EM_DIAGRAM):   set WORK.Part_FREQ;
53965      where (.01 * 70 * count) >= 3;
MPRINT(EM_DIAGRAM):   where (.01 * 70 * count) >= 3;
53966      run;
MPRINT(EM_DIAGRAM):   run;

NOTE: There were 2 observations read from the data set WORK.PART_FREQ.
      WHERE (0.7*count)>=3;
NOTE: The data set WORK.PART_FREQ2 has 2 observations and 1 variables.
NOTE: DATA statement used (Total process time):
      real time           0.00 seconds
      cpu time            0.00 seconds
      

53967      *------------------------------------------------------------*;
MPRINT(EM_DIAGRAM):    *------------------------------------------------------------*;
53968      * Part: Create stratified partitioning;
MPRINT(EM_DIAGRAM):   * Part: Create stratified partitioning;
53969      *------------------------------------------------------------*;
MPRINT(EM_DIAGRAM):   *------------------------------------------------------------*;
53970      data
53971      EMWS1.Part_TRAIN(label="")
53972      EMWS1.Part_VALIDATE(label="")
53973      ;
MPRINT(EM_DIAGRAM):   data EMWS1.Part_TRAIN(label="") EMWS1.PART_VALIDATE(label="") ;
53974      retain _seed_ 12345;
MPRINT(EM_DIAGRAM):   retain _seed_ 12345;
53975      drop _seed_ _genvalue_;
MPRINT(EM_DIAGRAM):   drop _seed_ _genvalue_;
53976      call ranuni(_seed_, _genvalue_);
MPRINT(EM_DIAGRAM):   call ranuni(_seed_, _genvalue_);
53977      label _dataobs_ = "%sysfunc(sasmsg(sashelp.dmine, sample_dataobs_vlabel, NOQUOTE))";
MPRINT(EM_DIAGRAM):   label _dataobs_ = "Observation Number";
53978      _dataobs_ = _N_;
MPRINT(EM_DIAGRAM):   _dataobs_ = _N_;
53979      drop _c00:;
MPRINT(EM_DIAGRAM):   drop _c00:;
53980      set EMWS1.Meta_TRAIN;
MPRINT(EM_DIAGRAM):   set EMWS1.Meta_TRAIN;
53981      length _Pformat1 $58;
MPRINT(EM_DIAGRAM):   length _Pformat1 $58;
53982      drop _Pformat1;
MPRINT(EM_DIAGRAM):   drop _Pformat1;
53983      _Pformat1 = strip(put(DepVar, BEST.));
MPRINT(EM_DIAGRAM):   _Pformat1 = strip(put(DepVar, BEST.));
53984      if
53985      _Pformat1 = '0'
53986      then do;
MPRINT(EM_DIAGRAM):   if _Pformat1 = '0' then do;
53987      if (2103+1-_C000003)*_genvalue_ <= (1472 - _C000001) then do;
MPRINT(EM_DIAGRAM):   if (2103+1-_C000003)*_genvalue_ <= (1472 - _C000001) then do;
53988      _C000001 + 1;
MPRINT(EM_DIAGRAM):   _C000001 + 1;
53989      output EMWS1.Part_TRAIN;
MPRINT(EM_DIAGRAM):   output EMWS1.Part_TRAIN;
53990      end;
MPRINT(EM_DIAGRAM):   end;
53991      else do;
MPRINT(EM_DIAGRAM):   else do;
53992      _C000002 + 1;
MPRINT(EM_DIAGRAM):   _C000002 + 1;
53993      output EMWS1.Part_VALIDATE;
MPRINT(EM_DIAGRAM):   output EMWS1.Part_VALIDATE;
53994      end;
MPRINT(EM_DIAGRAM):   end;
53995      _C000003+1;
MPRINT(EM_DIAGRAM):   _C000003+1;
53996      end;
MPRINT(EM_DIAGRAM):   end;
53997      else if
53998      _Pformat1 = '1'
53999      then do;
MPRINT(EM_DIAGRAM):   else if _Pformat1 = '1' then do;
54000      if (334+1-_C000006)*_genvalue_ <= (234 - _C000004) then do;
MPRINT(EM_DIAGRAM):   if (334+1-_C000006)*_genvalue_ <= (234 - _C000004) then do;
54001      _C000004 + 1;
MPRINT(EM_DIAGRAM):   _C000004 + 1;
54002      output EMWS1.Part_TRAIN;
MPRINT(EM_DIAGRAM):   output EMWS1.Part_TRAIN;
54003      end;
MPRINT(EM_DIAGRAM):   end;
54004      else do;
MPRINT(EM_DIAGRAM):   else do;
54005      _C000005 + 1;
MPRINT(EM_DIAGRAM):   _C000005 + 1;
54006      output EMWS1.Part_VALIDATE;
MPRINT(EM_DIAGRAM):   output EMWS1.Part_VALIDATE;
54007      end;
MPRINT(EM_DIAGRAM):   end;
54008      _C000006+1;
MPRINT(EM_DIAGRAM):   _C000006+1;
54009      end;
MPRINT(EM_DIAGRAM):   end;
54010      run;
MPRINT(EM_DIAGRAM):   run;

NOTE: There were 2437 observations read from the data set EMWS1.EMCODE3_TRAIN.
NOTE: View EMWS1.META_TRAIN.VIEW used (Total process time):
      real time           0.06 seconds
      cpu time            0.04 seconds
      
NOTE: There were 2437 observations read from the data set EMWS1.TRANS_TRAIN.
NOTE: There were 2437 observations read from the data set EMWS1.META_TRAIN.
NOTE: The data set EMWS1.PART_TRAIN has 1704 observations and 56 variables.
NOTE: The data set EMWS1.PART_VALIDATE has 733 observations and 56 variables.
NOTE: DATA statement used (Total process time):
      real time           0.09 seconds
      cpu time            0.06 seconds
      

54011      data _tempNobs;
MPRINT(EM_DIAGRAM):    data _tempNobs;
54012      length Type $8 Table $32 Nobs 8;
MPRINT(EM_DIAGRAM):   length Type $8 Table $32 Nobs 8;
54013      label type= "%sysfunc(sasmsg(sashelp.dmine, meta_type_vlabel,    NOQUOTE))" table = "%sysfunc(sasmsg(sashelp.dmine, meta_dataset_vlabel, NOQUOTE))" nobs = "%sysfunc(sasmsg(sashelp.dmine,  rpt_numObs_vlabel,   NOQUOTE))";
MPRINT(EM_DIAGRAM):   label type= "Type" table = "Data Set" nobs = "Number of Observations";
54014      type='DATA';
MPRINT(EM_DIAGRAM):   type='DATA';
54015      table="EMWS1.Meta_TRAIN";
MPRINT(EM_DIAGRAM):   table="EMWS1.Meta_TRAIN";
54016      Nobs=2437;
MPRINT(EM_DIAGRAM):   Nobs=2437;
54017      output;
MPRINT(EM_DIAGRAM):   output;
54018      type='TRAIN';
MPRINT(EM_DIAGRAM):   type='TRAIN';
54019      table="EMWS1.Part_TRAIN";
MPRINT(EM_DIAGRAM):   table="EMWS1.Part_TRAIN";
54020      Nobs=1704;
MPRINT(EM_DIAGRAM):   Nobs=1704;
54021      output;
MPRINT(EM_DIAGRAM):   output;
54022      type='VALIDATE';
MPRINT(EM_DIAGRAM):   type='VALIDATE';
54023      table="EMWS1.Part_VALIDATE";
MPRINT(EM_DIAGRAM):   table="EMWS1.Part_VALIDATE";
54024      Nobs=733;
MPRINT(EM_DIAGRAM):   Nobs=733;
54025      output;
MPRINT(EM_DIAGRAM):   output;
54026      run;
MPRINT(EM_DIAGRAM):   run;

NOTE: The data set WORK._TEMPNOBS has 3 observations and 3 variables.
NOTE: DATA statement used (Total process time):
      real time           0.01 seconds
      cpu time            0.00 seconds
      

54027      %let _cn = %sysfunc(getoption(CENTER));
54028      %let _nb = %sysfunc(getoption(NUMBER));
54029      options nonumber nocenter;
MPRINT(EM_DIAGRAM):   options nonumber nocenter;
54030      proc print data=_tempNobs noobs label;
MPRINT(EM_DIAGRAM):   proc print data=_tempNobs noobs label;
54031      title9 ' ';
MPRINT(EM_DIAGRAM):   title9 ' ';
54032      title10 "%sysfunc(sasmsg(sashelp.dmine, rpt_partitionSummary_title, NOQUOTE))";
MPRINT(EM_DIAGRAM):   title10 "Partition Summary";
MPRINT(EM_DIAGRAM):   run;
54033      run;

NOTE: There were 3 observations read from the data set WORK._TEMPNOBS.
NOTE: The PROCEDURE PRINT printed page 13.
NOTE: PROCEDURE PRINT used (Total process time):
      real time           0.00 seconds
      cpu time            0.00 seconds
      

54034      title10;
MPRINT(EM_DIAGRAM):   title10;
54035      options &_cn &_nb;
MPRINT(EM_DIAGRAM):   options NOCENTER NONUMBER;
MPRINT(EM_DIAGRAM):   run;
54036      run;

MPRINT(EM_DIAGRAM):    proc printto;
MPRINT(EM_DIAGRAM):   run;
