 
                                                                                                                                                                                                                                                                
 
 
Variable Summary

           Measurement    Frequency
 Role         Level         Count

ASSESS      NOMINAL           1    
INPUT       NOMINAL           1    
SEGMENT     INTERVAL          1    
TARGET      BINARY            1    
 
                                                                                                                                                                                                                                                                
 
Group Summary

Group                     Frequency
Index        Group          Count

   1     ^(cv_var =1)         2199 
   2     ^(cv_var =2)         2164 
   3     ^(cv_var =3)         2183 
   4     ^(cv_var =4)         2177 
   5     ^(cv_var =5)         2192 
   6     ^(cv_var =6)         2231 
   7     ^(cv_var =7)         2176 
   8     ^(cv_var =8)         2192 
   9     ^(cv_var =9)         2220 
  10     ^(cv_var =10)        2199 
