 
                                                                                                                                                                                                                                                                
 
 
Variable Summary

         Measurement    Frequency
Role        Level         Count

INPUT     INTERVAL          35   
INPUT     NOMINAL            2   
 
                                                                                                                                                                                                                                                                
 
 
Output Table Attributes

Attribute            Value

Output Table         EMWS1.Ids2_DATA
Output Type          Data           
Dropped Variables    0              
Data Mining Role     Score          
 
                                                                                                                                                                                                                                                                
 
 
Input Table Attributes

Attribute                                  Value

Data Source                                                   
                                                              
Library Name                               EMWS1              
Library Member Name                        FILTER_TRAIN       
Data Set Label                                                
Special Data Set Type (From TYPE=)                            
Observations in Data Set                   .                  
Engine Name                                SASDSV             
Create Date                                22/12/2017 13:01:35
Last Modified Date                         22/12/2017 13:01:35
Deleted Observations in Data Set           0                  
Use of Variable in Indexes                 NONE               
Library Member Type                        VIEW               
Number of Indexes for Data Set             0                  
Password Protection (Read Write Alter)     ---                
Update Flags (Protect Contribute Add)      ---                
Compression Routine                        NO                 
Reuse Space                                NO                 
Sorted and/or Validated                    .                  
Position of Variable in Sortedby Clause    .                  
Host Character Set                                            
Collating Sequence                                            
Sort Option: No Duplicate Keys             NO                 
Sort Option: No Duplicate Records          NO                 
Encryption Routine                         NO                 
Point to Observations                      YES                
Maximum Number of Generations              0                  
Generation Number                          .                  
Next Generation Number                     .                  
Character Variables Transcoded             YES                
Variables                                  37                 
