 
                                                                                               
 
 
Fit Statistics

Target=DepVar Target Label=DepVar

   Fit
Statistics    Statistics Label                     Train

 _ASE_        Average Squared Error                 0.03
 _DIV_        Divisor for ASE                    4874.00
 _MAX_        Maximum Absolute Error                0.99
 _NOBS_       Sum of Frequencies                 2437.00
 _RASE_       Root Average Squared Error            0.18
 _SSE_        Sum of Squared Errors               166.12
 _DISF_       Frequency of Classified Cases      2437.00
 _MISC_       Misclassification Rate                0.05
 _WRONG_      Number of Wrong Classifications     118.00
 
                                                                                               
 
 
Classification Table

Data Role=TRAIN Target Variable=DepVar Target Label=DepVar

                       Target        Outcome     Frequency       Total
Target    Outcome    Percentage    Percentage      Count      Percentage

  0          0         96.7514       97.7175        2055        84.3250 
  1          0          3.2486       20.6587          69         2.8314 
  0          1         15.3355        2.2825          48         1.9696 
  1          1         84.6645       79.3413         265        10.8740 
 
                                                                                               
 
 
Event Classification Table

Data Role=TRAIN Target=DepVar Target Label=DepVar

  False       True        False       True
Negative    Negative    Positive    Positive

   69         2055         48          265  
 
                                                                                               
 
 
Assessment Score Rankings

Data Role=TRAIN Target Variable=DepVar Target Label=DepVar

                                                                                    Mean
                            Cumulative       %      Cumulative     Number of     Posterior
Depth      Gain     Lift       Lift      Response   % Response   Observations   Probability

   5    629.641   7.29641     7.29641     100.000     100.000         122         0.99082  
  10    569.834   6.10027     6.69834      83.607      91.803         122         0.85376  
  15    470.156   3.70801     5.70156      50.820      78.142         122         0.51980  
  20    378.453   2.03342     4.78453      27.869      65.574         122         0.21695  
  25    289.939   0.35884     3.89939       4.918      53.443         122         0.08128  
  30    229.933   0.29903     3.29933       4.098      45.219         122         0.03105  
  35    184.842   0.12060     2.84842       1.653      39.039         121         0.01328  
  40    149.949   0.05981     2.49949       0.820      34.256         122         0.00578  
  45    122.151   0.00000     2.22151       0.000      30.447         122         0.00276  
  50     99.918   0.00000     1.99918       0.000      27.400         122         0.00138  
  55     81.730   0.00000     1.81730       0.000      24.907         122         0.00067  
  60     66.576   0.00000     1.66576       0.000      22.830         122         0.00032  
  65     53.754   0.00000     1.53754       0.000      21.073         122         0.00015  
  70     42.849   0.00000     1.42849       0.000      19.578         121         0.00007  
  75     33.315   0.00000     1.33315       0.000      18.271         122         0.00003  
  80     24.974   0.00000     1.24974       0.000      17.128         122         0.00001  
  85     17.616   0.00000     1.17616       0.000      16.120         122         0.00000  
  90     11.076   0.00000     1.11076       0.000      15.223         122         0.00000  
  95      5.225   0.00000     1.05225       0.000      14.421         122         0.00000  
 100      0.000   0.00000     1.00000       0.000      13.705         121         0.00000  
 
                                                                                               
 
 
Assessment Score Distribution

Data Role=TRAIN Target Variable=DepVar Target Label=DepVar

 Posterior     Number                     Mean
Probability      of      Number of     Posterior
   Range       Events    Nonevents    Probability    Percentage

 0.95-1.00       132           1        0.98782         5.4575 
 0.90-0.95        33           5        0.92338         1.5593 
 0.85-0.90        24           3        0.87615         1.1079 
 0.80-0.85        11           2        0.82578         0.5334 
 0.75-0.80         9           3        0.76950         0.4924 
 0.70-0.75        10           3        0.72356         0.5334 
 0.65-0.70        13           7        0.67935         0.8207 
 0.60-0.65        15           2        0.62861         0.6976 
 0.55-0.60        11           6        0.57234         0.6976 
 0.50-0.55         7          16        0.52733         0.9438 
 0.45-0.50         9          12        0.47673         0.8617 
 0.40-0.45         8           9        0.42727         0.6976 
 0.35-0.40         2           9        0.37897         0.4514 
 0.30-0.35         5          10        0.32967         0.6155 
 0.25-0.30         8          19        0.27277         1.1079 
 0.20-0.25        11          25        0.22515         1.4772 
 0.15-0.20        10          13        0.17710         0.9438 
 0.10-0.15         2          51        0.12176         2.1748 
 0.05-0.10         6          86        0.07309         3.7751 
 0.00-0.05         8        1821        0.00375        75.0513 
