 
                                                                                               
 
 
Fit Statistics

Target=DepVar Target Label=DepVar

   Fit
Statistics    Statistics Label                     Train

 _ASE_        Average Squared Error                 0.03
 _DIV_        Divisor for ASE                    4874.00
 _MAX_        Maximum Absolute Error                1.00
 _NOBS_       Sum of Frequencies                 2437.00
 _RASE_       Root Average Squared Error            0.18
 _SSE_        Sum of Squared Errors               150.31
 _DISF_       Frequency of Classified Cases      2437.00
 _MISC_       Misclassification Rate                0.04
 _WRONG_      Number of Wrong Classifications     103.00
 
                                                                                               
 
 
Classification Table

Data Role=TRAIN Target Variable=DepVar Target Label=DepVar

                       Target        Outcome     Frequency       Total
Target    Outcome    Percentage    Percentage      Count      Percentage

  0          0         97.1240       97.9553        2060        84.5302 
  1          0          2.8760       18.2635          61         2.5031 
  0          1         13.6076        2.0447          43         1.7645 
  1          1         86.3924       81.7365         273        11.2023 
 
                                                                                               
 
 
Event Classification Table

Data Role=TRAIN Target=DepVar Target Label=DepVar

  False       True        False       True
Negative    Negative    Positive    Positive

   61         2060         43          273  
 
                                                                                               
 
 
Assessment Score Rankings

Data Role=TRAIN Target Variable=DepVar Target Label=DepVar

                                                                                    Mean
                            Cumulative       %      Cumulative     Number of     Posterior
Depth      Gain     Lift       Lift      Response   % Response   Observations   Probability

   5    617.679   7.17679     7.17679     98.3607     98.3607         122         0.99297  
  10    584.786   6.51892     6.84786     89.3443     93.8525         122         0.88141  
  15    482.118   3.76782     5.82118     51.6393     79.7814         122         0.53238  
  20    384.434   1.91381     4.84434     26.2295     66.3934         122         0.21162  
  25    293.528   0.29903     3.93528      4.0984     53.9344         122         0.07603  
  30    230.930   0.17942     3.30930      2.4590     45.3552         122         0.02701  
  35    184.842   0.06030     2.84842      0.8264     39.0387         121         0.01005  
  40    149.200   0.00000     2.49200      0.0000     34.1538         122         0.00406  
  45    122.151   0.05981     2.22151      0.8197     30.4467         122         0.00169  
  50     99.918   0.00000     1.99918      0.0000     27.3995         122         0.00076  
  55     81.730   0.00000     1.81730      0.0000     24.9068         122         0.00039  
  60     66.576   0.00000     1.66576      0.0000     22.8298         122         0.00016  
  65     53.754   0.00000     1.53754      0.0000     21.0726         122         0.00007  
  70     42.849   0.00000     1.42849      0.0000     19.5780         121         0.00003  
  75     33.315   0.00000     1.33315      0.0000     18.2713         122         0.00001  
  80     24.974   0.00000     1.24974      0.0000     17.1282         122         0.00000  
  85     17.616   0.00000     1.17616      0.0000     16.1197         122         0.00000  
  90     11.076   0.00000     1.11076      0.0000     15.2233         122         0.00000  
  95      5.225   0.00000     1.05225      0.0000     14.4214         122         0.00000  
 100      0.000   0.00000     1.00000      0.0000     13.7054         121         0.00000  
 
                                                                                               
 
 
Assessment Score Distribution

Data Role=TRAIN Target Variable=DepVar Target Label=DepVar

 Posterior     Number                     Mean
Probability      of      Number of     Posterior
   Range       Events    Nonevents    Probability    Percentage

 0.95-1.00       141           3        0.98795         5.9089 
 0.90-0.95        30           3        0.92583         1.3541 
 0.85-0.90        24           6        0.87357         1.2310 
 0.80-0.85        20           0        0.82548         0.8207 
 0.75-0.80        13           3        0.77461         0.6565 
 0.70-0.75        13           6        0.72385         0.7796 
 0.65-0.70         8           3        0.68100         0.4514 
 0.60-0.65         8           6        0.62312         0.5745 
 0.55-0.60         5           6        0.57476         0.4514 
 0.50-0.55        11           7        0.52617         0.7386 
 0.45-0.50         5           6        0.47441         0.4514 
 0.40-0.45         5           6        0.42676         0.4514 
 0.35-0.40         5          12        0.36882         0.6976 
 0.30-0.35         5          14        0.33246         0.7796 
 0.25-0.30        14          17        0.27707         1.2721 
 0.20-0.25         8          18        0.22271         1.0669 
 0.15-0.20         4          30        0.17281         1.3952 
 0.10-0.15         6          40        0.11970         1.8876 
 0.05-0.10         3          77        0.07358         3.2827 
 0.00-0.05         6        1840        0.00340        75.7489 
