 
                                                                                               
 
 
Model Events

                                  Number
                   Measurement      of
Target    Event       Level       Levels      Order       Label

DepVar      1        BINARY          2      Descending    DepVar
 
                                                                                               
 
 
Predicted and decision variables

Type         Variable     Label

TARGET       DepVar       DepVar             
PREDICTED    P_DepVar1    Predicted: DepVar=1
RESIDUAL     R_DepVar1    Residual: DepVar=1 
PREDICTED    P_DepVar0    Predicted: DepVar=0
RESIDUAL     R_DepVar0    Residual: DepVar=0 
FROM         F_DepVar     From: DepVar       
INTO         I_DepVar     Into: DepVar       
 
                                                                                               
 
Group Summary

Group                     Frequency
Index        Group          Count

   1     ^(cv_var =1)         2182 
   2     ^(cv_var =2)         2219 
   3     ^(cv_var =3)         2198 
   4     ^(cv_var =4)         2207 
   5     ^(cv_var =5)         2189 
   6     ^(cv_var =6)         2186 
   7     ^(cv_var =7)         2193 
   8     ^(cv_var =8)         2187 
   9     ^(cv_var =9)         2203 
  10     ^(cv_var =10)        2169 
 
                                                                                               
 
 
Fit Statistics

Group=^(cv_var =1) Target=DepVar Target Label=DepVar

   Fit
Statistics    Statistics Label                    Train

 _AIC_        Akaike's Information Criterion     504.98
 _ASE_        Average Squared Error                0.03
 _AVERR_      Average Error Function               0.11
 _DFE_        Degrees of Freedom for Error      2200.00
 _DFM_        Model Degrees of Freedom            13.00
 _DFT_        Total Degrees of Freedom          2213.00
 _DIV_        Divisor for ASE                   4426.00
 _ERR_        Error Function                     478.98
 _FPE_        Final Prediction Error               0.03
 _MAX_        Maximum Absolute Error               0.99
 _MSE_        Mean Square Error                    0.03
 _NOBS_       Sum of Frequencies                2213.00
 _NW_         Number of Estimate Weights          13.00
 _RASE_       Root Average Sum of Squares          0.18
 _RFPE_       Root Final Prediction Error          0.18
 _RMSE_       Root Mean Squared Error              0.18
 _SBC_        Schwarz's Bayesian Criterion       579.11
 _SSE_        Sum of Squared Errors              144.24
 _SUMW_       Sum of Case Weights Times Freq    4426.00
 _MISC_       Misclassification Rate               0.04


Group=^(cv_var =2) Target=DepVar Target Label=DepVar

   Fit
Statistics    Statistics Label                    Train

 _AIC_        Akaike's Information Criterion     498.01
 _ASE_        Average Squared Error                0.03
 _AVERR_      Average Error Function               0.11
 _DFE_        Degrees of Freedom for Error      2179.00
 _DFM_        Model Degrees of Freedom            13.00
 _DFT_        Total Degrees of Freedom          2192.00
 _DIV_        Divisor for ASE                   4384.00
 _ERR_        Error Function                     472.01
 _FPE_        Final Prediction Error               0.03
 _MAX_        Maximum Absolute Error               0.99
 _MSE_        Mean Square Error                    0.03
 _NOBS_       Sum of Frequencies                2192.00
 _NW_         Number of Estimate Weights          13.00
 _RASE_       Root Average Sum of Squares          0.18
 _RFPE_       Root Final Prediction Error          0.18
 _RMSE_       Root Mean Squared Error              0.18
 _SBC_        Schwarz's Bayesian Criterion       572.01
 _SSE_        Sum of Squared Errors              145.85
 _SUMW_       Sum of Case Weights Times Freq    4384.00
 _MISC_       Misclassification Rate               0.05


Group=^(cv_var =3) Target=DepVar Target Label=DepVar

   Fit
Statistics    Statistics Label                    Train

 _AIC_        Akaike's Information Criterion     515.04
 _ASE_        Average Squared Error                0.03
 _AVERR_      Average Error Function               0.11
 _DFE_        Degrees of Freedom for Error      2195.00
 _DFM_        Model Degrees of Freedom            13.00
 _DFT_        Total Degrees of Freedom          2208.00
 _DIV_        Divisor for ASE                   4416.00
 _ERR_        Error Function                     489.04
 _FPE_        Final Prediction Error               0.03
 _MAX_        Maximum Absolute Error               0.99
 _MSE_        Mean Square Error                    0.03
 _NOBS_       Sum of Frequencies                2208.00
 _NW_         Number of Estimate Weights          13.00
 _RASE_       Root Average Sum of Squares          0.18
 _RFPE_       Root Final Prediction Error          0.18
 _RMSE_       Root Mean Squared Error              0.18
 _SBC_        Schwarz's Bayesian Criterion       589.14
 _SSE_        Sum of Squared Errors              147.71
 _SUMW_       Sum of Case Weights Times Freq    4416.00
 _MISC_       Misclassification Rate               0.04


Group=^(cv_var =4) Target=DepVar Target Label=DepVar

   Fit
Statistics    Statistics Label                    Train

 _AIC_        Akaike's Information Criterion     518.13
 _ASE_        Average Squared Error                0.03
 _AVERR_      Average Error Function               0.11
 _DFE_        Degrees of Freedom for Error      2190.00
 _DFM_        Model Degrees of Freedom            13.00
 _DFT_        Total Degrees of Freedom          2203.00
 _DIV_        Divisor for ASE                   4406.00
 _ERR_        Error Function                     492.13
 _FPE_        Final Prediction Error               0.04
 _MAX_        Maximum Absolute Error               0.99
 _MSE_        Mean Square Error                    0.03
 _NOBS_       Sum of Frequencies                2203.00
 _NW_         Number of Estimate Weights          13.00
 _RASE_       Root Average Sum of Squares          0.19
 _RFPE_       Root Final Prediction Error          0.19
 _RMSE_       Root Mean Squared Error              0.19
 _SBC_        Schwarz's Bayesian Criterion       592.20
 _SSE_        Sum of Squared Errors              152.71
 _SUMW_       Sum of Case Weights Times Freq    4406.00
 _MISC_       Misclassification Rate               0.05


Group=^(cv_var =5) Target=DepVar Target Label=DepVar

   Fit
Statistics    Statistics Label                    Train

 _AIC_        Akaike's Information Criterion     513.43
 _ASE_        Average Squared Error                0.03
 _AVERR_      Average Error Function               0.11
 _DFE_        Degrees of Freedom for Error      2181.00
 _DFM_        Model Degrees of Freedom            13.00
 _DFT_        Total Degrees of Freedom          2194.00
 _DIV_        Divisor for ASE                   4388.00
 _ERR_        Error Function                     487.43
 _FPE_        Final Prediction Error               0.03
 _MAX_        Maximum Absolute Error               0.99
 _MSE_        Mean Square Error                    0.03
 _NOBS_       Sum of Frequencies                2194.00
 _NW_         Number of Estimate Weights          13.00
 _RASE_       Root Average Sum of Squares          0.18
 _RFPE_       Root Final Prediction Error          0.19
 _RMSE_       Root Mean Squared Error              0.18
 _SBC_        Schwarz's Bayesian Criterion       587.44
 _SSE_        Sum of Squared Errors              148.57
 _SUMW_       Sum of Case Weights Times Freq    4388.00
 _MISC_       Misclassification Rate               0.05


Group=^(cv_var =6) Target=DepVar Target Label=DepVar

   Fit
Statistics    Statistics Label                    Train

 _AIC_        Akaike's Information Criterion     506.86
 _ASE_        Average Squared Error                0.03
 _AVERR_      Average Error Function               0.11
 _DFE_        Degrees of Freedom for Error      2188.00
 _DFM_        Model Degrees of Freedom            13.00
 _DFT_        Total Degrees of Freedom          2201.00
 _DIV_        Divisor for ASE                   4402.00
 _ERR_        Error Function                     480.86
 _FPE_        Final Prediction Error               0.03
 _MAX_        Maximum Absolute Error               0.99
 _MSE_        Mean Square Error                    0.03
 _NOBS_       Sum of Frequencies                2201.00
 _NW_         Number of Estimate Weights          13.00
 _RASE_       Root Average Sum of Squares          0.18
 _RFPE_       Root Final Prediction Error          0.18
 _RMSE_       Root Mean Squared Error              0.18
 _SBC_        Schwarz's Bayesian Criterion       580.92
 _SSE_        Sum of Squared Errors              146.53
 _SUMW_       Sum of Case Weights Times Freq    4402.00
 _MISC_       Misclassification Rate               0.04


Group=^(cv_var =7) Target=DepVar Target Label=DepVar

   Fit
Statistics    Statistics Label                    Train

 _AIC_        Akaike's Information Criterion     520.15
 _ASE_        Average Squared Error                0.03
 _AVERR_      Average Error Function               0.11
 _DFE_        Degrees of Freedom for Error      2172.00
 _DFM_        Model Degrees of Freedom            13.00
 _DFT_        Total Degrees of Freedom          2185.00
 _DIV_        Divisor for ASE                   4370.00
 _ERR_        Error Function                     494.15
 _FPE_        Final Prediction Error               0.03
 _MAX_        Maximum Absolute Error               0.99
 _MSE_        Mean Square Error                    0.03
 _NOBS_       Sum of Frequencies                2185.00
 _NW_         Number of Estimate Weights          13.00
 _RASE_       Root Average Sum of Squares          0.19
 _RFPE_       Root Final Prediction Error          0.19
 _RMSE_       Root Mean Squared Error              0.19
 _SBC_        Schwarz's Bayesian Criterion       594.11
 _SSE_        Sum of Squared Errors              150.68
 _SUMW_       Sum of Case Weights Times Freq    4370.00
 _MISC_       Misclassification Rate               0.05


Group=^(cv_var =8) Target=DepVar Target Label=DepVar

   Fit
Statistics    Statistics Label                    Train

 _AIC_        Akaike's Information Criterion     489.51
 _ASE_        Average Squared Error                0.03
 _AVERR_      Average Error Function               0.11
 _DFE_        Degrees of Freedom for Error      2162.00
 _DFM_        Model Degrees of Freedom            13.00
 _DFT_        Total Degrees of Freedom          2175.00
 _DIV_        Divisor for ASE                   4350.00
 _ERR_        Error Function                     463.51
 _FPE_        Final Prediction Error               0.03
 _MAX_        Maximum Absolute Error               0.99
 _MSE_        Mean Square Error                    0.03
 _NOBS_       Sum of Frequencies                2175.00
 _NW_         Number of Estimate Weights          13.00
 _RASE_       Root Average Sum of Squares          0.18
 _RFPE_       Root Final Prediction Error          0.18
 _RMSE_       Root Mean Squared Error              0.18
 _SBC_        Schwarz's Bayesian Criterion       563.42
 _SSE_        Sum of Squared Errors              143.70
 _SUMW_       Sum of Case Weights Times Freq    4350.00
 _MISC_       Misclassification Rate               0.04


Group=^(cv_var =9) Target=DepVar Target Label=DepVar

   Fit
Statistics    Statistics Label                    Train

 _AIC_        Akaike's Information Criterion     514.28
 _ASE_        Average Squared Error                0.03
 _AVERR_      Average Error Function               0.11
 _DFE_        Degrees of Freedom for Error      2192.00
 _DFM_        Model Degrees of Freedom            13.00
 _DFT_        Total Degrees of Freedom          2205.00
 _DIV_        Divisor for ASE                   4410.00
 _ERR_        Error Function                     488.28
 _FPE_        Final Prediction Error               0.03
 _MAX_        Maximum Absolute Error               0.99
 _MSE_        Mean Square Error                    0.03
 _NOBS_       Sum of Frequencies                2205.00
 _NW_         Number of Estimate Weights          13.00
 _RASE_       Root Average Sum of Squares          0.18
 _RFPE_       Root Final Prediction Error          0.18
 _RMSE_       Root Mean Squared Error              0.18
 _SBC_        Schwarz's Bayesian Criterion       588.36
 _SSE_        Sum of Squared Errors              148.56
 _SUMW_       Sum of Case Weights Times Freq    4410.00
 _MISC_       Misclassification Rate               0.05


Group=^(cv_var =10) Target=DepVar Target Label=DepVar

   Fit
Statistics    Statistics Label                    Train

 _AIC_        Akaike's Information Criterion     522.32
 _ASE_        Average Squared Error                0.04
 _AVERR_      Average Error Function               0.11
 _DFE_        Degrees of Freedom for Error      2168.00
 _DFM_        Model Degrees of Freedom            13.00
 _DFT_        Total Degrees of Freedom          2181.00
 _DIV_        Divisor for ASE                   4362.00
 _ERR_        Error Function                     496.32
 _FPE_        Final Prediction Error               0.04
 _MAX_        Maximum Absolute Error               0.99
 _MSE_        Mean Square Error                    0.04
 _NOBS_       Sum of Frequencies                2181.00
 _NW_         Number of Estimate Weights          13.00
 _RASE_       Root Average Sum of Squares          0.19
 _RFPE_       Root Final Prediction Error          0.19
 _RMSE_       Root Mean Squared Error              0.19
 _SBC_        Schwarz's Bayesian Criterion       596.25
 _SSE_        Sum of Squared Errors              153.53
 _SUMW_       Sum of Case Weights Times Freq    4362.00
 _MISC_       Misclassification Rate               0.05


Group=_OVERALL_ Target=DepVar Target Label=DepVar

   Fit
Statistics    Statistics Label                     Train

 _ASE_        Average Squared Error                 0.03
 _DIV_        Divisor for ASE                    4874.00
 _MAX_        Maximum Absolute Error                0.99
 _NOBS_       Sum of Frequencies                 2437.00
 _RASE_       Root Average Squared Error            0.18
 _SSE_        Sum of Squared Errors               166.40
 _DISF_       Frequency of Classified Cases      2437.00
 _MISC_       Misclassification Rate                0.05
 _WRONG_      Number of Wrong Classifications     113.00
 
                                                                                               
 
 
Classification Table

Data Role=TRAIN Group=^(cv_var =1) Target Variable=DepVar Target Label=DepVar

                       Target        Outcome     Frequency       Total
Target    Outcome    Percentage    Percentage      Count      Percentage

  0          0         96.9525       98.0669        1877        84.8170 
  1          0          3.0475       19.7324          59         2.6661 
  0          1         13.3574        1.9331          37         1.6719 
  1          1         86.6426       80.2676         240        10.8450 


Data Role=TRAIN Group=^(cv_var =10) Target Variable=DepVar Target Label=DepVar

                       Target        Outcome     Frequency       Total
Target    Outcome    Percentage    Percentage      Count      Percentage

  0          0         96.5336       97.7660        1838        84.2733 
  1          0          3.4664       21.9269          66         3.0261 
  0          1         15.1625        2.2340          42         1.9257 
  1          1         84.8375       78.0731         235        10.7749 


Data Role=TRAIN Group=^(cv_var =2) Target Variable=DepVar Target Label=DepVar

                       Target        Outcome     Frequency       Total
Target    Outcome    Percentage    Percentage      Count      Percentage

  0          0         96.9602       97.8318        1850        84.3978 
  1          0          3.0398       19.2691          58         2.6460 
  0          1         14.4366        2.1682          41         1.8704 
  1          1         85.5634       80.7309         243        11.0858 


Data Role=TRAIN Group=^(cv_var =3) Target Variable=DepVar Target Label=DepVar

                       Target        Outcome     Frequency       Total
Target    Outcome    Percentage    Percentage      Count      Percentage

  0          0         96.8361       98.0052        1867        84.5562 
  1          0          3.1639       20.1320          61         2.7627 
  0          1         13.5714        1.9948          38         1.7210 
  1          1         86.4286       79.8680         242        10.9601 


Data Role=TRAIN Group=^(cv_var =4) Target Variable=DepVar Target Label=DepVar

                       Target        Outcome     Frequency       Total
Target    Outcome    Percentage    Percentage      Count      Percentage

  0          0         96.7641       97.7333        1854        84.1580 
  1          0          3.2359       20.2614          62         2.8143 
  0          1         14.9826        2.2667          43         1.9519 
  1          1         85.0174       79.7386         244        11.0758 


Data Role=TRAIN Group=^(cv_var =5) Target Variable=DepVar Target Label=DepVar

                       Target        Outcome     Frequency       Total
Target    Outcome    Percentage    Percentage      Count      Percentage

  0          0         96.8717       97.8925        1858        84.6855 
  1          0          3.1283       20.2703          60         2.7347 
  0          1         14.4928        2.1075          40         1.8232 
  1          1         85.5072       79.7297         236        10.7566 


Data Role=TRAIN Group=^(cv_var =6) Target Variable=DepVar Target Label=DepVar

                       Target        Outcome     Frequency       Total
Target    Outcome    Percentage    Percentage      Count      Percentage

  0          0         96.9760       97.9463        1860        84.5070 
  1          0          3.0240       19.2053          58         2.6352 
  0          1         13.7809        2.0537          39         1.7719 
  1          1         86.2191       80.7947         244        11.0859 


Data Role=TRAIN Group=^(cv_var =7) Target Variable=DepVar Target Label=DepVar

                       Target        Outcome     Frequency       Total
Target    Outcome    Percentage    Percentage      Count      Percentage

  0          0         96.7505       97.8791        1846        84.4851 
  1          0          3.2495       20.7358          62         2.8375 
  0          1         14.4404        2.1209          40         1.8307 
  1          1         85.5596       79.2642         237        10.8467 


Data Role=TRAIN Group=^(cv_var =8) Target Variable=DepVar Target Label=DepVar

                       Target        Outcome     Frequency       Total
Target    Outcome    Percentage    Percentage      Count      Percentage

  0          0         97.0976       97.8203        1840        84.5977 
  1          0          2.9024       18.7075          55         2.5287 
  0          1         14.6429        2.1797          41         1.8851 
  1          1         85.3571       81.2925         239        10.9885 


Data Role=TRAIN Group=^(cv_var =9) Target Variable=DepVar Target Label=DepVar

                       Target        Outcome     Frequency       Total
Target    Outcome    Percentage    Percentage      Count      Percentage

  0          0         96.8831       97.9003        1865        84.5805 
  1          0          3.1169       20.0000          60         2.7211 
  0          1         14.2857        2.0997          40         1.8141 
  1          1         85.7143       80.0000         240        10.8844 


Data Role=TRAIN Group=_OVERALL_ Target Variable=DepVar Target Label=DepVar

                       Target        Outcome     Frequency       Total
Target    Outcome    Percentage    Percentage      Count      Percentage

  0          0         96.9383       97.8602        2058        84.4481 
  1          0          3.0617       19.4611          65         2.6672 
  0          1         14.3312        2.1398          45         1.8465 
  1          1         85.6688       80.5389         269        11.0382 
 
                                                                                               
 
 
Event Classification Table

Data Role=TRAIN Group=^(cv_var =1) Target=DepVar Target Label=DepVar

  False       True        False       True       Group
Negative    Negative    Positive    Positive     Index

   59         1877         37          240           1


Data Role=TRAIN Group=^(cv_var =2) Target=DepVar Target Label=DepVar

  False       True        False       True       Group
Negative    Negative    Positive    Positive     Index

   58         1850         41          243           2


Data Role=TRAIN Group=^(cv_var =3) Target=DepVar Target Label=DepVar

  False       True        False       True       Group
Negative    Negative    Positive    Positive     Index

   61         1867         38          242           3


Data Role=TRAIN Group=^(cv_var =4) Target=DepVar Target Label=DepVar

  False       True        False       True       Group
Negative    Negative    Positive    Positive     Index

   62         1854         43          244           4


Data Role=TRAIN Group=^(cv_var =5) Target=DepVar Target Label=DepVar

  False       True        False       True       Group
Negative    Negative    Positive    Positive     Index

   60         1858         40          236           5


Data Role=TRAIN Group=^(cv_var =6) Target=DepVar Target Label=DepVar

  False       True        False       True       Group
Negative    Negative    Positive    Positive     Index

   58         1860         39          244           6


Data Role=TRAIN Group=^(cv_var =7) Target=DepVar Target Label=DepVar

  False       True        False       True       Group
Negative    Negative    Positive    Positive     Index

   62         1846         40          237           7


Data Role=TRAIN Group=^(cv_var =8) Target=DepVar Target Label=DepVar

  False       True        False       True       Group
Negative    Negative    Positive    Positive     Index

   55         1840         41          239           8


Data Role=TRAIN Group=^(cv_var =9) Target=DepVar Target Label=DepVar

  False       True        False       True       Group
Negative    Negative    Positive    Positive     Index

   60         1865         40          240           9


Data Role=TRAIN Group=^(cv_var =10) Target=DepVar Target Label=DepVar

  False       True        False       True       Group
Negative    Negative    Positive    Positive     Index

   66         1838         42          235          10


Data Role=TRAIN Group=_OVERALL_ Target=DepVar Target Label=DepVar

  False       True        False       True       Group
Negative    Negative    Positive    Positive     Index

   65         2058         45          269          11
 
                                                                                               
 
 
Assessment Score Rankings

Data Role=TRAIN Group=^(cv_var =1) Target Variable=DepVar Target Label=DepVar

                                                                                    Mean
                            Cumulative       %      Cumulative     Number of     Posterior
Depth      Gain     Lift       Lift      Response   % Response   Observations   Probability

   5    633.466   7.33466     7.33466     99.0991     99.0991         111         0.98965  
  10    580.123   6.26780     6.80123     84.6847     91.8919         111         0.85578  
  15    477.394   3.70067     5.77394     50.0000     78.0120         110         0.50956  
  20    377.829   1.80033     4.77829     24.3243     64.5598         111         0.21059  
  25    290.107   0.40007     3.90107      5.4054     52.7076         111         0.07922  
  30    228.824   0.20185     3.28824      2.7273     44.4277         110         0.03024  
  35    184.593   0.20004     2.84593      2.7027     38.4516         111         0.01283  
  40    149.774   0.06668     2.49774      0.9009     33.7472         111         0.00566  
  45    122.189   0.00000     2.22189      0.0000     30.0201         110         0.00262  
  50     99.910   0.00000     1.99910      0.0000     27.0099         111         0.00127  
  55     81.691   0.00000     1.81691      0.0000     24.5484         111         0.00061  
  60     66.642   0.00000     1.66642      0.0000     22.5151         110         0.00030  
  65     53.787   0.00000     1.53787      0.0000     20.7783         111         0.00014  
  70     42.774   0.00000     1.42774      0.0000     19.2903         111         0.00007  
  75     33.313   0.00000     1.33313      0.0000     18.0120         110         0.00003  
  80     24.958   0.00000     1.24958      0.0000     16.8831         111         0.00001  
  85     17.588   0.00000     1.17588      0.0000     15.8874         111         0.00000  
  90     11.094   0.00000     1.11094      0.0000     15.0100         110         0.00000  
  95      5.231   0.00000     1.05231      0.0000     14.2178         111         0.00000  
 100      0.000   0.00000     1.00000      0.0000     13.5111         110         0.00000  


Data Role=TRAIN Group=^(cv_var =2) Target Variable=DepVar Target Label=DepVar

                                                                                    Mean
                            Cumulative       %      Cumulative     Number of     Posterior
Depth      Gain     Lift       Lift      Response   % Response   Observations   Probability

   5    621.619   7.21619     7.21619     99.0909     99.0909         110         0.99169  
  10    568.656   6.15693     6.68656     84.5455     91.8182         110         0.86154  
  15    471.081   3.74141     5.71081     51.3761     78.4195         109         0.53426  
  20    381.069   2.11851     4.81069     29.0909     66.0592         110         0.22163  
  25    293.355   0.40087     3.93355      5.5046     54.0146         109         0.08073  
  30    229.810   0.13241     3.29810      1.8182     45.2888         110         0.02968  
  35    185.417   0.19861     2.85417      2.7273     39.1927         110         0.01259  
  40    149.943   0.00000     2.49943      0.0000     34.3216         109         0.00522  
  45    122.087   0.00000     2.22087      0.0000     30.4965         110         0.00248  
  50    100.000   0.00000     2.00000      0.0000     27.4635         109         0.00118  
  55     81.758   0.00000     1.81758      0.0000     24.9585         110         0.00055  
  60     66.565   0.00000     1.66565      0.0000     22.8723         110         0.00026  
  65     53.825   0.00000     1.53825      0.0000     21.1228         109         0.00012  
  70     42.801   0.00000     1.42801      0.0000     19.6091         110         0.00005  
  75     33.333   0.00000     1.33333      0.0000     18.3090         109         0.00002  
  80     24.971   0.00000     1.24971      0.0000     17.1608         110         0.00001  
  85     17.597   0.00000     1.17597      0.0000     16.1481         110         0.00000  
  90     11.100   0.00000     1.11100      0.0000     15.2560         109         0.00000  
  95      5.233   0.00000     1.05233      0.0000     14.4503         110         0.00000  
 100      0.000   0.00000     1.00000      0.0000     13.7318         109         0.00000  


Data Role=TRAIN Group=^(cv_var =3) Target Variable=DepVar Target Label=DepVar

                                                                                    Mean
                            Cumulative       %      Cumulative     Number of     Posterior
Depth      Gain     Lift       Lift      Response   % Response   Observations   Probability

   5    622.148   7.22148     7.22148     99.0991     99.0991         111         0.99039  
  10    575.955   6.29343     6.75955     86.3636     92.7602         110         0.86027  
  15    470.679   3.61074     5.70679     49.5495     78.3133         111         0.52281  
  20    376.466   1.92115     4.76466     26.3636     65.3846         110         0.21839  
  25    290.759   0.46373     3.90759      6.3636     53.6232         110         0.08754  
  30    229.734   0.26260     3.29734      3.6036     45.2489         111         0.03370  
  35    183.755   0.06625     2.83755      0.9091     38.9392         110         0.01478  
  40    149.774   0.13130     2.49774      1.8018     34.2760         111         0.00656  
  45    122.133   0.00000     2.22133      0.0000     30.4829         110         0.00299  
  50    100.000   0.00000     2.00000      0.0000     27.4457         110         0.00153  
  55     81.728   0.00000     1.81728      0.0000     24.9383         111         0.00078  
  60     66.642   0.00000     1.66642      0.0000     22.8679         110         0.00037  
  65     53.760   0.00000     1.53760      0.0000     21.1003         111         0.00017  
  70     42.820   0.00000     1.42820      0.0000     19.5990         110         0.00008  
  75     33.333   0.00000     1.33333      0.0000     18.2971         110         0.00004  
  80     24.958   0.00000     1.24958      0.0000     17.1477         111         0.00001  
  85     17.635   0.00000     1.17635      0.0000     16.1428         110         0.00001  
  90     11.066   0.00000     1.11066      0.0000     15.2414         111         0.00000  
  95      5.243   0.00000     1.05243      0.0000     14.4423         110         0.00000  
 100      0.000   0.00000     1.00000      0.0000     13.7228         110         0.00000  


Data Role=TRAIN Group=^(cv_var =4) Target Variable=DepVar Target Label=DepVar

                                                                                    Mean
                            Cumulative       %      Cumulative     Number of     Posterior
Depth      Gain     Lift       Lift      Response   % Response   Observations   Probability

   5    613.449   7.13449     7.13449     99.0991     99.0991         111         0.99007  
  10    554.782   5.95582     6.54782     82.7273     90.9502         110         0.86111  
  15    463.333   3.79602     5.63333     52.7273     78.2477         110         0.53744  
  20    381.589   2.35615     4.81589     32.7273     66.8934         110         0.23363  
  25    291.979   0.32724     3.91979      4.5455     54.4465         110         0.08915  
  30    231.105   0.26179     3.31105      3.6364     45.9909         110         0.03449  
  35    184.430   0.06486     2.84430      0.9009     39.5078         111         0.01476  
  40    149.773   0.06545     2.49773      0.9091     34.6939         110         0.00632  
  45    122.077   0.00000     2.22077      0.0000     30.8468         110         0.00292  
  50     99.909   0.00000     1.99909      0.0000     27.7677         110         0.00145  
  55     81.766   0.00000     1.81766      0.0000     25.2475         110         0.00072  
  60     66.641   0.00000     1.66641      0.0000     23.1467         110         0.00035  
  65     53.841   0.00000     1.53841      0.0000     21.3687         110         0.00016  
  70     42.774   0.00000     1.42774      0.0000     19.8315         111         0.00007  
  75     33.273   0.00000     1.33273      0.0000     18.5118         110         0.00003  
  80     24.957   0.00000     1.24957      0.0000     17.3568         110         0.00001  
  85     17.619   0.00000     1.17619      0.0000     16.3374         110         0.00000  
  90     11.094   0.00000     1.11094      0.0000     15.4312         110         0.00000  
  95      5.256   0.00000     1.05256      0.0000     14.6202         110         0.00000  
 100      0.000   0.00000     1.00000      0.0000     13.8901         110         0.00000  


Data Role=TRAIN Group=^(cv_var =5) Target Variable=DepVar Target Label=DepVar

                                                                                    Mean
                            Cumulative       %      Cumulative     Number of     Posterior
Depth      Gain     Lift       Lift      Response   % Response   Observations   Probability

   5    634.478   7.34478     7.34478     99.0909     99.0909         110         0.98855  
  10    577.202   6.19926     6.77202     83.6364     91.3636         110         0.84277  
  15    470.512   3.57131     5.70512     48.1818     76.9697         110         0.50748  
  20    377.823   1.97204     4.77823     26.6055     64.4647         109         0.21508  
  25    288.835   0.33692     3.88835      4.5455     52.4590         110         0.08254  
  30    229.554   0.33692     3.29554      4.5455     44.4613         110         0.03055  
  35    184.712   0.13600     2.84712      1.8349     38.4115         109         0.01408  
  40    149.886   0.06738     2.49886      0.9091     33.7130         110         0.00613  
  45    122.065   0.00000     2.22065      0.0000     29.9595         110         0.00294  
  50    100.000   0.00000     2.00000      0.0000     26.9827         109         0.00147  
  55     81.773   0.00000     1.81773      0.0000     24.5236         110         0.00076  
  60     66.591   0.00000     1.66591      0.0000     22.4753         110         0.00034  
  65     53.749   0.00000     1.53749      0.0000     20.7428         110         0.00016  
  70     42.839   0.00000     1.42839      0.0000     19.2708         109         0.00008  
  75     33.293   0.00000     1.33293      0.0000     17.9830         110         0.00004  
  80     24.943   0.00000     1.24943      0.0000     16.8565         110         0.00002  
  85     17.641   0.00000     1.17641      0.0000     15.8713         109         0.00001  
  90     11.089   0.00000     1.11089      0.0000     14.9873         110         0.00000  
  95      5.228   0.00000     1.05228      0.0000     14.1966         110         0.00000  
 100      0.000   0.00000     1.00000      0.0000     13.4913         109         0.00000  


Data Role=TRAIN Group=^(cv_var =6) Target Variable=DepVar Target Label=DepVar

                                                                                    Mean
                            Cumulative       %      Cumulative     Number of     Posterior
Depth      Gain     Lift       Lift      Response   % Response   Observations   Probability

   5    622.242   7.22242     7.22242     99.0991     99.0991         111         0.99095  
  10    572.746   6.22800     6.72746     85.4545     92.3077         110         0.85887  
  15    468.074   3.57778     5.68074     49.0909     77.9456         110         0.52368  
  20    380.914   2.18642     4.80914     30.0000     65.9864         110         0.22496  
  25    291.519   0.33128     3.91519      4.5455     53.7205         110         0.08338  
  30    229.673   0.19877     3.29673      2.7273     45.2345         110         0.03068  
  35    184.528   0.13251     2.84528      1.8182     39.0402         110         0.01316  
  40    149.830   0.06626     2.49830      0.9091     34.2792         110         0.00567  
  45    122.099   0.00000     2.22099      0.0000     30.4743         110         0.00266  
  50     99.909   0.00000     1.99909      0.0000     27.4296         110         0.00128  
  55     81.751   0.00000     1.81751      0.0000     24.9381         110         0.00062  
  60     66.616   0.00000     1.66616      0.0000     22.8615         110         0.00029  
  65     53.809   0.00000     1.53809      0.0000     21.1041         110         0.00014  
  70     42.829   0.00000     1.42829      0.0000     19.5977         110         0.00006  
  75     33.313   0.00000     1.33313      0.0000     18.2919         110         0.00003  
  80     24.986   0.00000     1.24986      0.0000     17.1493         110         0.00001  
  85     17.638   0.00000     1.17638      0.0000     16.1411         110         0.00000  
  90     11.106   0.00000     1.11106      0.0000     15.2448         110         0.00000  
  95      5.261   0.00000     1.05261      0.0000     14.4429         110         0.00000  
 100      0.000   0.00000     1.00000      0.0000     13.7210         110         0.00000  


Data Role=TRAIN Group=^(cv_var =7) Target Variable=DepVar Target Label=DepVar

                                                                                    Mean
                            Cumulative       %      Cumulative     Number of     Posterior
Depth      Gain     Lift       Lift      Response   % Response   Observations   Probability

   5    630.769   7.30769     7.30769     100.000     100.000         110         0.99033  
  10    574.043   6.16796     6.74043      84.404      92.237         109         0.84762  
  15    468.129   3.55328     5.68129      48.624      77.744         109         0.51637  
  20    376.589   2.01129     4.76589      27.523      65.217         109         0.22633  
  25    290.100   0.46503     3.90100       6.364      53.382         110         0.08841  
  30    228.623   0.20113     3.28623       2.752      44.970         109         0.03437  
  35    184.666   0.20113     2.84666       2.752      38.954         109         0.01599  
  40    150.000   0.06704     2.50000       0.917      34.211         109         0.00709  
  45    122.053   0.00000     2.22053       0.000      30.386         110         0.00339  
  50     99.909   0.00000     1.99909       0.000      27.356         109         0.00167  
  55     81.780   0.00000     1.81780       0.000      24.875         109         0.00085  
  60     66.667   0.00000     1.66667       0.000      22.807         109         0.00042  
  65     53.765   0.00000     1.53765       0.000      21.042         110         0.00020  
  70     42.810   0.00000     1.42810       0.000      19.542         109         0.00009  
  75     33.313   0.00000     1.33313       0.000      18.243         109         0.00004  
  80     25.000   0.00000     1.25000       0.000      17.105         109         0.00002  
  85     17.600   0.00000     1.17600       0.000      16.093         110         0.00001  
  90     11.083   0.00000     1.11083       0.000      15.201         109         0.00000  
  95      5.250   0.00000     1.05250       0.000      14.403         109         0.00000  
 100      0.000   0.00000     1.00000       0.000      13.684         109         0.00000  


Data Role=TRAIN Group=^(cv_var =8) Target Variable=DepVar Target Label=DepVar

                                                                                    Mean
                            Cumulative       %      Cumulative     Number of     Posterior
Depth      Gain     Lift       Lift      Response   % Response   Observations   Probability

   5    639.796   7.39796     7.39796     100.000     100.000         109         0.99104  
  10    578.712   6.17628     6.78712      83.486      91.743         109         0.85594  
  15    467.856   3.46143     5.67856      46.789      76.758         109         0.51341  
  20    381.293   2.19199     4.81293      29.630      65.057         108         0.21333  
  25    293.017   0.40723     3.93017       5.505      53.125         109         0.07564  
  30    231.945   0.27148     3.31945       3.670      44.870         109         0.02957  
  35    184.462   0.00000     2.84462       0.000      38.451         109         0.01133  
  40    150.000   0.06850     2.50000       0.926      33.793         108         0.00471  
  45    122.165   0.00000     2.22165       0.000      30.031         109         0.00225  
  50     99.908   0.00000     1.99908       0.000      27.022         109         0.00109  
  55     81.704   0.00000     1.81704       0.000      24.561         109         0.00051  
  60     66.667   0.00000     1.66667       0.000      22.529         108         0.00024  
  65     53.819   0.00000     1.53819       0.000      20.792         109         0.00011  
  70     42.810   0.00000     1.42810       0.000      19.304         109         0.00005  
  75     33.272   0.00000     1.33272       0.000      18.015         109         0.00002  
  80     25.000   0.00000     1.25000       0.000      16.897         108         0.00001  
  85     17.631   0.00000     1.17631       0.000      15.900         109         0.00000  
  90     11.083   0.00000     1.11083       0.000      15.015         109         0.00000  
  95      5.225   0.00000     1.05225       0.000      14.224         109         0.00000  
 100      0.000   0.00000     1.00000       0.000      13.517         108         0.00000  


Data Role=TRAIN Group=^(cv_var =9) Target Variable=DepVar Target Label=DepVar

                                                                                    Mean
                            Cumulative       %      Cumulative     Number of     Posterior
Depth      Gain     Lift       Lift      Response   % Response   Observations   Probability

   5    628.378   7.28378     7.28378     99.0991     99.0991         111         0.99035  
  10    581.787   6.34773     6.81787     86.3636     92.7602         110         0.84839  
  15    468.459   3.40773     5.68459     46.3636     77.3414         110         0.51131  
  20    378.333   2.07136     4.78333     28.1818     65.0794         110         0.22658  
  25    290.136   0.39730     3.90136      5.4054     53.0797         111         0.08471  
  30    228.640   0.20045     3.28640      2.7273     44.7130         110         0.03136  
  35    183.718   0.13364     2.83718      1.8182     38.6010         110         0.01358  
  40    150.000   0.13364     2.50000      1.8182     34.0136         110         0.00589  
  45    122.054   0.00000     2.22054      0.0000     30.2115         111         0.00274  
  50     99.909   0.00000     1.99909      0.0000     27.1985         110         0.00135  
  55     81.781   0.00000     1.81781      0.0000     24.7321         110         0.00065  
  60     66.667   0.00000     1.66667      0.0000     22.6757         110         0.00031  
  65     53.766   0.00000     1.53766      0.0000     20.9205         111         0.00014  
  70     42.811   0.00000     1.42811      0.0000     19.4301         110         0.00006  
  75     33.313   0.00000     1.33313      0.0000     18.1378         110         0.00003  
  80     25.000   0.00000     1.25000      0.0000     17.0068         110         0.00001  
  85     17.600   0.00000     1.17600      0.0000     16.0000         111         0.00000  
  90     11.083   0.00000     1.11083      0.0000     15.1134         110         0.00000  
  95      5.251   0.00000     1.05251      0.0000     14.3198         110         0.00000  
 100      0.000   0.00000     1.00000      0.0000     13.6054         110         0.00000  


Data Role=TRAIN Group=^(cv_var =10) Target Variable=DepVar Target Label=DepVar

                                                                                    Mean
                            Cumulative       %      Cumulative     Number of     Posterior
Depth      Gain     Lift       Lift      Response   % Response   Observations   Probability

   5    617.998   7.17998     7.17998     99.0909     99.0909         110         0.98941  
  10    558.413   5.98281     6.58413     82.5688     90.8676         109         0.85518  
  15    463.320   3.72264     5.63320     51.3761     77.7439         109         0.51939  
  20    377.530   2.19370     4.77530     30.2752     65.9039         109         0.23152  
  25    291.488   0.46533     3.91488      6.4220     54.0293         109         0.09106  
  30    229.658   0.19943     3.29658      2.7523     45.4962         109         0.03552  
  35    184.523   0.13295     2.84523      1.8349     39.2670         109         0.01623  
  40    149.828   0.06648     2.49828      0.9174     34.4788         109         0.00715  
  45    122.098   0.00000     2.22098      0.0000     30.6517         109         0.00345  
  50     99.908   0.00000     1.99908      0.0000     27.5894         109         0.00174  
  55     81.750   0.00000     1.81750      0.0000     25.0833         109         0.00089  
  60     66.616   0.00000     1.66616      0.0000     22.9947         109         0.00044  
  65     53.808   0.00000     1.53808      0.0000     21.2271         109         0.00022  
  70     42.829   0.00000     1.42829      0.0000     19.7119         109         0.00011  
  75     33.313   0.00000     1.33313      0.0000     18.3985         109         0.00005  
  80     24.986   0.00000     1.24986      0.0000     17.2493         109         0.00002  
  85     17.638   0.00000     1.17638      0.0000     16.2352         109         0.00001  
  90     11.105   0.00000     1.11105      0.0000     15.3337         109         0.00000  
  95      5.261   0.00000     1.05261      0.0000     14.5270         109         0.00000  
 100      0.000   0.00000     1.00000      0.0000     13.8010         109         0.00000  


Data Role=TRAIN Group=_OVERALL_ Target Variable=DepVar Target Label=DepVar

                                                                                    Mean
                            Cumulative       %      Cumulative     Number of     Posterior
Depth      Gain     Lift       Lift      Response   % Response   Observations   Probability

   5    629.641   7.29641     7.29641     100.000     100.000         122         0.99030  
  10    572.824   6.16008     6.72824      84.426      92.213         122         0.85470  
  15    466.169   3.52859     5.66169      48.361      77.596         122         0.51741  
  20    378.453   2.15304     4.78453      29.508      65.574         122         0.22260  
  25    289.939   0.35884     3.89939       4.918      53.443         122         0.08329  
  30    228.936   0.23923     3.28936       3.279      45.082         122         0.03164  
  35    184.842   0.18090     2.84842       2.479      39.039         121         0.01329  
  40    149.949   0.05981     2.49949       0.820      34.256         122         0.00580  
  45    122.151   0.00000     2.22151       0.000      30.447         122         0.00276  
  50     99.918   0.00000     1.99918       0.000      27.400         122         0.00136  
  55     81.730   0.00000     1.81730       0.000      24.907         122         0.00066  
  60     66.576   0.00000     1.66576       0.000      22.830         122         0.00031  
  65     53.754   0.00000     1.53754       0.000      21.073         122         0.00015  
  70     42.849   0.00000     1.42849       0.000      19.578         121         0.00007  
  75     33.315   0.00000     1.33315       0.000      18.271         122         0.00003  
  80     24.974   0.00000     1.24974       0.000      17.128         122         0.00001  
  85     17.616   0.00000     1.17616       0.000      16.120         122         0.00000  
  90     11.076   0.00000     1.11076       0.000      15.223         122         0.00000  
  95      5.225   0.00000     1.05225       0.000      14.421         122         0.00000  
 100      0.000   0.00000     1.00000       0.000      13.705         121         0.00000  
 
                                                                                               
 
 
Assessment Score Distribution

Data Role=TRAIN Group=^(cv_var =1) Target Variable=DepVar Target Label=DepVar

 Posterior     Number                     Mean
Probability      of      Number of     Posterior
   Range       Events    Nonevents    Probability    Percentage

 0.95-1.00       120           1        0.98677         5.4677 
 0.90-0.95        27           2        0.92709         1.3104 
 0.85-0.90        29           6        0.87201         1.5816 
 0.80-0.85         9           0        0.82430         0.4067 
 0.75-0.80         8           3        0.76866         0.4971 
 0.70-0.75         9           5        0.72298         0.6326 
 0.65-0.70         9           4        0.66610         0.5874 
 0.60-0.65        15           3        0.63072         0.8134 
 0.55-0.60         5           4        0.57081         0.4067 
 0.50-0.55         9           9        0.52416         0.8134 
 0.45-0.50         9          11        0.47547         0.9038 
 0.40-0.45         5          16        0.42726         0.9489 
 0.35-0.40         3           5        0.37202         0.3615 
 0.30-0.35         5          11        0.32789         0.7230 
 0.25-0.30         4          17        0.27552         0.9489 
 0.20-0.25        10          19        0.22930         1.3104 
 0.15-0.20         7          17        0.17568         1.0845 
 0.10-0.15         3          40        0.12245         1.9431 
 0.05-0.10         6          87        0.07483         4.2024 
 0.00-0.05         7        1654        0.00363        75.0565 


Data Role=TRAIN Group=^(cv_var =2) Target Variable=DepVar Target Label=DepVar

 Posterior     Number                     Mean
Probability      of      Number of     Posterior
   Range       Events    Nonevents    Probability    Percentage

 0.95-1.00       121           1        0.98821         5.5657 
 0.90-0.95        28           4        0.92262         1.4599 
 0.85-0.90        25           3        0.87657         1.2774 
 0.80-0.85        12           0        0.82766         0.5474 
 0.75-0.80         8           4        0.77021         0.5474 
 0.70-0.75         8           3        0.72486         0.5018 
 0.65-0.70        11           6        0.67603         0.7755 
 0.60-0.65        13           5        0.63335         0.8212 
 0.55-0.60         8           5        0.57213         0.5931 
 0.50-0.55         9          10        0.52883         0.8668 
 0.45-0.50        10          12        0.47689         1.0036 
 0.40-0.45         2          12        0.42895         0.6387 
 0.35-0.40         5           8        0.37495         0.5931 
 0.30-0.35         4          11        0.32438         0.6843 
 0.25-0.30         3          12        0.27337         0.6843 
 0.20-0.25        14          20        0.22253         1.5511 
 0.15-0.20         5          16        0.17314         0.9580 
 0.10-0.15         4          44        0.11825         2.1898 
 0.05-0.10         5          72        0.07343         3.5128 
 0.00-0.05         6        1643        0.00362        75.2281 


Data Role=TRAIN Group=^(cv_var =3) Target Variable=DepVar Target Label=DepVar

 Posterior     Number                     Mean
Probability      of      Number of     Posterior
   Range       Events    Nonevents    Probability    Percentage

 0.95-1.00       121           1        0.98734         5.5254 
 0.90-0.95        30           3        0.92552         1.4946 
 0.85-0.90        22           3        0.87906         1.1322 
 0.80-0.85        14           1        0.82836         0.6793 
 0.75-0.80         4           4        0.78187         0.3623 
 0.70-0.75        11           3        0.72385         0.6341 
 0.65-0.70        11           6        0.67348         0.7699 
 0.60-0.65        13           4        0.62635         0.7699 
 0.55-0.60        11           4        0.57831         0.6793 
 0.50-0.55         5           9        0.52610         0.6341 
 0.45-0.50        12          12        0.47459         1.0870 
 0.40-0.45         3          13        0.42348         0.7246 
 0.35-0.40         3           9        0.37535         0.5435 
 0.30-0.35         3           9        0.33024         0.5435 
 0.25-0.30         4          17        0.27480         0.9511 
 0.20-0.25        12          18        0.22764         1.3587 
 0.15-0.20         9          19        0.17459         1.2681 
 0.10-0.15         1          52        0.12134         2.4004 
 0.05-0.10         7          76        0.07386         3.7591 
 0.00-0.05         7        1642        0.00388        74.6830 


Data Role=TRAIN Group=^(cv_var =4) Target Variable=DepVar Target Label=DepVar

 Posterior     Number                     Mean
Probability      of      Number of     Posterior
   Range       Events    Nonevents    Probability    Percentage

 0.95-1.00       121           1        0.98698         5.5379 
 0.90-0.95        27           4        0.92542         1.4072 
 0.85-0.90        25           4        0.87749         1.3164 
 0.80-0.85        12           1        0.82903         0.5901 
 0.75-0.80         6           4        0.77970         0.4539 
 0.70-0.75         9           4        0.72346         0.5901 
 0.65-0.70        14           4        0.67887         0.8171 
 0.60-0.65        12           5        0.62452         0.7717 
 0.55-0.60         8           7        0.57469         0.6809 
 0.50-0.55        10           9        0.52830         0.8625 
 0.45-0.50         7          14        0.47319         0.9532 
 0.40-0.45         8          11        0.43187         0.8625 
 0.35-0.40         3          10        0.37514         0.5901 
 0.30-0.35         7           9        0.32372         0.7263 
 0.25-0.30         2          14        0.27137         0.7263 
 0.20-0.25        12          17        0.22244         1.3164 
 0.15-0.20        10          15        0.17442         1.1348 
 0.10-0.15         2          48        0.12204         2.2696 
 0.05-0.10         6          83        0.07322         4.0399 
 0.00-0.05         5        1633        0.00367        74.3532 


Data Role=TRAIN Group=^(cv_var =5) Target Variable=DepVar Target Label=DepVar

 Posterior     Number                     Mean
Probability      of      Number of     Posterior
   Range       Events    Nonevents    Probability    Percentage

 0.95-1.00       113           1        0.98733         5.1960 
 0.90-0.95        25           3        0.92424         1.2762 
 0.85-0.90        29           4        0.87506         1.5041 
 0.80-0.85        12           1        0.83035         0.5925 
 0.75-0.80         8           2        0.78047         0.4558 
 0.70-0.75         8           4        0.72511         0.5469 
 0.65-0.70        10           5        0.67517         0.6837 
 0.60-0.65        12           7        0.62786         0.8660 
 0.55-0.60        11           6        0.57805         0.7748 
 0.50-0.55         8           7        0.52468         0.6837 
 0.45-0.50         7           9        0.47316         0.7293 
 0.40-0.45         6          12        0.43139         0.8204 
 0.35-0.40         5          13        0.38229         0.8204 
 0.30-0.35         5          12        0.32333         0.7748 
 0.25-0.30         7          13        0.27475         0.9116 
 0.20-0.25         6          17        0.21883         1.0483 
 0.15-0.20         8          21        0.17633         1.3218 
 0.10-0.15         4          45        0.12443         2.2334 
 0.05-0.10         3          75        0.07352         3.5552 
 0.00-0.05         9        1641        0.00391        75.2051 


Data Role=TRAIN Group=^(cv_var =6) Target Variable=DepVar Target Label=DepVar

 Posterior     Number                     Mean
Probability      of      Number of     Posterior
   Range       Events    Nonevents    Probability    Percentage

 0.95-1.00       122           1        0.98751         5.5884 
 0.90-0.95        24           4        0.92889         1.2721 
 0.85-0.90        27           4        0.87671         1.4085 
 0.80-0.85        11           0        0.81928         0.4998 
 0.75-0.80         6           4        0.77808         0.4543 
 0.70-0.75        13           4        0.72529         0.7724 
 0.65-0.70        12           3        0.67558         0.6815 
 0.60-0.65         9           4        0.62399         0.5906 
 0.55-0.60        13           6        0.57323         0.8632 
 0.50-0.55         7           9        0.52339         0.7269 
 0.45-0.50         5          13        0.47137         0.8178 
 0.40-0.45         7          11        0.42803         0.8178 
 0.35-0.40         4          12        0.37606         0.7269 
 0.30-0.35         7           6        0.32177         0.5906 
 0.25-0.30         3          16        0.27213         0.8632 
 0.20-0.25        11          24        0.22714         1.5902 
 0.15-0.20         7          14        0.17100         0.9541 
 0.10-0.15         3          48        0.11998         2.3171 
 0.05-0.10         5          69        0.07218         3.3621 
 0.00-0.05         6        1647        0.00372        75.1022 


Data Role=TRAIN Group=^(cv_var =7) Target Variable=DepVar Target Label=DepVar

 Posterior     Number                     Mean
Probability      of      Number of     Posterior
   Range       Events    Nonevents    Probability    Percentage

 0.95-1.00       116           1        0.98832         5.3547 
 0.90-0.95        28           3        0.92437         1.4188 
 0.85-0.90        21           3        0.87344         1.0984 
 0.80-0.85        14           3        0.83104         0.7780 
 0.75-0.80         7           3        0.77425         0.4577 
 0.70-0.75         9           4        0.72439         0.5950 
 0.65-0.70        12           6        0.67147         0.8238 
 0.60-0.65        13           2        0.62455         0.6865 
 0.55-0.60         9           8        0.58056         0.7780 
 0.50-0.55         8           7        0.52329         0.6865 
 0.45-0.50         8          10        0.47032         0.8238 
 0.40-0.45         7          13        0.42950         0.9153 
 0.35-0.40         2           7        0.38314         0.4119 
 0.30-0.35         8          16        0.33104         1.0984 
 0.25-0.30         5          13        0.27458         0.8238 
 0.20-0.25         7          22        0.22279         1.3272 
 0.15-0.20         7          16        0.17637         1.0526 
 0.10-0.15         7          49        0.12182         2.5629 
 0.05-0.10         4          77        0.07376         3.7071 
 0.00-0.05         7        1623        0.00404        74.5995 


Data Role=TRAIN Group=^(cv_var =8) Target Variable=DepVar Target Label=DepVar

 Posterior     Number                     Mean
Probability      of      Number of     Posterior
   Range       Events    Nonevents    Probability    Percentage

 0.95-1.00       115           0        0.98908         5.2874 
 0.90-0.95        35           5        0.92354         1.8391 
 0.85-0.90        17           2        0.87491         0.8736 
 0.80-0.85        14           2        0.82895         0.7356 
 0.75-0.80         8           4        0.77052         0.5517 
 0.70-0.75        11           5        0.71884         0.7356 
 0.65-0.70        11           3        0.67330         0.6437 
 0.60-0.65         8           4        0.62328         0.5517 
 0.55-0.60        11           7        0.57208         0.8276 
 0.50-0.55         9           9        0.52256         0.8276 
 0.45-0.50         2           9        0.47475         0.5057 
 0.40-0.45         6          11        0.42457         0.7816 
 0.35-0.40         3          11        0.37000         0.6437 
 0.30-0.35         6          11        0.33129         0.7816 
 0.25-0.30         7          14        0.27362         0.9655 
 0.20-0.25         9          19        0.22852         1.2874 
 0.15-0.20         6          14        0.17177         0.9195 
 0.10-0.15         6          42        0.12034         2.2069 
 0.05-0.10         4          76        0.07045         3.6782 
 0.00-0.05         6        1633        0.00355        75.3563 


Data Role=TRAIN Group=^(cv_var =9) Target Variable=DepVar Target Label=DepVar

 Posterior     Number                     Mean
Probability      of      Number of     Posterior
   Range       Events    Nonevents    Probability    Percentage

 0.95-1.00       120           1        0.98738         5.4875 
 0.90-0.95        25           4        0.92395         1.3152 
 0.85-0.90        24           2        0.88157         1.1791 
 0.80-0.85        10           2        0.82144         0.5442 
 0.75-0.80         8           2        0.78576         0.4535 
 0.70-0.75        11           4        0.72192         0.6803 
 0.65-0.70        13           4        0.68092         0.7710 
 0.60-0.65         9           6        0.62535         0.6803 
 0.55-0.60        11           6        0.57804         0.7710 
 0.50-0.55         9           9        0.52409         0.8163 
 0.45-0.50         7          11        0.46723         0.8163 
 0.40-0.45         4          11        0.42636         0.6803 
 0.35-0.40         5          12        0.37640         0.7710 
 0.30-0.35         4          16        0.32384         0.9070 
 0.25-0.30         9          17        0.27112         1.1791 
 0.20-0.25         7          17        0.22121         1.0884 
 0.15-0.20        10          14        0.17141         1.0884 
 0.10-0.15         3          40        0.12020         1.9501 
 0.05-0.10         4          81        0.07709         3.8549 
 0.00-0.05         7        1646        0.00374        74.9660 


Data Role=TRAIN Group=^(cv_var =10) Target Variable=DepVar Target Label=DepVar

 Posterior     Number                     Mean
Probability      of      Number of     Posterior
   Range       Events    Nonevents    Probability    Percentage

 0.95-1.00       115           1        0.98764         5.3187 
 0.90-0.95        29           3        0.92981         1.4672 
 0.85-0.90        26           5        0.87400         1.4214 
 0.80-0.85        14           2        0.82285         0.7336 
 0.75-0.80         4           4        0.77072         0.3668 
 0.70-0.75         7           2        0.71879         0.4127 
 0.65-0.70        14           5        0.67720         0.8712 
 0.60-0.65        11           3        0.61737         0.6419 
 0.55-0.60         7           6        0.57527         0.5961 
 0.50-0.55         8          11        0.52794         0.8712 
 0.45-0.50         9          14        0.47683         1.0546 
 0.40-0.45         8          10        0.42732         0.8253 
 0.35-0.40         5          10        0.36878         0.6878 
 0.30-0.35         6          12        0.32066         0.8253 
 0.25-0.30         4          12        0.27156         0.7336 
 0.20-0.25        11          20        0.22580         1.4214 
 0.15-0.20         8          18        0.17598         1.1921 
 0.10-0.15         4          48        0.12189         2.3842 
 0.05-0.10         5          79        0.07288         3.8514 
 0.00-0.05         6        1615        0.00396        74.3237 


Data Role=TRAIN Group=_OVERALL_ Target Variable=DepVar Target Label=DepVar

 Posterior     Number                     Mean
Probability      of      Number of     Posterior
   Range       Events    Nonevents    Probability    Percentage

 0.95-1.00       124           1        0.98952         5.1293 
 0.90-0.95        42           3        0.92814         1.8465 
 0.85-0.90        25           5        0.87437         1.2310 
 0.80-0.85        11           1        0.83021         0.4924 
 0.75-0.80         7           4        0.77471         0.4514 
 0.70-0.75        11           2        0.72136         0.5334 
 0.65-0.70        10           7        0.68024         0.6976 
 0.60-0.65        15           5        0.62892         0.8207 
 0.55-0.60        11           8        0.57080         0.7796 
 0.50-0.55        13           9        0.52532         0.9027 
 0.45-0.50         7          13        0.46949         0.8207 
 0.40-0.45         5          12        0.42494         0.6976 
 0.35-0.40         4          12        0.36610         0.6565 
 0.30-0.35         7          14        0.32397         0.8617 
 0.25-0.30         4          13        0.27397         0.6976 
 0.20-0.25        14          23        0.22437         1.5183 
 0.15-0.20         8          16        0.16918         0.9848 
 0.10-0.15         4          51        0.11956         2.2569 
 0.05-0.10         4          82        0.07469         3.5289 
 0.00-0.05         8        1822        0.00381        75.0923 
