MPRINT(EM_DIAGRAM):    data _null_;
MPRINT(EM_DIAGRAM):   call symput('NLDATE', strip(put(date(), NLDATE.)));
MPRINT(EM_DIAGRAM):   call symput('NLTIME', strip(put(datetime(), NLTIME.)));
MPRINT(EM_DIAGRAM):   run;
MPRINT(EM_DIAGRAM):   data _null_;
MPRINT(EM_DIAGRAM):   nldate= sasmsg("sashelp.dmine", "log_date_note", 'N', "02 June 2018" );
MPRINT(EM_DIAGRAM):   nltime= sasmsg("sashelp.dmine", "log_time_note", 'N', "17:12:10 o'clock" );
MPRINT(EM_DIAGRAM):   put "*------------------------------------------------------------*";
MPRINT(EM_DIAGRAM):   put "* Score Log";
MPRINT(EM_DIAGRAM):   put nldate;
MPRINT(EM_DIAGRAM):   put nltime;
MPRINT(EM_DIAGRAM):   put "*------------------------------------------------------------*";
MPRINT(EM_DIAGRAM):   run;
*------------------------------------------------------------*
* Score Log
Date:                02 June 2018
Time:                17:12:10 o'clock
*------------------------------------------------------------*
MPRINT(EM_DIAGRAM):    filename O0OX91IN "C:\Users\misil\Desktop\DM 2\Project\WarGameStore_sasProject\Workspaces\EMWS1\MdlImp3\EMSCORE.out" encoding="UTF-8" NOBOM;
MPRINT(EM_DIAGRAM):   proc printto print=O0OX91IN new;
MPRINT(EM_DIAGRAM):   run;
3913237    %let EMEXCEPTIONSTRING=;
3913238    *------------------------------------------------------------*;
MPRINT(EM_DIAGRAM):    *------------------------------------------------------------*;
3913239    * SCORE: MdlImp3;
MPRINT(EM_DIAGRAM):   * SCORE: MdlImp3;
3913240    *------------------------------------------------------------*;
MPRINT(EM_DIAGRAM):   *------------------------------------------------------------*;
3913241    %let EM_ACTION = SCORE;
3913242    %let syscc = 0;
3913243    %macro main;
3913244    
3913245       %if %upcase(&EM_ACTION) = CREATE %then %do;
3913246    
3913247           filename temp catalog 'sashelp.emmodl.modelimport_create.source';
3913248           %include temp;
3913249           filename temp;
3913250           %create;
3913251       %end;
3913252       %else
3913253       %if %upcase(&EM_ACTION) = TRAIN %then %do;
3913254    
3913255           filename temp catalog 'sashelp.emmodl.modelimport_train.source';
3913256           %include temp;
3913257           filename temp;
3913258           %train;
3913259       %end;
3913260       %else
3913261       %if %upcase(&EM_ACTION) = SCORE %then %do;
3913262    
3913263           filename temp catalog 'sashelp.emmodl.modelimport_score.source';
3913264           %include temp;
3913265           filename temp;
3913266           %score;
3913267       %end;
3913268       %else
3913269       %if %upcase(&EM_ACTION) = OPENMAPPINGTABLE %then %do;
3913270    
3913271           filename temp catalog 'sashelp.emmodl.modelimport_actions.source';
3913272           %include temp;
3913273           filename temp;
3913274           %openMappingTable;
3913275       %end;
3913276       %else
3913277       %if %upcase(&EM_ACTION) = CLOSEMAPPINGTABLE %then %do;
3913278    
3913279           filename temp catalog 'sashelp.emmodl.modelimport_actions.source';
3913280           %include temp;
3913281           filename temp;
3913282           %closeMappingTable;
3913283       %end;
3913284    %mend main;
3913285    
3913286    %main;
MPRINT(EM_DIAGRAM):    
MPRINT(MAIN):   filename temp catalog 'sashelp.emmodl.modelimport_score.source';
NOTE: %INCLUDE (level 1) file TEMP is file SASHELP.EMMODL.MODELIMPORT_SCORE.SOURCE.
3913287   +%macro score;
3913288   +
3913289   +    %EM_GETNAME(key=MODELINFO,   type=DATA);
3913290   +    %let ScoreCodeType =;
3913291   +
3913292   +    %if %sysfunc(exist(&em_user_modelinfo)) %then %do;
3913293   +        data _null_;
3913294   +           set &em_user_modelinfo;
3913295   +           call symput('ScoreCodeType', strip(ScoreCodeType));
3913296   +        run;
3913297   +    %end;
3913298   +
3913299   +    %if "&ScoreCodeType" eq "SAS Program" %then %do;
3913300   +        %let EM_SCORECODEFORMAT = OTHER;
3913301   +    %end;
3913302   +    %else %do;
3913303   +        %let EM_SCORECODEFORMAT = DATASTEP;
3913304   +    %end;
3913305   +
3913306   +%mend score;
NOTE: %INCLUDE (level 1) ending.
MPRINT(MAIN):   filename temp;
NOTE: Fileref TEMP has been deassigned.
MPRINT(SCORE):  ;
MPRINT(MAIN):  ;
MPRINT(EM_DIAGRAM):  ;
MPRINT(EM_DIAGRAM):   *------------------------------------------------------------*;
MPRINT(EM_DIAGRAM):   * End SCORE: MdlImp3;
MPRINT(EM_DIAGRAM):   *------------------------------------------------------------*;
3913307    *------------------------------------------------------------*;
3913308    * End SCORE: MdlImp3;
3913309    *------------------------------------------------------------*;
3913310    

3913311    *------------------------------------------------------------*;
MPRINT(EM_DIAGRAM):    *------------------------------------------------------------*;
3913312    * MdlImp3: Scoring DATA data;
MPRINT(EM_DIAGRAM):   * MdlImp3: Scoring DATA data;
3913313    *------------------------------------------------------------*;
MPRINT(EM_DIAGRAM):   *------------------------------------------------------------*;
3913314    data EMWS1.MdlImp3_TRAIN
3913315    / view=EMWS1.MdlImp3_TRAIN
3913316    ;
MPRINT(EM_DIAGRAM):   data EMWS1.MdlImp3_TRAIN / view=EMWS1.MdlImp3_TRAIN ;
3913317    set EMWS1.EndGrp3_TRAIN
3913318    ;
MPRINT(EM_DIAGRAM):   set EMWS1.EndGrp3_TRAIN ;
3913319    run;
MPRINT(EM_DIAGRAM):   run;

NOTE: DATA STEP view saved on file EMWS1.MDLIMP3_TRAIN.
NOTE: A stored DATA STEP view cannot run under a different operating system.
NOTE: View EMWS1.ENDGRP3_TRAIN.VIEW used (Total process time):
      real time           0.14 seconds
      cpu time            0.12 seconds
      
NOTE: DATA statement used (Total process time):
      real time           0.15 seconds
      cpu time            0.14 seconds
      

MPRINT(EM_DIAGRAM):   quit;
3913320    quit;

NOTE: View EMWS1.MDLIMP3_TRAIN.VIEW used (Total process time):
      real time           0.19 seconds
      cpu time            0.20 seconds
      
MPRINT(EM_DIAGRAM):    
MPRINT(CALFITSTATSNOMINAL):   data _tmpTrainFitTable(keep=_TARGET_ _ASE_ _DIV_ _MAX_ _NOBS_ _RASE_ _SSE_ _DISF_ _MISC_ _WRONG_ rename=(_TARGET_=TARGET));
MPRINT(CALFITSTATSNOMINAL):   set EMWS1.MdlImp3_TRAIN end=eof;
MPRINT(CALFITSTATSNOMINAL):   length _TARGET_ $32;
MPRINT(CALFITSTATSNOMINAL):   length _ASE_ _DIV_ _MAX_ _NOBS_ _RASE_ _SSE_ _DISF_ _MISC_ _WRONG_ 8;
MPRINT(CALFITSTATSNOMINAL):   label _TARGET_ = "Train: Target Variable" _NOBS_= "Train: Sum of Frequencies" _SSE_= "Train: Sum of Squared Errors" _MAX_= "Train: Maximum Absolute Error" _DIV_ = "Train: Divisor for ASE" _WRONG_= "Train: Number of Wrong 
Classifications" _DISF_= "Train: Frequency of Classified Cases" _MISC_= "Train: Misclassification Rate" _ASE_ = "Train: Average Squared Error" _RASE_ = "Train: Root Average Squared Error";
MPRINT(CALFITSTATSNOMINAL):   retain _TARGET_ _WRONG_ _DIV_ _MAX_ _SSE_ _DISF_ _MISC_ _ASE_ _RASE_ ;
MPRINT(CALFITSTATSNOMINAL):   if R_DepVar1 ne . then do;
MPRINT(CALFITSTATSNOMINAL):   _SSE_ +(R_DepVar1)*(R_DepVar1);
MPRINT(CALFITSTATSNOMINAL):   _DIV_ +1;
MPRINT(CALFITSTATSNOMINAL):   _MAX_ =max(_MAX_ ,abs(R_DepVar1));
MPRINT(CALFITSTATSNOMINAL):   end;
MPRINT(CALFITSTATSNOMINAL):   if R_DepVar0 ne . then do;
MPRINT(CALFITSTATSNOMINAL):   _SSE_ +(R_DepVar0)*(R_DepVar0);
MPRINT(CALFITSTATSNOMINAL):   _DIV_ +1;
MPRINT(CALFITSTATSNOMINAL):   _MAX_ =max(_MAX_ ,abs(R_DepVar0));
MPRINT(CALFITSTATSNOMINAL):   end;
MPRINT(CALFITSTATSNOMINAL):   if trim(F_DepVar) ^in("", ".") then do;
MPRINT(CALFITSTATSNOMINAL):   _DISF_+ 1;
MPRINT(CALFITSTATSNOMINAL):   _WRONG_+(F_DepVar ne I_DepVar);
MPRINT(CALFITSTATSNOMINAL):   end;
MPRINT(CALFITSTATSNOMINAL):   if eof then do;
MPRINT(CALFITSTATSNOMINAL):   _TARGET_ = "DepVar";
MPRINT(CALFITSTATSNOMINAL):   _MAX = 0;
MPRINT(CALFITSTATSNOMINAL):   if _DISF_ ne 0 then do;
MPRINT(CALFITSTATSNOMINAL):   _MISC_=_WRONG_/_DISF_;
MPRINT(CALFITSTATSNOMINAL):   end;
MPRINT(CALFITSTATSNOMINAL):   _NOBS_ = _DIV_/2;
MPRINT(CALFITSTATSNOMINAL):   _ASE_=_SSE_/_DIV_;
MPRINT(CALFITSTATSNOMINAL):   _RASE_=sqrt(_ASE_);
MPRINT(CALFITSTATSNOMINAL):   output;
MPRINT(CALFITSTATSNOMINAL):   end;
MPRINT(CALFITSTATSNOMINAL):   run;
MPRINT(EM_DIAGRAM):  ;
MPRINT(EM_DIAGRAM):   data WORK.OUTFITDATA;
MPRINT(EM_DIAGRAM):   set _tmpTrainFitTable;
MPRINT(EM_DIAGRAM):   run;
3913345    proc append base=EMWS1.MdlImp3_EMOUTFIT data=WORK.OUTFITDATA force;
MPRINT(EM_DIAGRAM):    proc append base=EMWS1.MdlImp3_EMOUTFIT data=WORK.OUTFITDATA force;
3913346    run;
MPRINT(EM_DIAGRAM):   run;

NOTE: Appending WORK.OUTFITDATA to EMWS1.MDLIMP3_EMOUTFIT.
NOTE: BASE data set does not exist. DATA file is being copied to BASE file.
NOTE: There were 1 observations read from the data set WORK.OUTFITDATA.
NOTE: The data set EMWS1.MDLIMP3_EMOUTFIT has 1 observations and 10 variables.
NOTE: PROCEDURE APPEND used (Total process time):
      real time           0.01 seconds
      cpu time            0.00 seconds
      

3913347    *------------------------------------------------------------*;
MPRINT(EM_DIAGRAM):    *------------------------------------------------------------*;
3913348    * MdlImp3: Computing metadata for TRAIN data;
MPRINT(EM_DIAGRAM):   * MdlImp3: Computing metadata for TRAIN data;
3913349    *------------------------------------------------------------*;
MPRINT(EM_DIAGRAM):   *------------------------------------------------------------*;

NOTE: View EMWS1.MDLIMP3_TRAIN.VIEW used (Total process time):
      real time           0.15 seconds
      cpu time            0.15 seconds
      
MPRINT(EM_DIAGRAM):    *------------------------------------------------------------*;
MPRINT(EM_DIAGRAM):   * &nodeid: Computing Metadata for TRAIN data;
MPRINT(EM_DIAGRAM):   *------------------------------------------------------------*;
MPRINT(EM_DIAGRAM):   filename _delta "C:\Users\misil\Desktop\DM 2\Project\WarGameStore_sasProject\Workspaces\EMWS1\MdlImp3\CDELTA_TRAIN.sas";
MPRINT(EMADVISECOLUMNS):   proc display c=sashelp.emmeta.advisecolumns.scl;
MPRINT(EMADVISECOLUMNS):   run;
MPRINT(EMADVISECOLUMNS):    options validvarname=any;
MPRINT(EMADVISECOLUMNS):   proc contents data=EMWS1.MdlImp3_TRAIN out=_tempAdvisor noprint;
MPRINT(EMADVISECOLUMNS):   run;
MPRINT(EMADVISECOLUMNS):   options validvarname=V7;
MPRINT(EMADVISECOLUMNS):    data _null_;
MPRINT(EMADVISECOLUMNS):   dsid = open('EMWS1.MdlImp3_TRAIN');
MPRINT(EMADVISECOLUMNS):   call symput('_dsidTable', strip(put(dsid, best.)));
MPRINT(EMADVISECOLUMNS):   if dsid then do;
MPRINT(EMADVISECOLUMNS):   call symput('_engineTable', attrc(dsid, 'ENGINE'));
MPRINT(EMADVISECOLUMNS):   dsid = close(dsid);
MPRINT(EMADVISECOLUMNS):   end;
MPRINT(EMADVISECOLUMNS):   run;
MPRINT(EMADVISECOLUMNS):    proc contents data=EMWS1.MdlImp3_TRAIN out=WORK.M3J21IEG noprint;
MPRINT(EMADVISECOLUMNS):   run;
MPRINT(EMADVISECOLUMNS):    data WORK.M3J21IEG;
MPRINT(EMADVISECOLUMNS):   length NAME $ 64 TYPE $ 1 LABEL $ 200 FORMAT $ 36 INFORMAT $36 INDEX $ 1 INDEXTYPE $ 9;
MPRINT(EMADVISECOLUMNS):   label NAME =;
MPRINT(EMADVISECOLUMNS):   set WORK.M3J21IEG(keep=name type length label format formatl formatd informat informl informd idxusage rename=(type=itype));
MPRINT(EMADVISECOLUMNS):   if itype = 1 then type = 'N';
MPRINT(EMADVISECOLUMNS):   else type = 'C';
MPRINT(EMADVISECOLUMNS):   if formatl > 0 then do;
MPRINT(EMADVISECOLUMNS):   if format ne '' then do;
MPRINT(EMADVISECOLUMNS):   if type='N' then format = strip(format)!!strip(put(formatl, best12.))!!'.'!!strip(put(formatd, best12.));
MPRINT(EMADVISECOLUMNS):   else format = strip(format)!!strip(put(formatl, best12.))!!'.';
MPRINT(EMADVISECOLUMNS):   end;
MPRINT(EMADVISECOLUMNS):   else format = strip(put(formatl, best12.))!!'.'!!strip(put(formatd, best12.));
MPRINT(EMADVISECOLUMNS):   end;
MPRINT(EMADVISECOLUMNS):   else if format ne '' then format = strip(format)!!'.';
MPRINT(EMADVISECOLUMNS):   if informl > 0 then do;
MPRINT(EMADVISECOLUMNS):   if informat ne ' ' then do;
MPRINT(EMADVISECOLUMNS):   if type='N' then informat = strip(informat)!!strip(put(informl, best12.))!!'.'!!strip(put(informd, best12.));
MPRINT(EMADVISECOLUMNS):   else informat = strip(informat)!!strip(put(informl, best12.))!!'.';
MPRINT(EMADVISECOLUMNS):   end;
MPRINT(EMADVISECOLUMNS):   else informat = strip(put(informl, best12.))!!'.'!!strip(put(informd, best12.));
MPRINT(EMADVISECOLUMNS):   end;
MPRINT(EMADVISECOLUMNS):   else if informat ne '' then informat = strip(informat)!!'.';
MPRINT(EMADVISECOLUMNS):   if idxusage = 'NONE' then index ="N";
MPRINT(EMADVISECOLUMNS):   else index = "Y";
MPRINT(EMADVISECOLUMNS):   indextype = idxusage;
MPRINT(EMADVISECOLUMNS):   drop idxusage itype formatl formatd informl informd;
MPRINT(EMADVISECOLUMNS):   run;
MPRINT(EMADVISECOLUMNS):    data WORK.M3J21IEG;
MPRINT(EMADVISECOLUMNS):   length UNAME $64;
MPRINT(EMADVISECOLUMNS):   set WORK.M3J21IEG;
MPRINT(EMADVISECOLUMNS):   UNAME = upcase(NAME);
MPRINT(EMADVISECOLUMNS):   run;
MPRINT(EMADVISECOLUMNS):    proc sort data=WORK.M18Z7T75 NOTHREADS;
MPRINT(EMADVISECOLUMNS):   by UNAME;
MPRINT(EMADVISECOLUMNS):   run;
MPRINT(EMADVISECOLUMNS):    data WORK.M18Z7T75;
MPRINT(EMADVISECOLUMNS):   drop UNAME;
MPRINT(EMADVISECOLUMNS):   set WORK.M18Z7T75;
MPRINT(EMADVISECOLUMNS):   run;
MPRINT(EMADVISECOLUMNS):    data WORK.M3A6DWQH(keep=NAME ATTR);
MPRINT(EMADVISECOLUMNS):   length ATTR $ 20;
MPRINT(EMADVISECOLUMNS):   set WORK.M18Z7T75;
MPRINT(EMADVISECOLUMNS):   if level ne "INTERVAL" then do;
MPRINT(EMADVISECOLUMNS):   if order = ' ' then do;
MPRINT(EMADVISECOLUMNS):   attr = 'ORDER';
MPRINT(EMADVISECOLUMNS):   output;
MPRINT(EMADVISECOLUMNS):   end;
MPRINT(EMADVISECOLUMNS):   end;
MPRINT(EMADVISECOLUMNS):   if format ne ' ' and formattype = ' ' then do;
MPRINT(EMADVISECOLUMNS):   attr = 'FORMATTYPE';
MPRINT(EMADVISECOLUMNS):   output;
MPRINT(EMADVISECOLUMNS):   end;
MPRINT(EMADVISECOLUMNS):   if role = ' ' then do;
MPRINT(EMADVISECOLUMNS):   attr = 'ROLE';
MPRINT(EMADVISECOLUMNS):   output;
MPRINT(EMADVISECOLUMNS):   end;
MPRINT(EMADVISECOLUMNS):   if level = ' ' then do;
MPRINT(EMADVISECOLUMNS):   attr = 'LEVEL';
MPRINT(EMADVISECOLUMNS):   output;
MPRINT(EMADVISECOLUMNS):   end;
MPRINT(EMADVISECOLUMNS):   if type = ' ' then do;
MPRINT(EMADVISECOLUMNS):   attr = 'TYPE';
MPRINT(EMADVISECOLUMNS):   output;
MPRINT(EMADVISECOLUMNS):   end;
MPRINT(EMADVISECOLUMNS):   if index = ' ' then do;
MPRINT(EMADVISECOLUMNS):   attr = 'INDEX';
MPRINT(EMADVISECOLUMNS):   output;
MPRINT(EMADVISECOLUMNS):   end;
MPRINT(EMADVISECOLUMNS):   if report = ' ' then do;
MPRINT(EMADVISECOLUMNS):   attr = 'REPORT';
MPRINT(EMADVISECOLUMNS):   output;
MPRINT(EMADVISECOLUMNS):   end;
MPRINT(EMADVISECOLUMNS):   run;
MPRINT(EMADVISECOLUMNS):   proc sort NOTHREADS;
MPRINT(EMADVISECOLUMNS):   by attr;
MPRINT(EMADVISECOLUMNS):   run;
MPRINT(EMADVISECOLUMNS):    data WORK.M18Z7T75;
MPRINT(EMADVISECOLUMNS):   length NAME $64 ROLE $ 32 LEVEL $ 10 ORDER $ 8 CREATOR $32 FORMATTYPE $ 10 FAMILY $ 10 LOWERLIMIT 8 UPPERLIMIT 8 REPORT $1 DISTRIBUTION $ 20 COMMENT $64;
MPRINT(EMADVISECOLUMNS):   length levelAssigned 8 roleAssigned 8 PRICE 8;
MPRINT(EMADVISECOLUMNS):   set WORK.M18Z7T75;
MPRINT(EMADVISECOLUMNS):   if formattype = ' ' then do;
MPRINT(EMADVISECOLUMNS):   if format ne ' ' then do;
MPRINT(EMADVISECOLUMNS):   if type = 'N' then do;
MPRINT(EMADVISECOLUMNS):   pos = indexc(format,'.1234567890');
MPRINT(EMADVISECOLUMNS):   if pos > 1 then tempfmt = substr(format,1, pos-1);
MPRINT(EMADVISECOLUMNS):   else tempfmt = ' ';
MPRINT(EMADVISECOLUMNS):   flen = length(tempfmt);
MPRINT(EMADVISECOLUMNS):   select;
MPRINT(EMADVISECOLUMNS):   when(tempfmt in ("DATE" "DAY" "DDMMYY" "DOWNAME" "JULDAY" "JULIAN" "MMDDYY" "MMDDYYD" "MMDDYYC" "MMDDYYN" "MMDDYYP" "MMDDYYS" "MONNAME" "MONTH" "MONYY" "NENGO" "QTR" "QTRR" "WEEKDATE" "WEEKDATX" "WEEKDAY" "WORDDATE" "WORDDATX" 
"YEAR" "YYMMDD" "YYMON" "YYMMDDC" "YYMMDDD" "YYMMDDN" "YYMMDDP" "YYMMDDS" "EURDFDE" "NJDATE" "NLDATE" "EURDFDD" "EURDFDWN" "EURDFMN" "EURDFMY" "EURDFWK" "EURDFWKX" "EURDFWDX" "EURDFDN" "EURDFDE" )) formattype = 'DATE';
MPRINT(EMADVISECOLUMNS):   when(tempfmt in ("DATETIME" "EURDFDT" "TOD" )) formattype = "DATETIME";
MPRINT(EMADVISECOLUMNS):   when(tempfmt in ("HHMM" "HOUR" "MMSS" "TIME" "TIMEAMPM" )) formattype = "TIME";
MPRINT(EMADVISECOLUMNS):   when(tempfmt in ("COMMA" "COMMAX" "DOLLAR" "DOLLARX" "E" "FRACT" "NEGPAREN" "PERCENT")) formattype="QUANTITY";
MPRINT(EMADVISECOLUMNS):   when(tempfmt in ("BINARY" "HEX" "IB" "OCTAL" "PD" "PIB" "PK" "RB" "SSN" "Z" "ZD")) formattype = "CODING";
MPRINT(EMADVISECOLUMNS):   otherwise do;
MPRINT(EMADVISECOLUMNS):   formattype = "USER";
MPRINT(EMADVISECOLUMNS):   if compress(tempfmt, '0123456789.', '') = '' then formattype='NUM';
MPRINT(EMADVISECOLUMNS):   else if substr(tempfmt, 1, 6)='NLDATE' then formattype = "DATE";
MPRINT(EMADVISECOLUMNS):   else if substr(tempfmt, 1, 6)='NLDATM' then formattype = "DATETIME";
MPRINT(EMADVISECOLUMNS):   else if substr(tempfmt, 1, 4)='NLTIM' then formattype = "TIME";
MPRINT(EMADVISECOLUMNS):   else if flen >= 4 then do;
MPRINT(EMADVISECOLUMNS):   str = substr(tempfmt,1,4);
MPRINT(EMADVISECOLUMNS):   if str in ("MMYY" "YYMM" "YYQR") then formattype ="DATE";
MPRINT(EMADVISECOLUMNS):   else if str = "S370" then formattype = "CODING";
MPRINT(EMADVISECOLUMNS):   else if str = "BEST" then formattype = "NUM";
MPRINT(EMADVISECOLUMNS):   drop str;
MPRINT(EMADVISECOLUMNS):   end;
MPRINT(EMADVISECOLUMNS):   else if flen >=3 and substr(tempfmt,1,3) = "YYQ" then formatType = "DATE";
MPRINT(EMADVISECOLUMNS):   end;
MPRINT(EMADVISECOLUMNS):   end;
MPRINT(EMADVISECOLUMNS):   drop flen tempfmt pos;
MPRINT(EMADVISECOLUMNS):   end;
MPRINT(EMADVISECOLUMNS):   else do;
MPRINT(EMADVISECOLUMNS):   formatType = "CATEGORY";
MPRINT(EMADVISECOLUMNS):   end;
MPRINT(EMADVISECOLUMNS):   end;
MPRINT(EMADVISECOLUMNS):   if formatType = "NUM" then do;
MPRINT(EMADVISECOLUMNS):   if index = "Y" then formatType = "DISCRETE";
MPRINT(EMADVISECOLUMNS):   else formatType = "QUANTITY";
MPRINT(EMADVISECOLUMNS):   end;
MPRINT(EMADVISECOLUMNS):   end;
MPRINT(EMADVISECOLUMNS):   if level = ' ' then do;
MPRINT(EMADVISECOLUMNS):   if formatType in ("CATEGORY", "CODING", "ID") or type = "C" then level = "NOMINAL";
MPRINT(EMADVISECOLUMNS):   else level = "INTERVAL";
MPRINT(EMADVISECOLUMNS):   levelAssigned = 1;
MPRINT(EMADVISECOLUMNS):   end;
MPRINT(EMADVISECOLUMNS):   else level = upcase(level);
MPRINT(EMADVISECOLUMNS):   if role = ' ' then do;
MPRINT(EMADVISECOLUMNS):   length name_prefix $8 _uname $64;
MPRINT(EMADVISECOLUMNS):   drop name_prefix _uname _freqflag;
MPRINT(EMADVISECOLUMNS):   retain _freqflag;
MPRINT(EMADVISECOLUMNS):   if LENGTH> 80 then ROLE = 'TEXT';
MPRINT(EMADVISECOLUMNS):   _uname = upcase(NAME);
MPRINT(EMADVISECOLUMNS):   select(_uname);
MPRINT(EMADVISECOLUMNS):   when('_PARTIND_') do;
MPRINT(EMADVISECOLUMNS):   ROLE = 'ID';
MPRINT(EMADVISECOLUMNS):   LEVEL = 'NOMINAL';
MPRINT(EMADVISECOLUMNS):   end;
MPRINT(EMADVISECOLUMNS):   when('_WARN_') ROLE = 'ASSESS';
MPRINT(EMADVISECOLUMNS):   when('EM_SEGMENT') do;
MPRINT(EMADVISECOLUMNS):   ROLE = 'SEGMENT';
MPRINT(EMADVISECOLUMNS):   LEVEL = 'NOMINAL';
MPRINT(EMADVISECOLUMNS):   end;
MPRINT(EMADVISECOLUMNS):   when('_NODE_') do;
MPRINT(EMADVISECOLUMNS):   ROLE = 'SEGMENT';
MPRINT(EMADVISECOLUMNS):   LEVEL = 'NOMINAL';
MPRINT(EMADVISECOLUMNS):   end;
MPRINT(EMADVISECOLUMNS):   when('EM_CLASSTARGET') ROLE = 'ASSESS';
MPRINT(EMADVISECOLUMNS):   when('EM_VALUETARGET') ROLE = 'ASSESS';
MPRINT(EMADVISECOLUMNS):   when('EM_PREDICTION') ROLE = 'PREDICT';
MPRINT(EMADVISECOLUMNS):   when('EM_PROBABILITY') ROLE = 'PREDICT';
MPRINT(EMADVISECOLUMNS):   when('EM_EVENTPROBABILITY') ROLE = 'PREDICT';
MPRINT(EMADVISECOLUMNS):   when('EM_CLASSIFICATION') ROLE = 'CLASSIFICATION';
MPRINT(EMADVISECOLUMNS):   when('EM_DECISION') ROLE = 'DECISION';
MPRINT(EMADVISECOLUMNS):   when('EM_PROFIT') ROLE = 'ASSESS';
MPRINT(EMADVISECOLUMNS):   when('EM_LOSS') ROLE = 'ASSESS';
MPRINT(EMADVISECOLUMNS):   when('EM_ROI') ROLE = 'ASSESS';
MPRINT(EMADVISECOLUMNS):   when('URI') ROLE = 'URL';
MPRINT(EMADVISECOLUMNS):   when('FILTERED') ROLE = 'TEXTLOC';
MPRINT(EMADVISECOLUMNS):   otherwise do;
MPRINT(EMADVISECOLUMNS):   if upcase(NAME) =: 'ZIP' then do;
MPRINT(EMADVISECOLUMNS):   ROLE = 'REJECTED';
MPRINT(EMADVISECOLUMNS):   LEVEL = 'NOMINAL';
MPRINT(EMADVISECOLUMNS):   COMMENT = 'Rejected by: Exceed the maximum class level of %s';
MPRINT(EMADVISECOLUMNS):   end;
MPRINT(EMADVISECOLUMNS):   else if upcase(NAME) in('FREQ', 'FREQUENCY') then do;
MPRINT(EMADVISECOLUMNS):   ROLE = 'FREQ';
MPRINT(EMADVISECOLUMNS):   if TYPE = 'C' then ROLE = 'INPUT';
MPRINT(EMADVISECOLUMNS):   else if _freqflag =1 then ROLE='REJECTED';
MPRINT(EMADVISECOLUMNS):   end;
MPRINT(EMADVISECOLUMNS):   else do;
MPRINT(EMADVISECOLUMNS):   name_prefix = scan(_uname, 1, '_');
MPRINT(EMADVISECOLUMNS):   if scan(_uname, 2, '_') = '' then name_prefix='';
MPRINT(EMADVISECOLUMNS):   if name_prefix in('F', 'I', 'U') then do;
MPRINT(EMADVISECOLUMNS):   ROLE = 'CLASSIFICATION';
MPRINT(EMADVISECOLUMNS):   LEVEL = 'NOMINAL';
MPRINT(EMADVISECOLUMNS):   end;
MPRINT(EMADVISECOLUMNS):   else if name_prefix in('Q') then ROLE = 'ASSESS';
MPRINT(EMADVISECOLUMNS):   else if name_prefix in('P', 'V') then ROLE = 'PREDICT';
MPRINT(EMADVISECOLUMNS):   else if name_prefix in('R', 'RS', 'RT', 'RD', 'RDS', 'RDT', 'RA', 'RAS', 'RAT') then ROLE = 'RESIDUAL';
MPRINT(EMADVISECOLUMNS):   else if name_prefix ='D' then do;
MPRINT(EMADVISECOLUMNS):   ROLE = 'DECISION';
MPRINT(EMADVISECOLUMNS):   LEVEL = 'NOMINAL';
MPRINT(EMADVISECOLUMNS):   end;
MPRINT(EMADVISECOLUMNS):   else if name_prefix ='B' then do;
MPRINT(EMADVISECOLUMNS):   ROLE = 'SEGMENT';
MPRINT(EMADVISECOLUMNS):   LEVEL = 'NOMINAL';
MPRINT(EMADVISECOLUMNS):   end;
MPRINT(EMADVISECOLUMNS):   else if name_prefix in('EP', 'BP', 'CP', 'EL', 'CL', 'BL', 'W', 'ROI', 'IC') then ROLE = 'ASSESS';
MPRINT(EMADVISECOLUMNS):   else do;
MPRINT(EMADVISECOLUMNS):   array _ROLE_ (19) $32 _TEMPORARY_ ('ASSESS','CLASSIFICATION','CENSOR', 'COST', 'CROSSID', 'DECISION', 'ID','INPUT', 'LABEL', 'MISSING','PREDICT','REFERRER','REJECTED', 'RESIDUAL','SEGMENT', 'SEQUENCE','TARGET', 'TEXT', 'TIMEID');
MPRINT(EMADVISECOLUMNS):   drop _found_ i;
MPRINT(EMADVISECOLUMNS):   _found_=0;
MPRINT(EMADVISECOLUMNS):   do i=1 to 19 until(_found_=1);
MPRINT(EMADVISECOLUMNS):   if index(_uname, trim(_ROLE_{i}))=1 then do;
MPRINT(EMADVISECOLUMNS):   ROLE=_ROLE_{i};
MPRINT(EMADVISECOLUMNS):   if ROLE = 'ID' then LEVEL = 'NOMINAL';
MPRINT(EMADVISECOLUMNS):   else if ROLE = 'SEGMENT' then LEVEL = 'NOMINAL';
MPRINT(EMADVISECOLUMNS):   else if ROLE = 'TIMEID' and TYPE='N' then LEVEL = 'INTERVAL';
MPRINT(EMADVISECOLUMNS):   _found_=1;
MPRINT(EMADVISECOLUMNS):   end;
MPRINT(EMADVISECOLUMNS):   end;
MPRINT(EMADVISECOLUMNS):   if length(_uname)>2 then do;
MPRINT(EMADVISECOLUMNS):   if substr(reverse(trim(_uname)), 1, 3) = 'DI_' then do;
MPRINT(EMADVISECOLUMNS):   ROLE = 'ID';
MPRINT(EMADVISECOLUMNS):   LEVEL = 'NOMINAL';
MPRINT(EMADVISECOLUMNS):   end;
MPRINT(EMADVISECOLUMNS):   end;
MPRINT(EMADVISECOLUMNS):   end;
MPRINT(EMADVISECOLUMNS):   end;
MPRINT(EMADVISECOLUMNS):   end;
MPRINT(EMADVISECOLUMNS):   end;
MPRINT(EMADVISECOLUMNS):   if ROLE='FREQ' then _freqflag=1;
MPRINT(EMADVISECOLUMNS):   else if ROLE = 'CLASSIFICATION' then LEVEL = 'NOMINAL';
MPRINT(EMADVISECOLUMNS):   if symexist('RATEMKG_ROLE') then do;
MPRINT(EMADVISECOLUMNS):   if upcase(symget('RATEMKG_ROLE')) in('Y', 'YES') then do;
MPRINT(EMADVISECOLUMNS):   if _uname =: 'POLICY' then ROLE = 'POLICYID';
MPRINT(EMADVISECOLUMNS):   else if _uname in ('PARTITION', '_PARTIND_') then ROLE = 'PARTITION';
MPRINT(EMADVISECOLUMNS):   else if type = 'N' then do;
MPRINT(EMADVISECOLUMNS):   if _uname = 'EXPOSURE' then ROLE = 'EXPOSURE';
MPRINT(EMADVISECOLUMNS):   else if _uname = 'YEAR' then ROLE = 'YEAR';
MPRINT(EMADVISECOLUMNS):   else if _uname = 'WEIGHT' then ROLE = 'WEIGHT';
MPRINT(EMADVISECOLUMNS):   else if _uname = 'OFFSET' then ROLE = 'OFFSET';
MPRINT(EMADVISECOLUMNS):   end;
MPRINT(EMADVISECOLUMNS):   end;
MPRINT(EMADVISECOLUMNS):   end;
MPRINT(EMADVISECOLUMNS):   end;
MPRINT(EMADVISECOLUMNS):   if role = ' ' then do;
MPRINT(EMADVISECOLUMNS):   if formattype in('DATE', 'DATETIME', 'TIME') then role = 'TIMEID';
MPRINT(EMADVISECOLUMNS):   else role = 'INPUT';
MPRINT(EMADVISECOLUMNS):   roleAssigned = 1;
MPRINT(EMADVISECOLUMNS):   end;
MPRINT(EMADVISECOLUMNS):   else role = upcase(role);
MPRINT(EMADVISECOLUMNS):   if REPORT = '' then REPORT = 'N';
MPRINT(EMADVISECOLUMNS):   if symexist('dmwb_product') then do;
MPRINT(EMADVISECOLUMNS):   if upcase(symget('dmwb_product')) = 'FACTORYMINER_DATASOURCE' then do;
MPRINT(EMADVISECOLUMNS):   if ROLE ^in('INPUT', 'TARGET', 'REJECTED', 'SEGMENT', 'FREQ', 'ID', 'KEY') then ROLE='REJECTED';
MPRINT(EMADVISECOLUMNS):   end;
MPRINT(EMADVISECOLUMNS):   end;
MPRINT(EMADVISECOLUMNS):   run;
MPRINT(EMADVISECOLUMNS):    data WORK.M18Z7T75;
MPRINT(EMADVISECOLUMNS):   set WORK.M18Z7T75;
MPRINT(EMADVISECOLUMNS):   label NAME = "Variable Name" TYPE = "Type" ROLE = "Role" LEVEL= "Measurement Level" ORDER= "Order" CREATOR= "Creator" FORMATTYPE= "Format Type" FAMILY= "Family" DISTRIBUTION= "Distribution" PRICE= "Price" LOWERLIMIT= "Lower 
limit" UPPERLIMIT= "Upper Limit" REPORT= "Report" COMMENT= "Comment" INDEX= "Index" INDEXTYPE= "IndexType" LABEL= "Label" LENGTH= "Length";
MPRINT(EMADVISECOLUMNS):   drop levelAssigned roleAssigned;
MPRINT(EMADVISECOLUMNS):   run;
MPRINT(EMADVISECOLUMNS):   
MPRINT(EM_DIAGRAM):  ;
MPRINT(EM_DIAGRAM):   proc sort data=WORK.COLUMNMETA;
MPRINT(EM_DIAGRAM):   by NAME;
MPRINT(EM_DIAGRAM):   run;
MPRINT(EM_DIAGRAM):   *------------------------------------------------------------*;
MPRINT(EM_DIAGRAM):   * &nodeid: Merge incoming metadata;
MPRINT(EM_DIAGRAM):   *------------------------------------------------------------*;
MPRINT(EM_DIAGRAM):   proc contents data=EMWS1.EndGrp3_TRAIN noprint out=_temp2(keep=NAME);
MPRINT(EM_DIAGRAM):   run;
MPRINT(EM_DIAGRAM):   proc sort data=_temp2;
MPRINT(EM_DIAGRAM):   by NAME;
MPRINT(EM_DIAGRAM):   run;
MPRINT(EM_DIAGRAM):   proc sort data=EMWS1.EndGrp3_CMeta_TRAIN out=_temp;
MPRINT(EM_DIAGRAM):   by NAME;
MPRINT(EM_DIAGRAM):   run;
MPRINT(EM_DIAGRAM):   data EMWS1.MdlImp3_CMeta_TRAIN;
MPRINT(EM_DIAGRAM):   merge WORK.COLUMNMETA(in=_a) _temp2(in=_b) _temp(drop=FORMAT INFORMAT LENGTH INDEX INDEXTYPE in=_c) end=_eof_;
MPRINT(EM_DIAGRAM):   by NAME;
MPRINT(EM_DIAGRAM):   if (^_a and _b) or (^_c and _a and _b) then delete;
MPRINT(EM_DIAGRAM):   if ^_b then CREATOR = "MdlImp3";
MPRINT(EM_DIAGRAM):   length model $200;
MPRINT(EM_DIAGRAM):   label MODEL = "Model Node";
MPRINT(EM_DIAGRAM):   select(upcase(name));
MPRINT(EM_DIAGRAM):   when("P_DEPVAR1") creator = "MdlImp3";
MPRINT(EM_DIAGRAM):   when("P_DEPVAR0") creator = "MdlImp3";
MPRINT(EM_DIAGRAM):   when("_WARN_") creator = "MdlImp3";
MPRINT(EM_DIAGRAM):   when("DEPVAR") model = "MdlImp3";
MPRINT(EM_DIAGRAM):   when('');
MPRINT(EM_DIAGRAM):   otherwise;
MPRINT(EM_DIAGRAM):   end;
MPRINT(EM_DIAGRAM):   *------------------------------------------------------------*;
MPRINT(EM_DIAGRAM):   * MdlImp3: Apply Delta Code;
MPRINT(EM_DIAGRAM):   *------------------------------------------------------------*;
MPRINT(EM_DIAGRAM):   run;
MPRINT(EM_DIAGRAM):   filename _delta;
3913697    data WORK.MODELTEMP_INFO;
MPRINT(EM_DIAGRAM):    data WORK.MODELTEMP_INFO;
3913698    set EMWS1.MdlImp3_EMINFO;
MPRINT(EM_DIAGRAM):   set EMWS1.MdlImp3_EMINFO;
3913699    where DATA='MdlImp3' and KEY ^in('DECDATA', 'DECMETA', 'IMPORTANCE', 'MODEL');
MPRINT(EM_DIAGRAM):   where DATA='MdlImp3' and KEY ^in('DECDATA', 'DECMETA', 'IMPORTANCE', 'MODEL');
3913700    run;
MPRINT(EM_DIAGRAM):   run;

NOTE: There were 0 observations read from the data set EMWS1.MDLIMP3_EMINFO.
      WHERE (DATA='MdlImp3') and KEY not in ('DECDATA', 'DECMETA', 'IMPORTANCE', 'MODEL');
NOTE: The data set WORK.MODELTEMP_INFO has 0 observations and 3 variables.
NOTE: DATA statement used (Total process time):
      real time           0.00 seconds
      cpu time            0.00 seconds
      

3913701    data EMWS1.MdlImp3_EMINFO;
MPRINT(EM_DIAGRAM):    data EMWS1.MdlImp3_EMINFO;
3913702    length TARGET KEY $32 DATA $43;
MPRINT(EM_DIAGRAM):   length TARGET KEY $32 DATA $43;
3913703    input TARGET KEY DATA $;
MPRINT(EM_DIAGRAM):   input TARGET KEY DATA $;
3913704    cards;
MPRINT(EM_DIAGRAM):   cards;

NOTE: The data set EMWS1.MDLIMP3_EMINFO has 3 observations and 3 variables.
NOTE: DATA statement used (Total process time):
      real time           0.00 seconds
      cpu time            0.01 seconds
      

MPRINT(EM_DIAGRAM):   run;
3913708    run;
3913709    data EMWS1.MdlImp3_EMINFO;
MPRINT(EM_DIAGRAM):   data EMWS1.MdlImp3_EMINFO;
3913710    set EMWS1.MdlImp3_EMINFO WORK.MODELTEMP_INFO;
MPRINT(EM_DIAGRAM):   set EMWS1.MdlImp3_EMINFO WORK.MODELTEMP_INFO;
3913711    run;
MPRINT(EM_DIAGRAM):   run;

NOTE: There were 3 observations read from the data set EMWS1.MDLIMP3_EMINFO.
NOTE: There were 0 observations read from the data set WORK.MODELTEMP_INFO.
NOTE: The data set EMWS1.MDLIMP3_EMINFO has 3 observations and 3 variables.
NOTE: DATA statement used (Total process time):
      real time           0.00 seconds
      cpu time            0.00 seconds
      

3913712    proc sort data = EMWS1.MdlImp3_EMINFO NOTHREADS;
MPRINT(EM_DIAGRAM):    proc sort data = EMWS1.MdlImp3_EMINFO NOTHREADS;
3913713    by TARGET KEY;
MPRINT(EM_DIAGRAM):   by TARGET KEY;
3913714    run;
MPRINT(EM_DIAGRAM):   run;

NOTE: There were 3 observations read from the data set EMWS1.MDLIMP3_EMINFO.
NOTE: The data set EMWS1.MDLIMP3_EMINFO has 3 observations and 3 variables.
NOTE: PROCEDURE SORT used (Total process time):
      real time           0.00 seconds
      cpu time            0.00 seconds
      

3913715    proc sort data = EMWS1.EndGrp3_EMINFO OUT=WORK.SORTEDEMINFO NOTHREADS;
MPRINT(EM_DIAGRAM):    proc sort data = EMWS1.EndGrp3_EMINFO OUT=WORK.SORTEDEMINFO NOTHREADS;
3913716    by TARGET KEY;
MPRINT(EM_DIAGRAM):   by TARGET KEY;
3913717    run;
MPRINT(EM_DIAGRAM):   run;

NOTE: There were 5 observations read from the data set EMWS1.ENDGRP3_EMINFO.
NOTE: The data set WORK.SORTEDEMINFO has 5 observations and 3 variables.
NOTE: PROCEDURE SORT used (Total process time):
      real time           0.01 seconds
      cpu time            0.00 seconds
      

3913718    proc sort data = EMWS1.MdlImp3_EMINFO OUT=WORK.TEMP_INFO NOTHREADS;
MPRINT(EM_DIAGRAM):   proc sort data = EMWS1.MdlImp3_EMINFO OUT=WORK.TEMP_INFO NOTHREADS;
3913719    by TARGET KEY;
MPRINT(EM_DIAGRAM):   by TARGET KEY;
3913720    run;
MPRINT(EM_DIAGRAM):   run;

NOTE: Input data set is already sorted; it has been copied to the output data set.
NOTE: There were 3 observations read from the data set EMWS1.MDLIMP3_EMINFO.
NOTE: The data set WORK.TEMP_INFO has 3 observations and 3 variables.
NOTE: PROCEDURE SORT used (Total process time):
      real time           0.00 seconds
      cpu time            0.00 seconds
      

3913721    data EMWS1.MdlImp3_EMINFO;
MPRINT(EM_DIAGRAM):   data EMWS1.MdlImp3_EMINFO;
3913722    merge WORK.SORTEDEMINFO WORK.TEMP_INFO;
MPRINT(EM_DIAGRAM):   merge WORK.SORTEDEMINFO WORK.TEMP_INFO;
3913723    by TARGET KEY;
MPRINT(EM_DIAGRAM):   by TARGET KEY;
3913724    run;
MPRINT(EM_DIAGRAM):   run;

NOTE: There were 5 observations read from the data set WORK.SORTEDEMINFO.
NOTE: There were 3 observations read from the data set WORK.TEMP_INFO.
NOTE: The data set EMWS1.MDLIMP3_EMINFO has 5 observations and 3 variables.
NOTE: DATA statement used (Total process time):
      real time           0.01 seconds
      cpu time            0.01 seconds
      

3913725    proc datasets lib=work nolist;
MPRINT(EM_DIAGRAM):   proc datasets lib=work nolist;
3913726    delete TEMP_INFO SORTEDEMINFO;
MPRINT(EM_DIAGRAM):   delete TEMP_INFO SORTEDEMINFO;
3913727    run;
MPRINT(EM_DIAGRAM):   run;

NOTE: Deleting WORK.TEMP_INFO (memtype=DATA).
NOTE: Deleting WORK.SORTEDEMINFO (memtype=DATA).
3913728    quit;
MPRINT(EM_DIAGRAM):   quit;

NOTE: PROCEDURE DATASETS used (Total process time):
      real time           0.05 seconds
      cpu time            0.04 seconds
      

NOTE: View EMWS1.MDLIMP3_TRAIN.VIEW used (Total process time):
      real time           0.16 seconds
      cpu time            0.15 seconds
      
MPRINT(EM_DIAGRAM):    proc printto;
MPRINT(EM_DIAGRAM):   run;
