NOTE: PROCEDURE PRINTTO used (Total process time):
      real time           0.00 seconds
      cpu time            0.00 seconds
      

Traverser: Traverser invoked.  MPCONNECT command is !sascmdv -nosyntaxcheck -noasynchio -noobjectserver. 
Traverser: Beginning flow traversal 
17151      data _null_;
MPRINT(EM_DIAGRAM):    data _null_;
17152      file emwipmsg;
MPRINT(EM_DIAGRAM):   file emwipmsg;
17153      put '<Node Id="Ids" Event="Run" Pid="6892" Gridid=""/>';
MPRINT(EM_DIAGRAM):   put '<Node Id="Ids" Event="Run" Pid="6892" Gridid=""/>';
17154      run;
MPRINT(EM_DIAGRAM):   run;

NOTE: The file EMWIPMSG is:
      Local Host Name=DESKTOP-61HCQ9U,
      Local Host IP addr=fe80::b037:a22c:8fd3:de6b%4,
      Peer Hostname Name=DESKTOP-61HCQ9U,
      Peer IP addr=127.0.0.1,Peer Name=N/A,
      Peer Portno=50335,Lrecl=32767,Recfm=Variable

NOTE: 1 record was written to the file EMWIPMSG.
      The minimum record length was 49.
      The maximum record length was 49.
NOTE: DATA statement used (Total process time):
      real time           0.00 seconds
      cpu time            0.00 seconds
      

17155      %let emloopmode =;
*------------------------------------------------------------* 
* 
* Ids : Beginning update before running 
* datetime : 27DEC2017:18:13:13 
* 
*------------------------------------------------------------* 
MPRINT(EM_DIAGRAM):     filename _emtool_ 'C:\Users\misil\Desktop\MIS\DM1_project\Workspaces\EMWS1\Ids\PROPERTIES.xml' encoding="UTF-8" NOBOM;
17157      %let _HPDMGRIDHOST=;
17158      %let _HPDMGRIDINSTALLLOC=;
17159      %let _HPDMGRIDDATASERVER=;
17160      %hpdm_gridSetOPtions;
MPRINT(EM_DIAGRAM):   
MPRINT(HPDM_GRIDSETOPTIONS):   data _null_;
MPRINT(HPDM_GRIDSETOPTIONS):   length optionString string $2000;
MPRINT(HPDM_GRIDSETOPTIONS):   optionString = reverse(getoption('SET'));
MPRINT(HPDM_GRIDSETOPTIONS):   index = index(optionString, reverse('GRIDHOST'));
MPRINT(HPDM_GRIDSETOPTIONS):   if index then do;
MPRINT(HPDM_GRIDSETOPTIONS):   string = reverse(substr(optionString, 1, index-4));
MPRINT(HPDM_GRIDSETOPTIONS):   host = '"'!!strip(tranwrd(scan(string, 1, ']'), '"', ''))!!'"';
MPRINT(HPDM_GRIDSETOPTIONS):   call symput('_HPDMGRIDHOST', strip(host));
MPRINT(HPDM_GRIDSETOPTIONS):   end;
MPRINT(HPDM_GRIDSETOPTIONS):   index = index(optionString, reverse('GRIDINSTALLLOC'));
MPRINT(HPDM_GRIDSETOPTIONS):   if index then do;
MPRINT(HPDM_GRIDSETOPTIONS):   string = reverse(substr(optionString, 1, index-4));
MPRINT(HPDM_GRIDSETOPTIONS):   install = '"'!!strip(tranwrd(scan(string, 1, ']'), '"', ''))!!'"';
MPRINT(HPDM_GRIDSETOPTIONS):   call symput('_HPDMGRIDINSTALLLOC', strip(install));
MPRINT(HPDM_GRIDSETOPTIONS):   end;
MPRINT(HPDM_GRIDSETOPTIONS):   index = index(optionString, reverse('GRIDDATASERVER'));
MPRINT(HPDM_GRIDSETOPTIONS):   if index then do;
MPRINT(HPDM_GRIDSETOPTIONS):   string = reverse(substr(optionString, 1, index-4));
MPRINT(HPDM_GRIDSETOPTIONS):   server = '"'!!strip(tranwrd(scan(string, 1, ']'), '"', ''))!!'"';
MPRINT(HPDM_GRIDSETOPTIONS):   call symput('_HPDMGRIDDATASERVER', strip(server));
MPRINT(HPDM_GRIDSETOPTIONS):   end;
MPRINT(HPDM_GRIDSETOPTIONS):   run;

NOTE: DATA statement used (Total process time):
      real time           0.00 seconds
      cpu time            0.00 seconds
      

MPRINT(EM_DIAGRAM):  ;

*------------------------------------------------------------* 
* 
* Ids : End update 
* datetime : 27DEC2017:18:13:13 
* 
*------------------------------------------------------------* 
17161      %em_getactionstatus(emlib =EMWS1, nodeid=Ids);
MPRINT(EM_DIAGRAM):   
MPRINT(EM_GETACTIONSTATUS):   proc display c=sashelp.emutil.getactionstatus.scl;
MPRINT(EM_GETACTIONSTATUS):   run;

17162      %let em_Train = N;
17163      %let em_Score = N;
17164      %let em_Report = N;
17165      %let em_Run = N;
NOTE: PROCEDURE DISPLAY used (Total process time):
      real time           0.03 seconds
      cpu time            0.00 seconds
      

MPRINT(EM_GETACTIONSTATUS):   
MPRINT(EM_DIAGRAM):  ;

Node "Ids" has already run. 
Node "Ids" succeeded. 
17166      data _null_;
MPRINT(EM_DIAGRAM):    data _null_;
17167      file emwipmsg;
MPRINT(EM_DIAGRAM):   file emwipmsg;
17168      put '<Node Id="Ids" Event="Complete" Pid="6892" Gridid=""/>';
MPRINT(EM_DIAGRAM):   put '<Node Id="Ids" Event="Complete" Pid="6892" Gridid=""/>';
17169      run;
MPRINT(EM_DIAGRAM):   run;

NOTE: The file EMWIPMSG is:
      Local Host Name=DESKTOP-61HCQ9U,
      Local Host IP addr=fe80::b037:a22c:8fd3:de6b%4,
      Peer Hostname Name=DESKTOP-61HCQ9U,
      Peer IP addr=127.0.0.1,Peer Name=N/A,
      Peer Portno=50335,Lrecl=32767,Recfm=Variable

NOTE: 1 record was written to the file EMWIPMSG.
      The minimum record length was 54.
      The maximum record length was 54.
NOTE: DATA statement used (Total process time):
      real time           0.00 seconds
      cpu time            0.00 seconds
      

Traverser: WaitingNode "TRANS" 
Traverser: WaitingNode "TRANS2" 
Traverser: WaitingNode "TRANS3" 
Traverser: WaitingNode "DROP" 
Traverser: WaitingNode "FILTER2" 
Traverser: WaitingNode "CLUS8" 
traverser_readyNode_note 
17170      data _null_;
MPRINT(EM_DIAGRAM):    data _null_;
17171      file emwipmsg;
MPRINT(EM_DIAGRAM):   file emwipmsg;
17172      put '<Node Id="Impt" Event="Run" Pid="6892" Gridid=""/>';
MPRINT(EM_DIAGRAM):   put '<Node Id="Impt" Event="Run" Pid="6892" Gridid=""/>';
17173      run;
MPRINT(EM_DIAGRAM):   run;

NOTE: The file EMWIPMSG is:
      Local Host Name=DESKTOP-61HCQ9U,
      Local Host IP addr=fe80::b037:a22c:8fd3:de6b%4,
      Peer Hostname Name=DESKTOP-61HCQ9U,
      Peer IP addr=127.0.0.1,Peer Name=N/A,
      Peer Portno=50335,Lrecl=32767,Recfm=Variable

NOTE: 1 record was written to the file EMWIPMSG.
      The minimum record length was 50.
      The maximum record length was 50.
NOTE: DATA statement used (Total process time):
      real time           0.01 seconds
      cpu time            0.01 seconds
      

17174      %let emloopmode =;
*------------------------------------------------------------* 
* 
* Impt : Beginning update before running 
* datetime : 27DEC2017:18:13:13 
* 
*------------------------------------------------------------* 
MPRINT(EM_DIAGRAM):     data WORK.Impt_FILTERSET;
MPRINT(EM_DIAGRAM):   length PORT $32 USE $1;
MPRINT(EM_DIAGRAM):   DROP DELTACODE APPLYDELTA APPLYSCORE IMPORTPORT;
MPRINT(EM_DIAGRAM):   set EMWS1.Ids_exportSet ;
MPRINT(EM_DIAGRAM):   PORT = '';
MPRINT(EM_DIAGRAM):   USE = '';
MPRINT(EM_DIAGRAM):   where role in( "RAW" "TRAIN" "VALIDATE" "TEST" ) and EXPORT = 'Y' ;
MPRINT(EM_DIAGRAM):   run;
MPRINT(EM_DIAGRAM):    filename _emtool_ 'C:\Users\misil\Desktop\MIS\DM1_project\Workspaces\EMWS1\Impt\PROPERTIES.xml' encoding="UTF-8" NOBOM;
17194      %let _HPDMGRIDHOST=;
17195      %let _HPDMGRIDINSTALLLOC=;
17196      %let _HPDMGRIDDATASERVER=;
17197      %hpdm_gridSetOPtions;
MPRINT(EM_DIAGRAM):   
MPRINT(HPDM_GRIDSETOPTIONS):   data _null_;
MPRINT(HPDM_GRIDSETOPTIONS):   length optionString string $2000;
MPRINT(HPDM_GRIDSETOPTIONS):   optionString = reverse(getoption('SET'));
MPRINT(HPDM_GRIDSETOPTIONS):   index = index(optionString, reverse('GRIDHOST'));
MPRINT(HPDM_GRIDSETOPTIONS):   if index then do;
MPRINT(HPDM_GRIDSETOPTIONS):   string = reverse(substr(optionString, 1, index-4));
MPRINT(HPDM_GRIDSETOPTIONS):   host = '"'!!strip(tranwrd(scan(string, 1, ']'), '"', ''))!!'"';
MPRINT(HPDM_GRIDSETOPTIONS):   call symput('_HPDMGRIDHOST', strip(host));
MPRINT(HPDM_GRIDSETOPTIONS):   end;
MPRINT(HPDM_GRIDSETOPTIONS):   index = index(optionString, reverse('GRIDINSTALLLOC'));
MPRINT(HPDM_GRIDSETOPTIONS):   if index then do;
MPRINT(HPDM_GRIDSETOPTIONS):   string = reverse(substr(optionString, 1, index-4));
MPRINT(HPDM_GRIDSETOPTIONS):   install = '"'!!strip(tranwrd(scan(string, 1, ']'), '"', ''))!!'"';
MPRINT(HPDM_GRIDSETOPTIONS):   call symput('_HPDMGRIDINSTALLLOC', strip(install));
MPRINT(HPDM_GRIDSETOPTIONS):   end;
MPRINT(HPDM_GRIDSETOPTIONS):   index = index(optionString, reverse('GRIDDATASERVER'));
MPRINT(HPDM_GRIDSETOPTIONS):   if index then do;
MPRINT(HPDM_GRIDSETOPTIONS):   string = reverse(substr(optionString, 1, index-4));
MPRINT(HPDM_GRIDSETOPTIONS):   server = '"'!!strip(tranwrd(scan(string, 1, ']'), '"', ''))!!'"';
MPRINT(HPDM_GRIDSETOPTIONS):   call symput('_HPDMGRIDDATASERVER', strip(server));
MPRINT(HPDM_GRIDSETOPTIONS):   end;
MPRINT(HPDM_GRIDSETOPTIONS):   run;

NOTE: DATA statement used (Total process time):
      real time           0.00 seconds
      cpu time            0.00 seconds
      

MPRINT(EM_DIAGRAM):  ;

*------------------------------------------------------------* 
* 
* Impt : End update 
* datetime : 27DEC2017:18:13:14 
* 
*------------------------------------------------------------* 
17198      %em_getactionstatus(emlib =EMWS1, nodeid=Impt);
MPRINT(EM_DIAGRAM):   
MPRINT(EM_GETACTIONSTATUS):   proc display c=sashelp.emutil.getactionstatus.scl;
MPRINT(EM_GETACTIONSTATUS):   run;

17199      %let em_Train = N;
17200      %let em_Score = N;
17201      %let em_Report = N;
17202      %let em_Run = N;
NOTE: PROCEDURE DISPLAY used (Total process time):
      real time           0.01 seconds
      cpu time            0.00 seconds
      

MPRINT(EM_GETACTIONSTATUS):   
MPRINT(EM_DIAGRAM):  ;

Node "Impt" has already run. 
Node "Impt" succeeded. 
17203      data _null_;
MPRINT(EM_DIAGRAM):    data _null_;
17204      file emwipmsg;
MPRINT(EM_DIAGRAM):   file emwipmsg;
17205      put '<Node Id="Impt" Event="Complete" Pid="6892" Gridid=""/>';
MPRINT(EM_DIAGRAM):   put '<Node Id="Impt" Event="Complete" Pid="6892" Gridid=""/>';
17206      run;
MPRINT(EM_DIAGRAM):   run;

NOTE: The file EMWIPMSG is:
      Local Host Name=DESKTOP-61HCQ9U,
      Local Host IP addr=fe80::b037:a22c:8fd3:de6b%4,
      Peer Hostname Name=DESKTOP-61HCQ9U,
      Peer IP addr=127.0.0.1,Peer Name=N/A,
      Peer Portno=50335,Lrecl=32767,Recfm=Variable

NOTE: 1 record was written to the file EMWIPMSG.
      The minimum record length was 55.
      The maximum record length was 55.
NOTE: DATA statement used (Total process time):
      real time           0.00 seconds
      cpu time            0.00 seconds
      

Traverser: WaitingNode "TRANS2" 
Traverser: WaitingNode "TRANS3" 
Traverser: WaitingNode "DROP" 
Traverser: WaitingNode "FILTER2" 
Traverser: WaitingNode "CLUS8" 
traverser_readyNode_note 
17207      data _null_;
MPRINT(EM_DIAGRAM):    data _null_;
17208      file emwipmsg;
MPRINT(EM_DIAGRAM):   file emwipmsg;
17209      put '<Node Id="Trans" Event="Run" Pid="6892" Gridid=""/>';
MPRINT(EM_DIAGRAM):   put '<Node Id="Trans" Event="Run" Pid="6892" Gridid=""/>';
17210      run;
MPRINT(EM_DIAGRAM):   run;

NOTE: The file EMWIPMSG is:
      Local Host Name=DESKTOP-61HCQ9U,
      Local Host IP addr=fe80::b037:a22c:8fd3:de6b%4,
      Peer Hostname Name=DESKTOP-61HCQ9U,
      Peer IP addr=127.0.0.1,Peer Name=N/A,
      Peer Portno=50335,Lrecl=32767,Recfm=Variable

NOTE: 1 record was written to the file EMWIPMSG.
      The minimum record length was 51.
      The maximum record length was 51.
NOTE: DATA statement used (Total process time):
      real time           0.00 seconds
      cpu time            0.00 seconds
      

17211      %let emloopmode =;
*------------------------------------------------------------* 
* 
* Trans : Beginning update before running 
* datetime : 27DEC2017:18:13:14 
* 
*------------------------------------------------------------* 
MPRINT(EM_DIAGRAM):     data WORK.Trans_FILTERSET;
MPRINT(EM_DIAGRAM):   length PORT $32 USE $1;
MPRINT(EM_DIAGRAM):   DROP DELTACODE APPLYDELTA APPLYSCORE IMPORTPORT;
MPRINT(EM_DIAGRAM):   set EMWS1.Impt_exportSet ;
MPRINT(EM_DIAGRAM):   PORT = '';
MPRINT(EM_DIAGRAM):   USE = '';
MPRINT(EM_DIAGRAM):   where role in( "RAW" "TRAIN" "VALIDATE" "TEST" ) and EXPORT = 'Y' ;
MPRINT(EM_DIAGRAM):   run;
MPRINT(EM_DIAGRAM):    filename _emtool_ 'C:\Users\misil\Desktop\MIS\DM1_project\Workspaces\EMWS1\Trans\PROPERTIES.xml' encoding="UTF-8" NOBOM;
17231      %let _HPDMGRIDHOST=;
17232      %let _HPDMGRIDINSTALLLOC=;
17233      %let _HPDMGRIDDATASERVER=;
17234      %hpdm_gridSetOPtions;
MPRINT(EM_DIAGRAM):   
MPRINT(HPDM_GRIDSETOPTIONS):   data _null_;
MPRINT(HPDM_GRIDSETOPTIONS):   length optionString string $2000;
MPRINT(HPDM_GRIDSETOPTIONS):   optionString = reverse(getoption('SET'));
MPRINT(HPDM_GRIDSETOPTIONS):   index = index(optionString, reverse('GRIDHOST'));
MPRINT(HPDM_GRIDSETOPTIONS):   if index then do;
MPRINT(HPDM_GRIDSETOPTIONS):   string = reverse(substr(optionString, 1, index-4));
MPRINT(HPDM_GRIDSETOPTIONS):   host = '"'!!strip(tranwrd(scan(string, 1, ']'), '"', ''))!!'"';
MPRINT(HPDM_GRIDSETOPTIONS):   call symput('_HPDMGRIDHOST', strip(host));
MPRINT(HPDM_GRIDSETOPTIONS):   end;
MPRINT(HPDM_GRIDSETOPTIONS):   index = index(optionString, reverse('GRIDINSTALLLOC'));
MPRINT(HPDM_GRIDSETOPTIONS):   if index then do;
MPRINT(HPDM_GRIDSETOPTIONS):   string = reverse(substr(optionString, 1, index-4));
MPRINT(HPDM_GRIDSETOPTIONS):   install = '"'!!strip(tranwrd(scan(string, 1, ']'), '"', ''))!!'"';
MPRINT(HPDM_GRIDSETOPTIONS):   call symput('_HPDMGRIDINSTALLLOC', strip(install));
MPRINT(HPDM_GRIDSETOPTIONS):   end;
MPRINT(HPDM_GRIDSETOPTIONS):   index = index(optionString, reverse('GRIDDATASERVER'));
MPRINT(HPDM_GRIDSETOPTIONS):   if index then do;
MPRINT(HPDM_GRIDSETOPTIONS):   string = reverse(substr(optionString, 1, index-4));
MPRINT(HPDM_GRIDSETOPTIONS):   server = '"'!!strip(tranwrd(scan(string, 1, ']'), '"', ''))!!'"';
MPRINT(HPDM_GRIDSETOPTIONS):   call symput('_HPDMGRIDDATASERVER', strip(server));
MPRINT(HPDM_GRIDSETOPTIONS):   end;
MPRINT(HPDM_GRIDSETOPTIONS):   run;

NOTE: DATA statement used (Total process time):
      real time           0.00 seconds
      cpu time            0.00 seconds
      

MPRINT(EM_DIAGRAM):  ;

*------------------------------------------------------------* 
* 
* Trans : End update 
* datetime : 27DEC2017:18:13:14 
* 
*------------------------------------------------------------* 
17235      %em_getactionstatus(emlib =EMWS1, nodeid=Trans);
MPRINT(EM_DIAGRAM):   
MPRINT(EM_GETACTIONSTATUS):   proc display c=sashelp.emutil.getactionstatus.scl;
MPRINT(EM_GETACTIONSTATUS):   run;

17236      %let em_filemodtime=;
17237      data _null_;
MPRINT(EM_GETACTIONSTATUS):   data _null_;
17238      format modate best.;
MPRINT(EM_GETACTIONSTATUS):   format modate best.;
17239      set sashelp.Vextfl;
MPRINT(EM_GETACTIONSTATUS):   set sashelp.Vextfl;
17240      where fileref eq "#LN00163";
MPRINT(EM_GETACTIONSTATUS):   where fileref eq "#LN00163";
17241      call symput('EM_FILEMODTIME', put(modate, best.));
MPRINT(EM_GETACTIONSTATUS):   call symput('EM_FILEMODTIME', put(modate, best.));
17242      run;
MPRINT(EM_GETACTIONSTATUS):   run;

NOTE: There were 1 observations read from the data set SASHELP.VEXTFL.
      WHERE fileref='#LN00163';
NOTE: DATA statement used (Total process time):
      real time           0.03 seconds
      cpu time            0.00 seconds
      

17243      %symdel em_filemodtime;
WARNING: Attempt to delete macro variable EM_FILEMODTIME failed. Variable not found.
17244      %let em_filemodtime=;
17245      data _null_;
MPRINT(EM_GETACTIONSTATUS):     data _null_;
17246      format modate best.;
MPRINT(EM_GETACTIONSTATUS):   format modate best.;
17247      set sashelp.Vextfl;
MPRINT(EM_GETACTIONSTATUS):   set sashelp.Vextfl;
17248      where fileref eq "#LN00164";
MPRINT(EM_GETACTIONSTATUS):   where fileref eq "#LN00164";
17249      call symput('EM_FILEMODTIME', put(modate, best.));
MPRINT(EM_GETACTIONSTATUS):   call symput('EM_FILEMODTIME', put(modate, best.));
17250      run;
MPRINT(EM_GETACTIONSTATUS):   run;

NOTE: There were 1 observations read from the data set SASHELP.VEXTFL.
      WHERE fileref='#LN00164';
NOTE: DATA statement used (Total process time):
      real time           0.00 seconds
      cpu time            0.00 seconds
      

17251      %symdel em_filemodtime;
WARNING: Attempt to delete macro variable EM_FILEMODTIME failed. Variable not found.
17252      %let em_Train = N;
17253      %let em_Score = N;
17254      %let em_Report = N;
17255      %let em_Run = N;
NOTE: PROCEDURE DISPLAY used (Total process time):
      real time           0.06 seconds
      cpu time            0.01 seconds
      

MPRINT(EM_GETACTIONSTATUS):     
MPRINT(EM_DIAGRAM):  ;

Node "Trans" has already run. 
Node "Trans" succeeded. 
17256      data _null_;
MPRINT(EM_DIAGRAM):    data _null_;
17257      file emwipmsg;
MPRINT(EM_DIAGRAM):   file emwipmsg;
17258      put '<Node Id="Trans" Event="Complete" Pid="6892" Gridid=""/>';
MPRINT(EM_DIAGRAM):   put '<Node Id="Trans" Event="Complete" Pid="6892" Gridid=""/>';
17259      run;
MPRINT(EM_DIAGRAM):   run;

NOTE: The file EMWIPMSG is:
      Local Host Name=DESKTOP-61HCQ9U,
      Local Host IP addr=fe80::b037:a22c:8fd3:de6b%4,
      Peer Hostname Name=DESKTOP-61HCQ9U,
      Peer IP addr=127.0.0.1,Peer Name=N/A,
      Peer Portno=50335,Lrecl=32767,Recfm=Variable

NOTE: 1 record was written to the file EMWIPMSG.
      The minimum record length was 56.
      The maximum record length was 56.
NOTE: DATA statement used (Total process time):
      real time           0.00 seconds
      cpu time            0.00 seconds
      

Traverser: WaitingNode "TRANS3" 
Traverser: WaitingNode "DROP" 
Traverser: WaitingNode "FILTER2" 
Traverser: WaitingNode "CLUS8" 
traverser_readyNode_note 
17260      data _null_;
MPRINT(EM_DIAGRAM):    data _null_;
17261      file emwipmsg;
MPRINT(EM_DIAGRAM):   file emwipmsg;
17262      put '<Node Id="Trans2" Event="Run" Pid="6892" Gridid=""/>';
MPRINT(EM_DIAGRAM):   put '<Node Id="Trans2" Event="Run" Pid="6892" Gridid=""/>';
17263      run;
MPRINT(EM_DIAGRAM):   run;

NOTE: The file EMWIPMSG is:
      Local Host Name=DESKTOP-61HCQ9U,
      Local Host IP addr=fe80::b037:a22c:8fd3:de6b%4,
      Peer Hostname Name=DESKTOP-61HCQ9U,
      Peer IP addr=127.0.0.1,Peer Name=N/A,
      Peer Portno=50335,Lrecl=32767,Recfm=Variable

NOTE: 1 record was written to the file EMWIPMSG.
      The minimum record length was 52.
      The maximum record length was 52.
NOTE: DATA statement used (Total process time):
      real time           0.00 seconds
      cpu time            0.00 seconds
      

17264      %let emloopmode =;
*------------------------------------------------------------* 
* 
* Trans2 : Beginning update before running 
* datetime : 27DEC2017:18:13:15 
* 
*------------------------------------------------------------* 
MPRINT(EM_DIAGRAM):     data WORK.Trans2_FILTERSET;
MPRINT(EM_DIAGRAM):   length PORT $32 USE $1;
MPRINT(EM_DIAGRAM):   DROP DELTACODE APPLYDELTA APPLYSCORE IMPORTPORT;
MPRINT(EM_DIAGRAM):   set EMWS1.Trans_exportSet ;
MPRINT(EM_DIAGRAM):   PORT = '';
MPRINT(EM_DIAGRAM):   USE = '';
MPRINT(EM_DIAGRAM):   where role in( "RAW" "TRAIN" "VALIDATE" "TEST" ) and EXPORT = 'Y' ;
MPRINT(EM_DIAGRAM):   run;
MPRINT(EM_DIAGRAM):    filename _emtool_ 'C:\Users\misil\Desktop\MIS\DM1_project\Workspaces\EMWS1\Trans2\PROPERTIES.xml' encoding="UTF-8" NOBOM;
17284      %let _HPDMGRIDHOST=;
17285      %let _HPDMGRIDINSTALLLOC=;
17286      %let _HPDMGRIDDATASERVER=;
17287      %hpdm_gridSetOPtions;
MPRINT(EM_DIAGRAM):   
MPRINT(HPDM_GRIDSETOPTIONS):   data _null_;
MPRINT(HPDM_GRIDSETOPTIONS):   length optionString string $2000;
MPRINT(HPDM_GRIDSETOPTIONS):   optionString = reverse(getoption('SET'));
MPRINT(HPDM_GRIDSETOPTIONS):   index = index(optionString, reverse('GRIDHOST'));
MPRINT(HPDM_GRIDSETOPTIONS):   if index then do;
MPRINT(HPDM_GRIDSETOPTIONS):   string = reverse(substr(optionString, 1, index-4));
MPRINT(HPDM_GRIDSETOPTIONS):   host = '"'!!strip(tranwrd(scan(string, 1, ']'), '"', ''))!!'"';
MPRINT(HPDM_GRIDSETOPTIONS):   call symput('_HPDMGRIDHOST', strip(host));
MPRINT(HPDM_GRIDSETOPTIONS):   end;
MPRINT(HPDM_GRIDSETOPTIONS):   index = index(optionString, reverse('GRIDINSTALLLOC'));
MPRINT(HPDM_GRIDSETOPTIONS):   if index then do;
MPRINT(HPDM_GRIDSETOPTIONS):   string = reverse(substr(optionString, 1, index-4));
MPRINT(HPDM_GRIDSETOPTIONS):   install = '"'!!strip(tranwrd(scan(string, 1, ']'), '"', ''))!!'"';
MPRINT(HPDM_GRIDSETOPTIONS):   call symput('_HPDMGRIDINSTALLLOC', strip(install));
MPRINT(HPDM_GRIDSETOPTIONS):   end;
MPRINT(HPDM_GRIDSETOPTIONS):   index = index(optionString, reverse('GRIDDATASERVER'));
MPRINT(HPDM_GRIDSETOPTIONS):   if index then do;
MPRINT(HPDM_GRIDSETOPTIONS):   string = reverse(substr(optionString, 1, index-4));
MPRINT(HPDM_GRIDSETOPTIONS):   server = '"'!!strip(tranwrd(scan(string, 1, ']'), '"', ''))!!'"';
MPRINT(HPDM_GRIDSETOPTIONS):   call symput('_HPDMGRIDDATASERVER', strip(server));
MPRINT(HPDM_GRIDSETOPTIONS):   end;
MPRINT(HPDM_GRIDSETOPTIONS):   run;

NOTE: DATA statement used (Total process time):
      real time           0.00 seconds
      cpu time            0.00 seconds
      

MPRINT(EM_DIAGRAM):  ;

*------------------------------------------------------------* 
* 
* Trans2 : End update 
* datetime : 27DEC2017:18:13:15 
* 
*------------------------------------------------------------* 
17288      %em_getactionstatus(emlib =EMWS1, nodeid=Trans2);
MPRINT(EM_DIAGRAM):   
MPRINT(EM_GETACTIONSTATUS):   proc display c=sashelp.emutil.getactionstatus.scl;
MPRINT(EM_GETACTIONSTATUS):   run;

17289      %let em_filemodtime=;
17290      data _null_;
MPRINT(EM_GETACTIONSTATUS):   data _null_;
17291      format modate best.;
MPRINT(EM_GETACTIONSTATUS):   format modate best.;
17292      set sashelp.Vextfl;
MPRINT(EM_GETACTIONSTATUS):   set sashelp.Vextfl;
17293      where fileref eq "#LN00187";
MPRINT(EM_GETACTIONSTATUS):   where fileref eq "#LN00187";
17294      call symput('EM_FILEMODTIME', put(modate, best.));
MPRINT(EM_GETACTIONSTATUS):   call symput('EM_FILEMODTIME', put(modate, best.));
17295      run;
MPRINT(EM_GETACTIONSTATUS):   run;

NOTE: There were 1 observations read from the data set SASHELP.VEXTFL.
      WHERE fileref='#LN00187';
NOTE: DATA statement used (Total process time):
      real time           0.00 seconds
      cpu time            0.00 seconds
      

17296      %symdel em_filemodtime;
WARNING: Attempt to delete macro variable EM_FILEMODTIME failed. Variable not found.
17297      %let em_filemodtime=;
17298      data _null_;
MPRINT(EM_GETACTIONSTATUS):     data _null_;
17299      format modate best.;
MPRINT(EM_GETACTIONSTATUS):   format modate best.;
17300      set sashelp.Vextfl;
MPRINT(EM_GETACTIONSTATUS):   set sashelp.Vextfl;
17301      where fileref eq "#LN00188";
MPRINT(EM_GETACTIONSTATUS):   where fileref eq "#LN00188";
17302      call symput('EM_FILEMODTIME', put(modate, best.));
MPRINT(EM_GETACTIONSTATUS):   call symput('EM_FILEMODTIME', put(modate, best.));
17303      run;
MPRINT(EM_GETACTIONSTATUS):   run;

NOTE: There were 1 observations read from the data set SASHELP.VEXTFL.
      WHERE fileref='#LN00188';
NOTE: DATA statement used (Total process time):
      real time           0.00 seconds
      cpu time            0.00 seconds
      

17304      %symdel em_filemodtime;
WARNING: Attempt to delete macro variable EM_FILEMODTIME failed. Variable not found.
17305      %let em_Train = N;
17306      %let em_Score = N;
17307      %let em_Report = N;
17308      %let em_Run = N;
NOTE: PROCEDURE DISPLAY used (Total process time):
      real time           0.02 seconds
      cpu time            0.03 seconds
      

MPRINT(EM_GETACTIONSTATUS):     
MPRINT(EM_DIAGRAM):  ;

Node "Trans2" has already run. 
Node "Trans2" succeeded. 
17309      data _null_;
MPRINT(EM_DIAGRAM):    data _null_;
17310      file emwipmsg;
MPRINT(EM_DIAGRAM):   file emwipmsg;
17311      put '<Node Id="Trans2" Event="Complete" Pid="6892" Gridid=""/>';
MPRINT(EM_DIAGRAM):   put '<Node Id="Trans2" Event="Complete" Pid="6892" Gridid=""/>';
17312      run;
MPRINT(EM_DIAGRAM):   run;

NOTE: The file EMWIPMSG is:
      Local Host Name=DESKTOP-61HCQ9U,
      Local Host IP addr=fe80::b037:a22c:8fd3:de6b%4,
      Peer Hostname Name=DESKTOP-61HCQ9U,
      Peer IP addr=127.0.0.1,Peer Name=N/A,
      Peer Portno=50335,Lrecl=32767,Recfm=Variable

NOTE: 1 record was written to the file EMWIPMSG.
      The minimum record length was 57.
      The maximum record length was 57.
NOTE: DATA statement used (Total process time):
      real time           0.00 seconds
      cpu time            0.00 seconds
      

Traverser: WaitingNode "DROP" 
Traverser: WaitingNode "FILTER2" 
Traverser: WaitingNode "CLUS8" 
traverser_readyNode_note 
17313      data _null_;
MPRINT(EM_DIAGRAM):    data _null_;
17314      file emwipmsg;
MPRINT(EM_DIAGRAM):   file emwipmsg;
17315      put '<Node Id="Trans3" Event="Run" Pid="6892" Gridid=""/>';
MPRINT(EM_DIAGRAM):   put '<Node Id="Trans3" Event="Run" Pid="6892" Gridid=""/>';
17316      run;
MPRINT(EM_DIAGRAM):   run;

NOTE: The file EMWIPMSG is:
      Local Host Name=DESKTOP-61HCQ9U,
      Local Host IP addr=fe80::b037:a22c:8fd3:de6b%4,
      Peer Hostname Name=DESKTOP-61HCQ9U,
      Peer IP addr=127.0.0.1,Peer Name=N/A,
      Peer Portno=50335,Lrecl=32767,Recfm=Variable

NOTE: 1 record was written to the file EMWIPMSG.
      The minimum record length was 52.
      The maximum record length was 52.
NOTE: DATA statement used (Total process time):
      real time           0.00 seconds
      cpu time            0.00 seconds
      

17317      %let emloopmode =;
*------------------------------------------------------------* 
* 
* Trans3 : Beginning update before running 
* datetime : 27DEC2017:18:13:16 
* 
*------------------------------------------------------------* 
MPRINT(EM_DIAGRAM):     data WORK.Trans3_FILTERSET;
MPRINT(EM_DIAGRAM):   length PORT $32 USE $1;
MPRINT(EM_DIAGRAM):   DROP DELTACODE APPLYDELTA APPLYSCORE IMPORTPORT;
MPRINT(EM_DIAGRAM):   set EMWS1.Trans2_exportSet ;
MPRINT(EM_DIAGRAM):   PORT = '';
MPRINT(EM_DIAGRAM):   USE = '';
MPRINT(EM_DIAGRAM):   where role in( "RAW" "TRAIN" "VALIDATE" "TEST" ) and EXPORT = 'Y' ;
MPRINT(EM_DIAGRAM):   run;
MPRINT(EM_DIAGRAM):    filename _emtool_ 'C:\Users\misil\Desktop\MIS\DM1_project\Workspaces\EMWS1\Trans3\PROPERTIES.xml' encoding="UTF-8" NOBOM;
17337      %let _HPDMGRIDHOST=;
17338      %let _HPDMGRIDINSTALLLOC=;
17339      %let _HPDMGRIDDATASERVER=;
17340      %hpdm_gridSetOPtions;
MPRINT(EM_DIAGRAM):   
MPRINT(HPDM_GRIDSETOPTIONS):   data _null_;
MPRINT(HPDM_GRIDSETOPTIONS):   length optionString string $2000;
MPRINT(HPDM_GRIDSETOPTIONS):   optionString = reverse(getoption('SET'));
MPRINT(HPDM_GRIDSETOPTIONS):   index = index(optionString, reverse('GRIDHOST'));
MPRINT(HPDM_GRIDSETOPTIONS):   if index then do;
MPRINT(HPDM_GRIDSETOPTIONS):   string = reverse(substr(optionString, 1, index-4));
MPRINT(HPDM_GRIDSETOPTIONS):   host = '"'!!strip(tranwrd(scan(string, 1, ']'), '"', ''))!!'"';
MPRINT(HPDM_GRIDSETOPTIONS):   call symput('_HPDMGRIDHOST', strip(host));
MPRINT(HPDM_GRIDSETOPTIONS):   end;
MPRINT(HPDM_GRIDSETOPTIONS):   index = index(optionString, reverse('GRIDINSTALLLOC'));
MPRINT(HPDM_GRIDSETOPTIONS):   if index then do;
MPRINT(HPDM_GRIDSETOPTIONS):   string = reverse(substr(optionString, 1, index-4));
MPRINT(HPDM_GRIDSETOPTIONS):   install = '"'!!strip(tranwrd(scan(string, 1, ']'), '"', ''))!!'"';
MPRINT(HPDM_GRIDSETOPTIONS):   call symput('_HPDMGRIDINSTALLLOC', strip(install));
MPRINT(HPDM_GRIDSETOPTIONS):   end;
MPRINT(HPDM_GRIDSETOPTIONS):   index = index(optionString, reverse('GRIDDATASERVER'));
MPRINT(HPDM_GRIDSETOPTIONS):   if index then do;
MPRINT(HPDM_GRIDSETOPTIONS):   string = reverse(substr(optionString, 1, index-4));
MPRINT(HPDM_GRIDSETOPTIONS):   server = '"'!!strip(tranwrd(scan(string, 1, ']'), '"', ''))!!'"';
MPRINT(HPDM_GRIDSETOPTIONS):   call symput('_HPDMGRIDDATASERVER', strip(server));
MPRINT(HPDM_GRIDSETOPTIONS):   end;
MPRINT(HPDM_GRIDSETOPTIONS):   run;

NOTE: DATA statement used (Total process time):
      real time           0.00 seconds
      cpu time            0.00 seconds
      

MPRINT(EM_DIAGRAM):  ;

*------------------------------------------------------------* 
* 
* Trans3 : End update 
* datetime : 27DEC2017:18:13:16 
* 
*------------------------------------------------------------* 
17341      %em_getactionstatus(emlib =EMWS1, nodeid=Trans3);
MPRINT(EM_DIAGRAM):   
MPRINT(EM_GETACTIONSTATUS):   proc display c=sashelp.emutil.getactionstatus.scl;
MPRINT(EM_GETACTIONSTATUS):   run;

17342      %let em_filemodtime=;
17343      data _null_;
MPRINT(EM_GETACTIONSTATUS):   data _null_;
17344      format modate best.;
MPRINT(EM_GETACTIONSTATUS):   format modate best.;
17345      set sashelp.Vextfl;
MPRINT(EM_GETACTIONSTATUS):   set sashelp.Vextfl;
17346      where fileref eq "#LN00211";
MPRINT(EM_GETACTIONSTATUS):   where fileref eq "#LN00211";
17347      call symput('EM_FILEMODTIME', put(modate, best.));
MPRINT(EM_GETACTIONSTATUS):   call symput('EM_FILEMODTIME', put(modate, best.));
17348      run;
MPRINT(EM_GETACTIONSTATUS):   run;

NOTE: There were 1 observations read from the data set SASHELP.VEXTFL.
      WHERE fileref='#LN00211';
NOTE: DATA statement used (Total process time):
      real time           0.00 seconds
      cpu time            0.00 seconds
      

17349      %symdel em_filemodtime;
WARNING: Attempt to delete macro variable EM_FILEMODTIME failed. Variable not found.
17350      %let em_filemodtime=;
17351      data _null_;
MPRINT(EM_GETACTIONSTATUS):     data _null_;
17352      format modate best.;
MPRINT(EM_GETACTIONSTATUS):   format modate best.;
17353      set sashelp.Vextfl;
MPRINT(EM_GETACTIONSTATUS):   set sashelp.Vextfl;
17354      where fileref eq "#LN00212";
MPRINT(EM_GETACTIONSTATUS):   where fileref eq "#LN00212";
17355      call symput('EM_FILEMODTIME', put(modate, best.));
MPRINT(EM_GETACTIONSTATUS):   call symput('EM_FILEMODTIME', put(modate, best.));
17356      run;
MPRINT(EM_GETACTIONSTATUS):   run;

NOTE: There were 1 observations read from the data set SASHELP.VEXTFL.
      WHERE fileref='#LN00212';
NOTE: DATA statement used (Total process time):
      real time           0.00 seconds
      cpu time            0.00 seconds
      

17357      %symdel em_filemodtime;
WARNING: Attempt to delete macro variable EM_FILEMODTIME failed. Variable not found.
17358      %let em_Train = N;
17359      %let em_Score = N;
17360      %let em_Report = N;
17361      %let em_Run = N;
NOTE: PROCEDURE DISPLAY used (Total process time):
      real time           0.04 seconds
      cpu time            0.01 seconds
      

MPRINT(EM_GETACTIONSTATUS):     
MPRINT(EM_DIAGRAM):  ;

Node "Trans3" has already run. 
Node "Trans3" succeeded. 
17362      data _null_;
MPRINT(EM_DIAGRAM):    data _null_;
17363      file emwipmsg;
MPRINT(EM_DIAGRAM):   file emwipmsg;
17364      put '<Node Id="Trans3" Event="Complete" Pid="6892" Gridid=""/>';
MPRINT(EM_DIAGRAM):   put '<Node Id="Trans3" Event="Complete" Pid="6892" Gridid=""/>';
17365      run;
MPRINT(EM_DIAGRAM):   run;

NOTE: The file EMWIPMSG is:
      Local Host Name=DESKTOP-61HCQ9U,
      Local Host IP addr=fe80::b037:a22c:8fd3:de6b%4,
      Peer Hostname Name=DESKTOP-61HCQ9U,
      Peer IP addr=127.0.0.1,Peer Name=N/A,
      Peer Portno=50335,Lrecl=32767,Recfm=Variable

NOTE: 1 record was written to the file EMWIPMSG.
      The minimum record length was 57.
      The maximum record length was 57.
NOTE: DATA statement used (Total process time):
      real time           0.00 seconds
      cpu time            0.00 seconds
      

Traverser: WaitingNode "FILTER2" 
Traverser: WaitingNode "CLUS8" 
traverser_readyNode_note 
17366      data _null_;
MPRINT(EM_DIAGRAM):    data _null_;
17367      file emwipmsg;
MPRINT(EM_DIAGRAM):   file emwipmsg;
17368      put '<Node Id="Drop" Event="Run" Pid="6892" Gridid=""/>';
MPRINT(EM_DIAGRAM):   put '<Node Id="Drop" Event="Run" Pid="6892" Gridid=""/>';
17369      run;
MPRINT(EM_DIAGRAM):   run;

NOTE: The file EMWIPMSG is:
      Local Host Name=DESKTOP-61HCQ9U,
      Local Host IP addr=fe80::b037:a22c:8fd3:de6b%4,
      Peer Hostname Name=DESKTOP-61HCQ9U,
      Peer IP addr=127.0.0.1,Peer Name=N/A,
      Peer Portno=50335,Lrecl=32767,Recfm=Variable

NOTE: 1 record was written to the file EMWIPMSG.
      The minimum record length was 50.
      The maximum record length was 50.
NOTE: DATA statement used (Total process time):
      real time           0.00 seconds
      cpu time            0.00 seconds
      

17370      %let emloopmode =;
*------------------------------------------------------------* 
* 
* Drop : Beginning update before running 
* datetime : 27DEC2017:18:13:16 
* 
*------------------------------------------------------------* 
MPRINT(EM_DIAGRAM):     data WORK.Drop_FILTERSET;
MPRINT(EM_DIAGRAM):   length PORT $32 USE $1;
MPRINT(EM_DIAGRAM):   DROP DELTACODE APPLYDELTA APPLYSCORE IMPORTPORT;
MPRINT(EM_DIAGRAM):   set EMWS1.Trans3_exportSet ;
MPRINT(EM_DIAGRAM):   PORT = '';
MPRINT(EM_DIAGRAM):   USE = '';
MPRINT(EM_DIAGRAM):   where role in( "RAW" "TRAIN" "VALIDATE" "TEST" "SCORE" "TRANSACTION" "DOCUMENT" ) and EXPORT = 'Y' ;
MPRINT(EM_DIAGRAM):   run;
MPRINT(EM_DIAGRAM):    filename _emtool_ 'C:\Users\misil\Desktop\MIS\DM1_project\Workspaces\EMWS1\Drop\PROPERTIES.xml' encoding="UTF-8" NOBOM;
17393      %let _HPDMGRIDHOST=;
17394      %let _HPDMGRIDINSTALLLOC=;
17395      %let _HPDMGRIDDATASERVER=;
17396      %hpdm_gridSetOPtions;
MPRINT(EM_DIAGRAM):   
MPRINT(HPDM_GRIDSETOPTIONS):   data _null_;
MPRINT(HPDM_GRIDSETOPTIONS):   length optionString string $2000;
MPRINT(HPDM_GRIDSETOPTIONS):   optionString = reverse(getoption('SET'));
MPRINT(HPDM_GRIDSETOPTIONS):   index = index(optionString, reverse('GRIDHOST'));
MPRINT(HPDM_GRIDSETOPTIONS):   if index then do;
MPRINT(HPDM_GRIDSETOPTIONS):   string = reverse(substr(optionString, 1, index-4));
MPRINT(HPDM_GRIDSETOPTIONS):   host = '"'!!strip(tranwrd(scan(string, 1, ']'), '"', ''))!!'"';
MPRINT(HPDM_GRIDSETOPTIONS):   call symput('_HPDMGRIDHOST', strip(host));
MPRINT(HPDM_GRIDSETOPTIONS):   end;
MPRINT(HPDM_GRIDSETOPTIONS):   index = index(optionString, reverse('GRIDINSTALLLOC'));
MPRINT(HPDM_GRIDSETOPTIONS):   if index then do;
MPRINT(HPDM_GRIDSETOPTIONS):   string = reverse(substr(optionString, 1, index-4));
MPRINT(HPDM_GRIDSETOPTIONS):   install = '"'!!strip(tranwrd(scan(string, 1, ']'), '"', ''))!!'"';
MPRINT(HPDM_GRIDSETOPTIONS):   call symput('_HPDMGRIDINSTALLLOC', strip(install));
MPRINT(HPDM_GRIDSETOPTIONS):   end;
MPRINT(HPDM_GRIDSETOPTIONS):   index = index(optionString, reverse('GRIDDATASERVER'));
MPRINT(HPDM_GRIDSETOPTIONS):   if index then do;
MPRINT(HPDM_GRIDSETOPTIONS):   string = reverse(substr(optionString, 1, index-4));
MPRINT(HPDM_GRIDSETOPTIONS):   server = '"'!!strip(tranwrd(scan(string, 1, ']'), '"', ''))!!'"';
MPRINT(HPDM_GRIDSETOPTIONS):   call symput('_HPDMGRIDDATASERVER', strip(server));
MPRINT(HPDM_GRIDSETOPTIONS):   end;
MPRINT(HPDM_GRIDSETOPTIONS):   run;

NOTE: DATA statement used (Total process time):
      real time           0.00 seconds
      cpu time            0.00 seconds
      

MPRINT(EM_DIAGRAM):  ;

*------------------------------------------------------------* 
* 
* Drop : End update 
* datetime : 27DEC2017:18:13:16 
* 
*------------------------------------------------------------* 
17397      %em_getactionstatus(emlib =EMWS1, nodeid=Drop);
MPRINT(EM_DIAGRAM):   
MPRINT(EM_GETACTIONSTATUS):   proc display c=sashelp.emutil.getactionstatus.scl;
MPRINT(EM_GETACTIONSTATUS):   run;

17398      proc compare base=EMWS1.Drop_emtrainvariable compare=EMWS1.Drop_variableSet out=diffDS noprint outnoequal outbase outcomp outdiff;
MPRINT(EM_GETACTIONSTATUS):   proc compare base=EMWS1.Drop_emtrainvariable compare=EMWS1.Drop_variableSet out=diffDS noprint outnoequal outbase outcomp outdiff;
17399      run;
MPRINT(EM_GETACTIONSTATUS):   run;

NOTE: There were 25 observations read from the data set EMWS1.DROP_EMTRAINVARIABLE.
NOTE: There were 25 observations read from the data set EMWS1.DROP_VARIABLESET.
NOTE: The data set WORK.DIFFDS has 0 observations and 8 variables.
NOTE: PROCEDURE COMPARE used (Total process time):
      real time           0.03 seconds
      cpu time            0.03 seconds
      

17400      %let diffVar = N;
17401      data _null_;
MPRINT(EM_GETACTIONSTATUS):   data _null_;
17402      set diffDs end=eof;
MPRINT(EM_GETACTIONSTATUS):   set diffDs end=eof;
17403      if eof and _N_>0 then call symput('diffVar', 'Y');
MPRINT(EM_GETACTIONSTATUS):   if eof and _N_>0 then call symput('diffVar', 'Y');
17404      run;
MPRINT(EM_GETACTIONSTATUS):   run;

NOTE: There were 0 observations read from the data set WORK.DIFFDS.
NOTE: DATA statement used (Total process time):
      real time           0.00 seconds
      cpu time            0.00 seconds
      

17405      %let em_Train = N;
17406      %let em_Score = N;
17407      %let em_Report = N;
17408      %let em_Run = N;
NOTE: PROCEDURE DISPLAY used (Total process time):
      real time           0.07 seconds
      cpu time            0.06 seconds
      

MPRINT(EM_GETACTIONSTATUS):    
MPRINT(EM_DIAGRAM):  ;

Node "Drop" has already run. 
Node "Drop" succeeded. 
17409      data _null_;
MPRINT(EM_DIAGRAM):    data _null_;
17410      file emwipmsg;
MPRINT(EM_DIAGRAM):   file emwipmsg;
17411      put '<Node Id="Drop" Event="Complete" Pid="6892" Gridid=""/>';
MPRINT(EM_DIAGRAM):   put '<Node Id="Drop" Event="Complete" Pid="6892" Gridid=""/>';
17412      run;
MPRINT(EM_DIAGRAM):   run;

NOTE: The file EMWIPMSG is:
      Local Host Name=DESKTOP-61HCQ9U,
      Local Host IP addr=fe80::b037:a22c:8fd3:de6b%4,
      Peer Hostname Name=DESKTOP-61HCQ9U,
      Peer IP addr=127.0.0.1,Peer Name=N/A,
      Peer Portno=50335,Lrecl=32767,Recfm=Variable

NOTE: 1 record was written to the file EMWIPMSG.
      The minimum record length was 55.
      The maximum record length was 55.
NOTE: DATA statement used (Total process time):
      real time           0.01 seconds
      cpu time            0.01 seconds
      

Traverser: WaitingNode "CLUS8" 
traverser_readyNode_note 
17413      data _null_;
MPRINT(EM_DIAGRAM):    data _null_;
17414      file emwipmsg;
MPRINT(EM_DIAGRAM):   file emwipmsg;
17415      put '<Node Id="Filter2" Event="Run" Pid="6892" Gridid=""/>';
MPRINT(EM_DIAGRAM):   put '<Node Id="Filter2" Event="Run" Pid="6892" Gridid=""/>';
17416      run;
MPRINT(EM_DIAGRAM):   run;

NOTE: The file EMWIPMSG is:
      Local Host Name=DESKTOP-61HCQ9U,
      Local Host IP addr=fe80::b037:a22c:8fd3:de6b%4,
      Peer Hostname Name=DESKTOP-61HCQ9U,
      Peer IP addr=127.0.0.1,Peer Name=N/A,
      Peer Portno=50335,Lrecl=32767,Recfm=Variable

NOTE: 1 record was written to the file EMWIPMSG.
      The minimum record length was 53.
      The maximum record length was 53.
NOTE: DATA statement used (Total process time):
      real time           0.00 seconds
      cpu time            0.00 seconds
      

17417      %let emloopmode =;
*------------------------------------------------------------* 
* 
* Filter2 : Beginning update before running 
* datetime : 27DEC2017:18:13:17 
* 
*------------------------------------------------------------* 
MPRINT(EM_DIAGRAM):     data WORK.Filter2_FILTERSET;
MPRINT(EM_DIAGRAM):   length PORT $32 USE $1;
MPRINT(EM_DIAGRAM):   DROP DELTACODE APPLYDELTA APPLYSCORE IMPORTPORT;
MPRINT(EM_DIAGRAM):   set EMWS1.Drop_exportSet ;
MPRINT(EM_DIAGRAM):   PORT = '';
MPRINT(EM_DIAGRAM):   USE = '';
MPRINT(EM_DIAGRAM):   where role in( "RAW" "TRAIN" "VALIDATE" "TEST" ) and EXPORT = 'Y' ;
MPRINT(EM_DIAGRAM):   run;
MPRINT(EM_DIAGRAM):    filename _emtool_ 'C:\Users\misil\Desktop\MIS\DM1_project\Workspaces\EMWS1\Filter2\PROPERTIES.xml' encoding="UTF-8" NOBOM;
17437      %let _HPDMGRIDHOST=;
17438      %let _HPDMGRIDINSTALLLOC=;
17439      %let _HPDMGRIDDATASERVER=;
17440      %hpdm_gridSetOPtions;
MPRINT(EM_DIAGRAM):   
MPRINT(HPDM_GRIDSETOPTIONS):   data _null_;
MPRINT(HPDM_GRIDSETOPTIONS):   length optionString string $2000;
MPRINT(HPDM_GRIDSETOPTIONS):   optionString = reverse(getoption('SET'));
MPRINT(HPDM_GRIDSETOPTIONS):   index = index(optionString, reverse('GRIDHOST'));
MPRINT(HPDM_GRIDSETOPTIONS):   if index then do;
MPRINT(HPDM_GRIDSETOPTIONS):   string = reverse(substr(optionString, 1, index-4));
MPRINT(HPDM_GRIDSETOPTIONS):   host = '"'!!strip(tranwrd(scan(string, 1, ']'), '"', ''))!!'"';
MPRINT(HPDM_GRIDSETOPTIONS):   call symput('_HPDMGRIDHOST', strip(host));
MPRINT(HPDM_GRIDSETOPTIONS):   end;
MPRINT(HPDM_GRIDSETOPTIONS):   index = index(optionString, reverse('GRIDINSTALLLOC'));
MPRINT(HPDM_GRIDSETOPTIONS):   if index then do;
MPRINT(HPDM_GRIDSETOPTIONS):   string = reverse(substr(optionString, 1, index-4));
MPRINT(HPDM_GRIDSETOPTIONS):   install = '"'!!strip(tranwrd(scan(string, 1, ']'), '"', ''))!!'"';
MPRINT(HPDM_GRIDSETOPTIONS):   call symput('_HPDMGRIDINSTALLLOC', strip(install));
MPRINT(HPDM_GRIDSETOPTIONS):   end;
MPRINT(HPDM_GRIDSETOPTIONS):   index = index(optionString, reverse('GRIDDATASERVER'));
MPRINT(HPDM_GRIDSETOPTIONS):   if index then do;
MPRINT(HPDM_GRIDSETOPTIONS):   string = reverse(substr(optionString, 1, index-4));
MPRINT(HPDM_GRIDSETOPTIONS):   server = '"'!!strip(tranwrd(scan(string, 1, ']'), '"', ''))!!'"';
MPRINT(HPDM_GRIDSETOPTIONS):   call symput('_HPDMGRIDDATASERVER', strip(server));
MPRINT(HPDM_GRIDSETOPTIONS):   end;
MPRINT(HPDM_GRIDSETOPTIONS):   run;

NOTE: DATA statement used (Total process time):
      real time           0.00 seconds
      cpu time            0.00 seconds
      

MPRINT(EM_DIAGRAM):  ;

*------------------------------------------------------------* 
* 
* Filter2 : End update 
* datetime : 27DEC2017:18:13:17 
* 
*------------------------------------------------------------* 
17441      %em_getactionstatus(emlib =EMWS1, nodeid=Filter2);
MPRINT(EM_DIAGRAM):   
MPRINT(EM_GETACTIONSTATUS):   proc display c=sashelp.emutil.getactionstatus.scl;
MPRINT(EM_GETACTIONSTATUS):   run;

17442      %let em_Train = N;
17443      %let em_Score = N;
17444      %let em_Report = N;
17445      %let em_Run = N;
NOTE: PROCEDURE DISPLAY used (Total process time):
      real time           0.00 seconds
      cpu time            0.00 seconds
      

MPRINT(EM_GETACTIONSTATUS):   
MPRINT(EM_DIAGRAM):  ;

Node "Filter2" has already run. 
Node "Filter2" succeeded. 
17446      data _null_;
MPRINT(EM_DIAGRAM):    data _null_;
17447      file emwipmsg;
MPRINT(EM_DIAGRAM):   file emwipmsg;
17448      put '<Node Id="Filter2" Event="Complete" Pid="6892" Gridid=""/>';
MPRINT(EM_DIAGRAM):   put '<Node Id="Filter2" Event="Complete" Pid="6892" Gridid=""/>';
17449      run;
MPRINT(EM_DIAGRAM):   run;

NOTE: The file EMWIPMSG is:
      Local Host Name=DESKTOP-61HCQ9U,
      Local Host IP addr=fe80::b037:a22c:8fd3:de6b%4,
      Peer Hostname Name=DESKTOP-61HCQ9U,
      Peer IP addr=127.0.0.1,Peer Name=N/A,
      Peer Portno=50335,Lrecl=32767,Recfm=Variable

NOTE: 1 record was written to the file EMWIPMSG.
      The minimum record length was 58.
      The maximum record length was 58.
NOTE: DATA statement used (Total process time):
      real time           0.00 seconds
      cpu time            0.00 seconds
      

traverser_readyNode_note 
17450      data _null_;
MPRINT(EM_DIAGRAM):    data _null_;
17451      file emwipmsg;
MPRINT(EM_DIAGRAM):   file emwipmsg;
17452      put '<Node Id="Clus8" Event="Run" Pid="6892" Gridid=""/>';
MPRINT(EM_DIAGRAM):   put '<Node Id="Clus8" Event="Run" Pid="6892" Gridid=""/>';
17453      run;
MPRINT(EM_DIAGRAM):   run;

NOTE: The file EMWIPMSG is:
      Local Host Name=DESKTOP-61HCQ9U,
      Local Host IP addr=fe80::b037:a22c:8fd3:de6b%4,
      Peer Hostname Name=DESKTOP-61HCQ9U,
      Peer IP addr=127.0.0.1,Peer Name=N/A,
      Peer Portno=50335,Lrecl=32767,Recfm=Variable

NOTE: 1 record was written to the file EMWIPMSG.
      The minimum record length was 51.
      The maximum record length was 51.
NOTE: DATA statement used (Total process time):
      real time           0.00 seconds
      cpu time            0.00 seconds
      

17454      %let emloopmode =;
*------------------------------------------------------------* 
* 
* Clus8 : Beginning update before running 
* datetime : 27DEC2017:18:13:18 
* 
*------------------------------------------------------------* 
MPRINT(EM_DIAGRAM):     data WORK.Clus8_FILTERSET;
MPRINT(EM_DIAGRAM):   length PORT $32 USE $1;
MPRINT(EM_DIAGRAM):   DROP DELTACODE APPLYDELTA APPLYSCORE IMPORTPORT;
MPRINT(EM_DIAGRAM):   set EMWS1.Filter2_exportSet ;
MPRINT(EM_DIAGRAM):   PORT = '';
MPRINT(EM_DIAGRAM):   USE = '';
MPRINT(EM_DIAGRAM):   where role in( "RAW" "TRAIN" "VALIDATE" "TEST" ) and EXPORT = 'Y' ;
MPRINT(EM_DIAGRAM):   run;
NOTE: This SAS session is using a registry in WORK.  All changes will be lost at the end of this session.
17473      data _null_;
MPRINT(EM_DIAGRAM):    data _null_;
17474      set EMWS1.Filter2_CMeta_TRAIN (obs=1);
MPRINT(EM_DIAGRAM):   set EMWS1.Filter2_CMeta_TRAIN (obs=1);
17475      retain _segFlag_ 0;
MPRINT(EM_DIAGRAM):   retain _segFlag_ 0;
17476      drop _segFlag_;
MPRINT(EM_DIAGRAM):   drop _segFlag_;
17477      if upcase(name) = '_SEGMENT_' then do;
MPRINT(EM_DIAGRAM):   if upcase(name) = '_SEGMENT_' then do;
17478      _segFlag_ = 1;
MPRINT(EM_DIAGRAM):   _segFlag_ = 1;
17479      role = 'SEGMENT';
MPRINT(EM_DIAGRAM):   role = 'SEGMENT';
17480      level = 'NOMINAL';
MPRINT(EM_DIAGRAM):   level = 'NOMINAL';
17481      label = 'Segment Variable';
MPRINT(EM_DIAGRAM):   label = 'Segment Variable';
17482      end;
MPRINT(EM_DIAGRAM):   end;
17483      else if upcase(name) = '_SEGMENT_LABEL_' then do;
MPRINT(EM_DIAGRAM):   else if upcase(name) = '_SEGMENT_LABEL_' then do;
17484      role = 'REJECTED';
MPRINT(EM_DIAGRAM):   role = 'REJECTED';
17485      level = 'NOMINAL';
MPRINT(EM_DIAGRAM):   level = 'NOMINAL';
17486      label = 'Segment Description';
MPRINT(EM_DIAGRAM):   label = 'Segment Description';
17487      end;
MPRINT(EM_DIAGRAM):   end;
17488      else if upcase(NAME) = 'DISTANCE' then do;
MPRINT(EM_DIAGRAM):   else if upcase(NAME) = 'DISTANCE' then do;
17489      role = 'REJECTED';
MPRINT(EM_DIAGRAM):   role = 'REJECTED';
17490      level = 'INTERVAL';
MPRINT(EM_DIAGRAM):   level = 'INTERVAL';
17491      end;
MPRINT(EM_DIAGRAM):   end;
17492      output;
MPRINT(EM_DIAGRAM):   output;
17493      if ^_segFlag_ and _eof_ then do;
MPRINT(EM_DIAGRAM):   if ^_segFlag_ and _eof_ then do;
17494      type = 'N';
MPRINT(EM_DIAGRAM):   type = 'N';
17495      index = 'N';
MPRINT(EM_DIAGRAM):   index = 'N';
17496      indexType = 'NONE';
MPRINT(EM_DIAGRAM):   indexType = 'NONE';
17497      format = '';
MPRINT(EM_DIAGRAM):   format = '';
17498      informat = '';
MPRINT(EM_DIAGRAM):   informat = '';
17499      name = '_SEGMENT_';
MPRINT(EM_DIAGRAM):   name = '_SEGMENT_';
17500      role = 'SEGMENT';
MPRINT(EM_DIAGRAM):   role = 'SEGMENT';
17501      level = 'NOMINAL';
MPRINT(EM_DIAGRAM):   level = 'NOMINAL';
17502      label = 'Segment Variable';
MPRINT(EM_DIAGRAM):   label = 'Segment Variable';
17503      output;
MPRINT(EM_DIAGRAM):   output;
17504      name = '_SEGMENT_LABEL_';
MPRINT(EM_DIAGRAM):   name = '_SEGMENT_LABEL_';
17505      role = 'REJECTED';
MPRINT(EM_DIAGRAM):   role = 'REJECTED';
17506      level = 'NOMINAL';
MPRINT(EM_DIAGRAM):   level = 'NOMINAL';
17507      label = 'Segment Description';
MPRINT(EM_DIAGRAM):   label = 'Segment Description';
17508      output;
MPRINT(EM_DIAGRAM):   output;
17509      name = 'Distance';
MPRINT(EM_DIAGRAM):   name = 'Distance';
17510      role = 'REJECTED';
MPRINT(EM_DIAGRAM):   role = 'REJECTED';
17511      level = 'INTERVAL';
MPRINT(EM_DIAGRAM):   level = 'INTERVAL';
17512      label = 'Distance to Cluster Seed';
MPRINT(EM_DIAGRAM):   label = 'Distance to Cluster Seed';
17513      output;
MPRINT(EM_DIAGRAM):   output;
17514      end;
MPRINT(EM_DIAGRAM):   end;
17515      run;
MPRINT(EM_DIAGRAM):   run;

NOTE: Variable _eof_ is uninitialized.
NOTE: There were 1 observations read from the data set EMWS1.FILTER2_CMETA_TRAIN.
NOTE: DATA statement used (Total process time):
      real time           0.01 seconds
      cpu time            0.01 seconds
      

17516      *------------------------------------------------------------*;
MPRINT(EM_DIAGRAM):    *------------------------------------------------------------*;
17517      * Clus8: Update Variables Set;
MPRINT(EM_DIAGRAM):   * Clus8: Update Variables Set;
17518      *------------------------------------------------------------*;
MPRINT(EM_DIAGRAM):   *------------------------------------------------------------*;

17519      data EMWS1.Clus8_VariableSet;
MPRINT(EM_DIAGRAM):    data EMWS1.Clus8_VariableSet;
17520      length USE $1;
MPRINT(EM_DIAGRAM):   length USE $1;
17521      label USE = "Use";
MPRINT(EM_DIAGRAM):   label USE = "Use";
17522      length REPORT $1;
MPRINT(EM_DIAGRAM):   length REPORT $1;
17523      label REPORT = "Report";
MPRINT(EM_DIAGRAM):   label REPORT = "Report";
17524      set EMWS1.Filter2_CMeta_TRAIN;
MPRINT(EM_DIAGRAM):   set EMWS1.Filter2_CMeta_TRAIN;
17525      where(ROLE in("INPUT" "REJECTED" "FREQ" "ID"));
MPRINT(EM_DIAGRAM):   where(ROLE in("INPUT" "REJECTED" "FREQ" "ID"));
17526      run;
MPRINT(EM_DIAGRAM):   run;

NOTE: Variable USE is uninitialized.
NOTE: There were 6 observations read from the data set EMWS1.FILTER2_CMETA_TRAIN.
      WHERE ROLE in ('FREQ', 'ID', 'INPUT', 'REJECTED');
NOTE: The data set EMWS1.CLUS8_VARIABLESET has 6 observations and 21 variables.
NOTE: DATA statement used (Total process time):
      real time           0.01 seconds
      cpu time            0.01 seconds
      

17527      * Clus8: End of Update Variables Set;
MPRINT(EM_DIAGRAM):    * Clus8: End of Update Variables Set;
17528      *------------------------------------------------------------*;
MPRINT(EM_DIAGRAM):   *------------------------------------------------------------*;

MPRINT(EM_DIAGRAM):    filename _emtool_ 'C:\Users\misil\Desktop\MIS\DM1_project\Workspaces\EMWS1\Clus8\PROPERTIES.xml' encoding="UTF-8" NOBOM;
17530      %let _HPDMGRIDHOST=;
17531      %let _HPDMGRIDINSTALLLOC=;
17532      %let _HPDMGRIDDATASERVER=;
17533      %hpdm_gridSetOPtions;
MPRINT(EM_DIAGRAM):   
MPRINT(HPDM_GRIDSETOPTIONS):   data _null_;
MPRINT(HPDM_GRIDSETOPTIONS):   length optionString string $2000;
MPRINT(HPDM_GRIDSETOPTIONS):   optionString = reverse(getoption('SET'));
MPRINT(HPDM_GRIDSETOPTIONS):   index = index(optionString, reverse('GRIDHOST'));
MPRINT(HPDM_GRIDSETOPTIONS):   if index then do;
MPRINT(HPDM_GRIDSETOPTIONS):   string = reverse(substr(optionString, 1, index-4));
MPRINT(HPDM_GRIDSETOPTIONS):   host = '"'!!strip(tranwrd(scan(string, 1, ']'), '"', ''))!!'"';
MPRINT(HPDM_GRIDSETOPTIONS):   call symput('_HPDMGRIDHOST', strip(host));
MPRINT(HPDM_GRIDSETOPTIONS):   end;
MPRINT(HPDM_GRIDSETOPTIONS):   index = index(optionString, reverse('GRIDINSTALLLOC'));
MPRINT(HPDM_GRIDSETOPTIONS):   if index then do;
MPRINT(HPDM_GRIDSETOPTIONS):   string = reverse(substr(optionString, 1, index-4));
MPRINT(HPDM_GRIDSETOPTIONS):   install = '"'!!strip(tranwrd(scan(string, 1, ']'), '"', ''))!!'"';
MPRINT(HPDM_GRIDSETOPTIONS):   call symput('_HPDMGRIDINSTALLLOC', strip(install));
MPRINT(HPDM_GRIDSETOPTIONS):   end;
MPRINT(HPDM_GRIDSETOPTIONS):   index = index(optionString, reverse('GRIDDATASERVER'));
MPRINT(HPDM_GRIDSETOPTIONS):   if index then do;
MPRINT(HPDM_GRIDSETOPTIONS):   string = reverse(substr(optionString, 1, index-4));
MPRINT(HPDM_GRIDSETOPTIONS):   server = '"'!!strip(tranwrd(scan(string, 1, ']'), '"', ''))!!'"';
MPRINT(HPDM_GRIDSETOPTIONS):   call symput('_HPDMGRIDDATASERVER', strip(server));
MPRINT(HPDM_GRIDSETOPTIONS):   end;
MPRINT(HPDM_GRIDSETOPTIONS):   run;

NOTE: DATA statement used (Total process time):
      real time           0.00 seconds
      cpu time            0.00 seconds
      

MPRINT(EM_DIAGRAM):  ;

*------------------------------------------------------------* 
* 
* Clus8 : End update 
* datetime : 27DEC2017:18:13:18 
* 
*------------------------------------------------------------* 
17534      %em_getactionstatus(emlib =EMWS1, nodeid=Clus8);
MPRINT(EM_DIAGRAM):   
MPRINT(EM_GETACTIONSTATUS):   proc display c=sashelp.emutil.getactionstatus.scl;
MPRINT(EM_GETACTIONSTATUS):   run;

17535      %let em_Train = Y;
17536      %let em_Report = Y;
17537      %let em_Score = Y;
17538      %let em_Run = Y;
NOTE: PROCEDURE DISPLAY used (Total process time):
      real time           0.01 seconds
      cpu time            0.01 seconds
      

MPRINT(EM_GETACTIONSTATUS):   
MPRINT(EM_DIAGRAM):  ;

17539      %let emloopmode =;
17540      %let emloopnumber =0;
17541      %let emloopId =Clus8;
*------------------------------------------------------------* 
* 
* Clus8 : Running 
* datetime : 27DEC2017:18:13:18 
* 
*------------------------------------------------------------* 
17542      %let SYSCC =0;
17543      %let EMGROUPMODE =;
17544      %let EMGROUPID =;
MPRINT(EM_DIAGRAM):      filename temp catalog 'sashelp.emutil.em_vardist.source';
MPRINT(EM_DIAGRAM):   filename temp;
MPRINT(EM_DIAGRAM):   filename temp catalog 'sashelp.emutil.em_classdist.source';
MPRINT(EM_DIAGRAM):   filename temp;
MPRINT(EM_DIAGRAM):   filename temp catalog 'sashelp.emutil.em_checksetinit.source';
MPRINT(EM_DIAGRAM):   filename temp;
MPRINT(EM_DIAGRAM):   filename temp catalog 'sashelp.emutil.em_checkerror.source';
MPRINT(EM_DIAGRAM):   filename temp;
MPRINT(EM_DIAGRAM):   filename temp catalog 'sashelp.emutil.em_odsliston.source';
MPRINT(EM_DIAGRAM):   filename temp;
MPRINT(EM_DIAGRAM):   filename temp catalog 'sashelp.emutil.em_odslistoff.source';
MPRINT(EM_DIAGRAM):   filename temp;
MPRINT(EM_DIAGRAM):   filename temp catalog 'sashelp.emutil.em_getvarname.source';
MPRINT(EM_DIAGRAM):   filename temp;
MPRINT(EM_DIAGRAM):   filename temp catalog 'sashelp.emassmt.em_assess.source';
MPRINT(EM_DIAGRAM):   filename temp;
MPRINT(EM_DIAGRAM):    filename L0JGIUQW "C:\Users\misil\Desktop\MIS\DM1_project\Workspaces\EMWS1\Clus8\EMTRAIN.log" encoding="UTF-8" NOBOM;
MPRINT(EM_DIAGRAM):   proc printto log=L0JGIUQW new;
MPRINT(EM_DIAGRAM):   run;
