NOTE: PROCEDURE PRINTTO used (Total process time):
      real time           0.00 seconds
      cpu time            0.00 seconds
      

1 
Traverser: Traverser invoked.  MPCONNECT command is sas. 
Traverser: Beginning flow traversal 
*------------------------------------------------------------* 
* 
* Ids : Beginning Update 
* datetime : 27DEC2017:17:59:32 
* 
*------------------------------------------------------------* 
14578      %let _HPDMGRIDHOST=;
14579      %let _HPDMGRIDINSTALLLOC=;
14580      %let _HPDMGRIDDATASERVER=;
14581      %hpdm_gridSetOPtions;

NOTE: DATA statement used (Total process time):
      real time           0.00 seconds
      cpu time            0.00 seconds
      


*------------------------------------------------------------* 
* 
* Ids : End Update 
* datetime : 27DEC2017:17:59:32 
* 
*------------------------------------------------------------* 
Traverser: Run Completed 
14582      proc printto;
14583      run;

