 
                                                                                               
 
 
Fit Statistics

Target=DepVar Target Label=DepVar

   Fit
Statistics    Statistics Label                     Train    Validation

 _DFT_        Total Degrees of Freedom           1704.00          .   
 _DFE_        Degrees of Freedom for Error       1583.00          .   
 _DFM_        Model Degrees of Freedom            121.00          .   
 _NW_         Number of Estimated Weights         121.00          .   
 _AIC_        Akaike's Information Criterion      537.99          .   
 _SBC_        Schwarz's Bayesian Criterion       1196.31          .   
 _ASE_        Average Squared Error                 0.03         0.03 
 _MAX_        Maximum Absolute Error                0.97         0.95 
 _DIV_        Divisor for ASE                    3408.00      1466.00 
 _NOBS_       Sum of Frequencies                 1704.00       733.00 
 _RASE_       Root Average Squared Error            0.16         0.17 
 _SSE_        Sum of Squared Errors                90.08        43.37 
 _SUMW_       Sum of Case Weights Times Freq     3408.00      1466.00 
 _FPE_        Final Prediction Error                0.03          .   
 _MSE_        Mean Squared Error                    0.03         0.03 
 _RFPE_       Root Final Prediction Error           0.17          .   
 _RMSE_       Root Mean Squared Error               0.17         0.17 
 _AVERR_      Average Error Function                0.09         0.09 
 _ERR_        Error Function                      295.99       137.73 
 _MISC_       Misclassification Rate                0.04         0.05 
 _WRONG_      Number of Wrong Classifications      66.00        33.00 
 
                                                                                               
 
 
Classification Table

Data Role=TRAIN Target Variable=DepVar Target Label=DepVar

                       Target        Outcome     Frequency       Total
Target    Outcome    Percentage    Percentage      Count      Percentage

  0          0         97.1160       98.4364        1448        84.9765 
  1          0          2.8840       18.4549          43         2.5235 
  0          1         10.7981        1.5636          23         1.3498 
  1          1         89.2019       81.5451         190        11.1502 


Data Role=VALIDATE Target Variable=DepVar Target Label=DepVar

                       Target        Outcome     Frequency       Total
Target    Outcome    Percentage    Percentage      Count      Percentage

  0          0         96.8701       97.9430        619         84.4475 
  1          0          3.1299       19.8020         20          2.7285 
  0          1         13.8298        2.0570         13          1.7735 
  1          1         86.1702       80.1980         81         11.0505 
 
                                                                                               
 
 
Event Classification Table

Data Role=TRAIN Target=DepVar Target Label=DepVar

  False       True        False       True
Negative    Negative    Positive    Positive

   43         1448         23          190  


Data Role=VALIDATE Target=DepVar Target Label=DepVar

  False       True        False       True
Negative    Negative    Positive    Positive

   20          619         13          81   
 
                                                                                               
 
 
Assessment Score Rankings

Data Role=TRAIN Target Variable=DepVar Target Label=DepVar

                                                                                    Mean
                            Cumulative       %      Cumulative     Number of     Posterior
Depth      Gain     Lift       Lift      Response   % Response   Observations   Probability

   5    631.330   7.31330     7.31330     100.000     100.000         86          0.99362  
  10    592.839   6.53895     6.92839      89.412      94.737         85          0.88072  
  15    505.633   4.30194     6.05633      58.824      82.813         85          0.52077  
  20    388.983   1.37662     4.88983      18.824      66.862         85          0.18459  
  25    298.283   0.34416     3.98283       4.706      54.460         85          0.06693  
  30    232.813   0.08504     3.32813       1.163      45.508         86          0.02595  
  35    185.427   0.00000     2.85427       0.000      39.028         85          0.01112  
  40    149.853   0.00000     2.49853       0.000      34.164         85          0.00554  
  45    122.164   0.00000     2.22164       0.000      30.378         85          0.00317  
  50    100.000   0.00000     2.00000       0.000      27.347         85          0.00181  
  55     81.663   0.00000     1.81663       0.000      24.840         86          0.00098  
  60     66.569   0.00000     1.66569       0.000      22.776         85          0.00056  
  65     53.791   0.00000     1.53791       0.000      21.029         85          0.00033  
  70     42.833   0.00000     1.42833       0.000      19.531         85          0.00019  
  75     33.333   0.00000     1.33333       0.000      18.232         85          0.00011  
  80     24.927   0.00000     1.24927       0.000      17.082         86          0.00005  
  85     17.598   0.00000     1.17598       0.000      16.080         85          0.00003  
  90     11.082   0.00000     1.11082       0.000      15.189         85          0.00001  
  95      5.250   0.00000     1.05250       0.000      14.392         85          0.00001  
 100      0.000   0.00000     1.00000       0.000      13.674         85          0.00001  


Data Role=VALIDATE Target Variable=DepVar Target Label=DepVar

                                                                                    Mean
                            Cumulative       %      Cumulative     Number of     Posterior
Depth      Gain     Lift       Lift      Response   % Response   Observations   Probability

   5    625.743   7.25743     7.25743     100.000     100.000         37          0.99269  
  10    576.706   6.27669     6.76706      86.486      93.243         37          0.84012  
  15    493.789   4.23350     5.93789      58.333      81.818         36          0.50674  
  20    383.828   1.56917     4.83828      21.622      66.667         37          0.17524  
  25    298.370   0.58844     3.98370       8.108      54.891         37          0.05429  
  30    233.182   0.00000     3.33182       0.000      45.909         36          0.02246  
  35    185.214   0.00000     2.85214       0.000      39.300         37          0.01045  
  40    149.320   0.00000     2.49320       0.000      34.354         37          0.00502  
  45    122.121   0.00000     2.22121       0.000      30.606         36          0.00268  
  50     99.728   0.00000     1.99728       0.000      27.520         37          0.00151  
  55     81.436   0.00000     1.81436       0.000      25.000         37          0.00080  
  60     66.591   0.00000     1.66591       0.000      22.955         36          0.00039  
  65     53.669   0.00000     1.53669       0.000      21.174         37          0.00025  
  70     42.607   0.00000     1.42607       0.000      19.650         37          0.00013  
  75     33.273   0.00000     1.33273       0.000      18.364         36          0.00007  
  80     24.872   0.00000     1.24872       0.000      17.206         37          0.00004  
  85     17.468   0.00000     1.17468       0.000      16.186         37          0.00002  
  90     11.061   0.00000     1.11061       0.000      15.303         36          0.00001  
  95      5.165   0.00000     1.05165       0.000      14.491         37          0.00001  
 100      0.000   0.00000     1.00000       0.000      13.779         36          0.00001  
 
                                                                                               
 
 
Assessment Score Distribution

Data Role=TRAIN Target Variable=DepVar Target Label=DepVar

 Posterior     Number                     Mean
Probability      of      Number of     Posterior
   Range       Events    Nonevents    Probability    Percentage

 0.95-1.00       102           1        0.98891         6.0446 
 0.90-0.95        21           1        0.92739         1.2911 
 0.85-0.90        16           3        0.87615         1.1150 
 0.80-0.85        13           1        0.82212         0.8216 
 0.75-0.80         8           2        0.76816         0.5869 
 0.70-0.75         9           1        0.71739         0.5869 
 0.65-0.70         7           4        0.68239         0.6455 
 0.60-0.65         6           3        0.62030         0.5282 
 0.55-0.60         4           5        0.57044         0.5282 
 0.50-0.55         4           2        0.52421         0.3521 
 0.45-0.50        10           6        0.47495         0.9390 
 0.40-0.45         4           6        0.42584         0.5869 
 0.35-0.40         4           6        0.37818         0.5869 
 0.30-0.35         6           6        0.32037         0.7042 
 0.25-0.30         5           6        0.27877         0.6455 
 0.20-0.25         3          14        0.22528         0.9977 
 0.15-0.20         0          18        0.17195         1.0563 
 0.10-0.15         6          31        0.12041         2.1714 
 0.05-0.10         2          60        0.07255         3.6385 
 0.00-0.05         3        1295        0.00397        76.1737 


Data Role=VALIDATE Target Variable=DepVar Target Label=DepVar

 Posterior     Number                     Mean
Probability      of      Number of     Posterior
   Range       Events    Nonevents    Probability    Percentage

 0.95-1.00       41           0         0.98900         5.5935 
 0.90-0.95        7           0         0.93026         0.9550 
 0.85-0.90        6           0         0.87791         0.8186 
 0.80-0.85        7           0         0.82245         0.9550 
 0.75-0.80        4           3         0.78127         0.9550 
 0.70-0.75        2           1         0.73747         0.4093 
 0.65-0.70        3           1         0.68085         0.5457 
 0.60-0.65        5           2         0.63110         0.9550 
 0.55-0.60        4           3         0.57648         0.9550 
 0.50-0.55        2           3         0.53648         0.6821 
 0.45-0.50        4           3         0.48052         0.9550 
 0.40-0.45        2           0         0.40763         0.2729 
 0.35-0.40        2           0         0.37462         0.2729 
 0.30-0.35        0           1         0.34740         0.1364 
 0.25-0.30        2          10         0.27070         1.6371 
 0.20-0.25        3           3         0.22776         0.8186 
 0.15-0.20        1           7         0.17462         1.0914 
 0.10-0.15        1           9         0.11724         1.3643 
 0.05-0.10        4          18         0.07393         3.0014 
 0.00-0.05        1         568         0.00428        77.6262 
