 
                                                                                                                                                                                                                                                                
 
 
Variable Summary

          Measurement    Frequency
 Role        Level         Count

INPUT      INTERVAL          9    
INPUT      NOMINAL           1    
TARGET     BINARY            1    
 
                                                                                                                                                                                                                                                                
 
 
Model Events

                                  Number
                   Measurement      of
Target    Event       Level       Levels      Order       Label

DepVar      1        BINARY          2      Descending    DepVar
 
                                                                                                                                                                                                                                                                
 
 
Predicted and decision variables

Type         Variable     Label

TARGET       DepVar       DepVar             
PREDICTED    P_DepVar1    Predicted: DepVar=1
RESIDUAL     R_DepVar1    Residual: DepVar=1 
PREDICTED    P_DepVar0    Predicted: DepVar=0
RESIDUAL     R_DepVar0    Residual: DepVar=0 
FROM         F_DepVar     From: DepVar       
INTO         I_DepVar     Into: DepVar       
 
                                                                                                                                                                                                                                                                
 
 

The NEURAL Procedure

Preliminary       Starting         Objective         Number
 Training          Random           Function           of        Terminating
    Run             Seed             Value         Iterations     Criteria

        1               12345    0.096560403393           10                
        2          1168460375    0.108852067157           10                
        3           476972555    0.102701164532           10                
        4          1805272876    0.108086052773           10                
        5          1143802377    0.106383632087           10                
 
                                                                                                                                                                                                                                                                
 
 

The NEURAL Procedure

                        Optimization Start
                       Parameter Estimates
                                                         Gradient
                                                        Objective
  N Parameter                            Estimate        Function

  1 MntCard_Games_H11                    0.105927       -0.007449
  2 MntMagazines_H11                    -0.012885        0.001376
  3 NumCatalogPurchases_H11              0.090817       -0.009871
  4 NumDealsPurchases_H11                0.613444        0.001268
  5 NumWebPurchases_H11                 -0.068305        0.002964
  6 RANGE_Frq_H11                        0.239008       -0.000815
  7 RANGE_Recency_H11                   -1.086498       -0.002056
  8 RANGE_average_purchase_H11          -0.077797       -0.004577
  9 RANGE_campaign_acceptance_H11        0.177914       -0.008658
 10 MntCard_Games_H12                    0.062094       -0.000197
 11 MntMagazines_H12                    -0.439513       -0.000241
 12 NumCatalogPurchases_H12              0.163988       -0.000205
 13 NumDealsPurchases_H12               -0.171479    -0.000058873
 14 NumWebPurchases_H12                  0.446942    -0.000013616
 15 RANGE_Frq_H12                        0.054318       -0.000191
 16 RANGE_Recency_H12                    0.281265    -0.000032273
 17 RANGE_average_purchase_H12           0.232008       -0.000313
 18 RANGE_campaign_acceptance_H12        0.116352       -0.000172
 19 MntCard_Games_H13                    0.320259        0.000195
 20 MntMagazines_H13                     0.184888     0.000013845
 21 NumCatalogPurchases_H13              0.115872     0.000084772
 22 NumDealsPurchases_H13                0.247960     0.000001531
 23 NumWebPurchases_H13                 -0.275574     0.000041822
 24 RANGE_Frq_H13                        0.126726    -0.000064231
 25 RANGE_Recency_H13                    0.342645    -0.000014518
 26 RANGE_average_purchase_H13           0.508854    -0.000029675
 27 RANGE_campaign_acceptance_H13       -0.265642    -0.000014796
 28 MntCard_Games_H14                   -0.346310        0.006034
 29 MntMagazines_H14                    -0.394196        0.000204
 30 NumCatalogPurchases_H14             -0.798155        0.002993
 31 NumDealsPurchases_H14               -0.448785       -0.000856
 32 NumWebPurchases_H14                 -0.141342        0.002054
 33 RANGE_Frq_H14                        0.466573       -0.004853
 34 RANGE_Recency_H14                    0.367060        0.000240
 35 RANGE_average_purchase_H14          -0.367555       -0.000707
 36 RANGE_campaign_acceptance_H14       -0.280420       -0.002471
 37 MntCard_Games_H15                    0.575228       -0.002431
 38 MntMagazines_H15                     0.078337       -0.001833
 39 NumCatalogPurchases_H15              0.658472        0.000260
 40 NumDealsPurchases_H15                0.542961       -0.001759
 41 NumWebPurchases_H15                 -0.178471       -0.000388
 42 RANGE_Frq_H15                       -0.068720        0.003444
 43 RANGE_Recency_H15                   -0.203256       -0.001201
 44 RANGE_average_purchase_H15           0.649612        0.002145
 45 RANGE_campaign_acceptance_H15        0.725617        0.000313
 46 MntCard_Games_H16                   -0.877878        0.007961
 47 MntMagazines_H16                     0.275083        0.001439
 48 NumCatalogPurchases_H16             -0.210327        0.014825
 49 NumDealsPurchases_H16               -0.587478       -0.004393
 50 NumWebPurchases_H16                 -0.848695       -0.006776
 51 RANGE_Frq_H16                       -0.146074        0.003904
 52 RANGE_Recency_H16                    1.456490        0.004952
 53 RANGE_average_purchase_H16           0.002642        0.009859
 54 RANGE_campaign_acceptance_H16       -0.988744        0.005492
 55 MntCard_Games_H17                    0.136479       -0.002087
 56 MntMagazines_H17                     0.073045       -0.000467
 57 NumCatalogPurchases_H17              0.293087       -0.005133
 58 NumDealsPurchases_H17               -0.427809        0.003244
 59 NumWebPurchases_H17                 -0.103799        0.000886
 60 RANGE_Frq_H17                        0.415255        0.000813
 61 RANGE_Recency_H17                   -0.505724       -0.002081
 62 RANGE_average_purchase_H17          -0.003474       -0.003758
 63 RANGE_campaign_acceptance_H17        0.250965       -0.003214
 64 MntCard_Games_H18                   -0.154415       -0.000224
 65 MntMagazines_H18                    -0.272360    -0.000012683
 66 NumCatalogPurchases_H18              0.249442       -0.006041
 67 NumDealsPurchases_H18                0.488075        0.000811
 68 NumWebPurchases_H18                 -0.423029        0.002779
 69 RANGE_Frq_H18                        0.362347        0.000174
 70 RANGE_Recency_H18                   -0.229230       -0.001395
 71 RANGE_average_purchase_H18           0.049345       -0.003061
 72 RANGE_campaign_acceptance_H18        0.231028       -0.002318
 73 Marital_StatusDivorced_H11           0.204626       -0.001268
 74 Marital_StatusMarried_H11           -0.329277       -0.003185
 75 Marital_StatusSingle_H11             0.469512       -0.001949
 76 Marital_StatusTogether_H11          -0.279454       -0.002567
 77 Marital_StatusDivorced_H12          -0.493463        0.000137
 78 Marital_StatusMarried_H12           -0.248735       -0.000152
 79 Marital_StatusSingle_H12             0.191524     0.000052193
 80 Marital_StatusTogether_H12           0.019016       -0.000129
 81 Marital_StatusDivorced_H13          -0.109263    -0.000013577
 82 Marital_StatusMarried_H13           -0.203489     0.000029027
 83 Marital_StatusSingle_H13             0.159534    -0.000084111
 84 Marital_StatusTogether_H13          -0.024717        0.000103
 85 Marital_StatusDivorced_H14          -0.208681     0.000066065
 86 Marital_StatusMarried_H14            0.038519       -0.000165
 87 Marital_StatusSingle_H14            -0.273313       -0.001038
 88 Marital_StatusTogether_H14           0.480647        0.004208
 89 Marital_StatusDivorced_H15           0.168902        0.000164
 90 Marital_StatusMarried_H15           -0.053536       -0.001127
 91 Marital_StatusSingle_H15             0.191609        0.000787
 92 Marital_StatusTogether_H15          -0.749459       -0.000163
 93 Marital_StatusDivorced_H16          -0.213837       -0.000638
 94 Marital_StatusMarried_H16            0.522590        0.003277
 95 Marital_StatusSingle_H16             0.055212       -0.001181
 96 Marital_StatusTogether_H16           0.632424        0.003478
 97 Marital_StatusDivorced_H17           0.528758       -0.000953
 98 Marital_StatusMarried_H17           -0.575921       -0.000181
 99 Marital_StatusSingle_H17             0.795045       -0.000304
100 Marital_StatusTogether_H17          -0.181273    -0.000015206
101 Marital_StatusDivorced_H18           0.245642       -0.000499
102 Marital_StatusMarried_H18           -0.256520       -0.001677
103 Marital_StatusSingle_H18            -0.117901       -0.000228
104 Marital_StatusTogether_H18          -0.417396       -0.000444
105 BIAS_H11                             0.221263       -0.005011
106 BIAS_H12                             2.280800    -0.000037327
107 BIAS_H13                             1.049285     0.000005691
108 BIAS_H14                            -0.149282       -0.001306
109 BIAS_H15                            -1.426210        0.000997
110 BIAS_H16                             1.670632       -0.002335
111 BIAS_H17                            -2.053943     0.000020696
112 BIAS_H18                            -1.731073       -0.000496
113 H11_DepVar1                          2.139285       -0.000208
114 H12_DepVar1                          0.310993       -0.002026
115 H13_DepVar1                         -0.036120       -0.002552
116 H14_DepVar1                         -1.644799        0.004577
117 H15_DepVar1                          1.483921       -0.004452
118 H16_DepVar1                         -2.598303        0.001561
119 H17_DepVar1                          1.464784       -0.000482
120 H18_DepVar1                          1.079410        0.000231
121 BIAS_DepVar1                        -1.626280       -0.001966

Value of Objective Function = 0.0965604034

 
                                                                                                                                                                                                                                                                
 
 

The NEURAL Procedure

Dual Quasi-Newton Optimization


Minimum Iterations                                0
Maximum Iterations                               50
Maximum Function Calls                   2147483647
Maximum CPU Time                              14400
ABSGCONV Gradient Criterion                 0.00001
GCONV Gradient Criterion                       1E-8
ABSFCONV Function Criterion                       0
FCONV Function Criterion                     0.0001
FCONV2 Function Criterion                         0
FSIZE Parameter                                   0
ABSXCONV Parameter Change Criterion               0
XCONV Parameter Change Criterion                  0
XSIZE Parameter                                   0
ABSCONV Function Criterion             0.0021367312
Line Search Method                                2
Starting Alpha for Line Search                    1
Line Search Precision LSPRECISION               0.4
DAMPSTEP Parameter for Line Search                .
Singularity Tolerance (SINGULAR)               1E-8

Dual Quasi-Newton Optimization

Dual Broyden - Fletcher - Goldfarb - Shanno Update (DBFGS)

Parameter Estimates             121

                                             Optimization Start

Active Constraints                                  0  Objective Function                       0.0965604034
Max Abs Gradient Element                  0.014824762                                                       


                                                                 Objective     Max Abs                Slope of
                     Function         Active        Objective     Function    Gradient       Step       Search
Iter     Restarts       Calls    Constraints         Function       Change     Element       Size    Direction

   1            0           5              0          0.09520      0.00136     0.00752     0.0222       -0.119
   2            0           9              0          0.09310      0.00210     0.00501      2.288      -0.0018
   3            0          13              0          0.09042      0.00268     0.00924      4.277      -0.0012
   4            0          15              0          0.08895      0.00147      0.0120      1.000      -0.0032
   5            0          17              0          0.08685      0.00210     0.00699      1.000      -0.0031
   6            0          19              0          0.08622     0.000631      0.0181      1.625      -0.0032
   7            0          23              0          0.08423      0.00199     0.00898      1.127      -0.0035
   8            0          26              0          0.08307      0.00116     0.00744      1.192      -0.0019
   9            0          30              0          0.07922      0.00386     0.00667      3.415      -0.0023
  10            0          33              0          0.07669      0.00253      0.0115      4.576      -0.0011
  11            0          35              0          0.07422      0.00247      0.0106      2.685      -0.0024
  12            0          38              0          0.07262      0.00160     0.00578      2.158      -0.0015
  13            0          40              0          0.07053      0.00209     0.00449      2.871      -0.0014
  14            0          42              0          0.06957     0.000955      0.0104      3.796      -0.0014
  15            0          44              0          0.06799      0.00158     0.00418      0.937      -0.0025
  16            0          46              0          0.06717     0.000824     0.00968      3.214      -0.0012
  17            0          48              0          0.06582      0.00135     0.00510      1.036      -0.0020
  18            0          50              0          0.06413      0.00169     0.00504      2.316      -0.0015
  19            0          52              0          0.06313      0.00100      0.0111      3.008      -0.0014
  20            0          54              0          0.06168      0.00144     0.00370      1.007      -0.0025
  21            0          56              0          0.05980      0.00189     0.00414      3.269      -0.0011
  22            0          58              0          0.05891     0.000886     0.00537      2.754      -0.0017
  23            0          60              0          0.05764      0.00127     0.00254      1.000      -0.0022
  24            0          62              0          0.05702     0.000622      0.0102      4.768      -0.0007
  25            0          66              0          0.05555      0.00147     0.00465      1.500      -0.0021
  26            0          68              0          0.05469     0.000865     0.00693      5.066      -0.0007
  27            0          70              0          0.05361      0.00107     0.00270      1.165      -0.0019
  28            0          72              0          0.05215      0.00146     0.00361      4.019      -0.0007
  29            0          75              0          0.05124     0.000917     0.00655      1.808      -0.0011
  30            0          77              0          0.05012      0.00111     0.00425      2.920      -0.0008
  31            0          79              0          0.04960     0.000527     0.00973      2.370      -0.0012
  32            0          83              0          0.04809      0.00151     0.00422      1.308      -0.0023
  33            0          85              0          0.04749     0.000598      0.0118      2.940      -0.0013
  34            0          89              0          0.04573      0.00176     0.00206      1.236      -0.0028
  35            0          92              0          0.04518     0.000553     0.00290      2.152      -0.0005
  36            0          94              0          0.04448     0.000703     0.00551      2.133      -0.0006
  37            0          96              0          0.04335      0.00113     0.00286      2.481      -0.0007
  38            0          99              0          0.04273     0.000616     0.00348      1.368      -0.0008
  39            0         101              0          0.04207     0.000657     0.00442      2.212      -0.0007
  40            0         103              0          0.04117     0.000906     0.00275      1.978      -0.0008
  41            0         106              0          0.04070     0.000466     0.00281      2.163      -0.0004
  42            0         108              0          0.04012     0.000577     0.00242      3.392      -0.0003
  43            0         111              0          0.03976     0.000363     0.00544      1.047      -0.0007
  44            0         113              0          0.03914     0.000627     0.00223      1.755      -0.0005
  45            0         115              0          0.03840     0.000738     0.00475      1.758      -0.0009
  46            0         117              0          0.03750     0.000897     0.00230      1.939      -0.0010
  47            0         119              0          0.03710     0.000404     0.00918      2.444      -0.0009
  48            0         121              0          0.03652     0.000578     0.00359      0.924      -0.0011
  49            0         124              0          0.03613     0.000386     0.00192      1.342      -0.0005
  50            0         128              0          0.03523     0.000903     0.00517      3.342      -0.0006

                                            Optimization Results

Iterations                                         50  Function Calls                                    130
Gradient Calls                                     60  Active Constraints                                  0
Objective Function                       0.0352298325  Max Abs Gradient Element                 0.0051690198
Slope of Search Direction                 -0.00058054                                                       

QUANEW needs more than 50 iterations or 2147483647 function calls.                                

WARNING: QUANEW Optimization cannot be completed.

 
                                                                                                                                                                                                                                                                
 
 

The NEURAL Procedure

                       Optimization Results
                       Parameter Estimates
                                                         Gradient
                                                        Objective
  N Parameter                            Estimate        Function

  1 MntCard_Games_H11                    1.705861       -0.000901
  2 MntMagazines_H11                    -1.580554     0.000099319
  3 NumCatalogPurchases_H11              1.464870    -0.000027593
  4 NumDealsPurchases_H11                6.242734        0.000232
  5 NumWebPurchases_H11                  0.674777       -0.000623
  6 RANGE_Frq_H11                        1.310943       -0.000361
  7 RANGE_Recency_H11                   -9.526135        0.000281
  8 RANGE_average_purchase_H11          -4.663720        0.000543
  9 RANGE_campaign_acceptance_H11        2.888477        0.000838
 10 MntCard_Games_H12                    1.927120        0.000538
 11 MntMagazines_H12                    -0.950049       -0.000172
 12 NumCatalogPurchases_H12             -1.467474        0.000666
 13 NumDealsPurchases_H12               -0.773275        0.001090
 14 NumWebPurchases_H12                  3.969951        0.000168
 15 RANGE_Frq_H12                        1.036023        0.000214
 16 RANGE_Recency_H12                   -1.303599        0.000429
 17 RANGE_average_purchase_H12           4.203333    -0.000099665
 18 RANGE_campaign_acceptance_H12        3.264675    -0.000076922
 19 MntCard_Games_H13                   -0.052087        0.000755
 20 MntMagazines_H13                     0.965084        0.000683
 21 NumCatalogPurchases_H13             -0.220529       -0.000699
 22 NumDealsPurchases_H13                0.755140       -0.000515
 23 NumWebPurchases_H13                  0.220279        0.000216
 24 RANGE_Frq_H13                        0.439114     0.000020258
 25 RANGE_Recency_H13                   -0.040234        0.000135
 26 RANGE_average_purchase_H13           0.674329        0.000263
 27 RANGE_campaign_acceptance_H13        0.156234       -0.001135
 28 MntCard_Games_H14                   -8.860276    -0.000008164
 29 MntMagazines_H14                    -1.235237        0.000147
 30 NumCatalogPurchases_H14            -12.218875     0.000042238
 31 NumDealsPurchases_H14               -5.086408        0.000265
 32 NumWebPurchases_H14                 -0.455560       -0.000429
 33 RANGE_Frq_H14                        6.927101    -0.000096761
 34 RANGE_Recency_H14                    5.132425       -0.000218
 35 RANGE_average_purchase_H14          -9.419918       -0.000154
 36 RANGE_campaign_acceptance_H14       -0.428355       -0.000245
 37 MntCard_Games_H15                    3.864065        0.000793
 38 MntMagazines_H15                     1.566052       -0.000607
 39 NumCatalogPurchases_H15              1.186766        0.001769
 40 NumDealsPurchases_H15                2.099092        0.003274
 41 NumWebPurchases_H15                 -3.902180       -0.000396
 42 RANGE_Frq_H15                       -2.493237        0.001049
 43 RANGE_Recency_H15                   -2.234656        0.001479
 44 RANGE_average_purchase_H15           2.433715        0.001864
 45 RANGE_campaign_acceptance_H15        5.296839        0.000466
 46 MntCard_Games_H16                   -3.016920        0.001474
 47 MntMagazines_H16                     1.579979        0.000496
 48 NumCatalogPurchases_H16             -2.545794        0.000240
 49 NumDealsPurchases_H16               -2.494231        0.001786
 50 NumWebPurchases_H16                 -3.695208       -0.000732
 51 RANGE_Frq_H16                       -0.478830       -0.001785
 52 RANGE_Recency_H16                    6.821721        0.000693
 53 RANGE_average_purchase_H16           0.598189       -0.005169
 54 RANGE_campaign_acceptance_H16       -4.083649       -0.004644
 55 MntCard_Games_H17                    2.635537       -0.000551
 56 MntMagazines_H17                     3.326240       -0.000294
 57 NumCatalogPurchases_H17              2.525161       -0.000393
 58 NumDealsPurchases_H17               -6.494749        0.000187
 59 NumWebPurchases_H17                  3.122428        0.000219
 60 RANGE_Frq_H17                        1.267203        0.000647
 61 RANGE_Recency_H17                   -0.234777       -0.000344
 62 RANGE_average_purchase_H17           4.031595        0.000622
 63 RANGE_campaign_acceptance_H17       -0.325594        0.000532
 64 MntCard_Games_H18                   -5.584668        0.001187
 65 MntMagazines_H18                    -2.142155       -0.001645
 66 NumCatalogPurchases_H18              2.059016        0.000918
 67 NumDealsPurchases_H18                3.341167        0.002646
 68 NumWebPurchases_H18                 -0.023816       -0.001104
 69 RANGE_Frq_H18                        1.855996        0.001546
 70 RANGE_Recency_H18                    0.374714        0.001076
 71 RANGE_average_purchase_H18           1.279554        0.004435
 72 RANGE_campaign_acceptance_H18        0.471848        0.003318
 73 Marital_StatusDivorced_H11           0.977088    -0.000050362
 74 Marital_StatusMarried_H11            2.756973        0.000491
 75 Marital_StatusSingle_H11             4.790903        0.000223
 76 Marital_StatusTogether_H11          -2.845474       -0.000590
 77 Marital_StatusDivorced_H12          -0.613652     0.000065881
 78 Marital_StatusMarried_H12           -0.049181        0.000135
 79 Marital_StatusSingle_H12             0.046047       -0.000148
 80 Marital_StatusTogether_H12          -1.407341        0.000497
 81 Marital_StatusDivorced_H13           0.532875       -0.000587
 82 Marital_StatusMarried_H13           -0.200809        0.001150
 83 Marital_StatusSingle_H13            -0.823101        0.000214
 84 Marital_StatusTogether_H13           0.218503       -0.000420
 85 Marital_StatusDivorced_H14          -2.535838       -0.000296
 86 Marital_StatusMarried_H14            1.771540     0.000099496
 87 Marital_StatusSingle_H14            -3.386103    -0.000076111
 88 Marital_StatusTogether_H14          -1.924963       -0.000422
 89 Marital_StatusDivorced_H15          -0.208742        0.001351
 90 Marital_StatusMarried_H15            0.192629        0.001397
 91 Marital_StatusSingle_H15            -3.160603       -0.000282
 92 Marital_StatusTogether_H15          -4.440260        0.000182
 93 Marital_StatusDivorced_H16           1.766316       -0.001175
 94 Marital_StatusMarried_H16            1.381203       -0.000454
 95 Marital_StatusSingle_H16            -1.190544        0.000120
 96 Marital_StatusTogether_H16           0.579503        0.000330
 97 Marital_StatusDivorced_H17           6.547715        0.000664
 98 Marital_StatusMarried_H17           -9.017143       -0.000109
 99 Marital_StatusSingle_H17             4.776985       -0.000168
100 Marital_StatusTogether_H17          -5.405967    -0.000000735
101 Marital_StatusDivorced_H18           4.256059        0.001122
102 Marital_StatusMarried_H18           -2.141123        0.000608
103 Marital_StatusSingle_H18             0.164662        0.000508
104 Marital_StatusTogether_H18          -2.591575        0.000125
105 BIAS_H11                             4.166650     0.000074100
106 BIAS_H12                             2.584723        0.000489
107 BIAS_H13                             1.070230        0.000344
108 BIAS_H14                            -1.677466     0.000008859
109 BIAS_H15                            -8.517162        0.001369
110 BIAS_H16                             8.798580       -0.001134
111 BIAS_H17                           -12.232128        0.000387
112 BIAS_H18                            -9.594550        0.002362
113 H11_DepVar1                         14.969565        0.000453
114 H12_DepVar1                          2.385365     0.000078078
115 H13_DepVar1                          1.169554       -0.000112
116 H14_DepVar1                        -11.288715       -0.000480
117 H15_DepVar1                         13.625026       -0.000114
118 H16_DepVar1                        -14.575443       -0.000235
119 H17_DepVar1                         13.589658       -0.000922
120 H18_DepVar1                         10.894857       -0.000354
121 BIAS_DepVar1                        -4.515850        0.000882

Value of Objective Function = 0.0352298325

