MPRINT(EM_DIAGRAM):    data _null_;
MPRINT(EM_DIAGRAM):   call symput('NLDATE', strip(put(date(), NLDATE.)));
MPRINT(EM_DIAGRAM):   call symput('NLTIME', strip(put(datetime(), NLTIME.)));
MPRINT(EM_DIAGRAM):   run;
MPRINT(EM_DIAGRAM):   data _null_;
MPRINT(EM_DIAGRAM):   nldate= sasmsg("sashelp.dmine", "log_date_note", 'N', "02 June 2018" );
MPRINT(EM_DIAGRAM):   nltime= sasmsg("sashelp.dmine", "log_time_note", 'N', "17:18:55 o'clock" );
MPRINT(EM_DIAGRAM):   put "*------------------------------------------------------------*";
MPRINT(EM_DIAGRAM):   put "* Training Log";
MPRINT(EM_DIAGRAM):   put nldate;
MPRINT(EM_DIAGRAM):   put nltime;
MPRINT(EM_DIAGRAM):   put "*------------------------------------------------------------*";
MPRINT(EM_DIAGRAM):   run;
*------------------------------------------------------------*
* Training Log
Date:                02 June 2018
Time:                17:18:55 o'clock
*------------------------------------------------------------*
MPRINT(EM_DIAGRAM):    filename O07BM3II "C:\Users\misil\Desktop\DM 2\Project\WarGameStore_sasProject\Workspaces\EMWS1\Meta\EMTRAIN.out" encoding="UTF-8" NOBOM;
MPRINT(EM_DIAGRAM):   proc printto print=O07BM3II new;
MPRINT(EM_DIAGRAM):   run;
MPRINT(EM_DIAGRAM):    filename _LOG "C:\Users\misil\Desktop\DM 2\Project\WarGameStore_sasProject\Workspaces\EMWS1\Meta\EMLOG.log" encoding="UTF-8" NOBOM;
MPRINT(EM_DIAGRAM):    data _null_;
MPRINT(EM_DIAGRAM):   call symput('NLDATE', strip(put(date(), NLDATE.)));
MPRINT(EM_DIAGRAM):   call symput('NLTIME', strip(put(datetime(), NLTIME.)));
MPRINT(EM_DIAGRAM):   run;
MPRINT(EM_DIAGRAM):   data _null_;
MPRINT(EM_DIAGRAM):   nldate= sasmsg("sashelp.dmine", "log_date_note", 'N', "02 June 2018" );
MPRINT(EM_DIAGRAM):   nltime= sasmsg("sashelp.dmine", "log_time_note", 'N', "17:18:55 o'clock" );
MPRINT(EM_DIAGRAM):   file _LOG;
MPRINT(EM_DIAGRAM):   put "*------------------------------------------------------------*";
MPRINT(EM_DIAGRAM):   put "User:                misil";
MPRINT(EM_DIAGRAM):   put nldate;
MPRINT(EM_DIAGRAM):   put nltime;
MPRINT(EM_DIAGRAM):   put "Site:                70107571";
MPRINT(EM_DIAGRAM):   put "Platform:            X64_10PRO";
MPRINT(EM_DIAGRAM):   put "Maintenance Release: 9.04.01M4P110916";
MPRINT(EM_DIAGRAM):   put "EM Version:          14.2";
MPRINT(EM_DIAGRAM):   put "* ";
MPRINT(EM_DIAGRAM):   run;
MPRINT(EM_DIAGRAM):    filename _LOGIN "C:\Users\misil\Desktop\DM 2\Project\WarGameStore_sasProject\Workspaces\EMWS1\Meta\EMTRAIN.log" encoding="UTF-8" NOBOM;
MPRINT(EM_COPYFILE):   data _null_;
MPRINT(EM_COPYFILE):   length line $20000;
MPRINT(EM_COPYFILE):   file _LOG MOD lrecl=20000;
MPRINT(EM_COPYFILE):   fid=fopen("_LOGIN",'i',20000,'v');
MPRINT(EM_COPYFILE):   if fid > 0 then do;
MPRINT(EM_COPYFILE):   do while(^fread(fid));
MPRINT(EM_COPYFILE):   rlen = frlen(fid);
MPRINT(EM_COPYFILE):   rc= fget(fid,line,20000);
MPRINT(EM_COPYFILE):   start = length(line)-length(left(line))+1;
MPRINT(EM_COPYFILE):   line=strip(line);
MPRINT(EM_COPYFILE):   put @start line;
MPRINT(EM_COPYFILE):   end;
MPRINT(EM_COPYFILE):   if fid > 0 then rc=fclose(fid);
MPRINT(EM_COPYFILE):   end;
MPRINT(EM_COPYFILE):   run;
MPRINT(EM_DIAGRAM):  ;
MPRINT(EM_DIAGRAM):   filename _LOGIN;
MPRINT(EM_DIAGRAM):    data _null_;
MPRINT(EM_DIAGRAM):   file _LOG mod;
MPRINT(EM_DIAGRAM):   put _page_;
MPRINT(EM_DIAGRAM):   run;
MPRINT(EM_DIAGRAM):   filename _LOGIN "C:\Users\misil\Desktop\DM 2\Project\WarGameStore_sasProject\Workspaces\EMWS1\Meta\EMSCORE.log" encoding="UTF-8" NOBOM;
MPRINT(EM_DIAGRAM):  ;
MPRINT(EM_DIAGRAM):   data _null_;
MPRINT(EM_DIAGRAM):   file _LOG mod;
MPRINT(EM_DIAGRAM):   put _page_;
MPRINT(EM_DIAGRAM):   run;
MPRINT(EM_DIAGRAM):    filename _LOGIN "C:\Users\misil\Desktop\DM 2\Project\WarGameStore_sasProject\Workspaces\EMWS1\Meta\EMREPORT.log" encoding="UTF-8" NOBOM;
MPRINT(EM_DIAGRAM):  ;
MPRINT(EM_DIAGRAM):   filename _LOGIN;
MPRINT(EM_DIAGRAM):    filename _LOG;
MPRINT(EM_DIAGRAM):    filename _OUT "C:\Users\misil\Desktop\DM 2\Project\WarGameStore_sasProject\Workspaces\EMWS1\Meta\EMOUTPUT.out" encoding="UTF-8" NOBOM;
MPRINT(EM_DIAGRAM):    data _null_;
MPRINT(EM_DIAGRAM):   call symput('NLDATE', strip(put(date(), NLDATE.)));
MPRINT(EM_DIAGRAM):   call symput('NLTIME', strip(put(datetime(), NLTIME.)));
MPRINT(EM_DIAGRAM):   run;
MPRINT(EM_DIAGRAM):   data _null_;
MPRINT(EM_DIAGRAM):   nldate= sasmsg("sashelp.dmine", "log_date_note", 'N', "02 June 2018" );
MPRINT(EM_DIAGRAM):   nltime= sasmsg("sashelp.dmine", "log_time_note", 'N', "17:18:55 o'clock" );
MPRINT(EM_DIAGRAM):   file _OUT;
MPRINT(EM_DIAGRAM):   put "*------------------------------------------------------------*";
MPRINT(EM_DIAGRAM):   put "User:                misil";
MPRINT(EM_DIAGRAM):   put nldate;
MPRINT(EM_DIAGRAM):   put nltime;
MPRINT(EM_DIAGRAM):   put "*------------------------------------------------------------*";
MPRINT(EM_DIAGRAM):   put "* Training Output";
MPRINT(EM_DIAGRAM):   put "*------------------------------------------------------------*";
MPRINT(EM_DIAGRAM):   run;
MPRINT(EM_DIAGRAM):    filename _OUTIN "C:\Users\misil\Desktop\DM 2\Project\WarGameStore_sasProject\Workspaces\EMWS1\Meta\EMTRAIN.out" encoding="UTF-8" NOBOM;
MPRINT(EM_DIAGRAM):   ;
MPRINT(EM_COPYFILE):   data _null_;
MPRINT(EM_COPYFILE):   length line $20000;
MPRINT(EM_COPYFILE):   file _OUT MOD lrecl=20000;
MPRINT(EM_COPYFILE):   fid=fopen("_OUTIN",'i',20000,'v');
MPRINT(EM_COPYFILE):   if fid > 0 then do;
MPRINT(EM_COPYFILE):   do while(^fread(fid));
MPRINT(EM_COPYFILE):   rlen = frlen(fid);
MPRINT(EM_COPYFILE):   rc= fget(fid,line,20000);
MPRINT(EM_COPYFILE):   start = length(line)-length(left(line))+1;
MPRINT(EM_COPYFILE):   line=strip(line);
MPRINT(EM_COPYFILE):   put @start line;
MPRINT(EM_COPYFILE):   end;
MPRINT(EM_COPYFILE):   if fid > 0 then rc=fclose(fid);
MPRINT(EM_COPYFILE):   end;
MPRINT(EM_COPYFILE):   run;
MPRINT(EM_DIAGRAM):  ;
MPRINT(EM_DIAGRAM):   filename _OUTIN;
MPRINT(EM_DIAGRAM):    data _null_;
MPRINT(EM_DIAGRAM):   file _OUT mod;
MPRINT(EM_DIAGRAM):   put _page_;
MPRINT(EM_DIAGRAM):   put // "*------------------------------------------------------------*";
MPRINT(EM_DIAGRAM):   put "* Score Output";
MPRINT(EM_DIAGRAM):   put "*------------------------------------------------------------*";
MPRINT(EM_DIAGRAM):   run;
MPRINT(EM_DIAGRAM):    filename _OUTIN "C:\Users\misil\Desktop\DM 2\Project\WarGameStore_sasProject\Workspaces\EMWS1\Meta\EMSCORE.out" encoding="UTF-8" NOBOM;
MPRINT(EM_DIAGRAM):  ;
MPRINT(EM_DIAGRAM):   filename _OUTIN;
MPRINT(EM_DIAGRAM):    data _null_;
MPRINT(EM_DIAGRAM):   file _OUT mod;
MPRINT(EM_DIAGRAM):   put _page_;
MPRINT(EM_DIAGRAM):   put // "*------------------------------------------------------------*";
MPRINT(EM_DIAGRAM):   put "* Report Output";
MPRINT(EM_DIAGRAM):   put "*------------------------------------------------------------*";
MPRINT(EM_DIAGRAM):   run;
MPRINT(EM_DIAGRAM):    filename _OUTIN "C:\Users\misil\Desktop\DM 2\Project\WarGameStore_sasProject\Workspaces\EMWS1\Meta\EMREPORT.out" encoding="UTF-8" NOBOM;
MPRINT(EM_DIAGRAM):  ;
MPRINT(EM_DIAGRAM):   filename _OUTIN;
MPRINT(EM_DIAGRAM):    filename _OUT;
MPRINT(EM_DIAGRAM):    filename _emtool_ 'C:\Users\misil\Desktop\DM 2\Project\WarGameStore_sasProject\Workspaces\EMWS1\Meta\EMRUNSTATUS.xml' encoding="UTF-8" NOBOM;
48343      proc freq data=EMWS1.Meta_VariableSet noprint;
MPRINT(EM_DIAGRAM):    proc freq data=EMWS1.Meta_VariableSet noprint;
48344      table ROLE*LEVEL/out=WORK.MetaMETA;
MPRINT(EM_DIAGRAM):   table ROLE*LEVEL/out=WORK.MetaMETA;
48345      run;
MPRINT(EM_DIAGRAM):   run;

NOTE: There were 55 observations read from the data set EMWS1.META_VARIABLESET.
NOTE: The data set WORK.METAMETA has 9 observations and 4 variables.
NOTE: PROCEDURE FREQ used (Total process time):
      real time           0.06 seconds
      cpu time            0.00 seconds
      

48346      proc print data=WORK.MetaMETA label noobs;
MPRINT(EM_DIAGRAM):   proc print data=WORK.MetaMETA label noobs;
48347      var ROLE LEVEL COUNT;
MPRINT(EM_DIAGRAM):   var ROLE LEVEL COUNT;
48348      label ROLE = "%sysfunc(sasmsg(sashelp.dmine, meta_role_vlabel, NOQUOTE))" LEVEL = "%sysfunc(sasmsg(sashelp.dmine, meta_level_vlabel, NOQUOTE))" COUNT = "%sysfunc(sasmsg(sashelp.dmine, rpt_count_vlabel, NOQUOTE))";
MPRINT(EM_DIAGRAM):   label ROLE = "Role" LEVEL = "Measurement Level" COUNT = "Frequency Count";
48349      title9 ' ';
MPRINT(EM_DIAGRAM):   title9 ' ';
48350      title10 "%sysfunc(sasmsg(sashelp.dmine, rpt_varSummary_title  , NOQUOTE))";
MPRINT(EM_DIAGRAM):   title10 "Variable Summary";
MPRINT(EM_DIAGRAM):   run;
48351      run;

NOTE: There were 9 observations read from the data set WORK.METAMETA.
NOTE: The PROCEDURE PRINT printed page 8.
NOTE: PROCEDURE PRINT used (Total process time):
      real time           0.00 seconds
      cpu time            0.00 seconds
      

48352      title10;
MPRINT(EM_DIAGRAM):   title10;
48353      data WORK.META_CHANGE;
MPRINT(EM_DIAGRAM):    data WORK.META_CHANGE;
48354      set EMWS1.Meta_VariableSet;
MPRINT(EM_DIAGRAM):   set EMWS1.Meta_VariableSet;
48355      where (NEWROLE ne "DEFAULT" and NEWROLE ne ROLE) or (NEWLEVEL ne "DEFAULT" and NEWLEVEL ne LEVEL) or (NEWREPORT ne "D" and NEWREPORT ne REPORT) or (NEWORDER ne "DEFAULT" and NEWORDER ne ORDER);
MPRINT(EM_DIAGRAM):   where (NEWROLE ne "DEFAULT" and NEWROLE ne ROLE) or (NEWLEVEL ne "DEFAULT" and NEWLEVEL ne LEVEL) or (NEWREPORT ne "D" and NEWREPORT ne REPORT) or (NEWORDER ne "DEFAULT" and NEWORDER ne ORDER);
48356      run;
MPRINT(EM_DIAGRAM):   run;

NOTE: There were 13 observations read from the data set EMWS1.META_VARIABLESET.
      WHERE ((NEWROLE not = 'DEFAULT') and (NEWROLE not = ROLE)) or ((NEWLEVEL not = 'DEFAULT') and (NEWLEVEL not = LEVEL)) or ((NEWREPORT not = 'D') and (NEWREPORT not = REPORT)) or ((NEWORDER not = 'DEFAULT') and (NEWORDER not = ORDER));
NOTE: The data set WORK.META_CHANGE has 13 observations and 26 variables.
NOTE: DATA statement used (Total process time):
      real time           0.01 seconds
      cpu time            0.00 seconds
      

48357      proc print data=WORK.META_CHANGE noobs label;
MPRINT(EM_DIAGRAM):    proc print data=WORK.META_CHANGE noobs label;
48358      var NAME LEVEL NEWLEVEL ROLE NEWROLE REPORT NEWREPORT ORDER NEWORDER CREATOR LABEL;
MPRINT(EM_DIAGRAM):   var NAME LEVEL NEWLEVEL ROLE NEWROLE REPORT NEWREPORT ORDER NEWORDER CREATOR LABEL;
48359      label NAME = "%sysfunc(sasmsg(sashelp.dmine, meta_name_vlabel,      NOQUOTE))" LEVEL = "%sysfunc(sasmsg(sashelp.dmine, meta_level_vlabel,     NOQUOTE))" NEWLEVEL = "%sysfunc(sasmsg(sashelp.dmine, meta_newlevel_vlabel,  NOQUOTE))" ROLE =
48360         "%sysfunc(sasmsg(sashelp.dmine, meta_role_vlabel,      NOQUOTE))" NEWROLE = "%sysfunc(sasmsg(sashelp.dmine, meta_newrole_vlabel,   NOQUOTE))" REPORT = "%sysfunc(sasmsg(sashelp.dmine, meta_report_vlabel,    NOQUOTE))" NEWREPORT =
48361         "%sysfunc(sasmsg(sashelp.dmine, meta_newreport_vlabel, NOQUOTE))" ORDER = "%sysfunc(sasmsg(sashelp.dmine, meta_order_vlabel,     NOQUOTE))" NEWORDER = "%sysfunc(sasmsg(sashelp.dmine, meta_neworder_vlabel,  NOQUOTE))" CREATOR =
48362         "%sysfunc(sasmsg(sashelp.dmine, meta_creator_vlabel,   NOQUOTE))" LABEL = "%sysfunc(sasmsg(sashelp.dmine, meta_label_vlabel,     NOQUOTE))";
MPRINT(EM_DIAGRAM):   label NAME = "Variable Name" LEVEL = "Measurement Level" NEWLEVEL = "New Level" ROLE = "Role" NEWROLE = "New Role" REPORT = "Report" NEWREPORT = "New Report" ORDER = "Order" NEWORDER = "New Order" CREATOR = "Creator" LABEL = "Label";
48363      title9 ' ';
MPRINT(EM_DIAGRAM):   title9 ' ';
48364      title10 "%sysfunc(sasmsg(sashelp.dmine, rpt_modattributes_title, NOQUOTE, DATA))";
MPRINT(EM_DIAGRAM):   title10 "Modified Attributes for DATA Port";
MPRINT(EM_DIAGRAM):   run;
48365      run;

NOTE: There were 13 observations read from the data set WORK.META_CHANGE.
NOTE: The PROCEDURE PRINT printed page 9.
NOTE: PROCEDURE PRINT used (Total process time):
      real time           0.01 seconds
      cpu time            0.03 seconds
      

48366      title10;
MPRINT(EM_DIAGRAM):   title10;
48367      proc print data=WORK.METASET1AM6HXB noobs label;
MPRINT(EM_DIAGRAM):    proc print data=WORK.METASET1AM6HXB noobs label;
48368      var NAME LEVEL ROLE CREATOR LABEL;
MPRINT(EM_DIAGRAM):   var NAME LEVEL ROLE CREATOR LABEL;
48369      label NAME = "%sysfunc(sasmsg(sashelp.dmine, meta_name_vlabel,      NOQUOTE))" LEVEL = "%sysfunc(sasmsg(sashelp.dmine, meta_level_vlabel,     NOQUOTE))" ROLE = "%sysfunc(sasmsg(sashelp.dmine, meta_role_vlabel,      NOQUOTE))" CREATOR =
48370         "%sysfunc(sasmsg(sashelp.dmine, meta_creator_vlabel,   NOQUOTE))" LABEL = "%sysfunc(sasmsg(sashelp.dmine, meta_label_vlabel,     NOQUOTE))";
MPRINT(EM_DIAGRAM):   label NAME = "Variable Name" LEVEL = "Measurement Level" ROLE = "Role" CREATOR = "Creator" LABEL = "Label";
48371      title9 ' ';
MPRINT(EM_DIAGRAM):   title9 ' ';
48372      title10 "%sysfunc(sasmsg(sashelp.dmine, rpt_hiddenvars_title, NOQUOTE, DATA))";
MPRINT(EM_DIAGRAM):   title10 "Hidden Variables for DATA Port";
MPRINT(EM_DIAGRAM):   run;
48373      run;

NOTE: There were 42 observations read from the data set WORK.METASET1AM6HXB.
NOTE: The PROCEDURE PRINT printed page 10.
NOTE: PROCEDURE PRINT used (Total process time):
      real time           0.01 seconds
      cpu time            0.00 seconds
      

48374      title10;
MPRINT(EM_DIAGRAM):   title10;
48375      %let EM_LIB=EMWS1;
48376      %em_path(NODEID=Meta, OUTDS=META_PREDECESSOR, NODES=PREDECESSOR);
MPRINT(EM_DIAGRAM):   
MPRINT(EM_PATH):   proc display c=sashelp.emutil.path.scl;
MPRINT(EM_PATH):   run;

48377      data META_PREDECESSOR;
MPRINT(EM_PATH):   data META_PREDECESSOR;
48378      length nodelabel $32 component $32;
MPRINT(EM_PATH):   length nodelabel $32 component $32;
48379      nodelabel="Trans";
MPRINT(EM_PATH):   nodelabel="Trans";
48380      component="Transform";
MPRINT(EM_PATH):   component="Transform";
48381      output;
MPRINT(EM_PATH):   output;
48382      run;
MPRINT(EM_PATH):   run;

NOTE: The data set WORK.META_PREDECESSOR has 1 observations and 2 variables.
NOTE: DATA statement used (Total process time):
      real time           0.00 seconds
      cpu time            0.00 seconds
      

NOTE: PROCEDURE DISPLAY used (Total process time):
      real time           0.03 seconds
      cpu time            0.00 seconds
      

MPRINT(EM_PATH):   
MPRINT(EM_DIAGRAM):  ;

48383      data EMWS1.Meta_CHOICE(rename=(role=Key dataset=Choice));
MPRINT(EM_DIAGRAM):    data EMWS1.Meta_CHOICE(rename=(role=Key dataset=Choice));
48384      retain Variable 'DATASET';
MPRINT(EM_DIAGRAM):   retain Variable 'DATASET';
48385      set
48386      EMWS1.Trans_exportset
48387      ;
MPRINT(EM_DIAGRAM):   set EMWS1.Trans_exportset ;
48388      where ROLE in('RAW', 'TRAIN', 'VALIDATE', 'TEST', 'SCORE', 'TRANSACTION') and export='Y';
MPRINT(EM_DIAGRAM):   where ROLE in('RAW', 'TRAIN', 'VALIDATE', 'TEST', 'SCORE', 'TRANSACTION') and export='Y';
48389      if ROLE in('RAW','TRAIN') then ROLE='TRAIN';
MPRINT(EM_DIAGRAM):   if ROLE in('RAW','TRAIN') then ROLE='TRAIN';
48390      drop export needupdate importport applydelta applyscore deltacode;
MPRINT(EM_DIAGRAM):   drop export needupdate importport applydelta applyscore deltacode;
48391      run;
MPRINT(EM_DIAGRAM):   run;

NOTE: There were 1 observations read from the data set EMWS1.TRANS_EXPORTSET.
      WHERE ROLE in ('RAW', 'SCORE', 'TEST', 'TRAIN', 'TRANSACTION', 'VALIDATE') and (export='Y');
NOTE: The data set EMWS1.META_CHOICE has 1 observations and 13 variables.
NOTE: DATA statement used (Total process time):
      real time           0.00 seconds
      cpu time            0.00 seconds
      

48392      data _null_;
MPRINT(EM_DIAGRAM):    data _null_;
48393      length string $200;
MPRINT(EM_DIAGRAM):   length string $200;
48394      set EMWS1.Meta_VariableSet;
MPRINT(EM_DIAGRAM):   set EMWS1.Meta_VariableSet;
48395      %inc #LN01304;
NOTE: %INCLUDE (level 1) file #LN01304 is file C:\Users\misil\Desktop\DM 2\Project\WarGameStore_sasProject\Workspaces\EMWS1\Meta\METACODE_DATA.sas.
48396     +*------------------------------------------------------------*;
MPRINT(EM_DIAGRAM):   *------------------------------------------------------------*;
48397     +* Metadata Changes;
MPRINT(EM_DIAGRAM):   * Metadata Changes;
48398     +*------------------------------------------------------------*;
MPRINT(EM_DIAGRAM):   *------------------------------------------------------------*;
48399     +if upcase(NAME) = "CHILDHOME" then ROLE="REJECTED";
MPRINT(EM_DIAGRAM):   if upcase(NAME) = "CHILDHOME" then ROLE="REJECTED";
48400     +if upcase(NAME) = "COMPLAIN" then ROLE="REJECTED";
MPRINT(EM_DIAGRAM):   if upcase(NAME) = "COMPLAIN" then ROLE="REJECTED";
48401     +if upcase(NAME) = "EDUCATION" then ROLE="REJECTED";
MPRINT(EM_DIAGRAM):   if upcase(NAME) = "EDUCATION" then ROLE="REJECTED";
48402     +if upcase(NAME) = "IMP_MNTBRANDA__MATERIAL" then ROLE="REJECTED";
MPRINT(EM_DIAGRAM):   if upcase(NAME) = "IMP_MNTBRANDA__MATERIAL" then ROLE="REJECTED";
48403     +if upcase(NAME) = "IMP_MNTSCENARIO" then ROLE="REJECTED";
MPRINT(EM_DIAGRAM):   if upcase(NAME) = "IMP_MNTSCENARIO" then ROLE="REJECTED";
48404     +if upcase(NAME) = "MNTMINIATURES" then ROLE="REJECTED";
MPRINT(EM_DIAGRAM):   if upcase(NAME) = "MNTMINIATURES" then ROLE="REJECTED";
48405     +if upcase(NAME) = "MNTPAINTING_MATERIAL" then ROLE="REJECTED";
MPRINT(EM_DIAGRAM):   if upcase(NAME) = "MNTPAINTING_MATERIAL" then ROLE="REJECTED";
48406     +if upcase(NAME) = "NUMSTOREPURCHASES" then ROLE="REJECTED";
MPRINT(EM_DIAGRAM):   if upcase(NAME) = "NUMSTOREPURCHASES" then ROLE="REJECTED";
48407     +if upcase(NAME) = "RANGE_IMP_INCOME" then ROLE="REJECTED";
MPRINT(EM_DIAGRAM):   if upcase(NAME) = "RANGE_IMP_INCOME" then ROLE="REJECTED";
48408     +if upcase(NAME) = "RANGE_MNT" then ROLE="REJECTED";
MPRINT(EM_DIAGRAM):   if upcase(NAME) = "RANGE_MNT" then ROLE="REJECTED";
48409     +if upcase(NAME) = "RANGE_NUMWEBVISITSMONTH" then ROLE="REJECTED";
MPRINT(EM_DIAGRAM):   if upcase(NAME) = "RANGE_NUMWEBVISITSMONTH" then ROLE="REJECTED";
48410     +if upcase(NAME) = "RANGE_AGE" then ROLE="REJECTED";
MPRINT(EM_DIAGRAM):   if upcase(NAME) = "RANGE_AGE" then ROLE="REJECTED";
48411     +if upcase(NAME) = "RANGE_LOYALTY" then ROLE="REJECTED";
MPRINT(EM_DIAGRAM):   if upcase(NAME) = "RANGE_LOYALTY" then ROLE="REJECTED";
NOTE: %INCLUDE (level 1) ending.
MPRINT(EM_DIAGRAM):   where ((ROLE ='REJECTED' and NEWROLE='DEFAULT') or (NEWROLE='REJECTED')) and HIDE='D' and HIDDEN='N';
MPRINT(EM_DIAGRAM):   file #LN01303;
MPRINT(EM_DIAGRAM):   if _N_ =1 then do;
48412      where ((ROLE ='REJECTED' and NEWROLE='DEFAULT') or (NEWROLE='REJECTED')) and HIDE='D' and HIDDEN='N';
MPRINT(EM_DIAGRAM):   put "*------------------------------------------------------------*;";
MPRINT(EM_DIAGRAM):   put '* Dropping REJECTED variables';
48413      file #LN01303;
MPRINT(EM_DIAGRAM):   put "*------------------------------------------------------------*;";
MPRINT(EM_DIAGRAM):   end;
48414      if _N_ =1 then do;
MPRINT(EM_DIAGRAM):   string ='if NAME="'!!strip(NAME)!!'" then delete;';
48415      put "*------------------------------------------------------------*;";
MPRINT(EM_DIAGRAM):   put string;
48416      put '* Dropping REJECTED variables';
MPRINT(EM_DIAGRAM):   run;
48417      put "*------------------------------------------------------------*;";
48418      end;
48419      string ='if NAME="'!!strip(NAME)!!'" then delete;';
48420      put string;
48421      run;

NOTE: The file #LN01303 is:
      Filename=C:\Users\misil\Desktop\DM 2\Project\WarGameStore_sasProject\Workspaces\EMWS1\Meta\HIDECODE_DATA.sas,
      RECFM=V,LRECL=32767,File Size (bytes)=0,
      Last Modified=02 June 2018 17:18:55 o'clock,
      Create Time=24 May 2018 20:57:23 o'clock

NOTE: 42 records were written to the file #LN01303.
      The minimum record length was 26.
      The maximum record length was 63.
NOTE: There were 39 observations read from the data set EMWS1.META_VARIABLESET.
      WHERE (((ROLE='REJECTED') and (NEWROLE='DEFAULT')) or (NEWROLE='REJECTED')) and (HIDE='D') and (HIDDEN='N');
NOTE: DATA statement used (Total process time):
      real time           0.00 seconds
      cpu time            0.01 seconds
      

48422      %let hiddenNum=0;
48423      data _null_;
MPRINT(EM_DIAGRAM):    data _null_;
48424      length string $200;
MPRINT(EM_DIAGRAM):   length string $200;
48425      set EMWS1.Meta_VariableSet end = eof;
MPRINT(EM_DIAGRAM):   set EMWS1.Meta_VariableSet end = eof;
48426      file #LN01305;
MPRINT(EM_DIAGRAM):   file #LN01305;
48427      where HIDDEN = 'Y' and HIDE = 'N';
MPRINT(EM_DIAGRAM):   where HIDDEN = 'Y' and HIDE = 'N';
48428      if _N_=1 then do;
MPRINT(EM_DIAGRAM):   if _N_=1 then do;
48429      put "*------------------------------------------------------------*;";
MPRINT(EM_DIAGRAM):   put "*------------------------------------------------------------*;";
48430      put '* Unhide Variables;';
MPRINT(EM_DIAGRAM):   put '* Unhide Variables;';
48431      put "*------------------------------------------------------------*;";
MPRINT(EM_DIAGRAM):   put "*------------------------------------------------------------*;";
48432      put 'length NAME $32 ROLE $32 LEVEL $10 ORDER $8 CREATOR $32 REPORT $1 FORMATTYPE $10';
MPRINT(EM_DIAGRAM):   put 'length NAME $32 ROLE $32 LEVEL $10 ORDER $8 CREATOR $32 REPORT $1 FORMATTYPE $10';
48433      put '       LABEL $200 FORMAT INFORMAT $36 INDEX $1 INDEXTYPE $9;';
MPRINT(EM_DIAGRAM):   put '       LABEL $200 FORMAT INFORMAT $36 INDEX $1 INDEXTYPE $9;';
48434      end;
MPRINT(EM_DIAGRAM):   end;
48435      string = 'NAME="'!!strip(NAME)!!'";';
MPRINT(EM_DIAGRAM):   string = 'NAME="'!!strip(NAME)!!'";';
48436      put string;
MPRINT(EM_DIAGRAM):   put string;
48437      if NEWROLE ne 'DEFAULT' then ROLE = NEWROLE;
MPRINT(EM_DIAGRAM):   if NEWROLE ne 'DEFAULT' then ROLE = NEWROLE;
48438      string = 'ROLE="'!!strip(ROLE)!!'";';
MPRINT(EM_DIAGRAM):   string = 'ROLE="'!!strip(ROLE)!!'";';
48439      put string;
MPRINT(EM_DIAGRAM):   put string;
48440      if NEWLEVEL ne 'DEFAULT' then LEVEL = NEWLEVEL;
MPRINT(EM_DIAGRAM):   if NEWLEVEL ne 'DEFAULT' then LEVEL = NEWLEVEL;
48441      string = 'LEVEL="'!!strip(LEVEL)!!'";';
MPRINT(EM_DIAGRAM):   string = 'LEVEL="'!!strip(LEVEL)!!'";';
48442      put string;
MPRINT(EM_DIAGRAM):   put string;
48443      if NEWREPORT ne 'D' then REPORT = NEWREPORT;
MPRINT(EM_DIAGRAM):   if NEWREPORT ne 'D' then REPORT = NEWREPORT;
48444      string = 'REPORT="'!!strip(REPORT)!!'";';
MPRINT(EM_DIAGRAM):   string = 'REPORT="'!!strip(REPORT)!!'";';
48445      put string;
MPRINT(EM_DIAGRAM):   put string;
48446      if NEWORDER ne 'DEFAULT' then ORDER = NEWORDER;
MPRINT(EM_DIAGRAM):   if NEWORDER ne 'DEFAULT' then ORDER = NEWORDER;
48447      string = 'ORDER="'!!strip(ORDER)!!'";';
MPRINT(EM_DIAGRAM):   string = 'ORDER="'!!strip(ORDER)!!'";';
48448      put string;
MPRINT(EM_DIAGRAM):   put string;
48449      string = 'CREATOR="'!!strip(CREATOR)!!'";';
MPRINT(EM_DIAGRAM):   string = 'CREATOR="'!!strip(CREATOR)!!'";';
48450      put string;
MPRINT(EM_DIAGRAM):   put string;
48451      string = 'FORMATTYPE="'!!strip(FORMATTYPE)!!'";';
MPRINT(EM_DIAGRAM):   string = 'FORMATTYPE="'!!strip(FORMATTYPE)!!'";';
48452      put string;
MPRINT(EM_DIAGRAM):   put string;
48453      string = 'TYPE="'!!strip(TYPE)!!'";';
MPRINT(EM_DIAGRAM):   string = 'TYPE="'!!strip(TYPE)!!'";';
48454      put string;
MPRINT(EM_DIAGRAM):   put string;
48455      string = 'LABEL="'!!strip(LABEL)!!'";';
MPRINT(EM_DIAGRAM):   string = 'LABEL="'!!strip(LABEL)!!'";';
48456      put string;
MPRINT(EM_DIAGRAM):   put string;
48457      string = 'FORMAT="'!!strip(FORMAT)!!'";';
MPRINT(EM_DIAGRAM):   string = 'FORMAT="'!!strip(FORMAT)!!'";';
48458      put string;
MPRINT(EM_DIAGRAM):   put string;
48459      string = 'INFORMAT="'!!strip(INFORMAT)!!'";';
MPRINT(EM_DIAGRAM):   string = 'INFORMAT="'!!strip(INFORMAT)!!'";';
48460      put string;
MPRINT(EM_DIAGRAM):   put string;
48461      string = 'INDEX="'!!strip(INDEX)!!'";';
MPRINT(EM_DIAGRAM):   string = 'INDEX="'!!strip(INDEX)!!'";';
48462      put string;
MPRINT(EM_DIAGRAM):   put string;
48463      string = 'INDEXTYPE="'!!strip(INDEXTYPE)!!'";';
MPRINT(EM_DIAGRAM):   string = 'INDEXTYPE="'!!strip(INDEXTYPE)!!'";';
48464      put string;
MPRINT(EM_DIAGRAM):   put string;
48465      string = 'LENGTH='!!strip(put(length, best.))!!';';
MPRINT(EM_DIAGRAM):   string = 'LENGTH='!!strip(put(length, best.))!!';';
48466      put string;
MPRINT(EM_DIAGRAM):   put string;
48467      put 'output;';
MPRINT(EM_DIAGRAM):   put 'output;';
48468      if eof then call symput('hiddenNum', '1');
MPRINT(EM_DIAGRAM):   if eof then call symput('hiddenNum', '1');
48469      run;
MPRINT(EM_DIAGRAM):   run;

NOTE: The file #LN01305 is:
      Filename=C:\Users\misil\Desktop\DM 2\Project\WarGameStore_sasProject\Workspaces\EMWS1\Meta\UNHIDECODE_DATA.sas,
      RECFM=V,LRECL=32767,File Size (bytes)=0,
      Last Modified=02 June 2018 17:18:55 o'clock,
      Create Time=02 June 2018 17:18:55 o'clock

NOTE: 0 records were written to the file #LN01305.
NOTE: There were 0 observations read from the data set EMWS1.META_VARIABLESET.
      WHERE (HIDDEN='Y') and (HIDE='N');
NOTE: DATA statement used (Total process time):
      real time           0.00 seconds
      cpu time            0.00 seconds
      

MPRINT(EM_DIAGRAM):    *------------------------------------------------------------*;
MPRINT(EM_DIAGRAM):   * Meta: Exporting results data sets from predecessor;
MPRINT(EM_DIAGRAM):   *------------------------------------------------------------*;
MPRINT(EM_DIAGRAM):   proc printto;
MPRINT(EM_DIAGRAM):   run;
