 
                                                                                                                                                                                                                                                                
 
 
Variable Summary

            Measurement    Frequency
Role           Level         Count

ASSESS       NOMINAL            1   
ID           INTERVAL           1   
INPUT        BINARY             2   
INPUT        INTERVAL          19   
INPUT        NOMINAL            2   
REJECTED     BINARY             5   
REJECTED     INTERVAL          18   
REJECTED     NOMINAL            6   
TARGET       BINARY             1   
 
                                                                                                                                                                                                                                                                
 
 
Modified Attributes for DATA Port

                           Measurement      New                                      New                 New
Variable Name                 Level        Level     Role     New Role    Report    Report    Order     Order     Creator    Label

Childhome                   BINARY        DEFAULT    INPUT    REJECTED      N         D                DEFAULT    EMCODE2                                  
Complain                    BINARY        DEFAULT    INPUT    REJECTED      N         D                DEFAULT               Complain                      
Education                   NOMINAL       DEFAULT    INPUT    REJECTED      N         D                DEFAULT               Education                     
IMP_MntBrandA__Material     INTERVAL      DEFAULT    INPUT    REJECTED      N         D                DEFAULT    Impt       Imputed: MntBrandA _Material  
IMP_MntScenario             INTERVAL      DEFAULT    INPUT    REJECTED      N         D                DEFAULT    Impt       Imputed: MntScenario          
MntMiniatures               INTERVAL      DEFAULT    INPUT    REJECTED      N         D                DEFAULT               MntMiniatures                 
MntPainting_Material        INTERVAL      DEFAULT    INPUT    REJECTED      N         D                DEFAULT               MntPainting_Material          
NumStorePurchases           INTERVAL      DEFAULT    INPUT    REJECTED      N         D                DEFAULT               NumStorePurchases             
RANGE_IMP_Income            INTERVAL      DEFAULT    INPUT    REJECTED      N         D                DEFAULT    Trans      Transformed: Imputed: Income  
RANGE_Mnt                   INTERVAL      DEFAULT    INPUT    REJECTED      N         D                DEFAULT    Trans      Transformed Mnt               
RANGE_NumWebVisitsMonth     INTERVAL      DEFAULT    INPUT    REJECTED      N         D                DEFAULT    Trans      Transformed: NumWebVisitsMonth
RANGE_age                   INTERVAL      DEFAULT    INPUT    REJECTED      N         D                DEFAULT    Trans      Transformed age               
RANGE_loyalty               INTERVAL      DEFAULT    INPUT    REJECTED      N         D                DEFAULT    Trans      Transformed loyalty           
 
                                                                                                                                                                                                                                                                
 
 
Hidden Variables for DATA Port

                           Measurement
Variable Name                 Level       Role        Creator    Label

AcceptedCmp1                BINARY        REJECTED               AcceptedCmp1                  
AcceptedCmp2                BINARY        REJECTED               AcceptedCmp2                  
AcceptedCmp3                BINARY        REJECTED               AcceptedCmp3                  
AcceptedCmp4                BINARY        REJECTED               AcceptedCmp4                  
AcceptedCmp5                BINARY        REJECTED               AcceptedCmp5                  
Childhome                   BINARY        INPUT       EMCODE2                                  
Complain                    BINARY        INPUT                  Complain                      
Dt_Customer                 INTERVAL      REJECTED               Dt_Customer                   
Education                   NOMINAL       INPUT                  Education                     
Element1                    NOMINAL       REJECTED               Element1                      
Element2                    NOMINAL       REJECTED               Element2                      
Element3                    NOMINAL       REJECTED               Element3                      
Element4                    NOMINAL       REJECTED               Element4                      
Element5                    NOMINAL       REJECTED               Element5                      
Frq                         INTERVAL      REJECTED    EMCODE2                                  
Group                       NOMINAL       REJECTED               Group                         
IMP_Income                  INTERVAL      REJECTED    Impt       Imputed: Income               
IMP_MntBrandA__Material     INTERVAL      INPUT       Impt       Imputed: MntBrandA _Material  
IMP_MntScenario             INTERVAL      INPUT       Impt       Imputed: MntScenario          
Income                      INTERVAL      REJECTED               Income                        
Kidhome                     INTERVAL      REJECTED               Kidhome                       
Mnt                         INTERVAL      REJECTED    EMCODE2                                  
MntBrandA__Material         INTERVAL      REJECTED                                             
MntMiniatures               INTERVAL      INPUT                  MntMiniatures                 
MntPainting_Material        INTERVAL      INPUT                  MntPainting_Material          
MntScenario                 INTERVAL      REJECTED               MntScenario                   
NumStorePurchases           INTERVAL      INPUT                  NumStorePurchases             
NumWebVisitsMonth           INTERVAL      REJECTED               NumWebVisitsMonth             
RANGE_IMP_Income            INTERVAL      INPUT       Trans      Transformed: Imputed: Income  
RANGE_Mnt                   INTERVAL      INPUT       Trans      Transformed Mnt               
RANGE_NumWebVisitsMonth     INTERVAL      INPUT       Trans      Transformed: NumWebVisitsMonth
RANGE_age                   INTERVAL      INPUT       Trans      Transformed age               
RANGE_loyalty               INTERVAL      INPUT       Trans      Transformed loyalty           
Recency                     INTERVAL      REJECTED               Recency                       
Teenhome                    INTERVAL      REJECTED               Teenhome                      
Year_Birth                  INTERVAL      REJECTED               Year_Birth                    
Z_CostContact               INTERVAL      REJECTED               Z_CostContact                 
Z_Revenue                   INTERVAL      REJECTED               Z_Revenue                     
age                         INTERVAL      REJECTED    EMCODE2                                  
average_purchase            INTERVAL      REJECTED    EMCODE2                                  
campaign_acceptance         INTERVAL      REJECTED    EMCODE2                                  
loyalty                     INTERVAL      REJECTED    EMCODE2                                  
