 
                                                                                               
 
 
Model Events

                                  Number
                   Measurement      of
Target    Event       Level       Levels      Order       Label

DepVar      1        BINARY          2      Descending    DepVar
 
                                                                                               
 
 
Predicted and decision variables

Type         Variable     Label

TARGET       DepVar       DepVar             
PREDICTED    P_DepVar1    Predicted: DepVar=1
RESIDUAL     R_DepVar1    Residual: DepVar=1 
PREDICTED    P_DepVar0    Predicted: DepVar=0
RESIDUAL     R_DepVar0    Residual: DepVar=0 
FROM         F_DepVar     From: DepVar       
INTO         I_DepVar     Into: DepVar       
 
                                                                                               
 
Group Summary

Group                     Frequency
Index        Group          Count

   1     ^(cv_var =1)         2197 
   2     ^(cv_var =2)         2196 
   3     ^(cv_var =3)         2189 
   4     ^(cv_var =4)         2214 
   5     ^(cv_var =5)         2191 
   6     ^(cv_var =6)         2178 
   7     ^(cv_var =7)         2192 
   8     ^(cv_var =8)         2194 
   9     ^(cv_var =9)         2199 
  10     ^(cv_var =10)        2183 
 
                                                                                               
 
 
Fit Statistics

Group=^(cv_var =1) Target=DepVar Target Label=DepVar

   Fit
Statistics    Statistics Label                     Train

 _DFT_        Total Degrees of Freedom           2203.00
 _DFE_        Degrees of Freedom for Error       2082.00
 _DFM_        Model Degrees of Freedom            121.00
 _NW_         Number of Estimated Weights         121.00
 _AIC_        Akaike's Information Criterion      475.25
 _SBC_        Schwarz's Bayesian Criterion       1164.66
 _ASE_        Average Squared Error                 0.02
 _MAX_        Maximum Absolute Error                1.00
 _DIV_        Divisor for ASE                    4406.00
 _NOBS_       Sum of Frequencies                 2203.00
 _RASE_       Root Average Squared Error            0.12
 _SSE_        Sum of Squared Errors                67.47
 _SUMW_       Sum of Case Weights Times Freq     4406.00
 _FPE_        Final Prediction Error                0.02
 _MSE_        Mean Squared Error                    0.02
 _RFPE_       Root Final Prediction Error           0.13
 _RMSE_       Root Mean Squared Error               0.13
 _AVERR_      Average Error Function                0.05
 _ERR_        Error Function                      233.25
 _MISC_       Misclassification Rate                0.02
 _WRONG_      Number of Wrong Classifications      46.00


Group=^(cv_var =2) Target=DepVar Target Label=DepVar

   Fit
Statistics    Statistics Label                     Train

 _DFT_        Total Degrees of Freedom           2197.00
 _DFE_        Degrees of Freedom for Error       2076.00
 _DFM_        Model Degrees of Freedom            121.00
 _NW_         Number of Estimated Weights         121.00
 _AIC_        Akaike's Information Criterion      426.64
 _SBC_        Schwarz's Bayesian Criterion       1115.72
 _ASE_        Average Squared Error                 0.01
 _MAX_        Maximum Absolute Error                1.00
 _DIV_        Divisor for ASE                    4394.00
 _NOBS_       Sum of Frequencies                 2197.00
 _RASE_       Root Average Squared Error            0.11
 _SSE_        Sum of Squared Errors                56.18
 _SUMW_       Sum of Case Weights Times Freq     4394.00
 _FPE_        Final Prediction Error                0.01
 _MSE_        Mean Squared Error                    0.01
 _RFPE_       Root Final Prediction Error           0.12
 _RMSE_       Root Mean Squared Error               0.12
 _AVERR_      Average Error Function                0.04
 _ERR_        Error Function                      184.64
 _MISC_       Misclassification Rate                0.02
 _WRONG_      Number of Wrong Classifications      40.00


Group=^(cv_var =3) Target=DepVar Target Label=DepVar

   Fit
Statistics    Statistics Label                     Train

 _DFT_        Total Degrees of Freedom           2178.00
 _DFE_        Degrees of Freedom for Error       2057.00
 _DFM_        Model Degrees of Freedom            121.00
 _NW_         Number of Estimated Weights         121.00
 _AIC_        Akaike's Information Criterion      435.19
 _SBC_        Schwarz's Bayesian Criterion       1123.22
 _ASE_        Average Squared Error                 0.01
 _MAX_        Maximum Absolute Error                1.00
 _DIV_        Divisor for ASE                    4356.00
 _NOBS_       Sum of Frequencies                 2178.00
 _RASE_       Root Average Squared Error            0.11
 _SSE_        Sum of Squared Errors                57.17
 _SUMW_       Sum of Case Weights Times Freq     4356.00
 _FPE_        Final Prediction Error                0.01
 _MSE_        Mean Squared Error                    0.01
 _RFPE_       Root Final Prediction Error           0.12
 _RMSE_       Root Mean Squared Error               0.12
 _AVERR_      Average Error Function                0.04
 _ERR_        Error Function                      193.19
 _MISC_       Misclassification Rate                0.02
 _WRONG_      Number of Wrong Classifications      37.00


Group=^(cv_var =4) Target=DepVar Target Label=DepVar

   Fit
Statistics    Statistics Label                     Train

 _DFT_        Total Degrees of Freedom           2179.00
 _DFE_        Degrees of Freedom for Error       2058.00
 _DFM_        Model Degrees of Freedom            121.00
 _NW_         Number of Estimated Weights         121.00
 _AIC_        Akaike's Information Criterion      416.42
 _SBC_        Schwarz's Bayesian Criterion       1104.50
 _ASE_        Average Squared Error                 0.01
 _MAX_        Maximum Absolute Error                0.95
 _DIV_        Divisor for ASE                    4358.00
 _NOBS_       Sum of Frequencies                 2179.00
 _RASE_       Root Average Squared Error            0.11
 _SSE_        Sum of Squared Errors                53.68
 _SUMW_       Sum of Case Weights Times Freq     4358.00
 _FPE_        Final Prediction Error                0.01
 _MSE_        Mean Squared Error                    0.01
 _RFPE_       Root Final Prediction Error           0.12
 _RMSE_       Root Mean Squared Error               0.11
 _AVERR_      Average Error Function                0.04
 _ERR_        Error Function                      174.42
 _MISC_       Misclassification Rate                0.01
 _WRONG_      Number of Wrong Classifications      32.00


Group=^(cv_var =5) Target=DepVar Target Label=DepVar

   Fit
Statistics    Statistics Label                     Train

 _DFT_        Total Degrees of Freedom           2192.00
 _DFE_        Degrees of Freedom for Error       2071.00
 _DFM_        Model Degrees of Freedom            121.00
 _NW_         Number of Estimated Weights         121.00
 _AIC_        Akaike's Information Criterion      434.44
 _SBC_        Schwarz's Bayesian Criterion       1123.24
 _ASE_        Average Squared Error                 0.01
 _MAX_        Maximum Absolute Error                0.98
 _DIV_        Divisor for ASE                    4384.00
 _NOBS_       Sum of Frequencies                 2192.00
 _RASE_       Root Average Squared Error            0.11
 _SSE_        Sum of Squared Errors                56.57
 _SUMW_       Sum of Case Weights Times Freq     4384.00
 _FPE_        Final Prediction Error                0.01
 _MSE_        Mean Squared Error                    0.01
 _RFPE_       Root Final Prediction Error           0.12
 _RMSE_       Root Mean Squared Error               0.12
 _AVERR_      Average Error Function                0.04
 _ERR_        Error Function                      192.44
 _MISC_       Misclassification Rate                0.02
 _WRONG_      Number of Wrong Classifications      35.00


Group=^(cv_var =6) Target=DepVar Target Label=DepVar

   Fit
Statistics    Statistics Label                     Train

 _DFT_        Total Degrees of Freedom           2202.00
 _DFE_        Degrees of Freedom for Error       2081.00
 _DFM_        Model Degrees of Freedom            121.00
 _NW_         Number of Estimated Weights         121.00
 _AIC_        Akaike's Information Criterion      431.34
 _SBC_        Schwarz's Bayesian Criterion       1120.69
 _ASE_        Average Squared Error                 0.01
 _MAX_        Maximum Absolute Error                0.97
 _DIV_        Divisor for ASE                    4404.00
 _NOBS_       Sum of Frequencies                 2202.00
 _RASE_       Root Average Squared Error            0.11
 _SSE_        Sum of Squared Errors                55.61
 _SUMW_       Sum of Case Weights Times Freq     4404.00
 _FPE_        Final Prediction Error                0.01
 _MSE_        Mean Squared Error                    0.01
 _RFPE_       Root Final Prediction Error           0.12
 _RMSE_       Root Mean Squared Error               0.12
 _AVERR_      Average Error Function                0.04
 _ERR_        Error Function                      189.34
 _MISC_       Misclassification Rate                0.01
 _WRONG_      Number of Wrong Classifications      32.00


Group=^(cv_var =7) Target=DepVar Target Label=DepVar

   Fit
Statistics    Statistics Label                     Train

 _DFT_        Total Degrees of Freedom           2197.00
 _DFE_        Degrees of Freedom for Error       2076.00
 _DFM_        Model Degrees of Freedom            121.00
 _NW_         Number of Estimated Weights         121.00
 _AIC_        Akaike's Information Criterion      400.94
 _SBC_        Schwarz's Bayesian Criterion       1090.01
 _ASE_        Average Squared Error                 0.01
 _MAX_        Maximum Absolute Error                1.00
 _DIV_        Divisor for ASE                    4394.00
 _NOBS_       Sum of Frequencies                 2197.00
 _RASE_       Root Average Squared Error            0.10
 _SSE_        Sum of Squared Errors                46.94
 _SUMW_       Sum of Case Weights Times Freq     4394.00
 _FPE_        Final Prediction Error                0.01
 _MSE_        Mean Squared Error                    0.01
 _RFPE_       Root Final Prediction Error           0.11
 _RMSE_       Root Mean Squared Error               0.11
 _AVERR_      Average Error Function                0.04
 _ERR_        Error Function                      158.94
 _MISC_       Misclassification Rate                0.01
 _WRONG_      Number of Wrong Classifications      31.00


Group=^(cv_var =8) Target=DepVar Target Label=DepVar

   Fit
Statistics    Statistics Label                     Train

 _DFT_        Total Degrees of Freedom           2216.00
 _DFE_        Degrees of Freedom for Error       2095.00
 _DFM_        Model Degrees of Freedom            121.00
 _NW_         Number of Estimated Weights         121.00
 _AIC_        Akaike's Information Criterion      409.45
 _SBC_        Schwarz's Bayesian Criterion       1099.57
 _ASE_        Average Squared Error                 0.01
 _MAX_        Maximum Absolute Error                1.00
 _DIV_        Divisor for ASE                    4432.00
 _NOBS_       Sum of Frequencies                 2216.00
 _RASE_       Root Average Squared Error            0.10
 _SSE_        Sum of Squared Errors                48.03
 _SUMW_       Sum of Case Weights Times Freq     4432.00
 _FPE_        Final Prediction Error                0.01
 _MSE_        Mean Squared Error                    0.01
 _RFPE_       Root Final Prediction Error           0.11
 _RMSE_       Root Mean Squared Error               0.11
 _AVERR_      Average Error Function                0.04
 _ERR_        Error Function                      167.45
 _MISC_       Misclassification Rate                0.02
 _WRONG_      Number of Wrong Classifications      34.00


Group=^(cv_var =9) Target=DepVar Target Label=DepVar

   Fit
Statistics    Statistics Label                     Train

 _DFT_        Total Degrees of Freedom           2219.00
 _DFE_        Degrees of Freedom for Error       2098.00
 _DFM_        Model Degrees of Freedom            121.00
 _NW_         Number of Estimated Weights         121.00
 _AIC_        Akaike's Information Criterion      408.06
 _SBC_        Schwarz's Bayesian Criterion       1098.34
 _ASE_        Average Squared Error                 0.01
 _MAX_        Maximum Absolute Error                1.00
 _DIV_        Divisor for ASE                    4438.00
 _NOBS_       Sum of Frequencies                 2219.00
 _RASE_       Root Average Squared Error            0.10
 _SSE_        Sum of Squared Errors                48.58
 _SUMW_       Sum of Case Weights Times Freq     4438.00
 _FPE_        Final Prediction Error                0.01
 _MSE_        Mean Squared Error                    0.01
 _RFPE_       Root Final Prediction Error           0.11
 _RMSE_       Root Mean Squared Error               0.11
 _AVERR_      Average Error Function                0.04
 _ERR_        Error Function                      166.06
 _MISC_       Misclassification Rate                0.01
 _WRONG_      Number of Wrong Classifications      31.00


Group=^(cv_var =10) Target=DepVar Target Label=DepVar

   Fit
Statistics    Statistics Label                     Train

 _DFT_        Total Degrees of Freedom           2179.00
 _DFE_        Degrees of Freedom for Error       2058.00
 _DFM_        Model Degrees of Freedom            121.00
 _NW_         Number of Estimated Weights         121.00
 _AIC_        Akaike's Information Criterion      413.86
 _SBC_        Schwarz's Bayesian Criterion       1101.94
 _ASE_        Average Squared Error                 0.01
 _MAX_        Maximum Absolute Error                1.00
 _DIV_        Divisor for ASE                    4358.00
 _NOBS_       Sum of Frequencies                 2179.00
 _RASE_       Root Average Squared Error            0.10
 _SSE_        Sum of Squared Errors                47.32
 _SUMW_       Sum of Case Weights Times Freq     4358.00
 _FPE_        Final Prediction Error                0.01
 _MSE_        Mean Squared Error                    0.01
 _RFPE_       Root Final Prediction Error           0.11
 _RMSE_       Root Mean Squared Error               0.11
 _AVERR_      Average Error Function                0.04
 _ERR_        Error Function                      171.86
 _MISC_       Misclassification Rate                0.02
 _WRONG_      Number of Wrong Classifications      38.00


Group=_OVERALL_ Target=DepVar Target Label=DepVar

   Fit
Statistics    Statistics Label                     Train

 _ASE_        Average Squared Error                 0.02
 _DIV_        Divisor for ASE                    4874.00
 _MAX_        Maximum Absolute Error                1.00
 _NOBS_       Sum of Frequencies                 2437.00
 _RASE_       Root Average Squared Error            0.13
 _SSE_        Sum of Squared Errors                82.88
 _DISF_       Frequency of Classified Cases      2437.00
 _MISC_       Misclassification Rate                0.02
 _WRONG_      Number of Wrong Classifications      54.00
 
                                                                                               
 
 
Classification Table

Data Role=TRAIN Group=^(cv_var =1) Target Variable=DepVar Target Label=DepVar

                       Target        Outcome     Frequency       Total
Target    Outcome    Percentage    Percentage      Count      Percentage

  0          0         98.6911       98.8982        1885        85.5651 
  1          0          1.3089        8.4175          25         1.1348 
  0          1          7.1672        1.1018          21         0.9532 
  1          1         92.8328       91.5825         272        12.3468 


Data Role=TRAIN Group=^(cv_var =10) Target Variable=DepVar Target Label=DepVar

                       Target        Outcome     Frequency       Total
Target    Outcome    Percentage    Percentage      Count      Percentage

  0          0         98.7824       99.2026        1866        85.6356 
  1          0          1.2176        7.7181          23         1.0555 
  0          1          5.1724        0.7974          15         0.6884 
  1          1         94.8276       92.2819         275        12.6205 


Data Role=TRAIN Group=^(cv_var =2) Target Variable=DepVar Target Label=DepVar

                       Target        Outcome     Frequency       Total
Target    Outcome    Percentage    Percentage      Count      Percentage

  0          0         99.1539       98.7362        1875        85.3437 
  1          0          0.8461        5.3691          16         0.7283 
  0          1          7.8431        1.2638          24         1.0924 
  1          1         92.1569       94.6309         282        12.8357 


Data Role=TRAIN Group=^(cv_var =3) Target Variable=DepVar Target Label=DepVar

                       Target        Outcome     Frequency       Total
Target    Outcome    Percentage    Percentage      Count      Percentage

  0          0         98.7831       99.2557        1867        85.7208 
  1          0          1.2169        7.7441          23         1.0560 
  0          1          4.8611        0.7443          14         0.6428 
  1          1         95.1389       92.2559         274        12.5803 


Data Role=TRAIN Group=^(cv_var =4) Target Variable=DepVar Target Label=DepVar

                       Target        Outcome     Frequency       Total
Target    Outcome    Percentage    Percentage      Count      Percentage

  0          0         99.0486       99.2585        1874        86.0028 
  1          0          0.9514        6.1856          18         0.8261 
  0          1          4.8780        0.7415          14         0.6425 
  1          1         95.1220       93.8144         273        12.5287 


Data Role=TRAIN Group=^(cv_var =5) Target Variable=DepVar Target Label=DepVar

                       Target        Outcome     Frequency       Total
Target    Outcome    Percentage    Percentage      Count      Percentage

  0          0         98.9995       99.1561        1880        85.7664 
  1          0          1.0005        6.4189          19         0.8668 
  0          1          5.4608        0.8439          16         0.7299 
  1          1         94.5392       93.5811         277        12.6369 


Data Role=TRAIN Group=^(cv_var =6) Target Variable=DepVar Target Label=DepVar

                       Target        Outcome     Frequency       Total
Target    Outcome    Percentage    Percentage      Count      Percentage

  0          0         99.1099       99.2138        1893        85.9673 
  1          0          0.8901        5.7823          17         0.7720 
  0          1          5.1370        0.7862          15         0.6812 
  1          1         94.8630       94.2177         277        12.5795 


Data Role=TRAIN Group=^(cv_var =7) Target Variable=DepVar Target Label=DepVar

                       Target        Outcome     Frequency       Total
Target    Outcome    Percentage    Percentage      Count      Percentage

  0          0         99.2080       99.1557        1879        85.5257 
  1          0          0.7920        4.9669          15         0.6827 
  0          1          5.2805        0.8443          16         0.7283 
  1          1         94.7195       95.0331         287        13.0633 


Data Role=TRAIN Group=^(cv_var =8) Target Variable=DepVar Target Label=DepVar

                       Target        Outcome     Frequency       Total
Target    Outcome    Percentage    Percentage      Count      Percentage

  0          0         99.0566       99.1605        1890        85.2888 
  1          0          0.9434        5.8065          18         0.8123 
  0          1          5.1948        0.8395          16         0.7220 
  1          1         94.8052       94.1935         292        13.1769 


Data Role=TRAIN Group=^(cv_var =9) Target Variable=DepVar Target Label=DepVar

                       Target        Outcome     Frequency       Total
Target    Outcome    Percentage    Percentage      Count      Percentage

  0          0         99.1160       99.2708        1906        85.8945 
  1          0          0.8840        5.6856          17         0.7661 
  0          1          4.7297        0.7292          14         0.6309 
  1          1         95.2703       94.3144         282        12.7084 


Data Role=TRAIN Group=_OVERALL_ Target Variable=DepVar Target Label=DepVar

                       Target        Outcome     Frequency       Total
Target    Outcome    Percentage    Percentage      Count      Percentage

  0          0         98.8577       98.7637        2077        85.2277 
  1          0          1.1423        7.1856          24         0.9848 
  0          1          7.7381        1.2363          26         1.0669 
  1          1         92.2619       92.8144         310        12.7206 
 
                                                                                               
 
 
Event Classification Table

Data Role=TRAIN Group=^(cv_var =1) Target=DepVar Target Label=DepVar

  False       True        False       True       Group
Negative    Negative    Positive    Positive     Index

   25         1885         21          272           1


Data Role=TRAIN Group=^(cv_var =2) Target=DepVar Target Label=DepVar

  False       True        False       True       Group
Negative    Negative    Positive    Positive     Index

   16         1875         24          282           2


Data Role=TRAIN Group=^(cv_var =3) Target=DepVar Target Label=DepVar

  False       True        False       True       Group
Negative    Negative    Positive    Positive     Index

   23         1867         14          274           3


Data Role=TRAIN Group=^(cv_var =4) Target=DepVar Target Label=DepVar

  False       True        False       True       Group
Negative    Negative    Positive    Positive     Index

   18         1874         14          273           4


Data Role=TRAIN Group=^(cv_var =5) Target=DepVar Target Label=DepVar

  False       True        False       True       Group
Negative    Negative    Positive    Positive     Index

   19         1880         16          277           5


Data Role=TRAIN Group=^(cv_var =6) Target=DepVar Target Label=DepVar

  False       True        False       True       Group
Negative    Negative    Positive    Positive     Index

   17         1893         15          277           6


Data Role=TRAIN Group=^(cv_var =7) Target=DepVar Target Label=DepVar

  False       True        False       True       Group
Negative    Negative    Positive    Positive     Index

   15         1879         16          287           7


Data Role=TRAIN Group=^(cv_var =8) Target=DepVar Target Label=DepVar

  False       True        False       True       Group
Negative    Negative    Positive    Positive     Index

   18         1890         16          292           8


Data Role=TRAIN Group=^(cv_var =9) Target=DepVar Target Label=DepVar

  False       True        False       True       Group
Negative    Negative    Positive    Positive     Index

   17         1906         14          282           9


Data Role=TRAIN Group=^(cv_var =10) Target=DepVar Target Label=DepVar

  False       True        False       True       Group
Negative    Negative    Positive    Positive     Index

   23         1866         15          275          10


Data Role=TRAIN Group=_OVERALL_ Target=DepVar Target Label=DepVar

  False       True        False       True       Group
Negative    Negative    Positive    Positive     Index

   24         2077         26          310          11
 
                                                                                               
 
 
Assessment Score Rankings

Data Role=TRAIN Group=^(cv_var =1) Target Variable=DepVar Target Label=DepVar

                                                                                    Mean
                            Cumulative       %      Cumulative     Number of     Posterior
Depth      Gain     Lift       Lift      Response   % Response   Observations   Probability

   5    641.751   7.41751     7.41751     100.000     100.000         111         0.99991  
  10    631.682   7.21521     7.31682      97.273      98.643         110         0.98008  
  15    538.668   4.51794     6.38668      60.909      86.103         110         0.60957  
  20    394.501   0.60689     4.94501       8.182      66.667         110         0.09839  
  25    299.819   0.20230     3.99819       2.727      53.902         110         0.00571  
  30    233.283   0.00000     3.33283       0.000      44.932         110         0.00039  
  35    185.363   0.00000     2.85363       0.000      38.472         111         0.00006  
  40    149.773   0.00000     2.49773       0.000      33.673         110         0.00001  
  45    122.077   0.00000     2.22077       0.000      29.940         110         0.00000  
  50     99.909   0.00000     1.99909       0.000      26.951         110         0.00000  
  55     81.766   0.00000     1.81766       0.000      24.505         110         0.00000  
  60     66.641   0.00000     1.66641       0.000      22.466         110         0.00000  
  65     53.841   0.00000     1.53841       0.000      20.740         110         0.00000  
  70     42.774   0.00000     1.42774       0.000      19.248         111         0.00000  
  75     33.273   0.00000     1.33273       0.000      17.967         110         0.00000  
  80     24.957   0.00000     1.24957       0.000      16.846         110         0.00000  
  85     17.619   0.00000     1.17619       0.000      15.857         110         0.00000  
  90     11.094   0.00000     1.11094       0.000      14.977         110         0.00000  
  95      5.256   0.00000     1.05256       0.000      14.190         110         0.00000  
 100      0.000   0.00000     1.00000       0.000      13.482         110         0.00000  


Data Role=TRAIN Group=^(cv_var =2) Target Variable=DepVar Target Label=DepVar

                                                                                    Mean
                            Cumulative       %      Cumulative     Number of     Posterior
Depth      Gain     Lift       Lift      Response   % Response   Observations   Probability

   5    637.248   7.37248     7.37248     100.000     100.000         110         1.00000  
  10    633.897   7.30546     7.33897      99.091      99.545         110         0.99290  
  15    547.885   4.75860     6.47885      64.545      87.879         110         0.63780  
  20    397.643   0.46916     4.97643       6.364      67.500         110         0.07333  
  25    299.455   0.06702     3.99455       0.909      54.182         110         0.00062  
  30    232.879   0.00000     3.32879       0.000      45.152         110         0.00001  
  35    185.696   0.00000     2.85696       0.000      38.752         109         0.00000  
  40    149.943   0.00000     2.49943       0.000      33.902         110         0.00000  
  45    122.144   0.00000     2.22144       0.000      30.131         110         0.00000  
  50     99.909   0.00000     1.99909       0.000      27.116         110         0.00000  
  55     81.720   0.00000     1.81720       0.000      24.648         110         0.00000  
  60     66.566   0.00000     1.66566       0.000      22.593         110         0.00000  
  65     53.744   0.00000     1.53744       0.000      20.854         110         0.00000  
  70     42.848   0.00000     1.42848       0.000      19.376         109         0.00000  
  75     33.313   0.00000     1.33313       0.000      18.083         110         0.00000  
  80     24.972   0.00000     1.24972       0.000      16.951         110         0.00000  
  85     17.612   0.00000     1.17612       0.000      15.953         110         0.00000  
  90     11.072   0.00000     1.11072       0.000      15.066         110         0.00000  
  95      5.220   0.00000     1.05220       0.000      14.272         110         0.00000  
 100      0.000   0.00000     1.00000       0.000      13.564         109         0.00000  


Data Role=TRAIN Group=^(cv_var =3) Target Variable=DepVar Target Label=DepVar

                                                                                    Mean
                            Cumulative       %      Cumulative     Number of     Posterior
Depth      Gain     Lift       Lift      Response   % Response   Observations   Probability

   5    633.333   7.33333     7.33333     100.000     100.000         109         0.99996  
  10    629.969   7.26606     7.29969      99.083      99.541         109         0.98599  
  15    543.629   4.70948     6.43629      64.220      87.768         109         0.63923  
  20    399.541   0.67278     4.99541       9.174      68.119         109         0.10383  
  25    299.633   0.00000     3.99633       0.000      54.495         109         0.00392  
  30    233.028   0.00000     3.33028       0.000      45.413         109         0.00013  
  35    185.452   0.00000     2.85452       0.000      38.925         109         0.00001  
  40    149.771   0.00000     2.49771       0.000      34.060         109         0.00000  
  45    122.018   0.00000     2.22018       0.000      30.275         109         0.00000  
  50    100.000   0.00000     2.00000       0.000      27.273         108         0.00000  
  55     81.803   0.00000     1.81803       0.000      24.791         109         0.00000  
  60     66.641   0.00000     1.66641       0.000      22.724         109         0.00000  
  65     53.814   0.00000     1.53814       0.000      20.975         109         0.00000  
  70     42.820   0.00000     1.42820       0.000      19.475         109         0.00000  
  75     33.293   0.00000     1.33293       0.000      18.176         109         0.00000  
  80     24.957   0.00000     1.24957       0.000      17.040         109         0.00000  
  85     17.603   0.00000     1.17603       0.000      16.037         109         0.00000  
  90     11.066   0.00000     1.11066       0.000      15.145         109         0.00000  
  95      5.217   0.00000     1.05217       0.000      14.348         109         0.00000  
 100      0.000   0.00000     1.00000       0.000      13.636         108         0.00000  


Data Role=TRAIN Group=^(cv_var =4) Target Variable=DepVar Target Label=DepVar

                                                                                    Mean
                            Cumulative       %      Cumulative     Number of     Posterior
Depth      Gain     Lift       Lift      Response   % Response   Observations   Probability

   5    648.797   7.48797     7.48797     100.000     100.000         109         1.00000  
  10    641.928   7.35058     7.41928      98.165      99.083         109         0.98488  
  15    550.332   4.67140     6.50332      62.385      86.850         109         0.61786  
  20    399.771   0.48088     4.99771       6.422      66.743         109         0.07862  
  25    299.817   0.00000     3.99817       0.000      53.394         109         0.00121  
  30    233.180   0.00000     3.33180       0.000      44.495         109         0.00003  
  35    185.583   0.00000     2.85583       0.000      38.139         109         0.00000  
  40    149.885   0.00000     2.49885       0.000      33.372         109         0.00000  
  45    122.120   0.00000     2.22120       0.000      29.664         109         0.00000  
  50     99.908   0.00000     1.99908       0.000      26.697         109         0.00000  
  55     81.735   0.00000     1.81735       0.000      24.270         109         0.00000  
  60     66.590   0.00000     1.66590       0.000      22.248         109         0.00000  
  65     53.776   0.00000     1.53776       0.000      20.536         109         0.00000  
  70     42.792   0.00000     1.42792       0.000      19.069         109         0.00000  
  75     33.272   0.00000     1.33272       0.000      17.798         109         0.00000  
  80     24.943   0.00000     1.24943       0.000      16.686         109         0.00000  
  85     17.593   0.00000     1.17593       0.000      15.704         109         0.00000  
  90     11.060   0.00000     1.11060       0.000      14.832         109         0.00000  
  95      5.215   0.00000     1.05215       0.000      14.051         109         0.00000  
 100      0.000   0.00000     1.00000       0.000      13.355         108         0.00000  


Data Role=TRAIN Group=^(cv_var =5) Target Variable=DepVar Target Label=DepVar

                                                                                    Mean
                            Cumulative       %      Cumulative     Number of     Posterior
Depth      Gain     Lift       Lift      Response   % Response   Observations   Probability

   5    640.541   7.40541     7.40541     100.000     100.000         110         1.00000  
  10    627.076   7.13612     7.27076      96.364      98.182         110         0.97478  
  15    546.003   4.82370     6.46003      65.138      87.234         109         0.62128  
  20    399.317   0.60590     4.99317       8.182      67.426         110         0.10118  
  25    300.000   0.00000     4.00000       0.000      54.015         109         0.00262  
  30    233.131   0.00000     3.33131       0.000      44.985         110         0.00005  
  35    185.417   0.00000     2.85417       0.000      38.542         110         0.00000  
  40    149.943   0.00000     2.49943       0.000      33.751         109         0.00000  
  45    122.087   0.00000     2.22087       0.000      29.990         110         0.00000  
  50    100.000   0.00000     2.00000       0.000      27.007         109         0.00000  
  55     81.758   0.00000     1.81758       0.000      24.544         110         0.00000  
  60     66.565   0.00000     1.66565       0.000      22.492         110         0.00000  
  65     53.825   0.00000     1.53825       0.000      20.772         109         0.00000  
  70     42.801   0.00000     1.42801       0.000      19.283         110         0.00000  
  75     33.333   0.00000     1.33333       0.000      18.005         109         0.00000  
  80     24.971   0.00000     1.24971       0.000      16.876         110         0.00000  
  85     17.597   0.00000     1.17597       0.000      15.880         110         0.00000  
  90     11.100   0.00000     1.11100       0.000      15.003         109         0.00000  
  95      5.233   0.00000     1.05233       0.000      14.210         110         0.00000  
 100      0.000   0.00000     1.00000       0.000      13.504         109         0.00000  


Data Role=TRAIN Group=^(cv_var =6) Target Variable=DepVar Target Label=DepVar

                                                                                    Mean
                            Cumulative       %      Cumulative     Number of     Posterior
Depth      Gain     Lift       Lift      Response   % Response   Observations   Probability

   5    648.980   7.48980     7.48980     100.000     100.000         111         1.00000  
  10    642.201   7.35362     7.42201      98.182      99.095         110         0.98961  
  15    542.629   4.42579     6.42629      59.091      85.801         110         0.60327  
  20    399.320   0.68089     4.99320       9.091      66.667         110         0.06705  
  25    299.637   0.00000     3.99637       0.000      53.358         110         0.00591  
  30    233.132   0.00000     3.33132       0.000      44.478         110         0.00004  
  35    185.603   0.00000     2.85603       0.000      38.132         110         0.00000  
  40    149.943   0.00000     2.49943       0.000      33.371         110         0.00000  
  45    122.200   0.00000     2.22200       0.000      29.667         110         0.00000  
  50    100.000   0.00000     2.00000       0.000      26.703         110         0.00000  
  55     81.683   0.00000     1.81683       0.000      24.257         111         0.00000  
  60     66.566   0.00000     1.66566       0.000      22.239         110         0.00000  
  65     53.771   0.00000     1.53771       0.000      20.531         110         0.00000  
  70     42.802   0.00000     1.42802       0.000      19.066         110         0.00000  
  75     33.293   0.00000     1.33293       0.000      17.797         110         0.00000  
  80     24.972   0.00000     1.24972       0.000      16.686         110         0.00000  
  85     17.628   0.00000     1.17628       0.000      15.705         110         0.00000  
  90     11.100   0.00000     1.11100       0.000      14.834         110         0.00000  
  95      5.258   0.00000     1.05258       0.000      14.054         110         0.00000  
 100      0.000   0.00000     1.00000       0.000      13.351         110         0.00000  


Data Role=TRAIN Group=^(cv_var =7) Target Variable=DepVar Target Label=DepVar

                                                                                    Mean
                            Cumulative       %      Cumulative     Number of     Posterior
Depth      Gain     Lift       Lift      Response   % Response   Observations   Probability

   5    627.483   7.27483     7.27483     100.000     100.000         110         1.00000  
  10    624.177   7.20870     7.24177      99.091      99.545         110         0.99746  
  15    554.735   5.15852     6.54735      70.909      90.000         110         0.68111  
  20    397.665   0.26454     4.97665       3.636      68.409         110         0.06375  
  25    299.455   0.06613     3.99455       0.909      54.909         110         0.00114  
  30    232.879   0.00000     3.32879       0.000      45.758         110         0.00000  
  35    185.696   0.00000     2.85696       0.000      39.272         109         0.00000  
  40    149.943   0.00000     2.49943       0.000      34.357         110         0.00000  
  45    122.144   0.00000     2.22144       0.000      30.536         110         0.00000  
  50     99.909   0.00000     1.99909       0.000      27.480         110         0.00000  
  55     81.720   0.00000     1.81720       0.000      24.979         110         0.00000  
  60     66.566   0.00000     1.66566       0.000      22.896         110         0.00000  
  65     53.744   0.00000     1.53744       0.000      21.134         110         0.00000  
  70     42.848   0.00000     1.42848       0.000      19.636         109         0.00000  
  75     33.313   0.00000     1.33313       0.000      18.325         110         0.00000  
  80     24.972   0.00000     1.24972       0.000      17.179         110         0.00000  
  85     17.612   0.00000     1.17612       0.000      16.167         110         0.00000  
  90     11.072   0.00000     1.11072       0.000      15.268         110         0.00000  
  95      5.220   0.00000     1.05220       0.000      14.464         110         0.00000  
 100      0.000   0.00000     1.00000       0.000      13.746         109         0.00000  


Data Role=TRAIN Group=^(cv_var =8) Target Variable=DepVar Target Label=DepVar

                                                                                    Mean
                            Cumulative       %      Cumulative     Number of     Posterior
Depth      Gain     Lift       Lift      Response   % Response   Observations   Probability

   5    614.839   7.14839     7.14839     100.000     100.000         111         1.00000  
  10    611.619   7.08399     7.11619      99.099      99.550         111         0.99812  
  15    546.146   5.15199     6.46146      72.072      90.390         111         0.70704  
  20    397.489   0.51520     4.97489       7.207      69.595         111         0.08050  
  25    300.000   0.06499     4.00000       0.909      55.957         110         0.00019  
  30    233.233   0.00000     3.33233       0.000      46.617         111         0.00000  
  35    185.567   0.00000     2.85567       0.000      39.948         111         0.00000  
  40    149.831   0.00000     2.49831       0.000      34.949         111         0.00000  
  45    122.044   0.00000     2.22044       0.000      31.062         111         0.00000  
  50    100.000   0.00000     2.00000       0.000      27.978         110         0.00000  
  55     81.788   0.00000     1.81788       0.000      25.431         111         0.00000  
  60     66.617   0.00000     1.66617       0.000      23.308         111         0.00000  
  65     53.782   0.00000     1.53782       0.000      21.513         111         0.00000  
  70     42.784   0.00000     1.42784       0.000      19.974         111         0.00000  
  75     33.333   0.00000     1.33333       0.000      18.652         110         0.00000  
  80     24.986   0.00000     1.24986       0.000      17.484         111         0.00000  
  85     17.622   0.00000     1.17622       0.000      16.454         111         0.00000  
  90     11.078   0.00000     1.11078       0.000      15.539         111         0.00000  
  95      5.223   0.00000     1.05223       0.000      14.720         111         0.00000  
 100      0.000   0.00000     1.00000       0.000      13.989         110         0.00000  


Data Role=TRAIN Group=^(cv_var =9) Target Variable=DepVar Target Label=DepVar

                                                                                    Mean
                            Cumulative       %      Cumulative     Number of     Posterior
Depth      Gain     Lift       Lift      Response   % Response   Observations   Probability

   5    642.140   7.42140     7.42140     100.000     100.000         111         1.00000  
  10    638.797   7.35455     7.38797      99.099      99.550         111         0.99285  
  15    552.994   4.81388     6.52994      64.865      87.988         111         0.63710  
  20    398.103   0.33430     4.98103       4.505      67.117         111         0.07476  
  25    299.820   0.06686     3.99820       0.901      53.874         111         0.00190  
  30    233.183   0.00000     3.33183       0.000      44.895         111         0.00002  
  35    185.586   0.00000     2.85586       0.000      38.481         111         0.00000  
  40    149.887   0.00000     2.49887       0.000      33.671         111         0.00000  
  45    122.122   0.00000     2.22122       0.000      29.930         111         0.00000  
  50     99.910   0.00000     1.99910       0.000      26.937         111         0.00000  
  55     81.736   0.00000     1.81736       0.000      24.488         111         0.00000  
  60     66.592   0.00000     1.66592       0.000      22.447         111         0.00000  
  65     53.777   0.00000     1.53777       0.000      20.721         111         0.00000  
  70     42.793   0.00000     1.42793       0.000      19.241         111         0.00000  
  75     33.273   0.00000     1.33273       0.000      17.958         111         0.00000  
  80     24.944   0.00000     1.24944       0.000      16.836         111         0.00000  
  85     17.594   0.00000     1.17594       0.000      15.845         111         0.00000  
  90     11.061   0.00000     1.11061       0.000      14.965         111         0.00000  
  95      5.216   0.00000     1.05216       0.000      14.177         111         0.00000  
 100      0.000   0.00000     1.00000       0.000      13.475         110         0.00000  


Data Role=TRAIN Group=^(cv_var =10) Target Variable=DepVar Target Label=DepVar

                                                                                    Mean
                            Cumulative       %      Cumulative     Number of     Posterior
Depth      Gain     Lift       Lift      Response   % Response   Observations   Probability

   5    631.208   7.31208     7.31208     100.000     100.000         109         1.00000  
  10    624.500   7.17791     7.24500      98.165      99.083         109         0.99693  
  15    550.708   5.03125     6.50708      68.807      88.991         109         0.67375  
  20    396.416   0.33542     4.96416       4.587      67.890         109         0.08062  
  25    299.817   0.13417     3.99817       1.835      54.679         109         0.00079  
  30    233.180   0.00000     3.33180       0.000      45.566         109         0.00001  
  35    185.583   0.00000     2.85583       0.000      39.056         109         0.00000  
  40    149.885   0.00000     2.49885       0.000      34.174         109         0.00000  
  45    122.120   0.00000     2.22120       0.000      30.377         109         0.00000  
  50     99.908   0.00000     1.99908       0.000      27.339         109         0.00000  
  55     81.735   0.00000     1.81735       0.000      24.854         109         0.00000  
  60     66.590   0.00000     1.66590       0.000      22.783         109         0.00000  
  65     53.776   0.00000     1.53776       0.000      21.030         109         0.00000  
  70     42.792   0.00000     1.42792       0.000      19.528         109         0.00000  
  75     33.272   0.00000     1.33272       0.000      18.226         109         0.00000  
  80     24.943   0.00000     1.24943       0.000      17.087         109         0.00000  
  85     17.593   0.00000     1.17593       0.000      16.082         109         0.00000  
  90     11.060   0.00000     1.11060       0.000      15.189         109         0.00000  
  95      5.215   0.00000     1.05215       0.000      14.389         109         0.00000  
 100      0.000   0.00000     1.00000       0.000      13.676         108         0.00000  


Data Role=TRAIN Group=_OVERALL_ Target Variable=DepVar Target Label=DepVar

                                                                                    Mean
                            Cumulative       %      Cumulative     Number of     Posterior
Depth      Gain     Lift       Lift      Response   % Response   Observations   Probability

   5    629.641   7.29641     7.29641     100.000     100.000         122         1.00000  
  10    608.708   6.87776     7.08708      94.262      97.131         122         0.99459  
  15    535.944   4.90414     6.35944      67.213      87.158         122         0.69002  
  20    390.414   0.53826     4.90414       7.377      67.213         122         0.09614  
  25    295.920   0.17942     3.95920       2.459      54.262         122         0.00201  
  30    231.927   0.11961     3.31927       1.639      45.492         122         0.00006  
  35    184.842   0.00000     2.84842       0.000      39.039         121         0.00000  
  40    149.200   0.00000     2.49200       0.000      34.154         122         0.00000  
  45    122.151   0.05981     2.22151       0.820      30.447         122         0.00000  
  50     99.918   0.00000     1.99918       0.000      27.400         122         0.00000  
  55     81.730   0.00000     1.81730       0.000      24.907         122         0.00000  
  60     66.576   0.00000     1.66576       0.000      22.830         122         0.00000  
  65     53.754   0.00000     1.53754       0.000      21.073         122         0.00000  
  70     42.849   0.00000     1.42849       0.000      19.578         121         0.00000  
  75     33.315   0.00000     1.33315       0.000      18.271         122         0.00000  
  80     24.974   0.00000     1.24974       0.000      17.128         122         0.00000  
  85     17.616   0.00000     1.17616       0.000      16.120         122         0.00000  
  90     11.076   0.00000     1.11076       0.000      15.223         122         0.00000  
  95      5.225   0.00000     1.05225       0.000      14.421         122         0.00000  
 100      0.000   0.00000     1.00000       0.000      13.705         121         0.00000  
 
                                                                                               
 
 
Assessment Score Distribution

Data Role=TRAIN Group=^(cv_var =1) Target Variable=DepVar Target Label=DepVar

 Posterior     Number                     Mean
Probability      of      Number of     Posterior
   Range       Events    Nonevents    Probability    Percentage

 0.95-1.00       204           1        0.99466         9.3055 
 0.90-0.95        17           2        0.92700         0.8625 
 0.85-0.90        15           1        0.88066         0.7263 
 0.80-0.85         7           1        0.82834         0.3631 
 0.75-0.80         9           2        0.77802         0.4993 
 0.70-0.75         2           1        0.71639         0.1362 
 0.65-0.70         5           5        0.66593         0.4539 
 0.60-0.65         5           3        0.61737         0.3631 
 0.55-0.60         2           3        0.57341         0.2270 
 0.50-0.55         6           2        0.52876         0.3631 
 0.45-0.50         4           3        0.47370         0.3177 
 0.40-0.45         4           3        0.42371         0.3177 
 0.35-0.40         2           7        0.37493         0.4085 
 0.30-0.35         2           7        0.32244         0.4085 
 0.25-0.30         1           9        0.26781         0.4539 
 0.20-0.25         3           7        0.22505         0.4539 
 0.15-0.20         2          12        0.17047         0.6355 
 0.10-0.15         1          12        0.11977         0.5901 
 0.05-0.10         1          33        0.07388         1.5433 
 0.00-0.05         5        1792        0.00099        81.5706 


Data Role=TRAIN Group=^(cv_var =2) Target Variable=DepVar Target Label=DepVar

 Posterior     Number                     Mean
Probability      of      Number of     Posterior
   Range       Events    Nonevents    Probability    Percentage

 0.95-1.00       219           1        0.99645        10.0137 
 0.90-0.95        11           1        0.93128         0.5462 
 0.85-0.90        11           0        0.87201         0.5007 
 0.80-0.85         3           0        0.83280         0.1365 
 0.75-0.80         3           1        0.76558         0.1821 
 0.70-0.75         6           2        0.73115         0.3641 
 0.65-0.70         5           3        0.66762         0.3641 
 0.60-0.65         4           0        0.60661         0.1821 
 0.55-0.60         8           5        0.57333         0.5917 
 0.50-0.55        12          11        0.52206         1.0469 
 0.45-0.50         3          11        0.48499         0.6372 
 0.40-0.45         4           2        0.42081         0.2731 
 0.35-0.40         0           3        0.36942         0.1365 
 0.30-0.35         2           1        0.32254         0.1365 
 0.25-0.30         3           3        0.26964         0.2731 
 0.20-0.25         0           4        0.22375         0.1821 
 0.15-0.20         1           5        0.17756         0.2731 
 0.10-0.15         0          12        0.12780         0.5462 
 0.05-0.10         1          15        0.07406         0.7283 
 0.00-0.05         2        1819        0.00066        82.8858 


Data Role=TRAIN Group=^(cv_var =3) Target Variable=DepVar Target Label=DepVar

 Posterior     Number                     Mean
Probability      of      Number of     Posterior
   Range       Events    Nonevents    Probability    Percentage

 0.95-1.00       210           1        0.99471         9.6878 
 0.90-0.95        16           2        0.92644         0.8264 
 0.85-0.90        12           2        0.87388         0.6428 
 0.80-0.85         6           1        0.82223         0.3214 
 0.75-0.80        10           0        0.76711         0.4591 
 0.70-0.75         5           2        0.71935         0.3214 
 0.65-0.70         8           2        0.68068         0.4591 
 0.60-0.65         2           2        0.63330         0.1837 
 0.55-0.60         0           1        0.59846         0.0459 
 0.50-0.55         5           1        0.53141         0.2755 
 0.45-0.50         3           5        0.46564         0.3673 
 0.40-0.45         4           8        0.42030         0.5510 
 0.35-0.40         5          10        0.37609         0.6887 
 0.30-0.35         4           4        0.32474         0.3673 
 0.25-0.30         0           7        0.27715         0.3214 
 0.20-0.25         2           7        0.23303         0.4132 
 0.15-0.20         2           9        0.17899         0.5051 
 0.10-0.15         1          11        0.12694         0.5510 
 0.05-0.10         2          15        0.06778         0.7805 
 0.00-0.05         0        1791        0.00102        82.2314 


Data Role=TRAIN Group=^(cv_var =4) Target Variable=DepVar Target Label=DepVar

 Posterior     Number                     Mean
Probability      of      Number of     Posterior
   Range       Events    Nonevents    Probability    Percentage

 0.95-1.00       205           0        0.99590         9.4080 
 0.90-0.95        26           3        0.92660         1.3309 
 0.85-0.90        11           3        0.88181         0.6425 
 0.80-0.85         7           2        0.81584         0.4130 
 0.75-0.80         3           0        0.79895         0.1377 
 0.70-0.75         5           1        0.73076         0.2754 
 0.65-0.70         3           1        0.67108         0.1836 
 0.60-0.65         1           0        0.64160         0.0459 
 0.55-0.60         7           3        0.57256         0.4589 
 0.50-0.55         5           1        0.52788         0.2754 
 0.45-0.50         1           3        0.46542         0.1836 
 0.40-0.45         3           3        0.42262         0.2754 
 0.35-0.40         1           7        0.37636         0.3671 
 0.30-0.35         3           6        0.33499         0.4130 
 0.25-0.30         3           9        0.27571         0.5507 
 0.20-0.25         1          11        0.22296         0.5507 
 0.15-0.20         1           9        0.18077         0.4589 
 0.10-0.15         3           6        0.11835         0.4130 
 0.05-0.10         2          27        0.07597         1.3309 
 0.00-0.05         0        1793        0.00067        82.2855 


Data Role=TRAIN Group=^(cv_var =5) Target Variable=DepVar Target Label=DepVar

 Posterior     Number                     Mean
Probability      of      Number of     Posterior
   Range       Events    Nonevents    Probability    Percentage

 0.95-1.00       207           3        0.99003         9.5803 
 0.90-0.95        16           1        0.92360         0.7755 
 0.85-0.90        16           2        0.87392         0.8212 
 0.80-0.85         4           2        0.82158         0.2737 
 0.75-0.80         9           0        0.77124         0.4106 
 0.70-0.75        13           1        0.72377         0.6387 
 0.65-0.70         4           0        0.66513         0.1825 
 0.60-0.65         2           3        0.62599         0.2281 
 0.55-0.60         3           1        0.57398         0.1825 
 0.50-0.55         3           3        0.52962         0.2737 
 0.45-0.50         3           1        0.47900         0.1825 
 0.40-0.45         1           6        0.42881         0.3193 
 0.35-0.40         2           4        0.37850         0.2737 
 0.30-0.35         1           5        0.32492         0.2737 
 0.25-0.30         2           3        0.26388         0.2281 
 0.20-0.25         2          13        0.22839         0.6843 
 0.15-0.20         5          16        0.17511         0.9580 
 0.10-0.15         2          23        0.12965         1.1405 
 0.05-0.10         1          25        0.07281         1.1861 
 0.00-0.05         0        1784        0.00060        81.3869 


Data Role=TRAIN Group=^(cv_var =6) Target Variable=DepVar Target Label=DepVar

 Posterior     Number                     Mean
Probability      of      Number of     Posterior
   Range       Events    Nonevents    Probability    Percentage

 0.95-1.00       219           2        0.99483        10.0363 
 0.90-0.95        15           2        0.93018         0.7720 
 0.85-0.90         9           1        0.87572         0.4541 
 0.80-0.85         7           2        0.83354         0.4087 
 0.75-0.80         6           0        0.77619         0.2725 
 0.70-0.75         3           3        0.72454         0.2725 
 0.65-0.70         7           1        0.67328         0.3633 
 0.60-0.65         4           2        0.62962         0.2725 
 0.55-0.60         6           0        0.57030         0.2725 
 0.50-0.55         1           2        0.53385         0.1362 
 0.45-0.50         0           1        0.46282         0.0454 
 0.40-0.45         1           3        0.42013         0.1817 
 0.35-0.40         1           1        0.38534         0.0908 
 0.30-0.35         2           8        0.31989         0.4541 
 0.25-0.30         1           5        0.26997         0.2725 
 0.20-0.25         0          10        0.22568         0.4541 
 0.15-0.20         3           9        0.17038         0.5450 
 0.10-0.15         3          12        0.13023         0.6812 
 0.05-0.10         4          36        0.06950         1.8165 
 0.00-0.05         2        1808        0.00130        82.1980 


Data Role=TRAIN Group=^(cv_var =7) Target Variable=DepVar Target Label=DepVar

 Posterior     Number                     Mean
Probability      of      Number of     Posterior
   Range       Events    Nonevents    Probability    Percentage

 0.95-1.00       224           1        0.99784        10.2412 
 0.90-0.95        15           0        0.93243         0.6827 
 0.85-0.90         8           0        0.87163         0.3641 
 0.80-0.85        10           2        0.82099         0.5462 
 0.75-0.80        11           3        0.77713         0.6372 
 0.70-0.75         4           3        0.72568         0.3186 
 0.65-0.70         6           3        0.68121         0.4096 
 0.60-0.65         4           1        0.61354         0.2276 
 0.55-0.60         3           1        0.59098         0.1821 
 0.50-0.55         2           2        0.51916         0.1821 
 0.45-0.50         2           3        0.48178         0.2276 
 0.40-0.45         1           3        0.42636         0.1821 
 0.35-0.40         2           3        0.37131         0.2276 
 0.30-0.35         2           2        0.32339         0.1821 
 0.25-0.30         3           5        0.27705         0.3641 
 0.20-0.25         0           4        0.21992         0.1821 
 0.15-0.20         0          14        0.17961         0.6372 
 0.10-0.15         2           9        0.12618         0.5007 
 0.05-0.10         1          17        0.06807         0.8193 
 0.00-0.05         2        1819        0.00075        82.8858 


Data Role=TRAIN Group=^(cv_var =8) Target Variable=DepVar Target Label=DepVar

 Posterior     Number                     Mean
Probability      of      Number of     Posterior
   Range       Events    Nonevents    Probability    Percentage

 0.95-1.00       238           3        0.99721        10.8755 
 0.90-0.95        14           0        0.93147         0.6318 
 0.85-0.90         9           0        0.86236         0.4061 
 0.80-0.85         4           0        0.83275         0.1805 
 0.75-0.80         7           1        0.78252         0.3610 
 0.70-0.75         1           1        0.71470         0.0903 
 0.65-0.70         4           1        0.67130         0.2256 
 0.60-0.65         6           2        0.62623         0.3610 
 0.55-0.60         0           2        0.57281         0.0903 
 0.50-0.55         9           6        0.51732         0.6769 
 0.45-0.50         2           8        0.47944         0.4513 
 0.40-0.45         4           4        0.41695         0.3610 
 0.35-0.40         4           6        0.38201         0.4513 
 0.30-0.35         4           1        0.31548         0.2256 
 0.25-0.30         1           4        0.26997         0.2256 
 0.20-0.25         2           5        0.21316         0.3159 
 0.15-0.20         0           5        0.16848         0.2256 
 0.10-0.15         0           6        0.13034         0.2708 
 0.05-0.10         0          15        0.06578         0.6769 
 0.00-0.05         1        1836        0.00045        82.8971 


Data Role=TRAIN Group=^(cv_var =9) Target Variable=DepVar Target Label=DepVar

 Posterior     Number                     Mean
Probability      of      Number of     Posterior
   Range       Events    Nonevents    Probability    Percentage

 0.95-1.00       223           1        0.99604        10.0946 
 0.90-0.95        19           1        0.92883         0.9013 
 0.85-0.90         7           2        0.87620         0.4056 
 0.80-0.85         6           1        0.81847         0.3155 
 0.75-0.80         6           1        0.76912         0.3155 
 0.70-0.75         7           1        0.72781         0.3605 
 0.65-0.70         8           3        0.67352         0.4957 
 0.60-0.65         1           2        0.62128         0.1352 
 0.55-0.60         1           1        0.57889         0.0901 
 0.50-0.55         4           1        0.52568         0.2253 
 0.45-0.50         2           2        0.48822         0.1803 
 0.40-0.45         1           3        0.41835         0.1803 
 0.35-0.40         3           4        0.37998         0.3155 
 0.30-0.35         1           5        0.32963         0.2704 
 0.25-0.30         3           5        0.27960         0.3605 
 0.20-0.25         1          11        0.22452         0.5408 
 0.15-0.20         4          13        0.17204         0.7661 
 0.10-0.15         0          14        0.12002         0.6309 
 0.05-0.10         1          22        0.07548         1.0365 
 0.00-0.05         1        1827        0.00073        82.3795 


Data Role=TRAIN Group=^(cv_var =10) Target Variable=DepVar Target Label=DepVar

 Posterior     Number                     Mean
Probability      of      Number of     Posterior
   Range       Events    Nonevents    Probability    Percentage

 0.95-1.00       231           2        0.99676        10.6930 
 0.90-0.95        15           0        0.93277         0.6884 
 0.85-0.90         8           0        0.87952         0.3671 
 0.80-0.85         6           0        0.83374         0.2754 
 0.75-0.80         3           1        0.78024         0.1836 
 0.70-0.75         5           0        0.71562         0.2295 
 0.60-0.65         4           1        0.63028         0.2295 
 0.55-0.60         0           5        0.57618         0.2295 
 0.50-0.55         3           6        0.52515         0.4130 
 0.45-0.50         4           4        0.47006         0.3671 
 0.40-0.45         8          12        0.41755         0.9179 
 0.35-0.40         4           2        0.37816         0.2754 
 0.30-0.35         1           4        0.32571         0.2295 
 0.25-0.30         3           6        0.27868         0.4130 
 0.20-0.25         0           6        0.23249         0.2754 
 0.15-0.20         0           9        0.18418         0.4130 
 0.10-0.15         1           3        0.12348         0.1836 
 0.05-0.10         0          16        0.06936         0.7343 
 0.00-0.05         2        1804        0.00059        82.8821 


Data Role=TRAIN Group=_OVERALL_ Target Variable=DepVar Target Label=DepVar

 Posterior     Number                     Mean
Probability      of      Number of     Posterior
   Range       Events    Nonevents    Probability    Percentage

 0.95-1.00       244           8        0.99600        10.3406 
 0.90-0.95        18           3        0.93130         0.8617 
 0.85-0.90         7           1        0.87916         0.3283 
 0.80-0.85        11           2        0.82617         0.5334 
 0.75-0.80         6           1        0.77668         0.2872 
 0.70-0.75         3           0        0.72637         0.1231 
 0.65-0.70         4           2        0.67200         0.2462 
 0.60-0.65         4           4        0.63047         0.3283 
 0.55-0.60         5           3        0.57800         0.3283 
 0.50-0.55         8           2        0.52800         0.4103 
 0.45-0.50         5           6        0.47105         0.4514 
 0.40-0.45         3           4        0.42015         0.2872 
 0.35-0.40         1          10        0.37574         0.4514 
 0.30-0.35         1           5        0.33555         0.2462 
 0.25-0.30         1           4        0.27553         0.2052 
 0.20-0.25         0           9        0.22506         0.3693 
 0.15-0.20         3           9        0.17942         0.4924 
 0.10-0.15         0          10        0.12341         0.4103 
 0.05-0.10         3          29        0.06730         1.3131 
 0.00-0.05         7        1991        0.00069        81.9860 
