MPRINT(EM_DIAGRAM):    data _null_;
MPRINT(EM_DIAGRAM):   call symput('NLDATE', strip(put(date(), NLDATE.)));
MPRINT(EM_DIAGRAM):   call symput('NLTIME', strip(put(datetime(), NLTIME.)));
MPRINT(EM_DIAGRAM):   run;
MPRINT(EM_DIAGRAM):   data _null_;
MPRINT(EM_DIAGRAM):   nldate= sasmsg("sashelp.dmine", "log_date_note", 'N', "23 December 2017" );
MPRINT(EM_DIAGRAM):   nltime= sasmsg("sashelp.dmine", "log_time_note", 'N', "09:48:18 o'clock" );
MPRINT(EM_DIAGRAM):   put "*------------------------------------------------------------*";
MPRINT(EM_DIAGRAM):   put "* Report Log";
MPRINT(EM_DIAGRAM):   put nldate;
MPRINT(EM_DIAGRAM):   put nltime;
MPRINT(EM_DIAGRAM):   put "*------------------------------------------------------------*";
MPRINT(EM_DIAGRAM):   run;
*------------------------------------------------------------*
* Report Log
Date:                23 December 2017
Time:                09:48:18 o'clock
*------------------------------------------------------------*
MPRINT(EM_DIAGRAM):    filename O0YKBR73 "C:\Users\misil\Desktop\MIS\DM1_project\Workspaces\EMWS1\EMSave2\EMREPORT.out" encoding="UTF-8" NOBOM;
MPRINT(EM_DIAGRAM):   proc printto print=O0YKBR73 new;
MPRINT(EM_DIAGRAM):   run;
24791      %let EMEXCEPTIONSTRING=;
24792      *------------------------------------------------------------*;
MPRINT(EM_DIAGRAM):    *------------------------------------------------------------*;
24793      * REPORT: EMSave2;
MPRINT(EM_DIAGRAM):   * REPORT: EMSave2;
24794      *------------------------------------------------------------*;
MPRINT(EM_DIAGRAM):   *------------------------------------------------------------*;
24795      %let EM_ACTION = REPORT;
24796      %let syscc = 0;
24797      *** MAIN MACRO FOR EMSAVE EXTENSION NODE;
MPRINT(EM_DIAGRAM):     *** MAIN MACRO FOR EMSAVE EXTENSION NODE;
24798      
24799      %macro EM_SAVEXT_MAIN;
24800      
24801         %if %upcase("&EM_ACTION") = "CREATE" %then %do;
24802             filename _create catalog 'sashelp.emutil.savext_create.source';
24803             %include _create;
24804             filename _create;
24805             %EM_SAVEXT_CREATE;
24806         %end;
24807         %else
24808         %if %upcase("&EM_ACTION") = "TRAIN" %then %do;
24809             filename _train catalog 'sashelp.emutil.savext_train.source';
24810             %include _train;
24811             filename _train;
24812             %EM_SAVEXT_TRAIN;
24813         %end;
24814      
24815      %mend EM_SAVEXT_MAIN;
24816      
24817      %EM_SAVEXT_MAIN;
MPRINT(EM_DIAGRAM):  ;
24818      
24819      *------------------------------------------------------------*;
MPRINT(EM_DIAGRAM):   *------------------------------------------------------------*;
24820      * End REPORT: EMSave2;
MPRINT(EM_DIAGRAM):   * End REPORT: EMSave2;
24821      *------------------------------------------------------------*;
MPRINT(EM_DIAGRAM):   *------------------------------------------------------------*;

24822      /* Reset EM Options */
24823      options formchar="|----|+|---+=|-/\<>*";
MPRINT(EM_DIAGRAM):    options formchar="|----|+|---+=|-/\<>*";
24824      options nocenter ls=256 ps=10000;
MPRINT(EM_DIAGRAM):   options nocenter ls=256 ps=10000;
24825      goptions reset=all device=GIF NODISPLAY;
MPRINT(EM_DIAGRAM):   goptions reset=all device=GIF NODISPLAY;
MPRINT(EM_DIAGRAM):    proc printto;
MPRINT(EM_DIAGRAM):   run;
