MPRINT(EM_DIAGRAM):    data _null_;
MPRINT(EM_DIAGRAM):   call symput('NLDATE', strip(put(date(), NLDATE.)));
MPRINT(EM_DIAGRAM):   call symput('NLTIME', strip(put(datetime(), NLTIME.)));
MPRINT(EM_DIAGRAM):   run;
MPRINT(EM_DIAGRAM):   data _null_;
MPRINT(EM_DIAGRAM):   nldate= sasmsg("sashelp.dmine", "log_date_note", 'N', "22 December 2017" );
MPRINT(EM_DIAGRAM):   nltime= sasmsg("sashelp.dmine", "log_time_note", 'N', "12:35:11 o'clock" );
MPRINT(EM_DIAGRAM):   put "*------------------------------------------------------------*";
MPRINT(EM_DIAGRAM):   put "* Training Log";
MPRINT(EM_DIAGRAM):   put nldate;
MPRINT(EM_DIAGRAM):   put nltime;
MPRINT(EM_DIAGRAM):   put "*------------------------------------------------------------*";
MPRINT(EM_DIAGRAM):   run;
*------------------------------------------------------------*
* Training Log
Date:                22 December 2017
Time:                12:35:11 o'clock
*------------------------------------------------------------*
MPRINT(EM_DIAGRAM):    filename O2PHGL3Y "C:\Users\misil\Desktop\MIS\DM1_project\Workspaces\EMWS1\Trans3\EMTRAIN.out" encoding="UTF-8" NOBOM;
MPRINT(EM_DIAGRAM):   proc printto print=O2PHGL3Y new;
MPRINT(EM_DIAGRAM):   run;
MPRINT(EM_DIAGRAM):    filename _LOG "C:\Users\misil\Desktop\MIS\DM1_project\Workspaces\EMWS1\Trans3\EMLOG.log" encoding="UTF-8" NOBOM;
MPRINT(EM_DIAGRAM):    data _null_;
MPRINT(EM_DIAGRAM):   call symput('NLDATE', strip(put(date(), NLDATE.)));
MPRINT(EM_DIAGRAM):   call symput('NLTIME', strip(put(datetime(), NLTIME.)));
MPRINT(EM_DIAGRAM):   run;
MPRINT(EM_DIAGRAM):   data _null_;
MPRINT(EM_DIAGRAM):   nldate= sasmsg("sashelp.dmine", "log_date_note", 'N', "22 December 2017" );
MPRINT(EM_DIAGRAM):   nltime= sasmsg("sashelp.dmine", "log_time_note", 'N', "12:35:11 o'clock" );
MPRINT(EM_DIAGRAM):   file _LOG;
MPRINT(EM_DIAGRAM):   put "*------------------------------------------------------------*";
MPRINT(EM_DIAGRAM):   put "User:                misil";
MPRINT(EM_DIAGRAM):   put nldate;
MPRINT(EM_DIAGRAM):   put nltime;
MPRINT(EM_DIAGRAM):   put "Site:                70107571";
MPRINT(EM_DIAGRAM):   put "Platform:            X64_10PRO";
MPRINT(EM_DIAGRAM):   put "Maintenance Release: 9.04.01M4P110916";
MPRINT(EM_DIAGRAM):   put "EM Version:          14.2";
MPRINT(EM_DIAGRAM):   put "* ";
MPRINT(EM_DIAGRAM):   run;
MPRINT(EM_DIAGRAM):    filename _LOGIN "C:\Users\misil\Desktop\MIS\DM1_project\Workspaces\EMWS1\Trans3\EMTRAIN.log" encoding="UTF-8" NOBOM;
MPRINT(EM_COPYFILE):   data _null_;
MPRINT(EM_COPYFILE):   length line $20000;
MPRINT(EM_COPYFILE):   file _LOG MOD lrecl=20000;
MPRINT(EM_COPYFILE):   fid=fopen("_LOGIN",'i',20000,'v');
MPRINT(EM_COPYFILE):   if fid > 0 then do;
MPRINT(EM_COPYFILE):   do while(^fread(fid));
MPRINT(EM_COPYFILE):   rlen = frlen(fid);
MPRINT(EM_COPYFILE):   rc= fget(fid,line,20000);
MPRINT(EM_COPYFILE):   start = length(line)-length(left(line))+1;
MPRINT(EM_COPYFILE):   line=strip(line);
MPRINT(EM_COPYFILE):   put @start line;
MPRINT(EM_COPYFILE):   end;
MPRINT(EM_COPYFILE):   if fid > 0 then rc=fclose(fid);
MPRINT(EM_COPYFILE):   end;
MPRINT(EM_COPYFILE):   run;
MPRINT(EM_DIAGRAM):  ;
MPRINT(EM_DIAGRAM):   filename _LOGIN;
MPRINT(EM_DIAGRAM):    data _null_;
MPRINT(EM_DIAGRAM):   file _LOG mod;
MPRINT(EM_DIAGRAM):   put _page_;
MPRINT(EM_DIAGRAM):   run;
MPRINT(EM_DIAGRAM):   filename _LOGIN "C:\Users\misil\Desktop\MIS\DM1_project\Workspaces\EMWS1\Trans3\EMSCORE.log" encoding="UTF-8" NOBOM;
MPRINT(EM_DIAGRAM):  ;
MPRINT(EM_DIAGRAM):   data _null_;
MPRINT(EM_DIAGRAM):   file _LOG mod;
MPRINT(EM_DIAGRAM):   put _page_;
MPRINT(EM_DIAGRAM):   run;
MPRINT(EM_DIAGRAM):    filename _LOGIN "C:\Users\misil\Desktop\MIS\DM1_project\Workspaces\EMWS1\Trans3\EMREPORT.log" encoding="UTF-8" NOBOM;
MPRINT(EM_DIAGRAM):  ;
MPRINT(EM_DIAGRAM):   filename _LOGIN;
MPRINT(EM_DIAGRAM):    filename _LOG;
MPRINT(EM_DIAGRAM):    filename _OUT "C:\Users\misil\Desktop\MIS\DM1_project\Workspaces\EMWS1\Trans3\EMOUTPUT.out" encoding="UTF-8" NOBOM;
MPRINT(EM_DIAGRAM):    data _null_;
MPRINT(EM_DIAGRAM):   call symput('NLDATE', strip(put(date(), NLDATE.)));
MPRINT(EM_DIAGRAM):   call symput('NLTIME', strip(put(datetime(), NLTIME.)));
MPRINT(EM_DIAGRAM):   run;
MPRINT(EM_DIAGRAM):   data _null_;
MPRINT(EM_DIAGRAM):   nldate= sasmsg("sashelp.dmine", "log_date_note", 'N', "22 December 2017" );
MPRINT(EM_DIAGRAM):   nltime= sasmsg("sashelp.dmine", "log_time_note", 'N', "12:35:11 o'clock" );
MPRINT(EM_DIAGRAM):   file _OUT;
MPRINT(EM_DIAGRAM):   put "*------------------------------------------------------------*";
MPRINT(EM_DIAGRAM):   put "User:                misil";
MPRINT(EM_DIAGRAM):   put nldate;
MPRINT(EM_DIAGRAM):   put nltime;
MPRINT(EM_DIAGRAM):   put "*------------------------------------------------------------*";
MPRINT(EM_DIAGRAM):   put "* Training Output";
MPRINT(EM_DIAGRAM):   put "*------------------------------------------------------------*";
MPRINT(EM_DIAGRAM):   run;
MPRINT(EM_DIAGRAM):    filename _OUTIN "C:\Users\misil\Desktop\MIS\DM1_project\Workspaces\EMWS1\Trans3\EMTRAIN.out" encoding="UTF-8" NOBOM;
MPRINT(EM_DIAGRAM):   ;
MPRINT(EM_COPYFILE):   data _null_;
MPRINT(EM_COPYFILE):   length line $20000;
MPRINT(EM_COPYFILE):   file _OUT MOD lrecl=20000;
MPRINT(EM_COPYFILE):   fid=fopen("_OUTIN",'i',20000,'v');
MPRINT(EM_COPYFILE):   if fid > 0 then do;
MPRINT(EM_COPYFILE):   do while(^fread(fid));
MPRINT(EM_COPYFILE):   rlen = frlen(fid);
MPRINT(EM_COPYFILE):   rc= fget(fid,line,20000);
MPRINT(EM_COPYFILE):   start = length(line)-length(left(line))+1;
MPRINT(EM_COPYFILE):   line=strip(line);
MPRINT(EM_COPYFILE):   put @start line;
MPRINT(EM_COPYFILE):   end;
MPRINT(EM_COPYFILE):   if fid > 0 then rc=fclose(fid);
MPRINT(EM_COPYFILE):   end;
MPRINT(EM_COPYFILE):   run;
MPRINT(EM_DIAGRAM):  ;
MPRINT(EM_DIAGRAM):   filename _OUTIN;
MPRINT(EM_DIAGRAM):    data _null_;
MPRINT(EM_DIAGRAM):   file _OUT mod;
MPRINT(EM_DIAGRAM):   put _page_;
MPRINT(EM_DIAGRAM):   put // "*------------------------------------------------------------*";
MPRINT(EM_DIAGRAM):   put "* Score Output";
MPRINT(EM_DIAGRAM):   put "*------------------------------------------------------------*";
MPRINT(EM_DIAGRAM):   run;
MPRINT(EM_DIAGRAM):    filename _OUTIN "C:\Users\misil\Desktop\MIS\DM1_project\Workspaces\EMWS1\Trans3\EMSCORE.out" encoding="UTF-8" NOBOM;
MPRINT(EM_DIAGRAM):  ;
MPRINT(EM_DIAGRAM):   filename _OUTIN;
MPRINT(EM_DIAGRAM):    data _null_;
MPRINT(EM_DIAGRAM):   file _OUT mod;
MPRINT(EM_DIAGRAM):   put _page_;
MPRINT(EM_DIAGRAM):   put // "*------------------------------------------------------------*";
MPRINT(EM_DIAGRAM):   put "* Report Output";
MPRINT(EM_DIAGRAM):   put "*------------------------------------------------------------*";
MPRINT(EM_DIAGRAM):   run;
MPRINT(EM_DIAGRAM):    filename _OUTIN "C:\Users\misil\Desktop\MIS\DM1_project\Workspaces\EMWS1\Trans3\EMREPORT.out" encoding="UTF-8" NOBOM;
MPRINT(EM_DIAGRAM):  ;
MPRINT(EM_DIAGRAM):   filename _OUTIN;
MPRINT(EM_DIAGRAM):    filename _OUT;
MPRINT(EM_DIAGRAM):    filename _emtool_ 'C:\Users\misil\Desktop\MIS\DM1_project\Workspaces\EMWS1\Trans3\EMRUNSTATUS.xml' encoding="UTF-8" NOBOM;
MPRINT(EM_DIAGRAM):    filename _emtool_ 'C:\Users\misil\Desktop\MIS\DM1_project\Workspaces\EMWS1\Trans3\EMRUNSTATUS.xml' encoding="UTF-8" NOBOM;
18361      proc freq data=EMWS1.Trans3_VariableSet noprint;
MPRINT(EM_DIAGRAM):    proc freq data=EMWS1.Trans3_VariableSet noprint;
18362      table ROLE*LEVEL/out=WORK.Trans3META;
MPRINT(EM_DIAGRAM):   table ROLE*LEVEL/out=WORK.Trans3META;
18363      run;
MPRINT(EM_DIAGRAM):   run;

NOTE: There were 23 observations read from the data set EMWS1.TRANS3_VARIABLESET.
NOTE: The data set WORK.TRANS3META has 3 observations and 4 variables.
NOTE: PROCEDURE FREQ used (Total process time):
      real time           0.06 seconds
      cpu time            0.01 seconds
      

18364      proc print data=WORK.Trans3META label noobs;
MPRINT(EM_DIAGRAM):   proc print data=WORK.Trans3META label noobs;
18365      var ROLE LEVEL COUNT;
MPRINT(EM_DIAGRAM):   var ROLE LEVEL COUNT;
18366      label ROLE = "%sysfunc(sasmsg(sashelp.dmine, meta_role_vlabel, NOQUOTE))" LEVEL = "%sysfunc(sasmsg(sashelp.dmine, meta_level_vlabel, NOQUOTE))" COUNT = "%sysfunc(sasmsg(sashelp.dmine, rpt_count_vlabel, NOQUOTE))";
MPRINT(EM_DIAGRAM):   label ROLE = "Role" LEVEL = "Measurement Level" COUNT = "Frequency Count";
18367      title9 ' ';
MPRINT(EM_DIAGRAM):   title9 ' ';
18368      title10 "%sysfunc(sasmsg(sashelp.dmine, rpt_varSummary_title  , NOQUOTE))";
MPRINT(EM_DIAGRAM):   title10 "Variable Summary";
MPRINT(EM_DIAGRAM):   run;
18369      run;

NOTE: There were 3 observations read from the data set WORK.TRANS3META.
NOTE: The PROCEDURE PRINT printed page 1.
NOTE: PROCEDURE PRINT used (Total process time):
      real time           0.01 seconds
      cpu time            0.01 seconds
      

18370      title10;
MPRINT(EM_DIAGRAM):   title10;
18371      data WORK.M0EPXRLC;
MPRINT(EM_DIAGRAM):    data WORK.M0EPXRLC;
18372      set WORK.M0EPXRLC;
MPRINT(EM_DIAGRAM):   set WORK.M0EPXRLC;
18373      if (METHOD='NONE' and ROLE ne 'FREQ') or (role = 'REJECTED' and METHOD = 'DEFAULT') then delete;
MPRINT(EM_DIAGRAM):   if (METHOD='NONE' and ROLE ne 'FREQ') or (role = 'REJECTED' and METHOD = 'DEFAULT') then delete;
18374      run;
MPRINT(EM_DIAGRAM):   run;

NOTE: There were 23 observations read from the data set WORK.M0EPXRLC.
NOTE: The data set WORK.M0EPXRLC has 23 observations and 22 variables.
NOTE: DATA statement used (Total process time):
      real time           0.01 seconds
      cpu time            0.01 seconds
      

MPRINT(EM_DIAGRAM):   reset noprint;
MPRINT(EM_DIAGRAM):   select count(*) into :_tmpnobs from EMWS1.Trans2_TRAIN;
NOTE: There were 10296 observations read from the data set A2Z_INSU.A2Z_INSURANCE.
NOTE: There were 10296 observations read from the data set EMWS1.IDS_DATA.
NOTE: There were 10296 observations read from the data set EMWS1.IMPT_TRAIN.
NOTE: View EMWS1.TRANS2_TRAIN.VIEW used (Total process time):
      real time           0.09 seconds
      cpu time            0.09 seconds
      
NOTE: There were 10296 observations read from the data set EMWS1.TRANS_TRAIN.
MPRINT(EM_DIAGRAM):   quit;
18439      *------------------------------------------------------------*;
MPRINT(EM_DIAGRAM):     *------------------------------------------------------------*;
18440      * Trans: Computing Summary Statistics;
MPRINT(EM_DIAGRAM):   * Trans: Computing Summary Statistics;
18441      *------------------------------------------------------------*;
MPRINT(EM_DIAGRAM):   *------------------------------------------------------------*;
18442      data WORK.M0LT5ZER;
MPRINT(EM_DIAGRAM):   data WORK.M0LT5ZER;
18443      set WORK.M0LT5ZER;
MPRINT(EM_DIAGRAM):   set WORK.M0LT5ZER;
18444      if (role = 'REJECTED') then role = 'INPUT';
MPRINT(EM_DIAGRAM):   if (role = 'REJECTED') then role = 'INPUT';
18445      run;
MPRINT(EM_DIAGRAM):   run;

NOTE: There were 23 observations read from the data set WORK.M0LT5ZER.
NOTE: The data set WORK.M0LT5ZER has 23 observations and 22 variables.
NOTE: DATA statement used (Total process time):
      real time           0.01 seconds
      cpu time            0.01 seconds
      

18446      *------------------------------------------------------------* ;
MPRINT(EM_DIAGRAM):    *------------------------------------------------------------* ;
18447      * EM: DMDBClass Macro ;
MPRINT(EM_DIAGRAM):   * EM: DMDBClass Macro ;
18448      *------------------------------------------------------------* ;
MPRINT(EM_DIAGRAM):   *------------------------------------------------------------* ;
18449      %macro DMDBClass;
18450          IMP_Children(ASC) IMP_EducDeg(ASC) IMP_GeoLivArea(ASC)
18451      %mend DMDBClass;
18452      *------------------------------------------------------------* ;
MPRINT(EM_DIAGRAM):   *------------------------------------------------------------* ;
18453      * EM: DMDBVar Macro ;
MPRINT(EM_DIAGRAM):   * EM: DMDBVar Macro ;
18454      *------------------------------------------------------------* ;
MPRINT(EM_DIAGRAM):   *------------------------------------------------------------* ;
18455      %macro DMDBVar;
18456          ClaimsRate CustMonVal IMP_BirthYear IMP_FirstPolYear IMP_MonthSal
18457         IMP_PremHealth IMP_PremLife IMP_PremMotor IMP_PremWork PremHousehold
18458         newPremHealth newPremHousehold newPremLife newPremMotor newPremWork revHealth
18459         revHousehold revLife revMotor revWork
18460      %mend DMDBVar;
18461      *------------------------------------------------------------*;
MPRINT(EM_DIAGRAM):   *------------------------------------------------------------*;
18462      * EM: Create DMDB;
MPRINT(EM_DIAGRAM):   * EM: Create DMDB;
18463      *------------------------------------------------------------*;
MPRINT(EM_DIAGRAM):   *------------------------------------------------------------*;
18464      proc dmdb batch data=EMWS1.Trans2_TRAIN
18465      dmdbcat=WORK.EM_DMDB
18466      classout=WORK.Transclassout
18467      maxlevel = 513
18468      ;
MPRINT(EM_DIAGRAM):   proc dmdb batch data=EMWS1.Trans2_TRAIN dmdbcat=WORK.EM_DMDB classout=WORK.Transclassout maxlevel = 513 ;
MPRINT(EM_DIAGRAM):   class
18469      class %DMDBClass;
MPRINT(DMDBCLASS):   IMP_Children(ASC) IMP_EducDeg(ASC) IMP_GeoLivArea(ASC)
MPRINT(EM_DIAGRAM):  ;
MPRINT(EM_DIAGRAM):   var
18470      var %DMDBVar;
MPRINT(DMDBVAR):   ClaimsRate CustMonVal IMP_BirthYear IMP_FirstPolYear IMP_MonthSal IMP_PremHealth IMP_PremLife IMP_PremMotor IMP_PremWork PremHousehold newPremHealth newPremHousehold newPremLife newPremMotor newPremWork revHealth revHousehold revLife 
revMotor revWork
MPRINT(EM_DIAGRAM):  ;
18471      run;
MPRINT(EM_DIAGRAM):   run;

NOTE: Records processed = 10296   Memory used = 511K.
NOTE: There were 10296 observations read from the data set A2Z_INSU.A2Z_INSURANCE.
NOTE: There were 10296 observations read from the data set EMWS1.IDS_DATA.
NOTE: There were 10296 observations read from the data set EMWS1.IMPT_TRAIN.
NOTE: View EMWS1.TRANS2_TRAIN.VIEW used (Total process time):
      real time           0.13 seconds
      cpu time            0.10 seconds
      
NOTE: There were 10296 observations read from the data set EMWS1.TRANS_TRAIN.
NOTE: There were 10296 observations read from the data set EMWS1.TRANS2_TRAIN.
NOTE: The data set WORK.TRANSCLASSOUT has 10 observations and 9 variables.
NOTE: PROCEDURE DMDB used (Total process time):
      real time           0.15 seconds
      cpu time            0.10 seconds
      

MPRINT(EM_DIAGRAM):   quit;
MPRINT(EM_DIAGRAM):   *--- end code ---*;
18472      quit;
18473      *--- end code ---*;

18474      data WORK.TransINTERVALMETA;
MPRINT(EM_DIAGRAM):    data WORK.TransINTERVALMETA;
18475      set WORK.M0EPXRLC;
MPRINT(EM_DIAGRAM):   set WORK.M0EPXRLC;
18476      if LEVEL ne 'INTERVAL' then delete;
MPRINT(EM_DIAGRAM):   if LEVEL ne 'INTERVAL' then delete;
18477      run;
MPRINT(EM_DIAGRAM):   run;

NOTE: There were 23 observations read from the data set WORK.M0EPXRLC.
NOTE: The data set WORK.TRANSINTERVALMETA has 20 observations and 22 variables.
NOTE: DATA statement used (Total process time):
      real time           0.01 seconds
      cpu time            0.00 seconds
      

18478      *------------------------------------------------------------*;
MPRINT(EM_DIAGRAM):    *------------------------------------------------------------*;
18479      * Trans: Determining Variables to Scale;
MPRINT(EM_DIAGRAM):   * Trans: Determining Variables to Scale;
18480      *------------------------------------------------------------*;
MPRINT(EM_DIAGRAM):   *------------------------------------------------------------*;
18481      data WORK.M1FL_97M;
MPRINT(EM_DIAGRAM):   data WORK.M1FL_97M;
18482      set WORK.M1FL_97M;
MPRINT(EM_DIAGRAM):   set WORK.M1FL_97M;
18483      where (TYPE="N" and (METHOD in("MAX_NORM", "MAX_CORR", "EQUALIZE", "OP_MAX_NORM", "OP_EQUALIZE"))) or (ROLE eq "FREQ");
MPRINT(EM_DIAGRAM):   where (TYPE="N" and (METHOD in("MAX_NORM", "MAX_CORR", "EQUALIZE", "OP_MAX_NORM", "OP_EQUALIZE"))) or (ROLE eq "FREQ");
18484      run;
MPRINT(EM_DIAGRAM):   run;

NOTE: There were 0 observations read from the data set WORK.M1FL_97M.
      WHERE ((TYPE='N') and METHOD in ('EQUALIZE', 'MAX_CORR', 'MAX_NORM', 'OP_EQUALIZE', 'OP_MAX_NORM')) or (ROLE='FREQ');
NOTE: The data set WORK.M1FL_97M has 0 observations and 22 variables.
NOTE: DATA statement used (Total process time):
      real time           0.01 seconds
      cpu time            0.01 seconds
      

*------------------------------------------------------------* 
*  Trans: Optimal binning transformation requires a target variable.  Transformation will be ignored. 
*------------------------------------------------------------* 
*------------------------------------------------------------* 
*  Trans: Equalize transformation requires a class target variable.  Transformation will be ignored. 
*------------------------------------------------------------* 
*------------------------------------------------------------* 
*  Trans: Optimize equalize max. transformation requires a class target variable.  Transformation will be ignored. 
*------------------------------------------------------------* 
NOTE: View EMWS1.TRANS2_TRAIN.VIEW used (Total process time):
      real time           0.31 seconds
      cpu time            0.21 seconds
      
MPRINT(EM_DIAGRAM):      proc printto;
MPRINT(EM_DIAGRAM):   run;
