 
                                                                                                                                                                                                                                                                
 
 
Score Input Variables

                                                                     Used in
                                                         Variable     Score
Variable Name    Role     Creator    Comment    Label     Hidden      Code

PremHealth       INPUT                                      Y           Y   
PremHousehold    INPUT                                      Y           Y   
PremLife         INPUT                                      Y           Y   
PremMotor        INPUT                                      Y           Y   
PremWork         INPUT                                      Y           Y   
 
                                                                                                                                                                                                                                                                
 
 
Score Output Variables

Variable Name       Function     Creator    Label

Distance            TRANSFORM    Clus2      Distance           
EM_SEGMENT          TRANSFORM    Score      Segment Variable   
IMP_PremHealth      TRANSFORM               Imputed PremHealth 
IMP_PremLife        TRANSFORM               Imputed PremLife   
IMP_PremMotor       TRANSFORM               Imputed PremMotor  
IMP_PremWork        TRANSFORM               Imputed PremWork   
_SEGMENT_           TRANSFORM    Clus2      Segment Id         
_SEGMENT_LABEL_     TRANSFORM    Clus2      Segment Description
newPremHealth       TRANSFORM    Trans2                        
newPremHousehold    TRANSFORM    Trans2                        
newPremLife         TRANSFORM    Trans2                        
newPremMotor        TRANSFORM    Trans2                        
newPremWork         TRANSFORM    Trans2                        
revHealth           TRANSFORM                                  
revHousehold        TRANSFORM                                  
revLife             TRANSFORM                                  
revMotor            TRANSFORM                                  
revWork             TRANSFORM                                  
