MPRINT(EM_DIAGRAM):    data _null_;
MPRINT(EM_DIAGRAM):   call symput('NLDATE', strip(put(date(), NLDATE.)));
MPRINT(EM_DIAGRAM):   call symput('NLTIME', strip(put(datetime(), NLTIME.)));
MPRINT(EM_DIAGRAM):   run;
MPRINT(EM_DIAGRAM):   data _null_;
MPRINT(EM_DIAGRAM):   nldate= sasmsg("sashelp.dmine", "log_date_note", 'N', "22 December 2017" );
MPRINT(EM_DIAGRAM):   nltime= sasmsg("sashelp.dmine", "log_time_note", 'N', "21:33:37 o'clock" );
MPRINT(EM_DIAGRAM):   put "*------------------------------------------------------------*";
MPRINT(EM_DIAGRAM):   put "* Training Log";
MPRINT(EM_DIAGRAM):   put nldate;
MPRINT(EM_DIAGRAM):   put nltime;
MPRINT(EM_DIAGRAM):   put "*------------------------------------------------------------*";
MPRINT(EM_DIAGRAM):   run;
*------------------------------------------------------------*
* Training Log
Date:                22 December 2017
Time:                21:33:37 o'clock
*------------------------------------------------------------*
MPRINT(EM_DIAGRAM):    filename O1B_0VYS "C:\Users\misil\Desktop\MIS\DM1_project\Workspaces\EMWS1\Score\EMTRAIN.out" encoding="UTF-8" NOBOM;
MPRINT(EM_DIAGRAM):   proc printto print=O1B_0VYS new;
MPRINT(EM_DIAGRAM):   run;
MPRINT(EM_DIAGRAM):    filename _LOG "C:\Users\misil\Desktop\MIS\DM1_project\Workspaces\EMWS1\Score\EMLOG.log" encoding="UTF-8" NOBOM;
MPRINT(EM_DIAGRAM):    data _null_;
MPRINT(EM_DIAGRAM):   call symput('NLDATE', strip(put(date(), NLDATE.)));
MPRINT(EM_DIAGRAM):   call symput('NLTIME', strip(put(datetime(), NLTIME.)));
MPRINT(EM_DIAGRAM):   run;
MPRINT(EM_DIAGRAM):   data _null_;
MPRINT(EM_DIAGRAM):   nldate= sasmsg("sashelp.dmine", "log_date_note", 'N', "22 December 2017" );
MPRINT(EM_DIAGRAM):   nltime= sasmsg("sashelp.dmine", "log_time_note", 'N', "21:33:37 o'clock" );
MPRINT(EM_DIAGRAM):   file _LOG;
MPRINT(EM_DIAGRAM):   put "*------------------------------------------------------------*";
MPRINT(EM_DIAGRAM):   put "User:                misil";
MPRINT(EM_DIAGRAM):   put nldate;
MPRINT(EM_DIAGRAM):   put nltime;
MPRINT(EM_DIAGRAM):   put "Site:                70107571";
MPRINT(EM_DIAGRAM):   put "Platform:            X64_10PRO";
MPRINT(EM_DIAGRAM):   put "Maintenance Release: 9.04.01M4P110916";
MPRINT(EM_DIAGRAM):   put "EM Version:          14.2";
MPRINT(EM_DIAGRAM):   put "* ";
MPRINT(EM_DIAGRAM):   run;
MPRINT(EM_DIAGRAM):    filename _LOGIN "C:\Users\misil\Desktop\MIS\DM1_project\Workspaces\EMWS1\Score\EMTRAIN.log" encoding="UTF-8" NOBOM;
MPRINT(EM_COPYFILE):   data _null_;
MPRINT(EM_COPYFILE):   length line $20000;
MPRINT(EM_COPYFILE):   file _LOG MOD lrecl=20000;
MPRINT(EM_COPYFILE):   fid=fopen("_LOGIN",'i',20000,'v');
MPRINT(EM_COPYFILE):   if fid > 0 then do;
MPRINT(EM_COPYFILE):   do while(^fread(fid));
MPRINT(EM_COPYFILE):   rlen = frlen(fid);
MPRINT(EM_COPYFILE):   rc= fget(fid,line,20000);
MPRINT(EM_COPYFILE):   start = length(line)-length(left(line))+1;
MPRINT(EM_COPYFILE):   line=strip(line);
MPRINT(EM_COPYFILE):   put @start line;
MPRINT(EM_COPYFILE):   end;
MPRINT(EM_COPYFILE):   if fid > 0 then rc=fclose(fid);
MPRINT(EM_COPYFILE):   end;
MPRINT(EM_COPYFILE):   run;
MPRINT(EM_DIAGRAM):  ;
MPRINT(EM_DIAGRAM):   filename _LOGIN;
MPRINT(EM_DIAGRAM):    data _null_;
MPRINT(EM_DIAGRAM):   file _LOG mod;
MPRINT(EM_DIAGRAM):   put _page_;
MPRINT(EM_DIAGRAM):   run;
MPRINT(EM_DIAGRAM):   filename _LOGIN "C:\Users\misil\Desktop\MIS\DM1_project\Workspaces\EMWS1\Score\EMSCORE.log" encoding="UTF-8" NOBOM;
MPRINT(EM_DIAGRAM):  ;
MPRINT(EM_DIAGRAM):   data _null_;
MPRINT(EM_DIAGRAM):   file _LOG mod;
MPRINT(EM_DIAGRAM):   put _page_;
MPRINT(EM_DIAGRAM):   run;
MPRINT(EM_DIAGRAM):    filename _LOGIN "C:\Users\misil\Desktop\MIS\DM1_project\Workspaces\EMWS1\Score\EMREPORT.log" encoding="UTF-8" NOBOM;
MPRINT(EM_DIAGRAM):  ;
MPRINT(EM_DIAGRAM):   filename _LOGIN;
MPRINT(EM_DIAGRAM):    filename _LOG;
MPRINT(EM_DIAGRAM):    filename _OUT "C:\Users\misil\Desktop\MIS\DM1_project\Workspaces\EMWS1\Score\EMOUTPUT.out" encoding="UTF-8" NOBOM;
MPRINT(EM_DIAGRAM):    data _null_;
MPRINT(EM_DIAGRAM):   call symput('NLDATE', strip(put(date(), NLDATE.)));
MPRINT(EM_DIAGRAM):   call symput('NLTIME', strip(put(datetime(), NLTIME.)));
MPRINT(EM_DIAGRAM):   run;
MPRINT(EM_DIAGRAM):   data _null_;
MPRINT(EM_DIAGRAM):   nldate= sasmsg("sashelp.dmine", "log_date_note", 'N', "22 December 2017" );
MPRINT(EM_DIAGRAM):   nltime= sasmsg("sashelp.dmine", "log_time_note", 'N', "21:33:37 o'clock" );
MPRINT(EM_DIAGRAM):   file _OUT;
MPRINT(EM_DIAGRAM):   put "*------------------------------------------------------------*";
MPRINT(EM_DIAGRAM):   put "User:                misil";
MPRINT(EM_DIAGRAM):   put nldate;
MPRINT(EM_DIAGRAM):   put nltime;
MPRINT(EM_DIAGRAM):   put "*------------------------------------------------------------*";
MPRINT(EM_DIAGRAM):   put "* Training Output";
MPRINT(EM_DIAGRAM):   put "*------------------------------------------------------------*";
MPRINT(EM_DIAGRAM):   run;
MPRINT(EM_DIAGRAM):    filename _OUTIN "C:\Users\misil\Desktop\MIS\DM1_project\Workspaces\EMWS1\Score\EMTRAIN.out" encoding="UTF-8" NOBOM;
MPRINT(EM_DIAGRAM):   ;
MPRINT(EM_COPYFILE):   data _null_;
MPRINT(EM_COPYFILE):   length line $20000;
MPRINT(EM_COPYFILE):   file _OUT MOD lrecl=20000;
MPRINT(EM_COPYFILE):   fid=fopen("_OUTIN",'i',20000,'v');
MPRINT(EM_COPYFILE):   if fid > 0 then do;
MPRINT(EM_COPYFILE):   do while(^fread(fid));
MPRINT(EM_COPYFILE):   rlen = frlen(fid);
MPRINT(EM_COPYFILE):   rc= fget(fid,line,20000);
MPRINT(EM_COPYFILE):   start = length(line)-length(left(line))+1;
MPRINT(EM_COPYFILE):   line=strip(line);
MPRINT(EM_COPYFILE):   put @start line;
MPRINT(EM_COPYFILE):   end;
MPRINT(EM_COPYFILE):   if fid > 0 then rc=fclose(fid);
MPRINT(EM_COPYFILE):   end;
MPRINT(EM_COPYFILE):   run;
MPRINT(EM_DIAGRAM):  ;
MPRINT(EM_DIAGRAM):   filename _OUTIN;
MPRINT(EM_DIAGRAM):    data _null_;
MPRINT(EM_DIAGRAM):   file _OUT mod;
MPRINT(EM_DIAGRAM):   put _page_;
MPRINT(EM_DIAGRAM):   put // "*------------------------------------------------------------*";
MPRINT(EM_DIAGRAM):   put "* Score Output";
MPRINT(EM_DIAGRAM):   put "*------------------------------------------------------------*";
MPRINT(EM_DIAGRAM):   run;
MPRINT(EM_DIAGRAM):    filename _OUTIN "C:\Users\misil\Desktop\MIS\DM1_project\Workspaces\EMWS1\Score\EMSCORE.out" encoding="UTF-8" NOBOM;
MPRINT(EM_DIAGRAM):  ;
MPRINT(EM_DIAGRAM):   filename _OUTIN;
MPRINT(EM_DIAGRAM):    data _null_;
MPRINT(EM_DIAGRAM):   file _OUT mod;
MPRINT(EM_DIAGRAM):   put _page_;
MPRINT(EM_DIAGRAM):   put // "*------------------------------------------------------------*";
MPRINT(EM_DIAGRAM):   put "* Report Output";
MPRINT(EM_DIAGRAM):   put "*------------------------------------------------------------*";
MPRINT(EM_DIAGRAM):   run;
MPRINT(EM_DIAGRAM):    filename _OUTIN "C:\Users\misil\Desktop\MIS\DM1_project\Workspaces\EMWS1\Score\EMREPORT.out" encoding="UTF-8" NOBOM;
MPRINT(EM_DIAGRAM):  ;
MPRINT(EM_DIAGRAM):   filename _OUTIN;
MPRINT(EM_DIAGRAM):    filename _OUT;
MPRINT(EM_DIAGRAM):    filename _emtool_ 'C:\Users\misil\Desktop\MIS\DM1_project\Workspaces\EMWS1\Score\EMRUNSTATUS.xml' encoding="UTF-8" NOBOM;
28949      proc freq data=EMWS1.Score_VariableSet noprint;
MPRINT(EM_DIAGRAM):    proc freq data=EMWS1.Score_VariableSet noprint;
28950      table ROLE*LEVEL/out=WORK.ScoreMETA;
MPRINT(EM_DIAGRAM):   table ROLE*LEVEL/out=WORK.ScoreMETA;
28951      run;
MPRINT(EM_DIAGRAM):   run;

NOTE: There were 1 observations read from the data set EMWS1.SCORE_VARIABLESET.
NOTE: The data set WORK.SCOREMETA has 1 observations and 4 variables.
NOTE: PROCEDURE FREQ used (Total process time):
      real time           0.06 seconds
      cpu time            0.00 seconds
      

28952      proc print data=WORK.ScoreMETA label noobs;
MPRINT(EM_DIAGRAM):   proc print data=WORK.ScoreMETA label noobs;
28953      var ROLE LEVEL COUNT;
MPRINT(EM_DIAGRAM):   var ROLE LEVEL COUNT;
28954      label ROLE = "%sysfunc(sasmsg(sashelp.dmine, meta_role_vlabel, NOQUOTE))" LEVEL = "%sysfunc(sasmsg(sashelp.dmine, meta_level_vlabel, NOQUOTE))" COUNT = "%sysfunc(sasmsg(sashelp.dmine, rpt_count_vlabel, NOQUOTE))";
MPRINT(EM_DIAGRAM):   label ROLE = "Role" LEVEL = "Measurement Level" COUNT = "Frequency Count";
28955      title9 ' ';
MPRINT(EM_DIAGRAM):   title9 ' ';
28956      title10 "%sysfunc(sasmsg(sashelp.dmine, rpt_varSummary_title  , NOQUOTE))";
MPRINT(EM_DIAGRAM):   title10 "Variable Summary";
MPRINT(EM_DIAGRAM):   run;
28957      run;

NOTE: There were 1 observations read from the data set WORK.SCOREMETA.
NOTE: The PROCEDURE PRINT printed page 4.
NOTE: PROCEDURE PRINT used (Total process time):
      real time           0.00 seconds
      cpu time            0.00 seconds
      

28958      title10;
MPRINT(EM_DIAGRAM):   title10;
28959      %let groupid =;
28960      %let endGroupid =;
28961      %let prescoreid =;
28962      %let idsTable =;
28963      %let hpdmTable =;
28964      %let lasthptm =;
28965      data _null_;
MPRINT(EM_DIAGRAM):    data _null_;
28966      set EMWS1.Ids_EMINFO;
MPRINT(EM_DIAGRAM):   set EMWS1.Ids_EMINFO;
28967      where upcase(key) in('LASTHPTM', 'IDSTABLE', 'HPDMSAMPLE', 'PRESCORECODE','ENDGROUP', 'GROUPINFO', 'BOOSTINFO', 'BAGINFO', 'TARGETINFO', 'INDEXINFO');
MPRINT(EM_DIAGRAM):   where upcase(key) in('LASTHPTM', 'IDSTABLE', 'HPDMSAMPLE', 'PRESCORECODE','ENDGROUP', 'GROUPINFO', 'BOOSTINFO', 'BAGINFO', 'TARGETINFO', 'INDEXINFO');
28968      select(upcase(key));
MPRINT(EM_DIAGRAM):   select(upcase(key));
28969      when('LASTHPTM') call symput('lasthptm', DATA);
MPRINT(EM_DIAGRAM):   when('LASTHPTM') call symput('lasthptm', DATA);
28970      when('IDSTABLE') call symput('idsTable', DATA);
MPRINT(EM_DIAGRAM):   when('IDSTABLE') call symput('idsTable', DATA);
28971      when('HPDMSAMPLE') call symput('hpdmSample', DATA);
MPRINT(EM_DIAGRAM):   when('HPDMSAMPLE') call symput('hpdmSample', DATA);
28972      when('PRESCORECODE') call symput('prescoreId', DATA);
MPRINT(EM_DIAGRAM):   when('PRESCORECODE') call symput('prescoreId', DATA);
28973      when('ENDGROUP') call symput('endGroupId', DATA);
MPRINT(EM_DIAGRAM):   when('ENDGROUP') call symput('endGroupId', DATA);
28974      otherwise call symput('groupId', DATA);
MPRINT(EM_DIAGRAM):   otherwise call symput('groupId', DATA);
28975      end;
MPRINT(EM_DIAGRAM):   end;
28976      run;
MPRINT(EM_DIAGRAM):   run;

NOTE: There were 1 observations read from the data set EMWS1.IDS_EMINFO.
      WHERE UPCASE(key) in ('BAGINFO', 'BOOSTINFO', 'ENDGROUP', 'GROUPINFO', 'HPDMSAMPLE', 'IDSTABLE', 'INDEXINFO', 'LASTHPTM', 'PRESCORECODE', 'TARGETINFO');
NOTE: DATA statement used (Total process time):
      real time           0.00 seconds
      cpu time            0.00 seconds
      

28977      %let em_rootkey=;
28978      %let em_keytype=;
28979      %let em_keylen=;
28980      data _null_;
MPRINT(EM_DIAGRAM):    data _null_;
28981      set EMWS1.Ids_cmeta_data;
MPRINT(EM_DIAGRAM):   set EMWS1.Ids_cmeta_data;
28982      where role='KEY';
MPRINT(EM_DIAGRAM):   where role='KEY';
28983      call symput('em_rootkey', strip(NAME));
MPRINT(EM_DIAGRAM):   call symput('em_rootkey', strip(NAME));
28984      call symput('em_keytype', strip(TYPE));
MPRINT(EM_DIAGRAM):   call symput('em_keytype', strip(TYPE));
28985      call symput('em_rootlen', strip(put(length, best.)));
MPRINT(EM_DIAGRAM):   call symput('em_rootlen', strip(put(length, best.)));
28986      run;
MPRINT(EM_DIAGRAM):   run;

NOTE: There were 0 observations read from the data set EMWS1.IDS_CMETA_DATA.
      WHERE role='KEY';
NOTE: DATA statement used (Total process time):
      real time           0.00 seconds
      cpu time            0.00 seconds
      

NOTE: This SAS session is using a registry in WORK.  All changes will be lost at the end of this session.
MPRINT(EM_DIAGRAM):    data EMWS1.Score_SCORE;
MPRINT(EM_DIAGRAM):   set EMWS1.Ids2_DATA;
MPRINT(EM_DIAGRAM):   *------------------------------------------------------------*;
MPRINT(EM_DIAGRAM):   * EM SCORE CODE;
MPRINT(EM_DIAGRAM):   * EM Version: 14.2;
MPRINT(EM_DIAGRAM):   * SAS Release: 9.04.01M4P110916;
MPRINT(EM_DIAGRAM):   * Host: DESKTOP-61HCQ9U;
MPRINT(EM_DIAGRAM):   * Encoding: wlatin1;
MPRINT(EM_DIAGRAM):   * Locale: en_GB;
MPRINT(EM_DIAGRAM):   * Project Path: C:\Users\misil\Desktop\MIS;
MPRINT(EM_DIAGRAM):   * Project Name: DM1_project;
MPRINT(EM_DIAGRAM):   * Diagram Id: EMWS1;
MPRINT(EM_DIAGRAM):   * Diagram Name: Segmentation;
MPRINT(EM_DIAGRAM):   * Generated by: misil;
MPRINT(EM_DIAGRAM):   * Date: 22DEC2017:21:33:38;
MPRINT(EM_DIAGRAM):   *------------------------------------------------------------*;
MPRINT(EM_DIAGRAM):   *------------------------------------------------------------*;
MPRINT(EM_DIAGRAM):   * TOOL: Input Data Source;
MPRINT(EM_DIAGRAM):   * TYPE: SAMPLE;
MPRINT(EM_DIAGRAM):   * NODE: Ids;
MPRINT(EM_DIAGRAM):   *------------------------------------------------------------*;
MPRINT(EM_DIAGRAM):   *------------------------------------------------------------*;
MPRINT(EM_DIAGRAM):   * TOOL: Imputation;
MPRINT(EM_DIAGRAM):   * TYPE: MODIFY;
MPRINT(EM_DIAGRAM):   * NODE: Impt;
MPRINT(EM_DIAGRAM):   *------------------------------------------------------------*;
MPRINT(EM_DIAGRAM):   *;
MPRINT(EM_DIAGRAM):   *MOST FREQUENT VALUE (COUNT);
MPRINT(EM_DIAGRAM):   *;
MPRINT(EM_DIAGRAM):   length IMP_Children 8;
MPRINT(EM_DIAGRAM):   label IMP_Children = 'Imputed Children';
MPRINT(EM_DIAGRAM):   IMP_Children = Children;
MPRINT(EM_DIAGRAM):   if missing(Children) then IMP_Children = 1;
MPRINT(EM_DIAGRAM):   length IMP_EducDeg $25;
MPRINT(EM_DIAGRAM):   label IMP_EducDeg = 'Imputed EducDeg';
MPRINT(EM_DIAGRAM):   IMP_EducDeg = EducDeg;
MPRINT(EM_DIAGRAM):   if EducDeg = '' then IMP_EducDeg = '3 - BSc/MSc';
MPRINT(EM_DIAGRAM):   length IMP_GeoLivArea 8;
MPRINT(EM_DIAGRAM):   label IMP_GeoLivArea = 'Imputed GeoLivArea';
MPRINT(EM_DIAGRAM):   IMP_GeoLivArea = GeoLivArea;
MPRINT(EM_DIAGRAM):   if missing(GeoLivArea) then IMP_GeoLivArea = 4;
MPRINT(EM_DIAGRAM):   *;
MPRINT(EM_DIAGRAM):   *MEAN-MAX-MIN-MEDIAN-MIDRANGE AND ROBUST ESTIMATES;
MPRINT(EM_DIAGRAM):   *;
MPRINT(EM_DIAGRAM):   label IMP_BirthYear = 'Imputed BirthYear';
MPRINT(EM_DIAGRAM):   length IMP_BirthYear 8;
MPRINT(EM_DIAGRAM):   IMP_BirthYear = BirthYear;
MPRINT(EM_DIAGRAM):   if missing(BirthYear) then IMP_BirthYear = 1968;
MPRINT(EM_DIAGRAM):   label IMP_FirstPolYear = 'Imputed FirstPolYear';
MPRINT(EM_DIAGRAM):   length IMP_FirstPolYear 8;
MPRINT(EM_DIAGRAM):   IMP_FirstPolYear = FirstPolYear;
MPRINT(EM_DIAGRAM):   if missing(FirstPolYear) then IMP_FirstPolYear = 1986;
MPRINT(EM_DIAGRAM):   label IMP_MonthSal = 'Imputed MonthSal';
MPRINT(EM_DIAGRAM):   length IMP_MonthSal 8;
MPRINT(EM_DIAGRAM):   IMP_MonthSal = MonthSal;
MPRINT(EM_DIAGRAM):   if missing(MonthSal) then IMP_MonthSal = 2501.5;
MPRINT(EM_DIAGRAM):   label IMP_PremHealth = 'Imputed PremHealth';
MPRINT(EM_DIAGRAM):   length IMP_PremHealth 8;
MPRINT(EM_DIAGRAM):   IMP_PremHealth = PremHealth;
MPRINT(EM_DIAGRAM):   if missing(PremHealth) then IMP_PremHealth = 162.81;
MPRINT(EM_DIAGRAM):   label IMP_PremLife = 'Imputed PremLife';
MPRINT(EM_DIAGRAM):   length IMP_PremLife 8;
MPRINT(EM_DIAGRAM):   IMP_PremLife = PremLife;
MPRINT(EM_DIAGRAM):   if missing(PremLife) then IMP_PremLife = 25.56;
MPRINT(EM_DIAGRAM):   label IMP_PremMotor = 'Imputed PremMotor';
MPRINT(EM_DIAGRAM):   length IMP_PremMotor 8;
MPRINT(EM_DIAGRAM):   IMP_PremMotor = PremMotor;
MPRINT(EM_DIAGRAM):   if missing(PremMotor) then IMP_PremMotor = 298.61;
MPRINT(EM_DIAGRAM):   label IMP_PremWork = 'Imputed PremWork';
MPRINT(EM_DIAGRAM):   length IMP_PremWork 8;
MPRINT(EM_DIAGRAM):   IMP_PremWork = PremWork;
MPRINT(EM_DIAGRAM):   if missing(PremWork) then IMP_PremWork = 25.67;
MPRINT(EM_DIAGRAM):   *------------------------------------------------------------*;
MPRINT(EM_DIAGRAM):   * TOOL: Transform;
MPRINT(EM_DIAGRAM):   * TYPE: MODIFY;
MPRINT(EM_DIAGRAM):   * NODE: Trans;
MPRINT(EM_DIAGRAM):   *------------------------------------------------------------*;
MPRINT(EM_DIAGRAM):   *------------------------------------------------------------*;
MPRINT(EM_DIAGRAM):   * Formula Code;
MPRINT(EM_DIAGRAM):   *------------------------------------------------------------*;
MPRINT(EM_DIAGRAM):   revHealth =(IMP_PremHealth < 0) ;
MPRINT(EM_DIAGRAM):   revLife =(IMP_PremLife < 0) ;
MPRINT(EM_DIAGRAM):   revWork =(IMP_PremWork < 0) ;
MPRINT(EM_DIAGRAM):   revHousehold =(PremHousehold < 0) ;
MPRINT(EM_DIAGRAM):   revMotor =(IMP_PremMotor < 0) ;
MPRINT(EM_DIAGRAM):   *------------------------------------------------------------*;
MPRINT(EM_DIAGRAM):   * TOOL: Transform;
MPRINT(EM_DIAGRAM):   * TYPE: MODIFY;
MPRINT(EM_DIAGRAM):   * NODE: Trans2;
MPRINT(EM_DIAGRAM):   *------------------------------------------------------------*;
MPRINT(EM_DIAGRAM):   *------------------------------------------------------------*;
MPRINT(EM_DIAGRAM):   * Formula Code;
MPRINT(EM_DIAGRAM):   *------------------------------------------------------------*;
MPRINT(EM_DIAGRAM):   newPremHealth =IMP_PremHealth * ( NOT revHealth) ;
MPRINT(EM_DIAGRAM):   newPremLife =IMP_PremLife * ( NOT revLife) ;
MPRINT(EM_DIAGRAM):   newPremMotor =IMP_PremMotor * ( NOT revMotor) ;
MPRINT(EM_DIAGRAM):   newPremWork =IMP_PremWork * ( NOT revWork) ;
MPRINT(EM_DIAGRAM):   newPremHousehold =PremHousehold * ( NOT revHousehold) ;
MPRINT(EM_DIAGRAM):   *------------------------------------------------------------*;
MPRINT(EM_DIAGRAM):   * TOOL: Transform;
MPRINT(EM_DIAGRAM):   * TYPE: MODIFY;
MPRINT(EM_DIAGRAM):   * NODE: Trans3;
MPRINT(EM_DIAGRAM):   *------------------------------------------------------------*;
MPRINT(EM_DIAGRAM):   *------------------------------------------------------------*;
MPRINT(EM_DIAGRAM):   * Formula Code;
MPRINT(EM_DIAGRAM):   *------------------------------------------------------------*;
MPRINT(EM_DIAGRAM):   age =2016 - IMP_BirthYear ;
MPRINT(EM_DIAGRAM):   policy_time =2016 - IMP_FirstPolYear ;
MPRINT(EM_DIAGRAM):   reversals =revHealth + revHousehold + revLife + revMotor + revWork ;
MPRINT(EM_DIAGRAM):   *------------------------------------------------------------*;
MPRINT(EM_DIAGRAM):   * TOOL: Drop Node;
MPRINT(EM_DIAGRAM):   * TYPE: MODIFY;
MPRINT(EM_DIAGRAM):   * NODE: Drop;
MPRINT(EM_DIAGRAM):   *------------------------------------------------------------*;
MPRINT(EM_DIAGRAM):   *------------------------------------------------------------*;
MPRINT(EM_DIAGRAM):   * TOOL: Filtering;
MPRINT(EM_DIAGRAM):   * TYPE: MODIFY;
MPRINT(EM_DIAGRAM):   * NODE: Filter2;
MPRINT(EM_DIAGRAM):   *------------------------------------------------------------*;
MPRINT(EM_DIAGRAM):   *------------------------------------------------------------*;
MPRINT(EM_DIAGRAM):   * TOOL: Clustering;
MPRINT(EM_DIAGRAM):   * TYPE: EXPLORE;
MPRINT(EM_DIAGRAM):   * NODE: Clus2;
MPRINT(EM_DIAGRAM):   *------------------------------------------------------------*;
MPRINT(EM_DIAGRAM):   *****************************************;
MPRINT(EM_DIAGRAM):   *** Begin Scoring Code from PROC DMVQ ***;
MPRINT(EM_DIAGRAM):   *****************************************;
MPRINT(EM_DIAGRAM):   *** Begin Class Look-up, Standardization, Replacement ;
MPRINT(EM_DIAGRAM):   drop _dm_bad;
MPRINT(EM_DIAGRAM):   _dm_bad = 0;
MPRINT(EM_DIAGRAM):   *** Standardize newPremHealth ;
MPRINT(EM_DIAGRAM):   drop T_newPremHealth ;
MPRINT(EM_DIAGRAM):   if missing( newPremHealth ) then T_newPremHealth = .;
MPRINT(EM_DIAGRAM):   else T_newPremHealth = (newPremHealth - 169.635180503589) * 0.01346436244109;
MPRINT(EM_DIAGRAM):   *** Standardize newPremHousehold ;
MPRINT(EM_DIAGRAM):   drop T_newPremHousehold ;
MPRINT(EM_DIAGRAM):   if missing( newPremHousehold ) then T_newPremHousehold = .;
MPRINT(EM_DIAGRAM):   else T_newPremHousehold = (newPremHousehold - 197.588431590653) * 0.00470478682718;
MPRINT(EM_DIAGRAM):   *** Standardize newPremLife ;
MPRINT(EM_DIAGRAM):   drop T_newPremLife ;
MPRINT(EM_DIAGRAM):   if missing( newPremLife ) then T_newPremLife = .;
MPRINT(EM_DIAGRAM):   else T_newPremLife = (newPremLife - 37.3322793002349) * 0.02644481356546;
MPRINT(EM_DIAGRAM):   *** Standardize newPremMotor ;
MPRINT(EM_DIAGRAM):   drop T_newPremMotor ;
MPRINT(EM_DIAGRAM):   if missing( newPremMotor ) then T_newPremMotor = .;
MPRINT(EM_DIAGRAM):   else T_newPremMotor = (newPremMotor - 305.97255839822) * 0.00754702532898;
MPRINT(EM_DIAGRAM):   *** Standardize newPremWork ;
MPRINT(EM_DIAGRAM):   drop T_newPremWork ;
MPRINT(EM_DIAGRAM):   if missing( newPremWork ) then T_newPremWork = .;
MPRINT(EM_DIAGRAM):   else T_newPremWork = (newPremWork - 37.4512539184974) * 0.02618215251777;
MPRINT(EM_DIAGRAM):   *** End Class Look-up, Standardization, Replacement ;
MPRINT(EM_DIAGRAM):   *** Omitted Cases;
MPRINT(EM_DIAGRAM):   if _dm_bad then do;
MPRINT(EM_DIAGRAM):   _SEGMENT_ = .;
MPRINT(EM_DIAGRAM):   Distance = .;
MPRINT(EM_DIAGRAM):   goto CLUS2vlex ;
MPRINT(EM_DIAGRAM):   end;
MPRINT(EM_DIAGRAM):   *** omitted;
MPRINT(EM_DIAGRAM):   *** Compute Distances and Cluster Membership;
MPRINT(EM_DIAGRAM):   label _SEGMENT_ = 'Segment Id' ;
MPRINT(EM_DIAGRAM):   label Distance = 'Distance' ;
MPRINT(EM_DIAGRAM):   array CLUS2vads [3] _temporary_;
MPRINT(EM_DIAGRAM):   drop _vqclus _vqmvar _vqnvar;
MPRINT(EM_DIAGRAM):   _vqmvar = 0;
MPRINT(EM_DIAGRAM):   do _vqclus = 1 to 3;
MPRINT(EM_DIAGRAM):   CLUS2vads [_vqclus] = 0;
MPRINT(EM_DIAGRAM):   end;
MPRINT(EM_DIAGRAM):   if not missing( T_newPremHealth ) then do;
MPRINT(EM_DIAGRAM):   CLUS2vads [1] + ( T_newPremHealth - -0.82960024900408 )**2;
MPRINT(EM_DIAGRAM):   CLUS2vads [2] + ( T_newPremHealth - 0.78787937450745 )**2;
MPRINT(EM_DIAGRAM):   CLUS2vads [3] + ( T_newPremHealth - 0.08379147181449 )**2;
MPRINT(EM_DIAGRAM):   end;
MPRINT(EM_DIAGRAM):   else _vqmvar + 1;
MPRINT(EM_DIAGRAM):   if not missing( T_newPremHousehold ) then do;
MPRINT(EM_DIAGRAM):   CLUS2vads [1] + ( T_newPremHousehold - -0.56381216035569 )**2;
MPRINT(EM_DIAGRAM):   CLUS2vads [2] + ( T_newPremHousehold - -0.08291993090175 )**2;
MPRINT(EM_DIAGRAM):   CLUS2vads [3] + ( T_newPremHousehold - 1.39128804971018 )**2;
MPRINT(EM_DIAGRAM):   end;
MPRINT(EM_DIAGRAM):   else _vqmvar + 1;
MPRINT(EM_DIAGRAM):   if not missing( T_newPremLife ) then do;
MPRINT(EM_DIAGRAM):   CLUS2vads [1] + ( T_newPremLife - -0.59663170306057 )**2;
MPRINT(EM_DIAGRAM):   CLUS2vads [2] + ( T_newPremLife - -0.02476874382712 )**2;
MPRINT(EM_DIAGRAM):   CLUS2vads [3] + ( T_newPremLife - 1.33638054355613 )**2;
MPRINT(EM_DIAGRAM):   end;
MPRINT(EM_DIAGRAM):   else _vqmvar + 1;
MPRINT(EM_DIAGRAM):   if not missing( T_newPremMotor ) then do;
MPRINT(EM_DIAGRAM):   CLUS2vads [1] + ( T_newPremMotor - 0.99564167646414 )**2;
MPRINT(EM_DIAGRAM):   CLUS2vads [2] + ( T_newPremMotor - -0.41156858709146 )**2;
MPRINT(EM_DIAGRAM):   CLUS2vads [3] + ( T_newPremMotor - -1.25283673419627 )**2;
MPRINT(EM_DIAGRAM):   end;
MPRINT(EM_DIAGRAM):   else _vqmvar + 1;
MPRINT(EM_DIAGRAM):   if not missing( T_newPremWork ) then do;
MPRINT(EM_DIAGRAM):   CLUS2vads [1] + ( T_newPremWork - -0.59394228147834 )**2;
MPRINT(EM_DIAGRAM):   CLUS2vads [2] + ( T_newPremWork - -0.01546512504312 )**2;
MPRINT(EM_DIAGRAM):   CLUS2vads [3] + ( T_newPremWork - 1.31052205167744 )**2;
MPRINT(EM_DIAGRAM):   end;
MPRINT(EM_DIAGRAM):   else _vqmvar + 1;
MPRINT(EM_DIAGRAM):   _vqnvar = 5 - _vqmvar;
MPRINT(EM_DIAGRAM):   if _vqnvar <= 2.8421709430404E-12 then do;
MPRINT(EM_DIAGRAM):   _SEGMENT_ = .;
MPRINT(EM_DIAGRAM):   Distance = .;
MPRINT(EM_DIAGRAM):   end;
MPRINT(EM_DIAGRAM):   else do;
MPRINT(EM_DIAGRAM):   _SEGMENT_ = 1;
MPRINT(EM_DIAGRAM):   Distance = CLUS2vads [1];
MPRINT(EM_DIAGRAM):   _vqfzdst = Distance * 0.99999999999988;
MPRINT(EM_DIAGRAM):   drop _vqfzdst;
MPRINT(EM_DIAGRAM):   do _vqclus = 2 to 3;
MPRINT(EM_DIAGRAM):   if CLUS2vads [_vqclus] < _vqfzdst then do;
MPRINT(EM_DIAGRAM):   _SEGMENT_ = _vqclus;
MPRINT(EM_DIAGRAM):   Distance = CLUS2vads [_vqclus];
MPRINT(EM_DIAGRAM):   _vqfzdst = Distance * 0.99999999999988;
MPRINT(EM_DIAGRAM):   end;
MPRINT(EM_DIAGRAM):   end;
MPRINT(EM_DIAGRAM):   Distance = sqrt(Distance * (5 / _vqnvar));
MPRINT(EM_DIAGRAM):   end;
MPRINT(EM_DIAGRAM):   CLUS2vlex :;
MPRINT(EM_DIAGRAM):   ***************************************;
MPRINT(EM_DIAGRAM):   *** End Scoring Code from PROC DMVQ ***;
MPRINT(EM_DIAGRAM):   ***************************************;
MPRINT(EM_DIAGRAM):   *------------------------------------------------------------*;
MPRINT(EM_DIAGRAM):   * Clus2: Creating Segment Label;
MPRINT(EM_DIAGRAM):   *------------------------------------------------------------*;
MPRINT(EM_DIAGRAM):   length _SEGMENT_LABEL_ $80;
MPRINT(EM_DIAGRAM):   label _SEGMENT_LABEL_= 'Segment Description';
MPRINT(EM_DIAGRAM):   if _SEGMENT_ = 1 then _SEGMENT_LABEL_="Cluster1";
MPRINT(EM_DIAGRAM):   else if _SEGMENT_ = 2 then _SEGMENT_LABEL_="Cluster2";
MPRINT(EM_DIAGRAM):   else if _SEGMENT_ = 3 then _SEGMENT_LABEL_="Cluster3";
MPRINT(EM_DIAGRAM):   *------------------------------------------------------------*;
MPRINT(EM_DIAGRAM):   * TOOL: Score Node;
MPRINT(EM_DIAGRAM):   * TYPE: ASSESS;
MPRINT(EM_DIAGRAM):   * NODE: Score;
MPRINT(EM_DIAGRAM):   *------------------------------------------------------------*;
MPRINT(EM_DIAGRAM):   *------------------------------------------------------------*;
MPRINT(EM_DIAGRAM):   * Score: Creating Fixed Names;
MPRINT(EM_DIAGRAM):   *------------------------------------------------------------*;
MPRINT(EM_DIAGRAM):   LABEL EM_SEGMENT = 'Segment Variable';
MPRINT(EM_DIAGRAM):   EM_SEGMENT = _SEGMENT_;
MPRINT(EM_DIAGRAM):   run;
MPRINT(EM_DIAGRAM):    proc printto;
MPRINT(EM_DIAGRAM):   run;
