 
                                                                                               
 
 
Fit Statistics

Target=DepVar Target Label=DepVar

   Fit
Statistics    Statistics Label                     Train

 _ASE_        Average Squared Error                 0.05
 _DIV_        Divisor for ASE                    4874.00
 _MAX_        Maximum Absolute Error                1.00
 _NOBS_       Sum of Frequencies                 2437.00
 _RASE_       Root Average Squared Error            0.22
 _SSE_        Sum of Squared Errors               234.35
 _DISF_       Frequency of Classified Cases      2437.00
 _MISC_       Misclassification Rate                0.06
 _WRONG_      Number of Wrong Classifications     155.00
 
                                                                                               
 
 
Classification Table

Data Role=TRAIN Target Variable=DepVar Target Label=DepVar

                       Target        Outcome     Frequency       Total
Target    Outcome    Percentage    Percentage      Count      Percentage

  0          0         95.5315       96.5763        2031        83.3402 
  1          0          4.4685       28.4431          95         3.8982 
  0          1         23.1511        3.4237          72         2.9545 
  1          1         76.8489       71.5569         239         9.8071 
 
                                                                                               
 
 
Event Classification Table

Data Role=TRAIN Target=DepVar Target Label=DepVar

  False       True        False       True
Negative    Negative    Positive    Positive

   95         2031         72          239  
 
                                                                                               
 
 
Assessment Score Rankings

Data Role=TRAIN Target Variable=DepVar Target Label=DepVar

                                                                                    Mean
                            Cumulative       %      Cumulative     Number of     Posterior
Depth      Gain     Lift       Lift      Response   % Response   Observations   Probability

   5    563.393   6.63393     6.63393     90.9206     90.9206         122         0.92890  
  10    513.350   5.63307     6.13350     77.2033     84.0619         122         0.80607  
  15    406.363   2.92388     5.06363     40.0729     69.3989         122         0.47815  
  20    322.918   1.72585     4.22918     23.6534     57.9625         122         0.17902  
  25    252.859   0.72622     3.52859      9.9532     48.3607         122         0.08349  
  30    205.748   0.70194     3.05748      9.6204     41.9039         122         0.05867  
  35    166.879   0.31737     2.66879      4.3497     36.5768         121         0.03682  
  40    134.589   0.08821     2.34589      1.2090     32.1513         122         0.02543  
  45    112.598   0.36849     2.12598      5.0503     29.1373         122         0.02101  
  50     92.783   0.14611     1.92783      2.0025     26.4216         122         0.01514  
  55     75.771   0.05798     1.75771      0.7946     24.0901         122         0.01175  
  60     61.588   0.05689     1.61588      0.7797     22.1463         122         0.01079  
  65     49.427   0.03588     1.49427      0.4918     20.4795         122         0.00976  
  70     39.978   0.16203     1.39978      2.2206     19.1845         121         0.00877  
  75     31.310   0.10099     1.31310      1.3841     17.9965         122         0.00868  
  80     23.852   0.12107     1.23852      1.6593     16.9744         122         0.00856  
  85     16.676   0.01977     1.16676      0.2710     15.9909         122         0.00852  
  90     10.526   0.06086     1.10526      0.8341     15.1480         122         0.00795  
  95      5.035   0.06281     1.05035      0.8608     14.3954         122         0.00647  
 100      0.000   0.03628     1.00000      0.4972     13.7054         121         0.00366  
 
                                                                                               
 
 
Assessment Score Distribution

Data Role=TRAIN Target Variable=DepVar Target Label=DepVar

 Posterior     Number                     Mean
Probability      of      Number of     Posterior
   Range       Events    Nonevents    Probability    Percentage

 0.95-1.00       24            1        0.98880         1.0259 
 0.90-0.95       73           10        0.91598         3.4058 
 0.85-0.90       60            8        0.88737         2.7903 
 0.80-0.85        2            1        0.83918         0.1231 
 0.75-0.80       15            6        0.77429         0.8617 
 0.70-0.75       25           12        0.72942         1.5183 
 0.65-0.70       17            5        0.67632         0.9027 
 0.60-0.65       11            8        0.62181         0.7796 
 0.55-0.60        4            7        0.59481         0.4514 
 0.50-0.55        8           14        0.54546         0.9027 
 0.45-0.50        1            1        0.46154         0.0821 
 0.40-0.45        3            1        0.43056         0.1641 
 0.35-0.40        3            6        0.37956         0.3693 
 0.30-0.35        5           10        0.32591         0.6155 
 0.25-0.30        3           22        0.27843         1.0259 
 0.20-0.25       12           33        0.23761         1.8465 
 0.15-0.20        7           13        0.17864         0.8207 
 0.10-0.15       13           70        0.12456         3.4058 
 0.05-0.10       22          204        0.06640         9.2737 
 0.00-0.05       26         1671        0.01290        69.6348 
