 
                                                                                                                                                                                                                                                                
 
 
Variable Summary

           Measurement    Frequency
 Role         Level         Count

ASSESS      NOMINAL           1    
INPUT       NOMINAL           1    
SEGMENT     INTERVAL          1    
TARGET      BINARY            1    
 
                                                                                                                                                                                                                                                                
 
Group Summary

Group                     Frequency
Index        Group          Count

   1     ^(cv_var =1)         2210 
   2     ^(cv_var =2)         2189 
   3     ^(cv_var =3)         2200 
   4     ^(cv_var =4)         2194 
   5     ^(cv_var =5)         2205 
   6     ^(cv_var =6)         2209 
   7     ^(cv_var =7)         2202 
   8     ^(cv_var =8)         2172 
   9     ^(cv_var =9)         2172 
  10     ^(cv_var =10)        2180 
