 
                                                                                               
 
 
Variable Summary

          Measurement    Frequency
 Role        Level         Count

TARGET      BINARY           1    
 
                                                                                               
 
 







Fit Statistics
Model Selection based on Train: Misclassification Rate (_MISC_)

                                                               Train:
                                                 Train:        Average  Train:
Selected   Model                           Misclassification   Squared    Roc   Train: Gini
 Model      Node      Model Description           Rate          Error    Index  Coefficient

   Y      MdlImp12  Neural Network - 8HU        0.021338      0.015988   0.995     0.989   
          MdlImp11  Neural Network - 6HU        0.023800      0.019300   0.992     0.985   
          MdlImp10  Neural Network - 4HU        0.030776      0.023840   0.992     0.983   
          MdlImp13  Neural Network - 10HU       0.035700      0.026355   0.989     0.979   
          MdlImp9   Neural Network - 2HU        0.041034      0.029404   0.987     0.975   
          MdlImp8   2-order regression          0.042265      0.030839   0.986     0.972   
          MdlImp7   1-order regression          0.044317      0.033942   0.983     0.966   
          MdlImp6   Simple regression           0.048420      0.034084   0.983     0.967   
          MdlImp3   Decision Tree Big           0.053755      0.044424   0.953     0.906   
          MdlImp2   Decision Tree Medium        0.063603      0.048082   0.950     0.899   
          MdlImp    Decision Tree Small         0.093147      0.073087   0.865     0.731   
 
                                                                                               
 
 







Fit Statistics Table
Target: DepVar

Data Role=Train

                                                                      Mdl        Mdl
Statistics                                                          Imp12      Imp11

Train: Bin-Based Two-Way Kolmogorov-Smirnov Probability Cutoff       0.58       0.15
Train: Kolmogorov-Smirnov Statistic                                  0.95       0.91
Train: Average Squared Error                                         0.02       0.02
Train: Roc Index                                                     1.00       0.99
Train: Cumulative Percent Captured Response                         71.26      71.86
Train: Percent Captured Response                                    34.73      35.63
Selection Criterion: Train: Misclassification Rate                   0.02       0.02
Train: Frequency of Classified Cases                              2437.00    2437.00
Train: Divisor for ASE                                            4874.00    4874.00
Train: Gain                                                        611.70     617.68
Train: Gini Coefficient                                              0.99       0.99
Train: Bin-Based Two-Way Kolmogorov-Smirnov Statistic                0.94       0.90
Train: Kolmogorov-Smirnov Probability Cutoff                         0.14       0.13
Train: Cumulative Lift                                               7.12       7.18
Train: Lift                                                          6.94       7.12
Train: Maximum Absolute Error                                        1.00       1.00
Train: Misclassification Rate                                        0.02       0.02
Train: Sum of Frequencies                                         2437.00    2437.00
Train: Root Average Squared Error                                    0.13       0.14
Train: Cumulative Percent Response                                  97.54      98.36
Train: Percent Response                                             95.08      97.54
Train: Sum of Squared Errors                                        77.92      94.07
Train: Number of Wrong Classifications                              52.00      58.00

    Mdl        Mdl
  Imp10      Imp13    MdlImp9    MdlImp8    MdlImp7    MdlImp6    MdlImp3    MdlImp2     MdlImp

   0.19       0.21       0.21       0.24       0.25       0.23       0.19       0.19       0.13
   0.92       0.91       0.89       0.89       0.88       0.89       0.78       0.79       0.58
   0.02       0.03       0.03       0.03       0.03       0.03       0.04       0.05       0.07
   0.99       0.99       0.99       0.99       0.98       0.98       0.95       0.95       0.87
  70.66      68.86      69.46      68.56      67.37      67.07      61.93      61.41      53.02
  34.43      32.63      33.23      32.63      31.14      30.54      28.18      28.20      22.03
   0.03       0.04       0.04       0.04       0.04       0.05       0.05       0.06       0.09
2437.00    2437.00    2437.00    2437.00    2437.00    2437.00    2437.00    2437.00    2437.00
4874.00    4874.00    4874.00    4874.00    4874.00    4874.00    4874.00    4874.00    4874.00
 605.72     587.78     593.76     584.79     572.82     569.83     518.50     513.35     429.54
   0.98       0.98       0.98       0.97       0.97       0.97       0.91       0.90       0.73
   0.91       0.90       0.86       0.89       0.88       0.88       0.77       0.78       0.57
   0.15       0.18       0.23       0.14       0.15       0.14       0.12       0.11       0.13
   7.06       6.88       6.94       6.85       6.73       6.70       6.19       6.13       5.30
   6.88       6.52       6.64       6.52       6.22       6.10       5.63       5.63       4.40
   1.00       0.99       1.00       1.00       0.99       0.99       1.00       1.00       0.99
   0.03       0.04       0.04       0.04       0.04       0.05       0.05       0.06       0.09
2437.00    2437.00    2437.00    2437.00    2437.00    2437.00    2437.00    2437.00    2437.00
   0.15       0.16       0.17       0.18       0.18       0.18       0.21       0.22       0.27
  96.72      94.26      95.08      93.85      92.21      91.80      84.77      84.06      72.58
  94.26      89.34      90.98      89.34      85.25      83.61      77.15      77.20      60.31
 116.20     128.46     143.31     150.31     165.43     166.12     216.52     234.35     356.23
  75.00      87.00     100.00     103.00     108.00     118.00     131.00     155.00     227.00
 
                                                                                               
 
 







Event Classification Table
Model Selection based on Train: Misclassification Rate (_MISC_)

 Model                           Data           Target    False     True      False     True
  Node      Model Description    Role   Target  Label   Negative  Negative  Positive  Positive

MdlImp    Decision Tree Small    TRAIN  DepVar  DepVar     161      2039       64        173  
MdlImp2   Decision Tree Medium   TRAIN  DepVar  DepVar      95      2031       72        239  
MdlImp3   Decision Tree Big      TRAIN  DepVar  DepVar      84      2038       65        250  
MdlImp6   Simple regression      TRAIN  DepVar  DepVar      69      2055       48        265  
MdlImp7   1-order regression     TRAIN  DepVar  DepVar      65      2058       45        269  
MdlImp8   2-order regression     TRAIN  DepVar  DepVar      61      2060       43        273  
MdlImp9   Neural Network - 2HU   TRAIN  DepVar  DepVar      57      2063       40        277  
MdlImp11  Neural Network - 6HU   TRAIN  DepVar  DepVar      28      2069       34        306  
MdlImp12  Neural Network - 8HU   TRAIN  DepVar  DepVar      26      2076       27        308  
MdlImp13  Neural Network - 10HU  TRAIN  DepVar  DepVar      46      2057       46        288  
MdlImp10  Neural Network - 4HU   TRAIN  DepVar  DepVar      43      2069       34        291  
