 
                                                                                               
 
 
Variable Summary

          Measurement    Frequency
 Role        Level         Count

TARGET      BINARY           1    
 
                                                                                               
 
 







Fit Statistics
Model Selection based on Valid: Misclassification Rate (_VMISC_)

                                                        Train:                       Valid:
                                          Valid:        Average        Train:        Average
Selected   Model        Model       Misclassification   Squared  Misclassification   Squared
 Model     Node      Description           Rate          Error          Rate          Error

   Y      Neural6  Final - ANN 8HU       0.045020      0.026433       0.038732      0.029582
 
                                                                                               
 
 







Fit Statistics Table
Target: DepVar

Data Role=Train

Statistics                                                        Neural6

Train: Bin-Based Two-Way Kolmogorov-Smirnov Probability Cutoff       0.21
Train: Kolmogorov-Smirnov Statistic                                  0.91
Train: Akaike's Information Criterion                              537.99
Train: Average Squared Error                                         0.03
Train: Roc Index                                                     0.99
Train: Average Error Function                                        0.09
Train: Cumulative Percent Captured Response                         69.53
Train: Percent Captured Response                                    32.62
Selection Criterion: Valid: Misclassification Rate                   0.05
Train: Degrees of Freedom for Error                               1583.00
Train: Model Degrees of Freedom                                    121.00
Train: Total Degrees of Freedom                                   1704.00
Train: Divisor for ASE                                            3408.00
Train: Error Function                                              295.99
Train: Final Prediction Error                                        0.03
Train: Gain                                                        592.84
Train: Gini Coefficient                                              0.98
Train: Bin-Based Two-Way Kolmogorov-Smirnov Statistic                0.90
Train: Kolmogorov-Smirnov Probability Cutoff                         0.21
Train: Cumulative Lift                                               6.93
Train: Lift                                                          6.54
Train: Maximum Absolute Error                                        0.97
Train: Misclassification Rate                                        0.04
Train: Mean Squared Error                                            0.03
Train: Sum of Frequencies                                         1704.00
Train: Number of Estimated Weights                                 121.00
Train: Root Average Squared Error                                    0.16
Train: Cumulative Percent Response                                  94.74
Train: Percent Response                                             89.41
Train: Root Final Prediction Error                                   0.17
Train: Root Mean Squared Error                                       0.17
Train: Schwarz's Bayesian Criterion                               1196.31
Train: Sum of Squared Errors                                        90.08
Train: Sum of Case Weights Times Freq                             3408.00
Train: Number of Wrong Classifications                              66.00


Data Role=Valid

Statistics                                                        Neural6

Valid: Kolmogorov-Smirnov Statistic                                  0.90
Valid: Average Squared Error                                         0.03
Valid: Roc Index                                                     0.99
Valid: Average Error Function                                        0.09
Valid: Bin-Based Two-Way Kolmogorov-Smirnov Probability Cutoff       0.18
Valid: Cumulative Percent Captured Response                         68.32
Valid: Percent Captured Response                                    31.68
Valid: Divisor for VASE                                           1466.00
Valid: Error Function                                              137.73
Valid: Gain                                                        576.71
Valid: Gini Coefficient                                              0.98
Valid: Bin-Based Two-Way Kolmogorov-Smirnov Statistic                0.89
Valid: Kolmogorov-Smirnov Probability Cutoff                         0.09
Valid: Cumulative Lift                                               6.77
Valid: Lift                                                          6.28
Valid: Maximum Absolute Error                                        0.95
Valid: Misclassification Rate                                        0.05
Valid: Mean Squared Error                                            0.03
Valid: Sum of Frequencies                                          733.00
Valid: Root Average Squared Error                                    0.17
Valid: Cumulative Percent Response                                  93.24
Valid: Percent Response                                             86.49
Valid: Root Mean Squared Error                                       0.17
Valid: Sum of Squared Errors                                        43.37
Valid: Sum of Case Weights Times Freq                             1466.00
Valid: Number of Wrong Classifications                              33.00
 
                                                                                               
 
 







Event Classification Table
Model Selection based on Valid: Misclassification Rate (_VMISC_)

 Model        Model       Data              Target    False     True      False     True
 Node      Description    Role      Target  Label   Negative  Negative  Positive  Positive

Neural6  Final - ANN 8HU  TRAIN     DepVar  DepVar     43       1448       23        190  
Neural6  Final - ANN 8HU  VALIDATE  DepVar  DepVar     20        619       13         81  
