MPRINT(EM_DIAGRAM):    data _null_;
MPRINT(EM_DIAGRAM):   call symput('NLDATE', strip(put(date(), NLDATE.)));
MPRINT(EM_DIAGRAM):   call symput('NLTIME', strip(put(datetime(), NLTIME.)));
MPRINT(EM_DIAGRAM):   run;
MPRINT(EM_DIAGRAM):   data _null_;
MPRINT(EM_DIAGRAM):   nldate= sasmsg("sashelp.dmine", "log_date_note", 'N', "22 December 2017" );
MPRINT(EM_DIAGRAM):   nltime= sasmsg("sashelp.dmine", "log_time_note", 'N', "12:24:34 o'clock" );
MPRINT(EM_DIAGRAM):   put "*------------------------------------------------------------*";
MPRINT(EM_DIAGRAM):   put "* Report Log";
MPRINT(EM_DIAGRAM):   put nldate;
MPRINT(EM_DIAGRAM):   put nltime;
MPRINT(EM_DIAGRAM):   put "*------------------------------------------------------------*";
MPRINT(EM_DIAGRAM):   run;
*------------------------------------------------------------*
* Report Log
Date:                22 December 2017
Time:                12:24:34 o'clock
*------------------------------------------------------------*
MPRINT(EM_DIAGRAM):    filename O2YMHFWD "C:\Users\misil\Desktop\MIS\DM1_project\Workspaces\EMWS1\Trans\EMREPORT.out" encoding="UTF-8" NOBOM;
MPRINT(EM_DIAGRAM):   proc printto print=O2YMHFWD new;
MPRINT(EM_DIAGRAM):   run;
19300      *------------------------------------------------------------*;
MPRINT(EM_DIAGRAM):    *------------------------------------------------------------*;
19301      * &msgString;
MPRINT(EM_DIAGRAM):   * &msgString;
19302      *------------------------------------------------------------*;
MPRINT(EM_DIAGRAM):   *------------------------------------------------------------*;
19303      filename _flowref "C:\Users\misil\Desktop\MIS\DM1_project\Workspaces\EMWS1\Trans\EMFLOWSCORE.sas";
MPRINT(EM_DIAGRAM):   filename _flowref "C:\Users\misil\Desktop\MIS\DM1_project\Workspaces\EMWS1\Trans\EMFLOWSCORE.sas";
19304      proc FCMP NOEXECUTE IMPUTEDDEPS OUTDEPS=WORK.TRANS_SCOREINPUTS;
MPRINT(EM_DIAGRAM):   proc FCMP NOEXECUTE IMPUTEDDEPS OUTDEPS=WORK.TRANS_SCOREINPUTS;
19305      %INCLUDE _flowref;
MPRINT(EM_DIAGRAM):   *------------------------------------------------------------*;
MPRINT(EM_DIAGRAM):   * Formula Code;
MPRINT(EM_DIAGRAM):   *------------------------------------------------------------*;
MPRINT(EM_DIAGRAM):   revHealth =(IMP_PremHealth < 0) ;
MPRINT(EM_DIAGRAM):   revLife =(IMP_PremLife < 0) ;
MPRINT(EM_DIAGRAM):   revWork =(IMP_PremWork < 0) ;
MPRINT(EM_DIAGRAM):   revHousehold =(PremHousehold < 0) ;
MPRINT(EM_DIAGRAM):   revMotor =(IMP_PremMotor < 0) ;
19314      run;
MPRINT(EM_DIAGRAM):   run;

NOTE: Dependency structure written to data set WORK.TRANS_SCOREINPUTS.
NOTE: PROCEDURE FCMP used (Total process time):
      real time           0.01 seconds
      cpu time            0.00 seconds
      

MPRINT(EM_DIAGRAM):   quit;
19315      quit;
19316      data WORK.TRANS_SCOREINPUTS;
MPRINT(EM_DIAGRAM):   data WORK.TRANS_SCOREINPUTS;
19317      set WORK.TRANS_SCOREINPUTS(keep=RHS rename=(RHS=NAME));
MPRINT(EM_DIAGRAM):   set WORK.TRANS_SCOREINPUTS(keep=RHS rename=(RHS=NAME));
19318      length UNAME $32;
MPRINT(EM_DIAGRAM):   length UNAME $32;
19319      UNAME = upcase(NAME);
MPRINT(EM_DIAGRAM):   UNAME = upcase(NAME);
19320      run;
MPRINT(EM_DIAGRAM):   run;

NOTE: There were 5 observations read from the data set WORK.TRANS_SCOREINPUTS.
NOTE: The data set WORK.TRANS_SCOREINPUTS has 5 observations and 2 variables.
NOTE: DATA statement used (Total process time):
      real time           0.03 seconds
      cpu time            0.01 seconds
      

19321      proc sort data=WORK.TRANS_SCOREINPUTS NODUPKEY;
MPRINT(EM_DIAGRAM):   proc sort data=WORK.TRANS_SCOREINPUTS NODUPKEY;
19322      by UNAME;
MPRINT(EM_DIAGRAM):   by UNAME;
19323      run;
MPRINT(EM_DIAGRAM):   run;

NOTE: There were 5 observations read from the data set WORK.TRANS_SCOREINPUTS.
NOTE: 0 observations with duplicate key values were deleted.
NOTE: The data set WORK.TRANS_SCOREINPUTS has 5 observations and 2 variables.
NOTE: PROCEDURE SORT used (Total process time):
      real time           0.01 seconds
      cpu time            0.01 seconds
      

19324      filename _flowref;
MPRINT(EM_DIAGRAM):   filename _flowref;
NOTE: Fileref _FLOWREF has been deassigned.
19325      %let SYSCC = 0;
19326      *------------------------------------------------------------*;
MPRINT(EM_DIAGRAM):    *------------------------------------------------------------*;
19327      * transformcombinevariables;
MPRINT(EM_DIAGRAM):   * transformcombinevariables;
19328      *------------------------------------------------------------*;
MPRINT(EM_DIAGRAM):   *------------------------------------------------------------*;
19329      data WORK.TRANS_OUTPUTVARS;
MPRINT(EM_DIAGRAM):   data WORK.TRANS_OUTPUTVARS;
19330      length Uname inputName $32 inputLevel $10 inputType $1 _MetaFlag 8;
MPRINT(EM_DIAGRAM):   length Uname inputName $32 inputLevel $10 inputType $1 _MetaFlag 8;
19331      set
19332      EMWS1.Trans_FORMULA
19333      ;
MPRINT(EM_DIAGRAM):   set EMWS1.Trans_FORMULA ;
19334      _MetaFlag=0;
MPRINT(EM_DIAGRAM):   _MetaFlag=0;
19335      uname = upcase(name);
MPRINT(EM_DIAGRAM):   uname = upcase(name);
19336      run;
MPRINT(EM_DIAGRAM):   run;

NOTE: Variable inputName is uninitialized.
NOTE: Variable inputLevel is uninitialized.
NOTE: Variable inputType is uninitialized.
NOTE: There were 5 observations read from the data set EMWS1.TRANS_FORMULA.
NOTE: The data set WORK.TRANS_OUTPUTVARS has 5 observations and 22 variables.
NOTE: DATA statement used (Total process time):
      real time           0.00 seconds
      cpu time            0.00 seconds
      

19337      data _temp;
MPRINT(EM_DIAGRAM):    data _temp;
19338      length UNAME $32;
MPRINT(EM_DIAGRAM):   length UNAME $32;
19339      set EMWS1.Trans_CMeta_TRAIN(keep=NAME LEVEL ROLE TYPE CREATOR LABEL);
MPRINT(EM_DIAGRAM):   set EMWS1.Trans_CMeta_TRAIN(keep=NAME LEVEL ROLE TYPE CREATOR LABEL);
19340      UNAME = upcase(name);
MPRINT(EM_DIAGRAM):   UNAME = upcase(name);
19341      where upcase(CREATOR) = upcase("Trans");
MPRINT(EM_DIAGRAM):   where upcase(CREATOR) = upcase("Trans");
19342      run;
MPRINT(EM_DIAGRAM):   run;

NOTE: There were 5 observations read from the data set EMWS1.TRANS_CMETA_TRAIN.
      WHERE UPCASE(CREATOR)='TRANS';
NOTE: The data set WORK._TEMP has 5 observations and 7 variables.
NOTE: DATA statement used (Total process time):
      real time           0.00 seconds
      cpu time            0.00 seconds
      

19343      proc sort data=_temp(drop=CREATOR);
MPRINT(EM_DIAGRAM):   proc sort data=_temp(drop=CREATOR);
19344      by UNAME;
MPRINT(EM_DIAGRAM):   by UNAME;
19345      run;
MPRINT(EM_DIAGRAM):   run;

NOTE: There were 5 observations read from the data set WORK._TEMP.
NOTE: The data set WORK._TEMP has 5 observations and 6 variables.
NOTE: PROCEDURE SORT used (Total process time):
      real time           0.01 seconds
      cpu time            0.00 seconds
      

19346      proc sort data=WORK.TRANS_OUTPUTVARS;
MPRINT(EM_DIAGRAM):    proc sort data=WORK.TRANS_OUTPUTVARS;
19347      by UNAME;
MPRINT(EM_DIAGRAM):   by UNAME;
19348      run;
MPRINT(EM_DIAGRAM):   run;

NOTE: There were 5 observations read from the data set WORK.TRANS_OUTPUTVARS.
NOTE: The data set WORK.TRANS_OUTPUTVARS has 5 observations and 22 variables.
NOTE: PROCEDURE SORT used (Total process time):
      real time           0.00 seconds
      cpu time            0.00 seconds
      

19349      data WORK.TRANS_OUTPUTVARS;
MPRINT(EM_DIAGRAM):   data WORK.TRANS_OUTPUTVARS;
19350      merge WORK.TRANS_OUTPUTVARS _temp;
MPRINT(EM_DIAGRAM):   merge WORK.TRANS_OUTPUTVARS _temp;
19351      by UNAME;
MPRINT(EM_DIAGRAM):   by UNAME;
19352      run;
MPRINT(EM_DIAGRAM):   run;

NOTE: There were 5 observations read from the data set WORK.TRANS_OUTPUTVARS.
NOTE: There were 5 observations read from the data set WORK._TEMP.
NOTE: The data set WORK.TRANS_OUTPUTVARS has 5 observations and 22 variables.
NOTE: DATA statement used (Total process time):
      real time           0.01 seconds
      cpu time            0.00 seconds
      

19353      *------------------------------------------------------------*;
MPRINT(EM_DIAGRAM):    *------------------------------------------------------------*;
19354      * Trans: Get Metadata for the Score Inputs Variables;
MPRINT(EM_DIAGRAM):   * Trans: Get Metadata for the Score Inputs Variables;
19355      *------------------------------------------------------------*;
MPRINT(EM_DIAGRAM):   *------------------------------------------------------------*;
19356      data _temp;
MPRINT(EM_DIAGRAM):   data _temp;
19357      length UNAME $32;
MPRINT(EM_DIAGRAM):   length UNAME $32;
19358      set EMWS1.Trans_VariableSet(keep=NAME LEVEL TYPE LABEL);
MPRINT(EM_DIAGRAM):   set EMWS1.Trans_VariableSet(keep=NAME LEVEL TYPE LABEL);
19359      UNAME = upcase(name);
MPRINT(EM_DIAGRAM):   UNAME = upcase(name);
19360      run;
MPRINT(EM_DIAGRAM):   run;

NOTE: There were 13 observations read from the data set EMWS1.TRANS_VARIABLESET.
NOTE: The data set WORK._TEMP has 13 observations and 5 variables.
NOTE: DATA statement used (Total process time):
      real time           0.01 seconds
      cpu time            0.00 seconds
      

19361      proc sort data=_temp;
MPRINT(EM_DIAGRAM):   proc sort data=_temp;
19362      by UNAME;
MPRINT(EM_DIAGRAM):   by UNAME;
19363      run;
MPRINT(EM_DIAGRAM):   run;

NOTE: There were 13 observations read from the data set WORK._TEMP.
NOTE: The data set WORK._TEMP has 13 observations and 5 variables.
NOTE: PROCEDURE SORT used (Total process time):
      real time           0.01 seconds
      cpu time            0.01 seconds
      

19364      data WORK.TRANS_SCOREINPUTS;
MPRINT(EM_DIAGRAM):   data WORK.TRANS_SCOREINPUTS;
19365      merge WORK.TRANS_SCOREINPUTS(in=_a) _temp(in=_b);
MPRINT(EM_DIAGRAM):   merge WORK.TRANS_SCOREINPUTS(in=_a) _temp(in=_b);
19366      by UNAME;
MPRINT(EM_DIAGRAM):   by UNAME;
19367      if _a and _b then output;
MPRINT(EM_DIAGRAM):   if _a and _b then output;
19368      run;
MPRINT(EM_DIAGRAM):   run;

NOTE: There were 5 observations read from the data set WORK.TRANS_SCOREINPUTS.
NOTE: There were 13 observations read from the data set WORK._TEMP.
NOTE: The data set WORK.TRANS_SCOREINPUTS has 5 observations and 5 variables.
NOTE: DATA statement used (Total process time):
      real time           0.00 seconds
      cpu time            0.00 seconds
      

19369      *------------------------------------------------------------*;
MPRINT(EM_DIAGRAM):    *------------------------------------------------------------*;
19370      * Trans: Computing Summary Statistics;
MPRINT(EM_DIAGRAM):   * Trans: Computing Summary Statistics;
19371      *------------------------------------------------------------*;
MPRINT(EM_DIAGRAM):   *------------------------------------------------------------*;
19372      proc dmdb data=EMWS1.Trans_TRAIN classout=WORK.TRANS_CLASSSTATS varout=WORK.TRANS_VARSTATS;
MPRINT(EM_DIAGRAM):   proc dmdb data=EMWS1.Trans_TRAIN classout=WORK.TRANS_CLASSSTATS varout=WORK.TRANS_VARSTATS;
19373      ;
MPRINT(EM_DIAGRAM):   ;
19374      var
19375      IMP_PremHealth
19376      IMP_PremLife
19377      IMP_PremMotor
19378      IMP_PremWork
19379      PremHousehold
19380      revHealth
19381      revHousehold
19382      revLife
19383      revMotor
19384      revWork
19385      ;
MPRINT(EM_DIAGRAM):   var IMP_PremHealth IMP_PremLife IMP_PremMotor IMP_PremWork PremHousehold revHealth revHousehold revLife revMotor revWork ;
19386      run;
MPRINT(EM_DIAGRAM):   run;

NOTE: Records processed = 10296   Memory used = 511K.
NOTE: There were 10296 observations read from the data set A2Z_INSU.A2Z_INSURANCE.
NOTE: There were 10296 observations read from the data set EMWS1.IDS_DATA.
NOTE: View EMWS1.TRANS_TRAIN.VIEW used (Total process time):
      real time           0.09 seconds
      cpu time            0.10 seconds
      
NOTE: There were 10296 observations read from the data set EMWS1.IMPT_TRAIN.
NOTE: There were 10296 observations read from the data set EMWS1.TRANS_TRAIN.
NOTE: The data set WORK.TRANS_VARSTATS has 10 observations and 9 variables.
NOTE: PROCEDURE DMDB used (Total process time):
      real time           0.10 seconds
      cpu time            0.12 seconds
      

19387      *------------------------------------------------------------*;
MPRINT(EM_DIAGRAM):    *------------------------------------------------------------*;
19388      * Trans: Combine Information and Statistics for Class Variables;
MPRINT(EM_DIAGRAM):   * Trans: Combine Information and Statistics for Class Variables;
19389      *------------------------------------------------------------*;
MPRINT(EM_DIAGRAM):   *------------------------------------------------------------*;
19390      proc sort data=WORK.TRANS_OUTPUTVARS out=_temp;
MPRINT(EM_DIAGRAM):   proc sort data=WORK.TRANS_OUTPUTVARS out=_temp;
19391      by NAME;
MPRINT(EM_DIAGRAM):   by NAME;
19392      run;
MPRINT(EM_DIAGRAM):   run;

NOTE: There were 5 observations read from the data set WORK.TRANS_OUTPUTVARS.
NOTE: The data set WORK._TEMP has 5 observations and 22 variables.
NOTE: PROCEDURE SORT used (Total process time):
      real time           0.01 seconds
      cpu time            0.00 seconds
      

19393      proc sort data=WORK.TRANS_CLASSSTATS;
MPRINT(EM_DIAGRAM):   proc sort data=WORK.TRANS_CLASSSTATS;
19394      by NAME;
MPRINT(EM_DIAGRAM):   by NAME;
19395      run;
MPRINT(EM_DIAGRAM):   run;

NOTE: Input data set is empty.
NOTE: The data set WORK.TRANS_CLASSSTATS has 0 observations and 9 variables.
NOTE: PROCEDURE SORT used (Total process time):
      real time           0.01 seconds
      cpu time            0.00 seconds
      

19396      data WORK.TRANS_CLASSSTATS(keep=name nlevel nmiss);
MPRINT(EM_DIAGRAM):   data WORK.TRANS_CLASSSTATS(keep=name nlevel nmiss);
19397      retain nlevel nmiss;
MPRINT(EM_DIAGRAM):   retain nlevel nmiss;
19398      set WORK.TRANS_CLASSSTATS;
MPRINT(EM_DIAGRAM):   set WORK.TRANS_CLASSSTATS;
19399      by Name;
MPRINT(EM_DIAGRAM):   by Name;
19400      if first.Name then do;
MPRINT(EM_DIAGRAM):   if first.Name then do;
19401      nlevel= 0;
MPRINT(EM_DIAGRAM):   nlevel= 0;
19402      nmiss= 0;
MPRINT(EM_DIAGRAM):   nmiss= 0;
19403      end;
MPRINT(EM_DIAGRAM):   end;
19404      if (type='C' and CRAW='') or (type='N' and NRAW=.) then nmiss = FREQUENCY;
MPRINT(EM_DIAGRAM):   if (type='C' and CRAW='') or (type='N' and NRAW=.) then nmiss = FREQUENCY;
19405      else nlevel + 1;
MPRINT(EM_DIAGRAM):   else nlevel + 1;
19406      if last.name then output;
MPRINT(EM_DIAGRAM):   if last.name then output;
19407      run;
MPRINT(EM_DIAGRAM):   run;

NOTE: There were 0 observations read from the data set WORK.TRANS_CLASSSTATS.
NOTE: The data set WORK.TRANS_CLASSSTATS has 0 observations and 3 variables.
NOTE: DATA statement used (Total process time):
      real time           0.01 seconds
      cpu time            0.01 seconds
      

19408      /*Merge Statistics for Class Output Vars */
19409      data WORK.TRANS_CLASSSTATS;
MPRINT(EM_DIAGRAM):   data WORK.TRANS_CLASSSTATS;
19410      length SOURCE $6 _METHOD_ $8 NAME $32 FORMULA $300;
MPRINT(EM_DIAGRAM):   length SOURCE $6 _METHOD_ $8 NAME $32 FORMULA $300;
19411      merge WORK.TRANS_CLASSSTATS(in=_a) _temp(in=_b keep=NAME InputName Formula _MetaFlag LEVEL TYPE LABEL);
MPRINT(EM_DIAGRAM):   merge WORK.TRANS_CLASSSTATS(in=_a) _temp(in=_b keep=NAME InputName Formula _MetaFlag LEVEL TYPE LABEL);
19412      by NAME;
MPRINT(EM_DIAGRAM):   by NAME;
19413      if _a and _b then do;
MPRINT(EM_DIAGRAM):   if _a and _b then do;
19414      SOURCE='Output';
MPRINT(EM_DIAGRAM):   SOURCE='Output';
19415      if _MetaFlag = 1 then _METHOD_="Meta";
MPRINT(EM_DIAGRAM):   if _MetaFlag = 1 then _METHOD_="Meta";
19416      else if Formula eq 'Interaction' then _METHOD_="Computed";
MPRINT(EM_DIAGRAM):   else if Formula eq 'Interaction' then _METHOD_="Computed";
19417      else if inputName eq '' then _METHOD_="Formula";
MPRINT(EM_DIAGRAM):   else if inputName eq '' then _METHOD_="Formula";
19418      else _METHOD_="Computed";
MPRINT(EM_DIAGRAM):   else _METHOD_="Computed";
19419      if Formula = '' then Formula = "User Code";
MPRINT(EM_DIAGRAM):   if Formula = '' then Formula = "User Code";
19420      end;
MPRINT(EM_DIAGRAM):   end;
19421      if _a then output;
MPRINT(EM_DIAGRAM):   if _a then output;
19422      drop inputName LEVEL TYPE _MetaFlag;
MPRINT(EM_DIAGRAM):   drop inputName LEVEL TYPE _MetaFlag;
19423      run;
MPRINT(EM_DIAGRAM):   run;

NOTE: There were 0 observations read from the data set WORK.TRANS_CLASSSTATS.
NOTE: There were 5 observations read from the data set WORK._TEMP.
NOTE: The data set WORK.TRANS_CLASSSTATS has 0 observations and 7 variables.
NOTE: DATA statement used (Total process time):
      real time           0.01 seconds
      cpu time            0.01 seconds
      

19424      /*Merge Statistics for Class Input Vars */
19425      proc sort data=WORK.TRANS_SCOREINPUTS(drop=TYPE LEVEL) out=_temp nodupkey;
MPRINT(EM_DIAGRAM):   proc sort data=WORK.TRANS_SCOREINPUTS(drop=TYPE LEVEL) out=_temp nodupkey;
19426      by NAME;
MPRINT(EM_DIAGRAM):   by NAME;
19427      run;
MPRINT(EM_DIAGRAM):   run;

NOTE: There were 5 observations read from the data set WORK.TRANS_SCOREINPUTS.
NOTE: 0 observations with duplicate key values were deleted.
NOTE: The data set WORK._TEMP has 5 observations and 3 variables.
NOTE: PROCEDURE SORT used (Total process time):
      real time           0.03 seconds
      cpu time            0.00 seconds
      

19428      data WORK.TRANS_CLASSSTATS;
MPRINT(EM_DIAGRAM):   data WORK.TRANS_CLASSSTATS;
19429      merge WORK.TRANS_CLASSSTATS(in=_a) _temp(in=_b);
MPRINT(EM_DIAGRAM):   merge WORK.TRANS_CLASSSTATS(in=_a) _temp(in=_b);
19430      by NAME;
MPRINT(EM_DIAGRAM):   by NAME;
19431      if _a and _b then do;
MPRINT(EM_DIAGRAM):   if _a and _b then do;
19432      SOURCE='Input';
MPRINT(EM_DIAGRAM):   SOURCE='Input';
19433      _METHOD_="Original";
MPRINT(EM_DIAGRAM):   _METHOD_="Original";
19434      end;
MPRINT(EM_DIAGRAM):   end;
19435      if _a then output;
MPRINT(EM_DIAGRAM):   if _a then output;
19436      run;
MPRINT(EM_DIAGRAM):   run;

NOTE: There were 0 observations read from the data set WORK.TRANS_CLASSSTATS.
NOTE: There were 5 observations read from the data set WORK._TEMP.
NOTE: The data set WORK.TRANS_CLASSSTATS has 0 observations and 8 variables.
NOTE: DATA statement used (Total process time):
      real time           0.01 seconds
      cpu time            0.01 seconds
      

19437      *------------------------------------------------------------*;
MPRINT(EM_DIAGRAM):    *------------------------------------------------------------*;
19438      * Trans: Combine Information and Statistics for Interval Variables;
MPRINT(EM_DIAGRAM):   * Trans: Combine Information and Statistics for Interval Variables;
19439      *------------------------------------------------------------*;
MPRINT(EM_DIAGRAM):   *------------------------------------------------------------*;
19440      proc sort data=WORK.TRANS_OUTPUTVARS out=_temp;
MPRINT(EM_DIAGRAM):   proc sort data=WORK.TRANS_OUTPUTVARS out=_temp;
19441      by NAME;
MPRINT(EM_DIAGRAM):   by NAME;
19442      run;
MPRINT(EM_DIAGRAM):   run;

NOTE: There were 5 observations read from the data set WORK.TRANS_OUTPUTVARS.
NOTE: The data set WORK._TEMP has 5 observations and 22 variables.
NOTE: PROCEDURE SORT used (Total process time):
      real time           0.03 seconds
      cpu time            0.01 seconds
      

19443      proc sort data=WORK.TRANS_VARSTATS;
MPRINT(EM_DIAGRAM):   proc sort data=WORK.TRANS_VARSTATS;
19444      by NAME;
MPRINT(EM_DIAGRAM):   by NAME;
19445      run;
MPRINT(EM_DIAGRAM):   run;

NOTE: There were 10 observations read from the data set WORK.TRANS_VARSTATS.
NOTE: The data set WORK.TRANS_VARSTATS has 10 observations and 9 variables.
NOTE: PROCEDURE SORT used (Total process time):
      real time           0.01 seconds
      cpu time            0.00 seconds
      

MPRINT(EM_DIAGRAM):   *Merge Statistics for Output Vars;
19446      *Merge Statistics for Output Vars;
19447      data WORK.TRANS_VARSTATS;
MPRINT(EM_DIAGRAM):   data WORK.TRANS_VARSTATS;
19448      length SOURCE $6 _METHOD_ $8 NAME $32 FORMULA $300;
MPRINT(EM_DIAGRAM):   length SOURCE $6 _METHOD_ $8 NAME $32 FORMULA $300;
19449      merge WORK.TRANS_VARSTATS(in=_a) _temp(in=_b keep=NAME Formula InputName _MetaFlag LEVEL TYPE LABEL);
MPRINT(EM_DIAGRAM):   merge WORK.TRANS_VARSTATS(in=_a) _temp(in=_b keep=NAME Formula InputName _MetaFlag LEVEL TYPE LABEL);
19450      by NAME;
MPRINT(EM_DIAGRAM):   by NAME;
19451      if _a and _b then do;
MPRINT(EM_DIAGRAM):   if _a and _b then do;
19452      SOURCE='Output';
MPRINT(EM_DIAGRAM):   SOURCE='Output';
19453      if _MetaFlag = 1 then _METHOD_="Meta";
MPRINT(EM_DIAGRAM):   if _MetaFlag = 1 then _METHOD_="Meta";
19454      else if Formula eq 'Interaction' then _METHOD_="Computed";
MPRINT(EM_DIAGRAM):   else if Formula eq 'Interaction' then _METHOD_="Computed";
19455      else if inputName eq '' then _METHOD_="Formula";
MPRINT(EM_DIAGRAM):   else if inputName eq '' then _METHOD_="Formula";
19456      else _METHOD_="Computed";
MPRINT(EM_DIAGRAM):   else _METHOD_="Computed";
19457      if Formula = '' then Formula = "Mixture of variables";
MPRINT(EM_DIAGRAM):   if Formula = '' then Formula = "Mixture of variables";
19458      end;
MPRINT(EM_DIAGRAM):   end;
19459      if _a then output;
MPRINT(EM_DIAGRAM):   if _a then output;
19460      drop inputName LEVEL TYPE _MetaFlag;
MPRINT(EM_DIAGRAM):   drop inputName LEVEL TYPE _MetaFlag;
19461      run;
MPRINT(EM_DIAGRAM):   run;

NOTE: There were 10 observations read from the data set WORK.TRANS_VARSTATS.
NOTE: There were 5 observations read from the data set WORK._TEMP.
NOTE: The data set WORK.TRANS_VARSTATS has 10 observations and 13 variables.
NOTE: DATA statement used (Total process time):
      real time           0.01 seconds
      cpu time            0.01 seconds
      

MPRINT(EM_DIAGRAM):   *Merge Statistics for Input Vars;
19462      *Merge Statistics for Input Vars;
19463      proc sort data=WORK.TRANS_SCOREINPUTS(drop=TYPE LEVEL) out=_temp nodupkey;
MPRINT(EM_DIAGRAM):   proc sort data=WORK.TRANS_SCOREINPUTS(drop=TYPE LEVEL) out=_temp nodupkey;
19464      by NAME;
MPRINT(EM_DIAGRAM):   by NAME;
19465      run;
MPRINT(EM_DIAGRAM):   run;

NOTE: There were 5 observations read from the data set WORK.TRANS_SCOREINPUTS.
NOTE: 0 observations with duplicate key values were deleted.
NOTE: The data set WORK._TEMP has 5 observations and 3 variables.
NOTE: PROCEDURE SORT used (Total process time):
      real time           0.03 seconds
      cpu time            0.00 seconds
      

19466      data WORK.TRANS_VARSTATS;
MPRINT(EM_DIAGRAM):   data WORK.TRANS_VARSTATS;
19467      merge WORK.TRANS_VARSTATS(in=_a) _temp(in=_b);
MPRINT(EM_DIAGRAM):   merge WORK.TRANS_VARSTATS(in=_a) _temp(in=_b);
19468      by NAME;
MPRINT(EM_DIAGRAM):   by NAME;
19469      if _a and _b then do;
MPRINT(EM_DIAGRAM):   if _a and _b then do;
19470      SOURCE='Input';
MPRINT(EM_DIAGRAM):   SOURCE='Input';
19471      _METHOD_="Original";
MPRINT(EM_DIAGRAM):   _METHOD_="Original";
19472      end;
MPRINT(EM_DIAGRAM):   end;
19473      if _a then output;
MPRINT(EM_DIAGRAM):   if _a then output;
19474      run;
MPRINT(EM_DIAGRAM):   run;

NOTE: There were 10 observations read from the data set WORK.TRANS_VARSTATS.
NOTE: There were 5 observations read from the data set WORK._TEMP.
NOTE: The data set WORK.TRANS_VARSTATS has 10 observations and 14 variables.
NOTE: DATA statement used (Total process time):
      real time           0.00 seconds
      cpu time            0.00 seconds
      

19475      *------------------------------------------------------------*;
MPRINT(EM_DIAGRAM):    *------------------------------------------------------------*;
19476      * Trans: Combine statistics for class and interval variables;
MPRINT(EM_DIAGRAM):   * Trans: Combine statistics for class and interval variables;
19477      *------------------------------------------------------------*;
MPRINT(EM_DIAGRAM):   *------------------------------------------------------------*;
19478      data EMWS1.Trans_STATISTICS;
MPRINT(EM_DIAGRAM):   data EMWS1.Trans_STATISTICS;
19479      length SOURCE $6 _METHOD_ $8 NAME $32 FORMULA $300;
MPRINT(EM_DIAGRAM):   length SOURCE $6 _METHOD_ $8 NAME $32 FORMULA $300;
19480      label SOURCE = "%sysfunc(sasmsg(sashelp.dmine, rpt_source_vlabel,  NOQUOTE))" _METHOD_ = "%sysfunc(sasmsg(sashelp.dmine, rpt_method_vlabel,  NOQUOTE))" NAME = "%sysfunc(sasmsg(sashelp.dmine, meta_name_vlabel,  NOQUOTE))" FORMULA =
19481         "%sysfunc(sasmsg(sashelp.dmine, rpt_formula_vlabel,   NOQUOTE))" NLEVEL = "%sysfunc(sasmsg(sashelp.dmine, rpt_numcat_vlabel,   NOQUOTE))" N = "%sysfunc(sasmsg(sashelp.dmine, rpt_nonmiss_vlabel, NOQUOTE))" NMISS =
19482         "%sysfunc(sasmsg(sashelp.dmine, rpt_missing_vlabel, NOQUOTE))" MIN = "%sysfunc(sasmsg(sashelp.dmine, rpt_minimum_vlabel, NOQUOTE))" MAX = "%sysfunc(sasmsg(sashelp.dmine, rpt_maximum_vlabel, NOQUOTE))" MEAN =
19483         "%sysfunc(sasmsg(sashelp.dmine, rpt_mean_vlabel,    NOQUOTE))" STD = "%sysfunc(sasmsg(sashelp.dmine, rpt_std_vlabel,     NOQUOTE))" SKEWNESS = "%sysfunc(sasmsg(sashelp.dmine, rpt_skewness_vlabel, NOQUOTE))" KURTOSIS =
19484         "%sysfunc(sasmsg(sashelp.dmine, rpt_kurtosis_vlabel, NOQUOTE))" LABEL = "%sysfunc(sasmsg(sashelp.dmine, meta_label_vlabel, NOQUOTE))";
MPRINT(EM_DIAGRAM):   label SOURCE = "Source" _METHOD_ = "Method" NAME = "Variable Name" FORMULA = "Formula" NLEVEL = "Number of Levels" N = "Non Missing" NMISS = "Missing" MIN = "Minimum" MAX = "Maximum" MEAN = "Mean" STD = "Standard Deviation" SKEWNESS 
= "Skewness" KURTOSIS = "Kurtosis" LABEL = "Label";
19485      set
19486      WORK.TRANS_CLASSSTATS
19487      WORK.TRANS_VARSTATS
19488      ;
MPRINT(EM_DIAGRAM):   set WORK.TRANS_CLASSSTATS WORK.TRANS_VARSTATS ;
19489      drop UNAME;
MPRINT(EM_DIAGRAM):   drop UNAME;
19490      run;
MPRINT(EM_DIAGRAM):   run;

NOTE: There were 0 observations read from the data set WORK.TRANS_CLASSSTATS.
NOTE: There were 10 observations read from the data set WORK.TRANS_VARSTATS.
NOTE: The data set EMWS1.TRANS_STATISTICS has 10 observations and 14 variables.
NOTE: DATA statement used (Total process time):
      real time           0.03 seconds
      cpu time            0.03 seconds
      

19491      proc sort data=EMWS1.Trans_STATISTICS;
MPRINT(EM_DIAGRAM):   proc sort data=EMWS1.Trans_STATISTICS;
19492      by SOURCE _METHOD_ NAME;
MPRINT(EM_DIAGRAM):   by SOURCE _METHOD_ NAME;
19493      run;
MPRINT(EM_DIAGRAM):   run;

NOTE: There were 10 observations read from the data set EMWS1.TRANS_STATISTICS.
NOTE: The data set EMWS1.TRANS_STATISTICS has 10 observations and 14 variables.
NOTE: PROCEDURE SORT used (Total process time):
      real time           0.00 seconds
      cpu time            0.00 seconds
      

19494      proc sort data = EMWS1.Trans_STATISTICS NOTHREADS;
MPRINT(EM_DIAGRAM):    proc sort data = EMWS1.Trans_STATISTICS NOTHREADS;
19495      by SOURCE NAME;
MPRINT(EM_DIAGRAM):   by SOURCE NAME;
19496      run;
MPRINT(EM_DIAGRAM):   run;

NOTE: There were 10 observations read from the data set EMWS1.TRANS_STATISTICS.
NOTE: The data set EMWS1.TRANS_STATISTICS has 10 observations and 14 variables.
NOTE: PROCEDURE SORT used (Total process time):
      real time           0.00 seconds
      cpu time            0.00 seconds
      

19497      title9 ' ';
MPRINT(EM_DIAGRAM):   title9 ' ';
19498      proc print data = EMWS1.Trans_STATISTICS(obs=500) noobs label;
MPRINT(EM_DIAGRAM):   proc print data = EMWS1.Trans_STATISTICS(obs=500) noobs label;
19499      title9 "%sysfunc(sasmsg(sashelp.dmine, rpt_intervalinputStats_title, NOQUOTE))";
MPRINT(EM_DIAGRAM):   title9 "Summary Statistics for Input Interval Variables";
19500      title10 "%sysfunc(sasmsg(sashelp.dmine, rpt_maxObsPrinted_title, NOQUOTE))";
MPRINT(EM_DIAGRAM):   title10 "(maximum 500 observations printed)";
MPRINT(EM_DIAGRAM):   var Name NMISS MIN MAX MEAN STD SKEWNESS KURTOSIS;
MPRINT(EM_DIAGRAM):   where SOURCE eq 'INPUT' and mean ne .;
MPRINT(EM_DIAGRAM):   run;
19501      var Name NMISS MIN MAX MEAN STD SKEWNESS KURTOSIS;
19502      where SOURCE eq 'INPUT' and mean ne .;
19503      run;

NOTE: No observations were selected from data set EMWS1.TRANS_STATISTICS.
NOTE: There were 0 observations read from the data set EMWS1.TRANS_STATISTICS.
      WHERE (SOURCE='INPUT') and (mean not = .);
NOTE: PROCEDURE PRINT used (Total process time):
      real time           0.00 seconds
      cpu time            0.00 seconds
      

19504      proc print data = EMWS1.Trans_STATISTICS(obs=500) noobs label;
MPRINT(EM_DIAGRAM):   proc print data = EMWS1.Trans_STATISTICS(obs=500) noobs label;
19505      title9 "%sysfunc(sasmsg(sashelp.dmine, rpt_intervaloutputStats_title, NOQUOTE))";
MPRINT(EM_DIAGRAM):   title9 "Summary Statistics for Output Interval Variables";
19506      title10 "%sysfunc(sasmsg(sashelp.dmine, rpt_maxObsPrinted_title, NOQUOTE))";
MPRINT(EM_DIAGRAM):   title10 "(maximum 500 observations printed)";
MPRINT(EM_DIAGRAM):   var Name _METHOD_ NMISS MIN MAX MEAN STD SKEWNESS KURTOSIS;
MPRINT(EM_DIAGRAM):   where SOURCE eq 'OUTPUT' and mean ne .;
MPRINT(EM_DIAGRAM):   run;
19507      var Name _METHOD_ NMISS MIN MAX MEAN STD SKEWNESS KURTOSIS;
19508      where SOURCE eq 'OUTPUT' and mean ne .;
19509      run;

NOTE: No observations were selected from data set EMWS1.TRANS_STATISTICS.
NOTE: There were 0 observations read from the data set EMWS1.TRANS_STATISTICS.
      WHERE (SOURCE='OUTPUT') and (mean not = .);
NOTE: PROCEDURE PRINT used (Total process time):
      real time           0.00 seconds
      cpu time            0.00 seconds
      

19510      proc print data = EMWS1.Trans_STATISTICS(obs=500) noobs label;
MPRINT(EM_DIAGRAM):   proc print data = EMWS1.Trans_STATISTICS(obs=500) noobs label;
19511      title9 "%sysfunc(sasmsg(sashelp.dmine, rpt_classinputStats_title, NOQUOTE))";
MPRINT(EM_DIAGRAM):   title9 "Summary Statistics for Input Class Variables";
19512      title10 "%sysfunc(sasmsg(sashelp.dmine, rpt_maxObsPrinted_title, NOQUOTE))";
MPRINT(EM_DIAGRAM):   title10 "(maximum 500 observations printed)";
MPRINT(EM_DIAGRAM):   var Name NLEVEL NMISS;
MPRINT(EM_DIAGRAM):   where SOURCE eq 'INPUT' and nlevel ne .;
MPRINT(EM_DIAGRAM):   run;
19513      var Name NLEVEL NMISS;
19514      where SOURCE eq 'INPUT' and nlevel ne .;
19515      run;

NOTE: No observations were selected from data set EMWS1.TRANS_STATISTICS.
NOTE: There were 0 observations read from the data set EMWS1.TRANS_STATISTICS.
      WHERE (SOURCE='INPUT') and (nlevel not = .);
NOTE: PROCEDURE PRINT used (Total process time):
      real time           0.00 seconds
      cpu time            0.00 seconds
      

19516      proc print data = EMWS1.Trans_STATISTICS(obs=500) noobs label;
MPRINT(EM_DIAGRAM):   proc print data = EMWS1.Trans_STATISTICS(obs=500) noobs label;
19517      title9 "%sysfunc(sasmsg(sashelp.dmine, rpt_classoutputStats_title, NOQUOTE))";
MPRINT(EM_DIAGRAM):   title9 "Summary Statistics for Output Class Variables";
19518      title10 "%sysfunc(sasmsg(sashelp.dmine, rpt_maxObsPrinted_title, NOQUOTE))";
MPRINT(EM_DIAGRAM):   title10 "(maximum 500 observations printed)";
MPRINT(EM_DIAGRAM):   var Name _METHOD_ NLEVEL NMISS;
MPRINT(EM_DIAGRAM):   where SOURCE eq 'OUTPUT' and nlevel ne .;
MPRINT(EM_DIAGRAM):   run;
19519      var Name _METHOD_ NLEVEL NMISS;
19520      where SOURCE eq 'OUTPUT' and nlevel ne .;
19521      run;

NOTE: No observations were selected from data set EMWS1.TRANS_STATISTICS.
NOTE: There were 0 observations read from the data set EMWS1.TRANS_STATISTICS.
      WHERE (SOURCE='OUTPUT') and (nlevel not = .);
NOTE: PROCEDURE PRINT used (Total process time):
      real time           0.00 seconds
      cpu time            0.00 seconds
      

19522      title9;
MPRINT(EM_DIAGRAM):   title9;
19523      title10;
MPRINT(EM_DIAGRAM):   title10;
19524      data EMWS1.Trans_EMSCOREVAR;
MPRINT(EM_DIAGRAM):    data EMWS1.Trans_EMSCOREVAR;
19525      length Name $32 formula $300 file $200;
MPRINT(EM_DIAGRAM):   length Name $32 formula $300 file $200;
19526      keep NAME Formula file;
MPRINT(EM_DIAGRAM):   keep NAME Formula file;
19527      set EMWS1.Trans_STATISTICS;
MPRINT(EM_DIAGRAM):   set EMWS1.Trans_STATISTICS;
19528      where SOURCE='Output';
MPRINT(EM_DIAGRAM):   where SOURCE='Output';
19529      select( _METHOD_);
MPRINT(EM_DIAGRAM):   select( _METHOD_);
19530      when('Computed') do;
MPRINT(EM_DIAGRAM):   when('Computed') do;
19531      file="TRANSFORMCODE\"!!strip(NAME)!!'.sas';
MPRINT(EM_DIAGRAM):   file="TRANSFORMCODE\"!!strip(NAME)!!'.sas';
19532      formula = '';
MPRINT(EM_DIAGRAM):   formula = '';
19533      end;
MPRINT(EM_DIAGRAM):   end;
19534      when('Formula') do;
MPRINT(EM_DIAGRAM):   when('Formula') do;
19535      if Formula eq 'Mixture of variables' then do;
MPRINT(EM_DIAGRAM):   if Formula eq 'Mixture of variables' then do;
19536      file= "EDITORCODE.sas";
MPRINT(EM_DIAGRAM):   file= "EDITORCODE.sas";
19537      formula = '';
MPRINT(EM_DIAGRAM):   formula = '';
19538      end;
MPRINT(EM_DIAGRAM):   end;
19539      if Formula = 'User Code' then do;
MPRINT(EM_DIAGRAM):   if Formula = 'User Code' then do;
19540      file= "EDITORCODE.sas";
MPRINT(EM_DIAGRAM):   file= "EDITORCODE.sas";
19541      formula = '';
MPRINT(EM_DIAGRAM):   formula = '';
19542      end;
MPRINT(EM_DIAGRAM):   end;
19543      end;
MPRINT(EM_DIAGRAM):   end;
19544      otherwise;
MPRINT(EM_DIAGRAM):   otherwise;
19545      end;
MPRINT(EM_DIAGRAM):   end;
19546      output;
MPRINT(EM_DIAGRAM):   output;
19547      run;
MPRINT(EM_DIAGRAM):   run;

NOTE: There were 5 observations read from the data set EMWS1.TRANS_STATISTICS.
      WHERE SOURCE='Output';
NOTE: The data set EMWS1.TRANS_EMSCOREVAR has 5 observations and 3 variables.
NOTE: DATA statement used (Total process time):
      real time           0.01 seconds
      cpu time            0.00 seconds
      

MPRINT(EM_DIAGRAM):    proc printto;
MPRINT(EM_DIAGRAM):   run;
