 
                                                                                               
 
 
Model Events

                                  Number
                   Measurement      of
Target    Event       Level       Levels      Order       Label

DepVar      1        BINARY          2      Descending    DepVar
 
                                                                                               
 
 
Predicted and decision variables

Type         Variable     Label

TARGET       DepVar       DepVar             
PREDICTED    P_DepVar1    Predicted: DepVar=1
RESIDUAL     R_DepVar1    Residual: DepVar=1 
PREDICTED    P_DepVar0    Predicted: DepVar=0
RESIDUAL     R_DepVar0    Residual: DepVar=0 
FROM         F_DepVar     From: DepVar       
INTO         I_DepVar     Into: DepVar       
 
                                                                                               
 
Group Summary

Group                     Frequency
Index        Group          Count

   1     ^(cv_var =1)         2167 
   2     ^(cv_var =2)         2181 
   3     ^(cv_var =3)         2181 
   4     ^(cv_var =4)         2208 
   5     ^(cv_var =5)         2191 
   6     ^(cv_var =6)         2200 
   7     ^(cv_var =7)         2206 
   8     ^(cv_var =8)         2199 
   9     ^(cv_var =9)         2183 
  10     ^(cv_var =10)        2217 
 
                                                                                               
 
 
Fit Statistics

Group=^(cv_var =1) Target=DepVar Target Label=DepVar

   Fit
Statistics    Statistics Label                    Train

 _AIC_        Akaike's Information Criterion     513.87
 _ASE_        Average Squared Error                0.03
 _AVERR_      Average Error Function               0.11
 _DFE_        Degrees of Freedom for Error      2180.00
 _DFM_        Model Degrees of Freedom            13.00
 _DFT_        Total Degrees of Freedom          2193.00
 _DIV_        Divisor for ASE                   4386.00
 _ERR_        Error Function                     487.87
 _FPE_        Final Prediction Error               0.03
 _MAX_        Maximum Absolute Error               0.99
 _MSE_        Mean Square Error                    0.03
 _NOBS_       Sum of Frequencies                2193.00
 _NW_         Number of Estimate Weights          13.00
 _RASE_       Root Average Sum of Squares          0.18
 _RFPE_       Root Final Prediction Error          0.19
 _RMSE_       Root Mean Squared Error              0.19
 _SBC_        Schwarz's Bayesian Criterion       587.88
 _SSE_        Sum of Squared Errors              149.53
 _SUMW_       Sum of Case Weights Times Freq    4386.00
 _MISC_       Misclassification Rate               0.05


Group=^(cv_var =2) Target=DepVar Target Label=DepVar

   Fit
Statistics    Statistics Label                    Train

 _AIC_        Akaike's Information Criterion     509.93
 _ASE_        Average Squared Error                0.03
 _AVERR_      Average Error Function               0.11
 _DFE_        Degrees of Freedom for Error      2176.00
 _DFM_        Model Degrees of Freedom            13.00
 _DFT_        Total Degrees of Freedom          2189.00
 _DIV_        Divisor for ASE                   4378.00
 _ERR_        Error Function                     483.93
 _FPE_        Final Prediction Error               0.03
 _MAX_        Maximum Absolute Error               0.99
 _MSE_        Mean Square Error                    0.03
 _NOBS_       Sum of Frequencies                2189.00
 _NW_         Number of Estimate Weights          13.00
 _RASE_       Root Average Sum of Squares          0.18
 _RFPE_       Root Final Prediction Error          0.18
 _RMSE_       Root Mean Squared Error              0.18
 _SBC_        Schwarz's Bayesian Criterion       583.91
 _SSE_        Sum of Squared Errors              147.50
 _SUMW_       Sum of Case Weights Times Freq    4378.00
 _MISC_       Misclassification Rate               0.05


Group=^(cv_var =3) Target=DepVar Target Label=DepVar

   Fit
Statistics    Statistics Label                    Train

 _AIC_        Akaike's Information Criterion     509.51
 _ASE_        Average Squared Error                0.03
 _AVERR_      Average Error Function               0.11
 _DFE_        Degrees of Freedom for Error      2162.00
 _DFM_        Model Degrees of Freedom            13.00
 _DFT_        Total Degrees of Freedom          2175.00
 _DIV_        Divisor for ASE                   4350.00
 _ERR_        Error Function                     483.51
 _FPE_        Final Prediction Error               0.03
 _MAX_        Maximum Absolute Error               0.99
 _MSE_        Mean Square Error                    0.03
 _NOBS_       Sum of Frequencies                2175.00
 _NW_         Number of Estimate Weights          13.00
 _RASE_       Root Average Sum of Squares          0.18
 _RFPE_       Root Final Prediction Error          0.19
 _RMSE_       Root Mean Squared Error              0.19
 _SBC_        Schwarz's Bayesian Criterion       583.41
 _SSE_        Sum of Squared Errors              148.09
 _SUMW_       Sum of Case Weights Times Freq    4350.00
 _MISC_       Misclassification Rate               0.05


Group=^(cv_var =4) Target=DepVar Target Label=DepVar

   Fit
Statistics    Statistics Label                    Train

 _AIC_        Akaike's Information Criterion     524.61
 _ASE_        Average Squared Error                0.03
 _AVERR_      Average Error Function               0.11
 _DFE_        Degrees of Freedom for Error      2185.00
 _DFM_        Model Degrees of Freedom            13.00
 _DFT_        Total Degrees of Freedom          2198.00
 _DIV_        Divisor for ASE                   4396.00
 _ERR_        Error Function                     498.61
 _FPE_        Final Prediction Error               0.04
 _MAX_        Maximum Absolute Error               0.99
 _MSE_        Mean Square Error                    0.04
 _NOBS_       Sum of Frequencies                2198.00
 _NW_         Number of Estimate Weights          13.00
 _RASE_       Root Average Sum of Squares          0.19
 _RFPE_       Root Final Prediction Error          0.19
 _RMSE_       Root Mean Squared Error              0.19
 _SBC_        Schwarz's Bayesian Criterion       598.65
 _SSE_        Sum of Squared Errors              153.02
 _SUMW_       Sum of Case Weights Times Freq    4396.00
 _MISC_       Misclassification Rate               0.05


Group=^(cv_var =5) Target=DepVar Target Label=DepVar

   Fit
Statistics    Statistics Label                    Train

 _AIC_        Akaike's Information Criterion     516.95
 _ASE_        Average Squared Error                0.03
 _AVERR_      Average Error Function               0.11
 _DFE_        Degrees of Freedom for Error      2181.00
 _DFM_        Model Degrees of Freedom            13.00
 _DFT_        Total Degrees of Freedom          2194.00
 _DIV_        Divisor for ASE                   4388.00
 _ERR_        Error Function                     490.95
 _FPE_        Final Prediction Error               0.03
 _MAX_        Maximum Absolute Error               1.00
 _MSE_        Mean Square Error                    0.03
 _NOBS_       Sum of Frequencies                2194.00
 _NW_         Number of Estimate Weights          13.00
 _RASE_       Root Average Sum of Squares          0.18
 _RFPE_       Root Final Prediction Error          0.19
 _RMSE_       Root Mean Squared Error              0.19
 _SBC_        Schwarz's Bayesian Criterion       590.97
 _SSE_        Sum of Squared Errors              149.86
 _SUMW_       Sum of Case Weights Times Freq    4388.00
 _MISC_       Misclassification Rate               0.05


Group=^(cv_var =6) Target=DepVar Target Label=DepVar

   Fit
Statistics    Statistics Label                    Train

 _AIC_        Akaike's Information Criterion     533.73
 _ASE_        Average Squared Error                0.04
 _AVERR_      Average Error Function               0.12
 _DFE_        Degrees of Freedom for Error      2180.00
 _DFM_        Model Degrees of Freedom            13.00
 _DFT_        Total Degrees of Freedom          2193.00
 _DIV_        Divisor for ASE                   4386.00
 _ERR_        Error Function                     507.73
 _FPE_        Final Prediction Error               0.04
 _MAX_        Maximum Absolute Error               0.99
 _MSE_        Mean Square Error                    0.04
 _NOBS_       Sum of Frequencies                2193.00
 _NW_         Number of Estimate Weights          13.00
 _RASE_       Root Average Sum of Squares          0.19
 _RFPE_       Root Final Prediction Error          0.19
 _RMSE_       Root Mean Squared Error              0.19
 _SBC_        Schwarz's Bayesian Criterion       607.74
 _SSE_        Sum of Squared Errors              156.18
 _SUMW_       Sum of Case Weights Times Freq    4386.00
 _MISC_       Misclassification Rate               0.05


Group=^(cv_var =7) Target=DepVar Target Label=DepVar

   Fit
Statistics    Statistics Label                    Train

 _AIC_        Akaike's Information Criterion     519.39
 _ASE_        Average Squared Error                0.03
 _AVERR_      Average Error Function               0.11
 _DFE_        Degrees of Freedom for Error      2182.00
 _DFM_        Model Degrees of Freedom            13.00
 _DFT_        Total Degrees of Freedom          2195.00
 _DIV_        Divisor for ASE                   4390.00
 _ERR_        Error Function                     493.39
 _FPE_        Final Prediction Error               0.03
 _MAX_        Maximum Absolute Error               0.99
 _MSE_        Mean Square Error                    0.03
 _NOBS_       Sum of Frequencies                2195.00
 _NW_         Number of Estimate Weights          13.00
 _RASE_       Root Average Sum of Squares          0.18
 _RFPE_       Root Final Prediction Error          0.19
 _RMSE_       Root Mean Squared Error              0.19
 _SBC_        Schwarz's Bayesian Criterion       593.42
 _SSE_        Sum of Squared Errors              149.83
 _SUMW_       Sum of Case Weights Times Freq    4390.00
 _MISC_       Misclassification Rate               0.04


Group=^(cv_var =8) Target=DepVar Target Label=DepVar

   Fit
Statistics    Statistics Label                    Train

 _AIC_        Akaike's Information Criterion     491.40
 _ASE_        Average Squared Error                0.03
 _AVERR_      Average Error Function               0.11
 _DFE_        Degrees of Freedom for Error      2158.00
 _DFM_        Model Degrees of Freedom            13.00
 _DFT_        Total Degrees of Freedom          2171.00
 _DIV_        Divisor for ASE                   4342.00
 _ERR_        Error Function                     465.40
 _FPE_        Final Prediction Error               0.03
 _MAX_        Maximum Absolute Error               0.99
 _MSE_        Mean Square Error                    0.03
 _NOBS_       Sum of Frequencies                2171.00
 _NW_         Number of Estimate Weights          13.00
 _RASE_       Root Average Sum of Squares          0.18
 _RFPE_       Root Final Prediction Error          0.18
 _RMSE_       Root Mean Squared Error              0.18
 _SBC_        Schwarz's Bayesian Criterion       565.28
 _SSE_        Sum of Squared Errors              140.51
 _SUMW_       Sum of Case Weights Times Freq    4342.00
 _MISC_       Misclassification Rate               0.04


Group=^(cv_var =9) Target=DepVar Target Label=DepVar

   Fit
Statistics    Statistics Label                    Train

 _AIC_        Akaike's Information Criterion     527.90
 _ASE_        Average Squared Error                0.04
 _AVERR_      Average Error Function               0.11
 _DFE_        Degrees of Freedom for Error      2187.00
 _DFM_        Model Degrees of Freedom            13.00
 _DFT_        Total Degrees of Freedom          2200.00
 _DIV_        Divisor for ASE                   4400.00
 _ERR_        Error Function                     501.90
 _FPE_        Final Prediction Error               0.04
 _MAX_        Maximum Absolute Error               0.99
 _MSE_        Mean Square Error                    0.04
 _NOBS_       Sum of Frequencies                2200.00
 _NW_         Number of Estimate Weights          13.00
 _RASE_       Root Average Sum of Squares          0.19
 _RFPE_       Root Final Prediction Error          0.19
 _RMSE_       Root Mean Squared Error              0.19
 _SBC_        Schwarz's Bayesian Criterion       601.95
 _SSE_        Sum of Squared Errors              154.02
 _SUMW_       Sum of Case Weights Times Freq    4400.00
 _MISC_       Misclassification Rate               0.05


Group=^(cv_var =10) Target=DepVar Target Label=DepVar

   Fit
Statistics    Statistics Label                    Train

 _AIC_        Akaike's Information Criterion     531.19
 _ASE_        Average Squared Error                0.03
 _AVERR_      Average Error Function               0.11
 _DFE_        Degrees of Freedom for Error      2211.00
 _DFM_        Model Degrees of Freedom            13.00
 _DFT_        Total Degrees of Freedom          2224.00
 _DIV_        Divisor for ASE                   4448.00
 _ERR_        Error Function                     505.19
 _FPE_        Final Prediction Error               0.04
 _MAX_        Maximum Absolute Error               0.99
 _MSE_        Mean Square Error                    0.04
 _NOBS_       Sum of Frequencies                2224.00
 _NW_         Number of Estimate Weights          13.00
 _RASE_       Root Average Sum of Squares          0.19
 _RFPE_       Root Final Prediction Error          0.19
 _RMSE_       Root Mean Squared Error              0.19
 _SBC_        Schwarz's Bayesian Criterion       605.38
 _SSE_        Sum of Squared Errors              154.90
 _SUMW_       Sum of Case Weights Times Freq    4448.00
 _MISC_       Misclassification Rate               0.05


Group=_OVERALL_ Target=DepVar Target Label=DepVar

   Fit
Statistics    Statistics Label                     Train

 _ASE_        Average Squared Error                 0.03
 _DIV_        Divisor for ASE                    4874.00
 _MAX_        Maximum Absolute Error                0.99
 _NOBS_       Sum of Frequencies                 2437.00
 _RASE_       Root Average Squared Error            0.18
 _SSE_        Sum of Squared Errors               166.19
 _DISF_       Frequency of Classified Cases      2437.00
 _MISC_       Misclassification Rate                0.05
 _WRONG_      Number of Wrong Classifications     111.00
 
                                                                                               
 
 
Classification Table

Data Role=TRAIN Group=^(cv_var =1) Target Variable=DepVar Target Label=DepVar

                       Target        Outcome     Frequency       Total
Target    Outcome    Percentage    Percentage      Count      Percentage

  0          0         96.7607       97.8341        1852        84.4505 
  1          0          3.2393       20.6667          62         2.8272 
  0          1         14.6953        2.1659          41         1.8696 
  1          1         85.3047       79.3333         238        10.8527 


Data Role=TRAIN Group=^(cv_var =10) Target Variable=DepVar Target Label=DepVar

                       Target        Outcome     Frequency       Total
Target    Outcome    Percentage    Percentage      Count      Percentage

  0          0         96.6084       97.9167        1880        84.5324 
  1          0          3.3916       21.7105          66         2.9676 
  0          1         14.3885        2.0833          40         1.7986 
  1          1         85.6115       78.2895         238        10.7014 


Data Role=TRAIN Group=^(cv_var =2) Target Variable=DepVar Target Label=DepVar

                       Target        Outcome     Frequency       Total
Target    Outcome    Percentage    Percentage      Count      Percentage

  0          0         96.9094       97.8318        1850        84.5135 
  1          0          3.0906       19.7987          59         2.6953 
  0          1         14.6429        2.1682          41         1.8730 
  1          1         85.3571       80.2013         239        10.9182 


Data Role=TRAIN Group=^(cv_var =3) Target Variable=DepVar Target Label=DepVar

                       Target        Outcome     Frequency       Total
Target    Outcome    Percentage    Percentage      Count      Percentage

  0          0         96.7861       98.0256        1837        84.4598 
  1          0          3.2139       20.2658          61         2.8046 
  0          1         13.3574        1.9744          37         1.7011 
  1          1         86.6426       79.7342         240        11.0345 


Data Role=TRAIN Group=^(cv_var =4) Target Variable=DepVar Target Label=DepVar

                       Target        Outcome     Frequency       Total
Target    Outcome    Percentage    Percentage      Count      Percentage

  0          0         96.7153       97.8892        1855        84.3949 
  1          0          3.2847       20.7921          63         2.8662 
  0          1         14.2857        2.1108          40         1.8198 
  1          1         85.7143       79.2079         240        10.9190 


Data Role=TRAIN Group=^(cv_var =5) Target Variable=DepVar Target Label=DepVar

                       Target        Outcome     Frequency       Total
Target    Outcome    Percentage    Percentage      Count      Percentage

  0          0         96.8980       97.7719        1843        84.0018 
  1          0          3.1020       19.0939          59         2.6892 
  0          1         14.3836        2.2281          42         1.9143 
  1          1         85.6164       80.9061         250        11.3947 


Data Role=TRAIN Group=^(cv_var =6) Target Variable=DepVar Target Label=DepVar

                       Target        Outcome     Frequency       Total
Target    Outcome    Percentage    Percentage      Count      Percentage

  0          0         96.6580       97.7297        1851        84.4049 
  1          0          3.3420       21.4047          64         2.9184 
  0          1         15.4676        2.2703          43         1.9608 
  1          1         84.5324       78.5953         235        10.7159 


Data Role=TRAIN Group=^(cv_var =7) Target Variable=DepVar Target Label=DepVar

                       Target        Outcome     Frequency       Total
Target    Outcome    Percentage    Percentage      Count      Percentage

  0          0         96.9602       97.9354        1850        84.2825 
  1          0          3.0398       18.9542          58         2.6424 
  0          1         13.5889        2.0646          39         1.7768 
  1          1         86.4111       81.0458         248        11.2984 


Data Role=TRAIN Group=^(cv_var =8) Target Variable=DepVar Target Label=DepVar

                       Target        Outcome     Frequency       Total
Target    Outcome    Percentage    Percentage      Count      Percentage

  0          0         97.0464       98.0288        1840        84.7536 
  1          0          2.9536       19.0476          56         2.5795 
  0          1         13.4545        1.9712          37         1.7043 
  1          1         86.5455       80.9524         238        10.9627 


Data Role=TRAIN Group=^(cv_var =9) Target Variable=DepVar Target Label=DepVar

                       Target        Outcome     Frequency       Total
Target    Outcome    Percentage    Percentage      Count      Percentage

  0          0         96.6649       97.9409        1855        84.3182 
  1          0          3.3351       20.9150          64         2.9091 
  0          1         13.8790        2.0591          39         1.7727 
  1          1         86.1210       79.0850         242        11.0000 


Data Role=TRAIN Group=_OVERALL_ Target Variable=DepVar Target Label=DepVar

                       Target        Outcome     Frequency       Total
Target    Outcome    Percentage    Percentage      Count      Percentage

  0          0         96.8485       97.9078        2059        84.4891 
  1          0          3.1515       20.0599          67         2.7493 
  0          1         14.1479        2.0922          44         1.8055 
  1          1         85.8521       79.9401         267        10.9561 
 
                                                                                               
 
 
Event Classification Table

Data Role=TRAIN Group=^(cv_var =1) Target=DepVar Target Label=DepVar

  False       True        False       True       Group
Negative    Negative    Positive    Positive     Index

   62         1852         41          238           1


Data Role=TRAIN Group=^(cv_var =2) Target=DepVar Target Label=DepVar

  False       True        False       True       Group
Negative    Negative    Positive    Positive     Index

   59         1850         41          239           2


Data Role=TRAIN Group=^(cv_var =3) Target=DepVar Target Label=DepVar

  False       True        False       True       Group
Negative    Negative    Positive    Positive     Index

   61         1837         37          240           3


Data Role=TRAIN Group=^(cv_var =4) Target=DepVar Target Label=DepVar

  False       True        False       True       Group
Negative    Negative    Positive    Positive     Index

   63         1855         40          240           4


Data Role=TRAIN Group=^(cv_var =5) Target=DepVar Target Label=DepVar

  False       True        False       True       Group
Negative    Negative    Positive    Positive     Index

   59         1843         42          250           5


Data Role=TRAIN Group=^(cv_var =6) Target=DepVar Target Label=DepVar

  False       True        False       True       Group
Negative    Negative    Positive    Positive     Index

   64         1851         43          235           6


Data Role=TRAIN Group=^(cv_var =7) Target=DepVar Target Label=DepVar

  False       True        False       True       Group
Negative    Negative    Positive    Positive     Index

   58         1850         39          248           7


Data Role=TRAIN Group=^(cv_var =8) Target=DepVar Target Label=DepVar

  False       True        False       True       Group
Negative    Negative    Positive    Positive     Index

   56         1840         37          238           8


Data Role=TRAIN Group=^(cv_var =9) Target=DepVar Target Label=DepVar

  False       True        False       True       Group
Negative    Negative    Positive    Positive     Index

   64         1855         39          242           9


Data Role=TRAIN Group=^(cv_var =10) Target=DepVar Target Label=DepVar

  False       True        False       True       Group
Negative    Negative    Positive    Positive     Index

   66         1880         40          238          10


Data Role=TRAIN Group=_OVERALL_ Target=DepVar Target Label=DepVar

  False       True        False       True       Group
Negative    Negative    Positive    Positive     Index

   67         2059         44          267          11
 
                                                                                               
 
 
Assessment Score Rankings

Data Role=TRAIN Group=^(cv_var =1) Target Variable=DepVar Target Label=DepVar

                                                                                    Mean
                            Cumulative       %      Cumulative     Number of     Posterior
Depth      Gain     Lift       Lift      Response   % Response   Observations   Probability

   5    631.000   7.31000     7.31000     100.000     100.000         110         0.99026  
  10    574.514   6.18027     6.74514      84.545      92.273         110         0.85628  
  15    468.802   3.55440     5.68802      48.624      77.812         109         0.51370  
  20    379.563   2.12655     4.79563      29.091      65.604         110         0.22449  
  25    290.133   0.33227     3.90133       4.545      53.370         110         0.08747  
  30    229.950   0.26826     3.29950       3.670      45.137         109         0.03311  
  35    184.595   0.13291     2.84595       1.818      38.932         110         0.01495  
  40    149.772   0.06645     2.49772       0.909      34.169         110         0.00617  
  45    122.188   0.00000     2.22188       0.000      30.395         109         0.00297  
  50     99.909   0.00000     1.99909       0.000      27.347         110         0.00149  
  55     81.690   0.00000     1.81690       0.000      24.855         110         0.00074  
  60     66.641   0.00000     1.66641       0.000      22.796         109         0.00035  
  65     53.787   0.00000     1.53787       0.000      21.038         110         0.00017  
  70     42.773   0.00000     1.42773       0.000      19.531         110         0.00008  
  75     33.313   0.00000     1.33313       0.000      18.237         109         0.00004  
  80     24.957   0.00000     1.24957       0.000      17.094         110         0.00002  
  85     17.587   0.00000     1.17587       0.000      16.086         110         0.00001  
  90     11.094   0.00000     1.11094       0.000      15.198         109         0.00000  
  95      5.230   0.00000     1.05230       0.000      14.395         110         0.00000  
 100      0.000   0.00000     1.00000       0.000      13.680         109         0.00000  


Data Role=TRAIN Group=^(cv_var =2) Target Variable=DepVar Target Label=DepVar

                                                                                    Mean
                            Cumulative       %      Cumulative     Number of     Posterior
Depth      Gain     Lift       Lift      Response   % Response   Observations   Probability

   5    627.886   7.27886     7.27886     99.0909     99.0909         110         0.98910  
  10    570.834   6.13260     6.70834     83.4862     91.3242         109         0.85662  
  15    471.575   3.73960     5.71575     50.9091     77.8116         110         0.51760  
  20    377.970   1.95434     4.77970     26.6055     65.0685         109         0.21141  
  25    290.069   0.40067     3.90069      5.4545     53.1022         110         0.08505  
  30    229.827   0.26956     3.29827      3.6697     44.9011         109         0.03203  
  35    183.482   0.06678     2.83482      0.9091     38.5919         110         0.01471  
  40    149.886   0.13478     2.49886      1.8349     34.0183         109         0.00636  
  45    122.008   0.00000     2.22008      0.0000     30.2231         110         0.00317  
  50     99.909   0.00000     1.99909      0.0000     27.2146         109         0.00157  
  55     81.811   0.00000     1.81811      0.0000     24.7508         109         0.00080  
  60     66.591   0.00000     1.66591      0.0000     22.6788         110         0.00039  
  65     53.830   0.00000     1.53830      0.0000     20.9417         109         0.00019  
  70     42.792   0.00000     1.42792      0.0000     19.4390         110         0.00009  
  75     33.313   0.00000     1.33313      0.0000     18.1486         109         0.00004  
  80     24.943   0.00000     1.24943      0.0000     17.0091         110         0.00002  
  85     17.625   0.00000     1.17625      0.0000     16.0129         109         0.00001  
  90     11.060   0.00000     1.11060      0.0000     15.1192         110         0.00000  
  95      5.240   0.00000     1.05240      0.0000     14.3269         109         0.00000  
 100      0.000   0.00000     1.00000      0.0000     13.6135         109         0.00000  


Data Role=TRAIN Group=^(cv_var =3) Target Variable=DepVar Target Label=DepVar

                                                                                    Mean
                            Cumulative       %      Cumulative     Number of     Posterior
Depth      Gain     Lift       Lift      Response   % Response   Observations   Probability

   5    622.591   7.22591     7.22591     100.000     100.000         109         0.99131  
  10    572.872   6.23152     6.72872      86.239      93.119         109         0.86746  
  15    465.698   3.51352     5.65698      48.624      78.287         109         0.52659  
  20    376.744   2.07410     4.76744      28.704      65.977         108         0.22461  
  25    291.846   0.53034     3.91846       7.339      54.228         109         0.09017  
  30    228.652   0.13259     3.28652       1.835      45.482         109         0.03503  
  35    184.485   0.19888     2.84485       2.752      39.370         109         0.01554  
  40    150.000   0.06691     2.50000       0.926      34.598         108         0.00650  
  45    122.165   0.00000     2.22165       0.000      30.746         109         0.00321  
  50     99.908   0.00000     1.99908       0.000      27.665         109         0.00163  
  55     81.704   0.00000     1.81704       0.000      25.146         109         0.00081  
  60     66.667   0.00000     1.66667       0.000      23.065         108         0.00039  
  65     53.819   0.00000     1.53819       0.000      21.287         109         0.00018  
  70     42.810   0.00000     1.42810       0.000      19.764         109         0.00009  
  75     33.272   0.00000     1.33272       0.000      18.444         109         0.00004  
  80     25.000   0.00000     1.25000       0.000      17.299         108         0.00002  
  85     17.631   0.00000     1.17631       0.000      16.279         109         0.00001  
  90     11.083   0.00000     1.11083       0.000      15.373         109         0.00000  
  95      5.225   0.00000     1.05225       0.000      14.562         109         0.00000  
 100      0.000   0.00000     1.00000       0.000      13.839         108         0.00000  


Data Role=TRAIN Group=^(cv_var =4) Target Variable=DepVar Target Label=DepVar

                                                                                    Mean
                            Cumulative       %      Cumulative     Number of     Posterior
Depth      Gain     Lift       Lift      Response   % Response   Observations   Probability

   5    618.818   7.18818     7.18818     99.0909     99.0909         110         0.98948  
  10    566.061   6.13303     6.66061     84.5455     91.8182         110         0.85199  
  15    469.339   3.75896     5.69339     51.8182     78.4848         110         0.52609  
  20    378.113   2.04434     4.78113     28.1818     65.9091         110         0.23347  
  25    291.723   0.46163     3.91723      6.3636     54.0000         110         0.09072  
  30    229.733   0.19784     3.29733      2.7273     45.4545         110         0.03410  
  35    183.570   0.06595     2.83570      0.9091     39.0909         110         0.01522  
  40    149.773   0.13189     2.49773      1.8182     34.4318         110         0.00690  
  45    122.020   0.00000     2.22020      0.0000     30.6061         110         0.00332  
  50    100.000   0.00000     2.00000      0.0000     27.5705         109         0.00171  
  55     81.803   0.00000     1.81803      0.0000     25.0620         110         0.00083  
  60     66.641   0.00000     1.66641      0.0000     22.9719         110         0.00040  
  65     53.814   0.00000     1.53814      0.0000     21.2036         110         0.00019  
  70     42.820   0.00000     1.42820      0.0000     19.6881         110         0.00009  
  75     33.293   0.00000     1.33293      0.0000     18.3748         110         0.00004  
  80     24.957   0.00000     1.24957      0.0000     17.2257         110         0.00002  
  85     17.603   0.00000     1.17603      0.0000     16.2119         110         0.00001  
  90     11.066   0.00000     1.11066      0.0000     15.3108         110         0.00000  
  95      5.218   0.00000     1.05218      0.0000     14.5045         110         0.00000  
 100      0.000   0.00000     1.00000      0.0000     13.7853         109         0.00000  


Data Role=TRAIN Group=^(cv_var =5) Target Variable=DepVar Target Label=DepVar

                                                                                    Mean
                            Cumulative       %      Cumulative     Number of     Posterior
Depth      Gain     Lift       Lift      Response   % Response   Observations   Probability

   5    603.578   7.03578     7.03578     99.0909     99.0909         110         0.99155  
  10    555.166   6.06755     6.55166     85.4545     92.2727         110         0.86769  
  15    465.874   3.87290     5.65874     54.5455     79.6970         110         0.54780  
  20    378.746   2.14964     4.78746     30.2752     67.4260         109         0.25265  
  25    290.582   0.38729     3.90582      5.4545     55.0091         110         0.09154  
  30    229.696   0.25819     3.29696      3.6364     46.4340         110         0.03364  
  35    183.828   0.06514     2.83828      0.9174     39.9740         109         0.01471  
  40    149.886   0.12910     2.49886      1.8182     35.1936         110         0.00625  
  45    122.065   0.00000     2.22065      0.0000     31.2753         110         0.00292  
  50    100.000   0.00000     2.00000      0.0000     28.1677         109         0.00146  
  55     81.773   0.00000     1.81773      0.0000     25.6007         110         0.00071  
  60     66.591   0.00000     1.66591      0.0000     23.4624         110         0.00033  
  65     53.749   0.00000     1.53749      0.0000     21.6538         110         0.00016  
  70     42.839   0.00000     1.42839      0.0000     20.1172         109         0.00007  
  75     33.293   0.00000     1.33293      0.0000     18.7728         110         0.00003  
  80     24.943   0.00000     1.24943      0.0000     17.5968         110         0.00001  
  85     17.641   0.00000     1.17641      0.0000     16.5684         109         0.00000  
  90     11.089   0.00000     1.11089      0.0000     15.6456         110         0.00000  
  95      5.228   0.00000     1.05228      0.0000     14.8201         110         0.00000  
 100      0.000   0.00000     1.00000      0.0000     14.0839         109         0.00000  


Data Role=TRAIN Group=^(cv_var =6) Target Variable=DepVar Target Label=DepVar

                                                                                    Mean
                            Cumulative       %      Cumulative     Number of     Posterior
Depth      Gain     Lift       Lift      Response   % Response   Observations   Probability

   5    626.777   7.26777     7.26777     99.0909     99.0909         110         0.98734  
  10    566.768   6.06759     6.66768     82.7273     90.9091         110         0.83948  
  15    461.788   3.49900     5.61788     47.7064     76.5957         109         0.51168  
  20    376.154   2.20033     4.76154     30.0000     64.9203         110         0.22452  
  25    290.102   0.46674     3.90102      6.3636     53.1876         110         0.09201  
  30    229.939   0.26915     3.29939      3.6697     44.9848         109         0.03730  
  35    184.592   0.13335     2.84592      1.8182     38.8021         110         0.01637  
  40    149.772   0.06668     2.49772      0.9091     34.0547         110         0.00730  
  45    122.188   0.00000     2.22188      0.0000     30.2938         109         0.00362  
  50     99.909   0.00000     1.99909      0.0000     27.2562         110         0.00185  
  55     81.690   0.00000     1.81690      0.0000     24.7722         110         0.00091  
  60     66.641   0.00000     1.66641      0.0000     22.7204         109         0.00044  
  65     53.787   0.00000     1.53787      0.0000     20.9677         110         0.00022  
  70     42.773   0.00000     1.42773      0.0000     19.4661         110         0.00011  
  75     33.313   0.00000     1.33313      0.0000     18.1763         109         0.00005  
  80     24.957   0.00000     1.24957      0.0000     17.0370         110         0.00002  
  85     17.587   0.00000     1.17587      0.0000     16.0322         110         0.00001  
  90     11.094   0.00000     1.11094      0.0000     15.1469         109         0.00000  
  95      5.230   0.00000     1.05230      0.0000     14.3474         110         0.00000  
 100      0.000   0.00000     1.00000      0.0000     13.6343         109         0.00000  


Data Role=TRAIN Group=^(cv_var =7) Target Variable=DepVar Target Label=DepVar

                                                                                    Mean
                            Cumulative       %      Cumulative     Number of     Posterior
Depth      Gain     Lift       Lift      Response   % Response   Observations   Probability

   5    610.799   7.10799     7.10799     99.0909     99.0909         110         0.99052  
  10    558.630   6.06462     6.58630     84.5455     91.8182         110         0.86247  
  15    469.509   3.91266     5.69509     54.5455     79.3939         110         0.53805  
  20    378.758   2.04009     4.78758     28.4404     66.7426         109         0.24095  
  25    289.365   0.32605     3.89365      4.5455     54.2805         110         0.08956  
  30    229.815   0.32605     3.29815      4.5455     45.9788         110         0.03474  
  35    183.570   0.06521     2.83570      0.9091     39.5319         110         0.01517  
  40    150.000   0.13162     2.50000      1.8349     34.8519         109         0.00653  
  45    122.166   0.00000     2.22166      0.0000     30.9717         110         0.00310  
  50     99.909   0.00000     1.99909      0.0000     27.8689         110         0.00153  
  55     81.705   0.00000     1.81705      0.0000     25.3311         110         0.00076  
  60     66.667   0.00000     1.66667      0.0000     23.2346         109         0.00037  
  65     53.819   0.00000     1.53819      0.0000     21.4436         110         0.00017  
  70     42.811   0.00000     1.42811      0.0000     19.9089         110         0.00008  
  75     33.273   0.00000     1.33273      0.0000     18.5792         110         0.00004  
  80     25.000   0.00000     1.25000      0.0000     17.4260         109         0.00001  
  85     17.631   0.00000     1.17631      0.0000     16.3987         110         0.00001  
  90     11.083   0.00000     1.11083      0.0000     15.4858         110         0.00000  
  95      5.225   0.00000     1.05225      0.0000     14.6692         110         0.00000  
 100      0.000   0.00000     1.00000      0.0000     13.9408         109         0.00000  


Data Role=TRAIN Group=^(cv_var =8) Target Variable=DepVar Target Label=DepVar

                                                                                    Mean
                            Cumulative       %      Cumulative     Number of     Posterior
Depth      Gain     Lift       Lift      Response   % Response   Observations   Probability

   5    638.435   7.38435     7.38435     100.000     100.000         109         0.98981  
  10    584.238   6.30041     6.84238      85.321      92.661         109         0.86218  
  15    482.141   3.76055     5.82141      50.926      78.834         108         0.51126  
  20    378.710   1.69366     4.78710      22.936      64.828         109         0.20986  
  25    290.296   0.34187     3.90296       4.630      52.855         108         0.07697  
  30    229.578   0.27099     3.29578       3.670      44.632         109         0.02890  
  35    184.686   0.13675     2.84686       1.852      38.553         108         0.01297  
  40    149.827   0.06775     2.49827       0.917      33.832         109         0.00561  
  45    122.211   0.00000     2.22211       0.000      30.092         108         0.00268  
  50     99.908   0.00000     1.99908       0.000      27.072         109         0.00133  
  55     81.674   0.00000     1.81674       0.000      24.603         109         0.00065  
  60     66.616   0.00000     1.66616       0.000      22.563         108         0.00031  
  65     53.754   0.00000     1.53754       0.000      20.822         109         0.00015  
  70     42.829   0.00000     1.42829       0.000      19.342         108         0.00007  
  75     33.272   0.00000     1.33272       0.000      18.048         109         0.00003  
  80     24.986   0.00000     1.24986       0.000      16.926         108         0.00001  
  85     17.606   0.00000     1.17606       0.000      15.926         109         0.00000  
  90     11.105   0.00000     1.11105       0.000      15.046         108         0.00000  
  95      5.235   0.00000     1.05235       0.000      14.251         109         0.00000  
 100      0.000   0.00000     1.00000       0.000      13.542         108         0.00000  


Data Role=TRAIN Group=^(cv_var =9) Target Variable=DepVar Target Label=DepVar

                                                                                    Mean
                            Cumulative       %      Cumulative     Number of     Posterior
Depth      Gain     Lift       Lift      Response   % Response   Observations   Probability

   5    612.418   7.12418     7.12418     99.0909     99.0909         110         0.99032  
  10    556.863   6.01307     6.56863     83.6364     91.3636         110         0.85852  
  15    462.092   3.72549     5.62092     51.8182     78.1818         110         0.52975  
  20    378.758   2.28758     4.78758     31.8182     66.5909         110         0.24181  
  25    290.850   0.39216     3.90850      5.4545     54.3636         110         0.09690  
  30    230.065   0.26144     3.30065      3.6364     45.9091         110         0.03616  
  35    183.847   0.06536     2.83847      0.9091     39.4805         110         0.01550  
  40    150.000   0.13072     2.50000      1.8182     34.7727         110         0.00666  
  45    122.222   0.00000     2.22222      0.0000     30.9091         110         0.00317  
  50    100.000   0.00000     2.00000      0.0000     27.8182         110         0.00158  
  55     81.818   0.00000     1.81818      0.0000     25.2893         110         0.00078  
  60     66.667   0.00000     1.66667      0.0000     23.1818         110         0.00036  
  65     53.846   0.00000     1.53846      0.0000     21.3986         110         0.00017  
  70     42.857   0.00000     1.42857      0.0000     19.8701         110         0.00008  
  75     33.333   0.00000     1.33333      0.0000     18.5455         110         0.00004  
  80     25.000   0.00000     1.25000      0.0000     17.3864         110         0.00001  
  85     17.647   0.00000     1.17647      0.0000     16.3636         110         0.00001  
  90     11.111   0.00000     1.11111      0.0000     15.4545         110         0.00000  
  95      5.263   0.00000     1.05263      0.0000     14.6411         110         0.00000  
 100      0.000   0.00000     1.00000      0.0000     13.9091         110         0.00000  


Data Role=TRAIN Group=^(cv_var =10) Target Variable=DepVar Target Label=DepVar

                                                                                    Mean
                            Cumulative       %      Cumulative     Number of     Posterior
Depth      Gain     Lift       Lift      Response   % Response   Observations   Probability

   5    625.047   7.25047     7.25047     99.1071     99.1071         112         0.98912  
  10    569.247   6.12945     6.69247     83.7838     91.4798         111         0.84852  
  15    462.922   3.49312     5.62922     47.7477     76.9461         111         0.51012  
  20    378.403   2.24087     4.78403     30.6306     65.3933         111         0.22600  
  25    290.789   0.39545     3.90789      5.4054     53.4173         111         0.09209  
  30    229.649   0.26128     3.29649      3.5714     45.0599         112         0.03476  
  35    184.555   0.13182     2.84555      1.8018     38.8960         111         0.01545  
  40    149.888   0.06591     2.49888      0.9009     34.1573         111         0.00686  
  45    122.178   0.00000     2.22178      0.0000     30.3696         111         0.00332  
  50    100.000   0.00000     2.00000      0.0000     27.3381         111         0.00167  
  55     81.699   0.00000     1.81699      0.0000     24.8366         112         0.00084  
  60     66.592   0.00000     1.66592      0.0000     22.7715         111         0.00040  
  65     53.804   0.00000     1.53804      0.0000     21.0235         111         0.00020  
  70     42.839   0.00000     1.42839      0.0000     19.5247         111         0.00009  
  75     33.333   0.00000     1.33333      0.0000     18.2254         111         0.00004  
  80     24.944   0.00000     1.24944      0.0000     17.0787         112         0.00002  
  85     17.610   0.00000     1.17610      0.0000     16.0762         111         0.00001  
  90     11.089   0.00000     1.11089      0.0000     15.1848         111         0.00000  
  95      5.253   0.00000     1.05253      0.0000     14.3871         111         0.00000  
 100      0.000   0.00000     1.00000      0.0000     13.6691         111         0.00000  


Data Role=TRAIN Group=_OVERALL_ Target Variable=DepVar Target Label=DepVar

                                                                                    Mean
                            Cumulative       %      Cumulative     Number of     Posterior
Depth      Gain     Lift       Lift      Response   % Response   Observations   Probability

   5    623.660   7.23660     7.23660     99.1803     99.1803         122         0.98982  
  10    575.815   6.27969     6.75815     86.0656     92.6230         122         0.85487  
  15    470.156   3.58840     5.70156     49.1803     78.1421         122         0.52033  
  20    378.453   2.03342     4.78453     27.8689     65.5738         122         0.22799  
  25    289.939   0.35884     3.89939      4.9180     53.4426         122         0.08895  
  30    229.933   0.29903     3.29933      4.0984     45.2186         122         0.03340  
  35    183.987   0.06030     2.83987      0.8264     38.9215         121         0.01487  
  40    149.949   0.11961     2.49949      1.6393     34.2564         122         0.00653  
  45    122.151   0.00000     2.22151      0.0000     30.4467         122         0.00319  
  50     99.918   0.00000     1.99918      0.0000     27.3995         122         0.00157  
  55     81.730   0.00000     1.81730      0.0000     24.9068         122         0.00079  
  60     66.576   0.00000     1.66576      0.0000     22.8298         122         0.00037  
  65     53.754   0.00000     1.53754      0.0000     21.0726         122         0.00018  
  70     42.849   0.00000     1.42849      0.0000     19.5780         121         0.00008  
  75     33.315   0.00000     1.33315      0.0000     18.2713         122         0.00004  
  80     24.974   0.00000     1.24974      0.0000     17.1282         122         0.00002  
  85     17.616   0.00000     1.17616      0.0000     16.1197         122         0.00001  
  90     11.076   0.00000     1.11076      0.0000     15.2233         122         0.00000  
  95      5.225   0.00000     1.05225      0.0000     14.4214         122         0.00000  
 100      0.000   0.00000     1.00000      0.0000     13.7054         121         0.00000  
 
                                                                                               
 
 
Assessment Score Distribution

Data Role=TRAIN Group=^(cv_var =1) Target Variable=DepVar Target Label=DepVar

 Posterior     Number                     Mean
Probability      of      Number of     Posterior
   Range       Events    Nonevents    Probability    Percentage

 0.95-1.00       118           1        0.98774         5.4264 
 0.90-0.95        28           4        0.92548         1.4592 
 0.85-0.90        23           4        0.87851         1.2312 
 0.80-0.85        16           1        0.82714         0.7752 
 0.75-0.80         4           3        0.77126         0.3192 
 0.70-0.75         8           3        0.72300         0.5016 
 0.65-0.70        15           4        0.67397         0.8664 
 0.60-0.65        12           3        0.62802         0.6840 
 0.55-0.60         5          10        0.56893         0.6840 
 0.50-0.55         9           8        0.52490         0.7752 
 0.45-0.50         7          11        0.47206         0.8208 
 0.40-0.45         6           9        0.42590         0.6840 
 0.35-0.40         3          11        0.37272         0.6384 
 0.30-0.35         8          13        0.32677         0.9576 
 0.25-0.30         4          15        0.27223         0.8664 
 0.20-0.25        12          17        0.22294         1.3224 
 0.15-0.20         8          21        0.17577         1.3224 
 0.10-0.15         2          47        0.12340         2.2344 
 0.05-0.10         5          73        0.07448         3.5568 
 0.00-0.05         7        1635        0.00394        74.8746 


Data Role=TRAIN Group=^(cv_var =2) Target Variable=DepVar Target Label=DepVar

 Posterior     Number                     Mean
Probability      of      Number of     Posterior
   Range       Events    Nonevents    Probability    Percentage

 0.95-1.00       117           1        0.98677         5.3906 
 0.90-0.95        25           3        0.92895         1.2791 
 0.85-0.90        24           4        0.87774         1.2791 
 0.80-0.85        20           3        0.82943         1.0507 
 0.75-0.80         4           3        0.77177         0.3198 
 0.70-0.75         6           4        0.72124         0.4568 
 0.65-0.70        12           1        0.67831         0.5939 
 0.60-0.65        10           8        0.62819         0.8223 
 0.55-0.60        13           7        0.57833         0.9137 
 0.50-0.55         8           7        0.52241         0.6852 
 0.45-0.50         6          12        0.47422         0.8223 
 0.40-0.45         7          10        0.42440         0.7766 
 0.35-0.40         3           8        0.37041         0.5025 
 0.30-0.35         5          11        0.32780         0.7309 
 0.25-0.30         6          10        0.27400         0.7309 
 0.20-0.25         9          20        0.22368         1.3248 
 0.15-0.20         9          18        0.17585         1.2334 
 0.10-0.15         3          50        0.12207         2.4212 
 0.05-0.10         4          77        0.07534         3.7003 
 0.00-0.05         7        1634        0.00396        74.9657 


Data Role=TRAIN Group=^(cv_var =3) Target Variable=DepVar Target Label=DepVar

 Posterior     Number                     Mean
Probability      of      Number of     Posterior
   Range       Events    Nonevents    Probability    Percentage

 0.95-1.00       122           0        0.98771         5.6092 
 0.90-0.95        25           5        0.92528         1.3793 
 0.85-0.90        27           3        0.87562         1.3793 
 0.80-0.85        12           1        0.83202         0.5977 
 0.75-0.80         8           4        0.77308         0.5517 
 0.70-0.75        10           3        0.72307         0.5977 
 0.65-0.70         7           6        0.67072         0.5977 
 0.60-0.65        13           3        0.62592         0.7356 
 0.55-0.60        11           7        0.57360         0.8276 
 0.50-0.55         5           5        0.52460         0.4598 
 0.45-0.50         7          15        0.47560         1.0115 
 0.40-0.45         5           8        0.42708         0.5977 
 0.35-0.40         4          11        0.37751         0.6897 
 0.30-0.35         6          12        0.32104         0.8276 
 0.25-0.30         3          13        0.27489         0.7356 
 0.20-0.25        13          20        0.22793         1.5172 
 0.15-0.20         9          16        0.17368         1.1494 
 0.10-0.15         1          50        0.12256         2.3448 
 0.05-0.10         7          77        0.07551         3.8621 
 0.00-0.05         6        1615        0.00392        74.5287 


Data Role=TRAIN Group=^(cv_var =4) Target Variable=DepVar Target Label=DepVar

 Posterior     Number                     Mean
Probability      of      Number of     Posterior
   Range       Events    Nonevents    Probability    Percentage

 0.95-1.00       117           1        0.98716         5.3685 
 0.90-0.95        27           4        0.92622         1.4104 
 0.85-0.90        24           3        0.87660         1.2284 
 0.80-0.85        12           1        0.83274         0.5914 
 0.75-0.80         8           4        0.77530         0.5460 
 0.70-0.75        11           4        0.72032         0.6824 
 0.65-0.70        12           6        0.67280         0.8189 
 0.60-0.65        10           5        0.63264         0.6824 
 0.55-0.60        12           7        0.57370         0.8644 
 0.50-0.55         7           5        0.52021         0.5460 
 0.45-0.50         9          13        0.47930         1.0009 
 0.40-0.45         5          10        0.43030         0.6824 
 0.35-0.40         5          13        0.37050         0.8189 
 0.30-0.35         5          10        0.32515         0.6824 
 0.25-0.30         5          19        0.27292         1.0919 
 0.20-0.25        13          18        0.22084         1.4104 
 0.15-0.20         7          16        0.17248         1.0464 
 0.10-0.15         1          51        0.11953         2.3658 
 0.05-0.10         7          71        0.07508         3.5487 
 0.00-0.05         6        1634        0.00395        74.6133 


Data Role=TRAIN Group=^(cv_var =5) Target Variable=DepVar Target Label=DepVar

 Posterior     Number                     Mean
Probability      of      Number of     Posterior
   Range       Events    Nonevents    Probability    Percentage

 0.95-1.00       123           1        0.98767         5.6518 
 0.90-0.95        29           3        0.92731         1.4585 
 0.85-0.90        24           4        0.87736         1.2762 
 0.80-0.85        10           3        0.82628         0.5925 
 0.75-0.80         6           1        0.77759         0.3191 
 0.70-0.75        14           5        0.72301         0.8660 
 0.65-0.70        11           5        0.67939         0.7293 
 0.60-0.65         9           5        0.62391         0.6381 
 0.55-0.60        15           9        0.57490         1.0939 
 0.50-0.55         9           6        0.52170         0.6837 
 0.45-0.50         5           9        0.47757         0.6381 
 0.40-0.45         8          16        0.42612         1.0939 
 0.35-0.40         6          12        0.37136         0.8204 
 0.30-0.35         5           8        0.32458         0.5925 
 0.25-0.30         4          14        0.27353         0.8204 
 0.20-0.25        10          21        0.22196         1.4129 
 0.15-0.20         8          15        0.17389         1.0483 
 0.10-0.15         2          44        0.11923         2.0966 
 0.05-0.10         4          73        0.07512         3.5096 
 0.00-0.05         7        1631        0.00382        74.6582 


Data Role=TRAIN Group=^(cv_var =6) Target Variable=DepVar Target Label=DepVar

 Posterior     Number                     Mean
Probability      of      Number of     Posterior
   Range       Events    Nonevents    Probability    Percentage

 0.95-1.00       110           1        0.98702         5.0616 
 0.90-0.95        26           3        0.92609         1.3224 
 0.85-0.90        27           5        0.87793         1.4592 
 0.80-0.85        17           1        0.82552         0.8208 
 0.75-0.80         2           4        0.76721         0.2736 
 0.70-0.75        12           3        0.71906         0.6840 
 0.65-0.70        10           4        0.67899         0.6384 
 0.60-0.65        15           5        0.62264         0.9120 
 0.55-0.60         8           8        0.57316         0.7296 
 0.50-0.55         8           9        0.52844         0.7752 
 0.45-0.50         8          11        0.47658         0.8664 
 0.40-0.45         4          10        0.43524         0.6384 
 0.35-0.40         4          12        0.37575         0.7296 
 0.30-0.35         6          11        0.32355         0.7752 
 0.25-0.30         8          16        0.26877         1.0944 
 0.20-0.25        11          18        0.22740         1.3224 
 0.15-0.20         8          17        0.17741         1.1400 
 0.10-0.15         3          53        0.12384         2.5536 
 0.05-0.10         6          82        0.07449         4.0128 
 0.00-0.05         6        1621        0.00399        74.1906 


Data Role=TRAIN Group=^(cv_var =7) Target Variable=DepVar Target Label=DepVar

 Posterior     Number                     Mean
Probability      of      Number of     Posterior
   Range       Events    Nonevents    Probability    Percentage

 0.95-1.00       118           1        0.98801         5.4214 
 0.90-0.95        28           3        0.92968         1.4123 
 0.85-0.90        26           5        0.87838         1.4123 
 0.80-0.85        16           2        0.82069         0.8200 
 0.75-0.80         4           2        0.76778         0.2733 
 0.70-0.75        10           5        0.72179         0.6834 
 0.65-0.70        14           2        0.67502         0.7289 
 0.60-0.65         9           5        0.62525         0.6378 
 0.55-0.60        14           6        0.57439         0.9112 
 0.50-0.55         9           8        0.52471         0.7745 
 0.45-0.50         6          16        0.47461         1.0023 
 0.40-0.45         6           9        0.42993         0.6834 
 0.35-0.40         6          10        0.37314         0.7289 
 0.30-0.35         3          14        0.32399         0.7745 
 0.25-0.30         6          13        0.27320         0.8656 
 0.20-0.25         9          19        0.22342         1.2756 
 0.15-0.20         8          14        0.17585         1.0023 
 0.10-0.15         2          47        0.12206         2.2323 
 0.05-0.10         5          82        0.07332         3.9636 
 0.00-0.05         7        1626        0.00378        74.3964 


Data Role=TRAIN Group=^(cv_var =8) Target Variable=DepVar Target Label=DepVar

 Posterior     Number                     Mean
Probability      of      Number of     Posterior
   Range       Events    Nonevents    Probability    Percentage

 0.95-1.00       115           1        0.98773         5.3432 
 0.90-0.95        30           5        0.92532         1.6122 
 0.85-0.90        27           2        0.87889         1.3358 
 0.80-0.85        14           3        0.82337         0.7830 
 0.75-0.80         8           2        0.76595         0.4606 
 0.70-0.75         3           2        0.72149         0.2303 
 0.65-0.70        10           5        0.67736         0.6909 
 0.60-0.65        13           7        0.62537         0.9212 
 0.55-0.60        10           3        0.56738         0.5988 
 0.50-0.55         8           7        0.51984         0.6909 
 0.45-0.50         4          11        0.47429         0.6909 
 0.40-0.45         8          12        0.42897         0.9212 
 0.35-0.40         4           7        0.37525         0.5067 
 0.30-0.35         7          12        0.32306         0.8752 
 0.25-0.30         4          13        0.27293         0.7830 
 0.20-0.25         9          19        0.22477         1.2897 
 0.15-0.20         7          18        0.17364         1.1515 
 0.10-0.15         1          42        0.11901         1.9807 
 0.05-0.10         5          75        0.07352         3.6849 
 0.00-0.05         7        1631        0.00379        75.4491 


Data Role=TRAIN Group=^(cv_var =9) Target Variable=DepVar Target Label=DepVar

 Posterior     Number                     Mean
Probability      of      Number of     Posterior
   Range       Events    Nonevents    Probability    Percentage

 0.95-1.00       123           1        0.98649         5.6364 
 0.90-0.95        25           3        0.92541         1.2727 
 0.85-0.90        24           4        0.87799         1.2727 
 0.80-0.85        11           2        0.82653         0.5909 
 0.75-0.80         3           4        0.77824         0.3182 
 0.70-0.75        11           4        0.72587         0.6818 
 0.65-0.70        16           3        0.67645         0.8636 
 0.60-0.65         8           3        0.62499         0.5000 
 0.55-0.60        15           7        0.57169         1.0000 
 0.50-0.55         6           8        0.52883         0.6364 
 0.45-0.50        11          18        0.47501         1.3182 
 0.40-0.45         4           8        0.43016         0.5455 
 0.35-0.40         4          11        0.37607         0.6818 
 0.30-0.35         6          11        0.32836         0.7727 
 0.25-0.30         5          16        0.27205         0.9545 
 0.20-0.25        11          20        0.22774         1.4091 
 0.15-0.20         9          17        0.17551         1.1818 
 0.10-0.15         3          51        0.12379         2.4545 
 0.05-0.10         5          76        0.07462         3.6818 
 0.00-0.05         6        1627        0.00378        74.2273 


Data Role=TRAIN Group=^(cv_var =10) Target Variable=DepVar Target Label=DepVar

 Posterior     Number                     Mean
Probability      of      Number of     Posterior
   Range       Events    Nonevents    Probability    Percentage

 0.95-1.00       118           1        0.98702         5.3507 
 0.90-0.95        28           3        0.92888         1.3939 
 0.85-0.90        24           5        0.87700         1.3040 
 0.80-0.85        13           1        0.82450         0.6295 
 0.75-0.80         7           3        0.77010         0.4496 
 0.70-0.75         7           4        0.71657         0.4946 
 0.65-0.70        14           3        0.67153         0.7644 
 0.60-0.65        12           3        0.62206         0.6745 
 0.55-0.60         8           9        0.57503         0.7644 
 0.50-0.55         7           8        0.52555         0.6745 
 0.45-0.50        11          13        0.47443         1.0791 
 0.40-0.45         5          13        0.43207         0.8094 
 0.35-0.40         4          11        0.37074         0.6745 
 0.30-0.35         5          11        0.32561         0.7194 
 0.25-0.30         6          15        0.27204         0.9442 
 0.20-0.25        12          23        0.22227         1.5737 
 0.15-0.20         9          13        0.17312         0.9892 
 0.10-0.15         2          53        0.12301         2.4730 
 0.05-0.10         5          77        0.07587         3.6871 
 0.00-0.05         7        1651        0.00396        74.5504 


Data Role=TRAIN Group=_OVERALL_ Target Variable=DepVar Target Label=DepVar

 Posterior     Number                     Mean
Probability      of      Number of     Posterior
   Range       Events    Nonevents    Probability    Percentage

 0.95-1.00       130           1        0.98749         5.3755 
 0.90-0.95        30           4        0.92815         1.3952 
 0.85-0.90        28           5        0.87815         1.3541 
 0.80-0.85        15           1        0.82406         0.6565 
 0.75-0.80         8           3        0.76584         0.4514 
 0.70-0.75        13           2        0.71814         0.6155 
 0.65-0.70         8           8        0.67379         0.6565 
 0.60-0.65        12           6        0.62371         0.7386 
 0.55-0.60        16           6        0.57322         0.9027 
 0.50-0.55         7           8        0.52126         0.6155 
 0.45-0.50         9          12        0.47465         0.8617 
 0.40-0.45         7          14        0.42672         0.8617 
 0.35-0.40         5          11        0.37175         0.6565 
 0.30-0.35         5          13        0.32548         0.7386 
 0.25-0.30         7          18        0.27059         1.0259 
 0.20-0.25         8          22        0.22528         1.2310 
 0.15-0.20        10          18        0.17308         1.1490 
 0.10-0.15         2          54        0.12206         2.2979 
 0.05-0.10         7          84        0.07596         3.7341 
 0.00-0.05         7        1813        0.00388        74.6820 
