MPRINT(EM_DIAGRAM):    data _null_;
MPRINT(EM_DIAGRAM):   call symput('NLDATE', strip(put(date(), NLDATE.)));
MPRINT(EM_DIAGRAM):   call symput('NLTIME', strip(put(datetime(), NLTIME.)));
MPRINT(EM_DIAGRAM):   run;
MPRINT(EM_DIAGRAM):   data _null_;
MPRINT(EM_DIAGRAM):   nldate= sasmsg("sashelp.dmine", "log_date_note", 'N', "24 December 2017" );
MPRINT(EM_DIAGRAM):   nltime= sasmsg("sashelp.dmine", "log_time_note", 'N', "09:57:12 o'clock" );
MPRINT(EM_DIAGRAM):   put "*------------------------------------------------------------*";
MPRINT(EM_DIAGRAM):   put "* Training Log";
MPRINT(EM_DIAGRAM):   put nldate;
MPRINT(EM_DIAGRAM):   put nltime;
MPRINT(EM_DIAGRAM):   put "*------------------------------------------------------------*";
MPRINT(EM_DIAGRAM):   run;
*------------------------------------------------------------*
* Training Log
Date:                24 December 2017
Time:                09:57:12 o'clock
*------------------------------------------------------------*
MPRINT(EM_DIAGRAM):    filename O0SP1TVQ "C:\Users\misil\Desktop\MIS\DM1_project\Workspaces\EMWS1\Clus6\EMTRAIN.out" encoding="UTF-8" NOBOM;
MPRINT(EM_DIAGRAM):   proc printto print=O0SP1TVQ new;
MPRINT(EM_DIAGRAM):   run;
MPRINT(EM_DIAGRAM):    filename _LOG "C:\Users\misil\Desktop\MIS\DM1_project\Workspaces\EMWS1\Clus6\EMLOG.log" encoding="UTF-8" NOBOM;
MPRINT(EM_DIAGRAM):    data _null_;
MPRINT(EM_DIAGRAM):   call symput('NLDATE', strip(put(date(), NLDATE.)));
MPRINT(EM_DIAGRAM):   call symput('NLTIME', strip(put(datetime(), NLTIME.)));
MPRINT(EM_DIAGRAM):   run;
MPRINT(EM_DIAGRAM):   data _null_;
MPRINT(EM_DIAGRAM):   nldate= sasmsg("sashelp.dmine", "log_date_note", 'N', "24 December 2017" );
MPRINT(EM_DIAGRAM):   nltime= sasmsg("sashelp.dmine", "log_time_note", 'N', "09:57:12 o'clock" );
MPRINT(EM_DIAGRAM):   file _LOG;
MPRINT(EM_DIAGRAM):   put "*------------------------------------------------------------*";
MPRINT(EM_DIAGRAM):   put "User:                misil";
MPRINT(EM_DIAGRAM):   put nldate;
MPRINT(EM_DIAGRAM):   put nltime;
MPRINT(EM_DIAGRAM):   put "Site:                70107571";
MPRINT(EM_DIAGRAM):   put "Platform:            X64_10PRO";
MPRINT(EM_DIAGRAM):   put "Maintenance Release: 9.04.01M4P110916";
MPRINT(EM_DIAGRAM):   put "EM Version:          14.2";
MPRINT(EM_DIAGRAM):   put "* ";
MPRINT(EM_DIAGRAM):   run;
MPRINT(EM_DIAGRAM):    filename _LOGIN "C:\Users\misil\Desktop\MIS\DM1_project\Workspaces\EMWS1\Clus6\EMTRAIN.log" encoding="UTF-8" NOBOM;
MPRINT(EM_COPYFILE):   data _null_;
MPRINT(EM_COPYFILE):   length line $20000;
MPRINT(EM_COPYFILE):   file _LOG MOD lrecl=20000;
MPRINT(EM_COPYFILE):   fid=fopen("_LOGIN",'i',20000,'v');
MPRINT(EM_COPYFILE):   if fid > 0 then do;
MPRINT(EM_COPYFILE):   do while(^fread(fid));
MPRINT(EM_COPYFILE):   rlen = frlen(fid);
MPRINT(EM_COPYFILE):   rc= fget(fid,line,20000);
MPRINT(EM_COPYFILE):   start = length(line)-length(left(line))+1;
MPRINT(EM_COPYFILE):   line=strip(line);
MPRINT(EM_COPYFILE):   put @start line;
MPRINT(EM_COPYFILE):   end;
MPRINT(EM_COPYFILE):   if fid > 0 then rc=fclose(fid);
MPRINT(EM_COPYFILE):   end;
MPRINT(EM_COPYFILE):   run;
MPRINT(EM_DIAGRAM):  ;
MPRINT(EM_DIAGRAM):   filename _LOGIN;
MPRINT(EM_DIAGRAM):    data _null_;
MPRINT(EM_DIAGRAM):   file _LOG mod;
MPRINT(EM_DIAGRAM):   put _page_;
MPRINT(EM_DIAGRAM):   run;
MPRINT(EM_DIAGRAM):   filename _LOGIN "C:\Users\misil\Desktop\MIS\DM1_project\Workspaces\EMWS1\Clus6\EMSCORE.log" encoding="UTF-8" NOBOM;
MPRINT(EM_DIAGRAM):  ;
MPRINT(EM_DIAGRAM):   data _null_;
MPRINT(EM_DIAGRAM):   file _LOG mod;
MPRINT(EM_DIAGRAM):   put _page_;
MPRINT(EM_DIAGRAM):   run;
MPRINT(EM_DIAGRAM):    filename _LOGIN "C:\Users\misil\Desktop\MIS\DM1_project\Workspaces\EMWS1\Clus6\EMREPORT.log" encoding="UTF-8" NOBOM;
MPRINT(EM_DIAGRAM):  ;
MPRINT(EM_DIAGRAM):   filename _LOGIN;
MPRINT(EM_DIAGRAM):    filename _LOG;
MPRINT(EM_DIAGRAM):    filename _OUT "C:\Users\misil\Desktop\MIS\DM1_project\Workspaces\EMWS1\Clus6\EMOUTPUT.out" encoding="UTF-8" NOBOM;
MPRINT(EM_DIAGRAM):    data _null_;
MPRINT(EM_DIAGRAM):   call symput('NLDATE', strip(put(date(), NLDATE.)));
MPRINT(EM_DIAGRAM):   call symput('NLTIME', strip(put(datetime(), NLTIME.)));
MPRINT(EM_DIAGRAM):   run;
MPRINT(EM_DIAGRAM):   data _null_;
MPRINT(EM_DIAGRAM):   nldate= sasmsg("sashelp.dmine", "log_date_note", 'N', "24 December 2017" );
MPRINT(EM_DIAGRAM):   nltime= sasmsg("sashelp.dmine", "log_time_note", 'N', "09:57:12 o'clock" );
MPRINT(EM_DIAGRAM):   file _OUT;
MPRINT(EM_DIAGRAM):   put "*------------------------------------------------------------*";
MPRINT(EM_DIAGRAM):   put "User:                misil";
MPRINT(EM_DIAGRAM):   put nldate;
MPRINT(EM_DIAGRAM):   put nltime;
MPRINT(EM_DIAGRAM):   put "*------------------------------------------------------------*";
MPRINT(EM_DIAGRAM):   put "* Training Output";
MPRINT(EM_DIAGRAM):   put "*------------------------------------------------------------*";
MPRINT(EM_DIAGRAM):   run;
MPRINT(EM_DIAGRAM):    filename _OUTIN "C:\Users\misil\Desktop\MIS\DM1_project\Workspaces\EMWS1\Clus6\EMTRAIN.out" encoding="UTF-8" NOBOM;
MPRINT(EM_DIAGRAM):   ;
MPRINT(EM_COPYFILE):   data _null_;
MPRINT(EM_COPYFILE):   length line $20000;
MPRINT(EM_COPYFILE):   file _OUT MOD lrecl=20000;
MPRINT(EM_COPYFILE):   fid=fopen("_OUTIN",'i',20000,'v');
MPRINT(EM_COPYFILE):   if fid > 0 then do;
MPRINT(EM_COPYFILE):   do while(^fread(fid));
MPRINT(EM_COPYFILE):   rlen = frlen(fid);
MPRINT(EM_COPYFILE):   rc= fget(fid,line,20000);
MPRINT(EM_COPYFILE):   start = length(line)-length(left(line))+1;
MPRINT(EM_COPYFILE):   line=strip(line);
MPRINT(EM_COPYFILE):   put @start line;
MPRINT(EM_COPYFILE):   end;
MPRINT(EM_COPYFILE):   if fid > 0 then rc=fclose(fid);
MPRINT(EM_COPYFILE):   end;
MPRINT(EM_COPYFILE):   run;
MPRINT(EM_DIAGRAM):  ;
MPRINT(EM_DIAGRAM):   filename _OUTIN;
MPRINT(EM_DIAGRAM):    data _null_;
MPRINT(EM_DIAGRAM):   file _OUT mod;
MPRINT(EM_DIAGRAM):   put _page_;
MPRINT(EM_DIAGRAM):   put // "*------------------------------------------------------------*";
MPRINT(EM_DIAGRAM):   put "* Score Output";
MPRINT(EM_DIAGRAM):   put "*------------------------------------------------------------*";
MPRINT(EM_DIAGRAM):   run;
MPRINT(EM_DIAGRAM):    filename _OUTIN "C:\Users\misil\Desktop\MIS\DM1_project\Workspaces\EMWS1\Clus6\EMSCORE.out" encoding="UTF-8" NOBOM;
MPRINT(EM_DIAGRAM):  ;
MPRINT(EM_DIAGRAM):   filename _OUTIN;
MPRINT(EM_DIAGRAM):    data _null_;
MPRINT(EM_DIAGRAM):   file _OUT mod;
MPRINT(EM_DIAGRAM):   put _page_;
MPRINT(EM_DIAGRAM):   put // "*------------------------------------------------------------*";
MPRINT(EM_DIAGRAM):   put "* Report Output";
MPRINT(EM_DIAGRAM):   put "*------------------------------------------------------------*";
MPRINT(EM_DIAGRAM):   run;
MPRINT(EM_DIAGRAM):    filename _OUTIN "C:\Users\misil\Desktop\MIS\DM1_project\Workspaces\EMWS1\Clus6\EMREPORT.out" encoding="UTF-8" NOBOM;
MPRINT(EM_DIAGRAM):  ;
MPRINT(EM_DIAGRAM):   filename _OUTIN;
MPRINT(EM_DIAGRAM):    filename _OUT;
MPRINT(EM_DIAGRAM):    filename _emtool_ 'C:\Users\misil\Desktop\MIS\DM1_project\Workspaces\EMWS1\Clus6\EMRUNSTATUS.xml' encoding="UTF-8" NOBOM;
22362      proc freq data=EMWS1.Clus6_VariableSet noprint;
MPRINT(EM_DIAGRAM):    proc freq data=EMWS1.Clus6_VariableSet noprint;
22363      table ROLE*LEVEL/out=WORK.Clus6META;
MPRINT(EM_DIAGRAM):   table ROLE*LEVEL/out=WORK.Clus6META;
22364      run;
MPRINT(EM_DIAGRAM):   run;

NOTE: There were 10 observations read from the data set EMWS1.CLUS6_VARIABLESET.
NOTE: The data set WORK.CLUS6META has 5 observations and 4 variables.
NOTE: PROCEDURE FREQ used (Total process time):
      real time           0.08 seconds
      cpu time            0.04 seconds
      

22365      proc print data=WORK.Clus6META label noobs;
MPRINT(EM_DIAGRAM):   proc print data=WORK.Clus6META label noobs;
22366      var ROLE LEVEL COUNT;
MPRINT(EM_DIAGRAM):   var ROLE LEVEL COUNT;
22367      label ROLE = "%sysfunc(sasmsg(sashelp.dmine, meta_role_vlabel, NOQUOTE))" LEVEL = "%sysfunc(sasmsg(sashelp.dmine, meta_level_vlabel, NOQUOTE))" COUNT = "%sysfunc(sasmsg(sashelp.dmine, rpt_count_vlabel, NOQUOTE))";
MPRINT(EM_DIAGRAM):   label ROLE = "Role" LEVEL = "Measurement Level" COUNT = "Frequency Count";
22368      title9 ' ';
MPRINT(EM_DIAGRAM):   title9 ' ';
22369      title10 "%sysfunc(sasmsg(sashelp.dmine, rpt_varSummary_title  , NOQUOTE))";
MPRINT(EM_DIAGRAM):   title10 "Variable Summary";
MPRINT(EM_DIAGRAM):   run;
22370      run;

NOTE: There were 5 observations read from the data set WORK.CLUS6META.
NOTE: The PROCEDURE PRINT printed page 1.
NOTE: PROCEDURE PRINT used (Total process time):
      real time           0.00 seconds
      cpu time            0.01 seconds
      

22371      title10;
MPRINT(EM_DIAGRAM):   title10;
22372      data WORK.M1BGQTVX;
MPRINT(EM_DIAGRAM):    data WORK.M1BGQTVX;
22373      set WORK.M1BGQTVX;
MPRINT(EM_DIAGRAM):   set WORK.M1BGQTVX;
22374      if role eq 'REJECTED' then role = 'INPUT';
MPRINT(EM_DIAGRAM):   if role eq 'REJECTED' then role = 'INPUT';
22375      run;
MPRINT(EM_DIAGRAM):   run;

NOTE: There were 3 observations read from the data set WORK.M1BGQTVX.
NOTE: The data set WORK.M1BGQTVX has 3 observations and 21 variables.
NOTE: DATA statement used (Total process time):
      real time           0.01 seconds
      cpu time            0.01 seconds
      

MPRINT(EM_DIAGRAM):    *------------------------------------------------------------*;
MPRINT(EM_DIAGRAM):   * Clus6: Preparing metadata for training;
MPRINT(EM_DIAGRAM):   ;
MPRINT(EM_DIAGRAM):   *------------------------------------------------------------*;
MPRINT(EM_DIAGRAM):   data WORK.M1BGQTVX;
MPRINT(EM_DIAGRAM):   set WORK.M1BGQTVX;
MPRINT(EM_DIAGRAM):   if role eq 'REJECTED' then role = 'INPUT';
MPRINT(EM_DIAGRAM):   run;
22384      *------------------------------------------------------------*;
MPRINT(EM_DIAGRAM):    *------------------------------------------------------------*;
22385      * Clus6: Training;
MPRINT(EM_DIAGRAM):   * Clus6: Training;
22386      *------------------------------------------------------------*;
MPRINT(EM_DIAGRAM):   *------------------------------------------------------------*;
22387      *------------------------------------------------------------* ;
MPRINT(EM_DIAGRAM):   *------------------------------------------------------------* ;
22388      * Clus6: DMDBClass Macro ;
MPRINT(EM_DIAGRAM):   * Clus6: DMDBClass Macro ;
22389      *------------------------------------------------------------* ;
MPRINT(EM_DIAGRAM):   *------------------------------------------------------------* ;
22390      %macro DMDBClass;
22391      
22392      %mend DMDBClass;
22393      *------------------------------------------------------------* ;
MPRINT(EM_DIAGRAM):   *------------------------------------------------------------* ;
22394      * Clus6: DMDBVar Macro ;
MPRINT(EM_DIAGRAM):   * Clus6: DMDBVar Macro ;
22395      *------------------------------------------------------------* ;
MPRINT(EM_DIAGRAM):   *------------------------------------------------------------* ;
22396      %macro DMDBVar;
22397          CustMonVal IMP_MonthSal policy_time
22398      %mend DMDBVar;
22399      *------------------------------------------------------------*;
MPRINT(EM_DIAGRAM):   *------------------------------------------------------------*;
22400      * Clus6: Create DMDB;
MPRINT(EM_DIAGRAM):   * Clus6: Create DMDB;
22401      *------------------------------------------------------------*;
MPRINT(EM_DIAGRAM):   *------------------------------------------------------------*;
22402      proc dmdb batch data=EMWS1.Filter4_TRAIN
22403      dmdbcat=WORK.Clus6_DMDB
22404      maxlevel = 513
22405      out=WORK.Clus6_DMDB
22406      ;
MPRINT(EM_DIAGRAM):   proc dmdb batch data=EMWS1.Filter4_TRAIN dmdbcat=WORK.Clus6_DMDB maxlevel = 513 out=WORK.Clus6_DMDB ;
MPRINT(EM_DIAGRAM):   var
22407      var %DMDBVar;
MPRINT(DMDBVAR):   CustMonVal IMP_MonthSal policy_time
MPRINT(EM_DIAGRAM):  ;
22408      run;
MPRINT(EM_DIAGRAM):   run;

NOTE: Records processed = 10266   Memory used = 511K.
NOTE: There were 10296 observations read from the data set A2Z_INSU.A2Z_INSURANCE.
NOTE: There were 10296 observations read from the data set EMWS1.IDS_DATA.
NOTE: There were 10296 observations read from the data set EMWS1.IMPT_TRAIN.
NOTE: There were 10296 observations read from the data set EMWS1.TRANS_TRAIN.
NOTE: There were 10296 observations read from the data set EMWS1.TRANS2_TRAIN.
NOTE: There were 10296 observations read from the data set EMWS1.TRANS3_TRAIN.
NOTE: View EMWS1.FILTER4_TRAIN.VIEW used (Total process time):
      real time           0.25 seconds
      cpu time            0.25 seconds
      
NOTE: There were 10296 observations read from the data set EMWS1.DROP2_TRAIN.
NOTE: There were 10266 observations read from the data set EMWS1.FILTER4_TRAIN.
NOTE: The data set WORK.CLUS6_DMDB has 10266 observations and 3 variables.
NOTE: PROCEDURE DMDB used (Total process time):
      real time           0.27 seconds
      cpu time            0.25 seconds
      

MPRINT(EM_DIAGRAM):   quit;
MPRINT(EM_DIAGRAM):   *--- end code ---*;
22409      quit;
22410      *--- end code ---*;

22411      *------------------------------------------------------------* ;
MPRINT(EM_DIAGRAM):    *------------------------------------------------------------* ;
22412      * Clus6: Interval Inputs Macro ;
MPRINT(EM_DIAGRAM):   * Clus6: Interval Inputs Macro ;
22413      *------------------------------------------------------------* ;
MPRINT(EM_DIAGRAM):   *------------------------------------------------------------* ;
22414      %macro DMVQINTERVAL;
22415          CustMonVal IMP_MonthSal policy_time
22416      %mend DMVQINTERVAL;
22417      *------------------------------------------------------------*;
MPRINT(EM_DIAGRAM):   *------------------------------------------------------------*;
22418      * Clus6: Run DMVQ procedure;
MPRINT(EM_DIAGRAM):   * Clus6: Run DMVQ procedure;
22419      *------------------------------------------------------------*;
MPRINT(EM_DIAGRAM):   *------------------------------------------------------------*;
22420      title;
MPRINT(EM_DIAGRAM):   title;
22421      options nodate;
MPRINT(EM_DIAGRAM):   options nodate;
22422      proc dmvq data=WORK.Clus6_DMDB dmdbcat=WORK.Clus6_DMDB std=STD nominal=GLM ordinal=RANK
22423      ;
MPRINT(EM_DIAGRAM):   proc dmvq data=WORK.Clus6_DMDB dmdbcat=WORK.Clus6_DMDB std=STD nominal=GLM ordinal=RANK ;
NOTE: The training set WORK.CLUS6_DMDB.DATA has 3 variable(s).
NOTE: The DMVQ statement has finished with return code=0 and status=begin.
MPRINT(EM_DIAGRAM):   input
22424      input %DMVQINTERVAL / level=interval;
MPRINT(DMVQINTERVAL):   CustMonVal IMP_MonthSal policy_time
MPRINT(EM_DIAGRAM):   / level=interval;
NOTE: 3 input variable(s) defined for ID=I1.
NOTE: The INPUT statement has finished with return code=0 and status=variables.
22425      VQ maxc = 3 clusname=_SEGMENT_ CLUSLABEL="Segment Id" DISTLABEL="Distance";
MPRINT(EM_DIAGRAM):   VQ maxc = 3 clusname=_SEGMENT_ CLUSLABEL="Segment Id" DISTLABEL="Distance";
NOTE: A maximum of 3 clusters have been requested.
NOTE: The VQ statement has finished with return code=0 and status=architecture.
22426      MAKE outvar=EMWS1.Clus6_OUTVAR;
MPRINT(EM_DIAGRAM):   MAKE outvar=EMWS1.Clus6_OUTVAR;

NOTE: 3 input variable(s).
NOTE: Number of cases=10266
NOTE: Sum of frequencies=10266
NOTE: Sum of weights=10266
NOTE: VARDEF=DF      
NOTE: Maximum number of categories=0
NOTE: The total number of variables is 3 with dimensionality 3.
NOTE: 3 variables will be used for clustering.
NOTE: Open output data set EMWS1.CLUS6_OUTVAR.DATA with 4 variables.
NOTE: The data set EMWS1.CLUS6_OUTVAR has 4 observations and 4 variables.
NOTE: The MAKE statement has finished with return code=0 and status=made.
22427      INITIAL radius=0
22428      initial=PRINCOMP
22429      ;
MPRINT(EM_DIAGRAM):   INITIAL radius=0 initial=PRINCOMP ;
NOTE: 3 seeds were selected from data set WORK.CLUS6_DMDB.DATA using the PRINCOMP algorithm.
NOTE: The INITIAL statement has finished with return code=0 and status=initialized.
22430      TRAIN tech=FORGY
22431      ;
MPRINT(EM_DIAGRAM):   TRAIN tech=FORGY ;
NOTE: F-Convergence criterion is satisfied.
NOTE: The TRAIN statement has finished with return code=0 and status=trained.
22432      SAVE outstat=EMWS1.Clus6_OUTSTAT outmean=EMWS1.Clus6_OUTMEAN;
MPRINT(EM_DIAGRAM):   SAVE outstat=EMWS1.Clus6_OUTSTAT outmean=EMWS1.Clus6_OUTMEAN;
NOTE: The data set EMWS1.CLUS6_OUTSTAT has 34 observations and 6 variables.
NOTE: The data set EMWS1.CLUS6_OUTMEAN has 3 observations and 12 variables.
NOTE: The SAVE statement has finished with return code=0 and status=statistics.
22433      code file="C:\Users\misil\Desktop\MIS\DM1_project\Workspaces\EMWS1\Clus6\DMVQSCORECODE.sas"
22434      group=Clus6
22435      ;
MPRINT(EM_DIAGRAM):   code file="C:\Users\misil\Desktop\MIS\DM1_project\Workspaces\EMWS1\Clus6\DMVQSCORECODE.sas" group=Clus6 ;
NOTE: External file C:\Users\misil\Desktop\MIS\DM1_project\Workspaces\EMWS1\Clus6\DMVQSCORECODE.sas opened.
NOTE: The CODE statement has finished with return code=0 and status=statistics.
22436      run;
MPRINT(EM_DIAGRAM):   run;

22437      quit;
MPRINT(EM_DIAGRAM):   quit;

NOTE: There were 10266 observations read from the data set WORK.CLUS6_DMDB.
NOTE: PROCEDURE DMVQ used (Total process time):
      real time           0.06 seconds
      cpu time            0.04 seconds
      

22438      libname _spdslib;
MPRINT(EM_DIAGRAM):    libname _spdslib;
WARNING: Libref _SPDSLIB is not assigned.
22439      *------------------------------------------------------------*;
MPRINT(EM_DIAGRAM):    *------------------------------------------------------------*;
22440      * Clus6: Cluster Label;
MPRINT(EM_DIAGRAM):   * Clus6: Cluster Label;
22441      *------------------------------------------------------------*;
MPRINT(EM_DIAGRAM):   *------------------------------------------------------------*;
22442      data EMWS1.Clus6_LABEL;
MPRINT(EM_DIAGRAM):   data EMWS1.Clus6_LABEL;
22443      length _SEGMENT_ 8 Label $80;
MPRINT(EM_DIAGRAM):   length _SEGMENT_ 8 Label $80;
22444      format _SEGMENT_ 4.;
MPRINT(EM_DIAGRAM):   format _SEGMENT_ 4.;
22445      label _SEGMENT_ = "%sysfunc(sasmsg(sashelp.dmine, rpt_segmentName_vlabel,  NOQUOTE))";
MPRINT(EM_DIAGRAM):   label _SEGMENT_ = "Segment Name";
22446      label Label = "%sysfunc(sasmsg(sashelp.dmine, rpt_segmentLabel_vlabel,  NOQUOTE))";
MPRINT(EM_DIAGRAM):   label Label = "Segment Label";
22447      _SEGMENT_= 1;
MPRINT(EM_DIAGRAM):   _SEGMENT_= 1;
22448      Label='Cluster1';
MPRINT(EM_DIAGRAM):   Label='Cluster1';
22449      output;
MPRINT(EM_DIAGRAM):   output;
22450      _SEGMENT_= 2;
MPRINT(EM_DIAGRAM):   _SEGMENT_= 2;
22451      Label='Cluster2';
MPRINT(EM_DIAGRAM):   Label='Cluster2';
22452      output;
MPRINT(EM_DIAGRAM):   output;
22453      _SEGMENT_= 3;
MPRINT(EM_DIAGRAM):   _SEGMENT_= 3;
22454      Label='Cluster3';
MPRINT(EM_DIAGRAM):   Label='Cluster3';
22455      output;
MPRINT(EM_DIAGRAM):   output;
22456      run;
MPRINT(EM_DIAGRAM):   run;

NOTE: The data set EMWS1.CLUS6_LABEL has 3 observations and 2 variables.
NOTE: DATA statement used (Total process time):
      real time           0.01 seconds
      cpu time            0.01 seconds
      

MPRINT(EM_DIAGRAM):    proc printto;
MPRINT(EM_DIAGRAM):   run;
