 
                                                                                               
 
 
Fit Statistics

Target=DepVar Target Label=DepVar

   Fit
Statistics    Statistics Label                     Train

 _ASE_        Average Squared Error                 0.02
 _DIV_        Divisor for ASE                    4874.00
 _MAX_        Maximum Absolute Error                1.00
 _NOBS_       Sum of Frequencies                 2437.00
 _RASE_       Root Average Squared Error            0.14
 _SSE_        Sum of Squared Errors                94.07
 _DISF_       Frequency of Classified Cases      2437.00
 _MISC_       Misclassification Rate                0.02
 _WRONG_      Number of Wrong Classifications      58.00
 
                                                                                               
 
 
Classification Table

Data Role=TRAIN Target Variable=DepVar Target Label=DepVar

                       Target        Outcome     Frequency       Total
Target    Outcome    Percentage    Percentage      Count      Percentage

  0          0         98.6648       98.3833        2069        84.8995 
  1          0          1.3352        8.3832          28         1.1490 
  0          1         10.0000        1.6167          34         1.3952 
  1          1         90.0000       91.6168         306        12.5564 
 
                                                                                               
 
 
Event Classification Table

Data Role=TRAIN Target=DepVar Target Label=DepVar

  False       True        False       True
Negative    Negative    Positive    Positive

   28         2069         34          306  
 
                                                                                               
 
 
Assessment Score Rankings

Data Role=TRAIN Target Variable=DepVar Target Label=DepVar

                                                                                    Mean
                            Cumulative       %      Cumulative     Number of     Posterior
Depth      Gain     Lift       Lift      Response   % Response   Observations   Probability

   5    623.660   7.23660     7.23660     99.1803     99.1803         122         0.99976  
  10    617.679   7.11699     7.17679     97.5410     98.3607         122         0.96210  
  15    527.969   4.48550     6.27969     61.4754     86.0656         122         0.63100  
  20    388.919   0.71768     4.88919      9.8361     67.0082         122         0.14727  
  25    295.920   0.23923     3.95920      3.2787     54.2623         122         0.01807  
  30    231.927   0.11961     3.31927      1.6393     45.4918         122         0.00230  
  35    184.842   0.00000     2.84842      0.0000     39.0387         121         0.00037  
  40    149.949   0.05981     2.49949      0.8197     34.2564         122         0.00010  
  45    122.151   0.00000     2.22151      0.0000     30.4467         122         0.00003  
  50     99.918   0.00000     1.99918      0.0000     27.3995         122         0.00001  
  55     81.730   0.00000     1.81730      0.0000     24.9068         122         0.00000  
  60     66.576   0.00000     1.66576      0.0000     22.8298         122         0.00000  
  65     53.754   0.00000     1.53754      0.0000     21.0726         122         0.00000  
  70     42.849   0.00000     1.42849      0.0000     19.5780         121         0.00000  
  75     33.315   0.00000     1.33315      0.0000     18.2713         122         0.00000  
  80     24.974   0.00000     1.24974      0.0000     17.1282         122         0.00000  
  85     17.616   0.00000     1.17616      0.0000     16.1197         122         0.00000  
  90     11.076   0.00000     1.11076      0.0000     15.2233         122         0.00000  
  95      5.225   0.00000     1.05225      0.0000     14.4214         122         0.00000  
 100      0.000   0.00000     1.00000      0.0000     13.7054         121         0.00000  
 
                                                                                               
 
 
Assessment Score Distribution

Data Role=TRAIN Target Variable=DepVar Target Label=DepVar

 Posterior     Number                     Mean
Probability      of      Number of     Posterior
   Range       Events    Nonevents    Probability    Percentage

 0.95-1.00       206           3        0.99321         8.5761 
 0.90-0.95        18           0        0.93021         0.7386 
 0.85-0.90        18           2        0.87904         0.8207 
 0.80-0.85        19           2        0.82603         0.8617 
 0.75-0.80        10           2        0.77826         0.4924 
 0.70-0.75         9           4        0.72736         0.5334 
 0.65-0.70         5           2        0.67614         0.2872 
 0.60-0.65         8           3        0.62475         0.4514 
 0.55-0.60         5           8        0.57502         0.5334 
 0.50-0.55         8           8        0.52449         0.6565 
 0.45-0.50         3           5        0.47141         0.3283 
 0.40-0.45         2           4        0.42189         0.2462 
 0.35-0.40         4           8        0.37572         0.4924 
 0.30-0.35         2           8        0.32223         0.4103 
 0.25-0.30         2           6        0.27785         0.3283 
 0.20-0.25         1          11        0.22811         0.4924 
 0.15-0.20         1          15        0.17004         0.6565 
 0.10-0.15         5          25        0.12409         1.2310 
 0.05-0.10         1          39        0.07633         1.6414 
 0.00-0.05         7        1948        0.00145        80.2216 
