 
                                                                                               
 
 
Variable Summary

                  Measurement    Frequency
Role                 Level         Count

ASSESS             NOMINAL            1   
CLASSIFICATION     NOMINAL            3   
ID                 INTERVAL           1   
INPUT              INTERVAL          10   
INPUT              NOMINAL            1   
PREDICT            INTERVAL           2   
RESIDUAL           INTERVAL           2   
SEGMENT            INTERVAL           1   
TARGET             BINARY             1   
 
                                                                                               
 
 
Model Events

                                  Number
                   Measurement      of
Target    Event       Level       Levels      Order       Label

DepVar      1        BINARY          2      Descending    DepVar
 
                                                                                               
 
 
Predicted and decision variables

Type         Variable     Label

TARGET       DepVar       DepVar             
PREDICTED    P_DepVar1    Predicted: DepVar=1
RESIDUAL     R_DepVar1    Residual: DepVar=1 
PREDICTED    P_DepVar0    Predicted: DepVar=0
RESIDUAL     R_DepVar0    Residual: DepVar=0 
FROM         F_DepVar     From: DepVar       
INTO         I_DepVar     Into: DepVar       
