 
                                                                                               
 
 
Model Events

                                  Number
                   Measurement      of
Target    Event       Level       Levels      Order       Label

DepVar      1        BINARY          2      Descending    DepVar
 
                                                                                               
 
 
Predicted and decision variables

Type         Variable     Label

TARGET       DepVar       DepVar             
PREDICTED    P_DepVar1    Predicted: DepVar=1
RESIDUAL     R_DepVar1    Residual: DepVar=1 
PREDICTED    P_DepVar0    Predicted: DepVar=0
RESIDUAL     R_DepVar0    Residual: DepVar=0 
FROM         F_DepVar     From: DepVar       
INTO         I_DepVar     Into: DepVar       
 
                                                                                               
 
Group Summary

Group                     Frequency
Index        Group          Count

   1     ^(cv_var =1)         2193 
   2     ^(cv_var =2)         2185 
   3     ^(cv_var =3)         2202 
   4     ^(cv_var =4)         2195 
   5     ^(cv_var =5)         2197 
   6     ^(cv_var =6)         2198 
   7     ^(cv_var =7)         2193 
   8     ^(cv_var =8)         2189 
   9     ^(cv_var =9)         2201 
  10     ^(cv_var =10)        2180 
 
                                                                                               
 
 
Fit Statistics

Group=^(cv_var =1) Target=DepVar Target Label=DepVar

   Fit
Statistics    Statistics Label                Train

  _NOBS_      Sum of Frequencies            2233.00
  _MISC_      Misclassification Rate           0.06
  _MAX_       Maximum Absolute Error           1.00
  _SSE_       Sum of Squared Errors          216.16
  _ASE_       Average Squared Error            0.05
  _RASE_      Root Average Squared Error       0.22
  _DIV_       Divisor for ASE               4466.00
  _DFT_       Total Degrees of Freedom      2233.00


Group=^(cv_var =2) Target=DepVar Target Label=DepVar

   Fit
Statistics    Statistics Label                Train

  _NOBS_      Sum of Frequencies            2218.00
  _MISC_      Misclassification Rate           0.06
  _MAX_       Maximum Absolute Error           1.00
  _SSE_       Sum of Squared Errors          204.12
  _ASE_       Average Squared Error            0.05
  _RASE_      Root Average Squared Error       0.21
  _DIV_       Divisor for ASE               4436.00
  _DFT_       Total Degrees of Freedom      2218.00


Group=^(cv_var =3) Target=DepVar Target Label=DepVar

   Fit
Statistics    Statistics Label                Train

  _NOBS_      Sum of Frequencies            2213.00
  _MISC_      Misclassification Rate           0.06
  _MAX_       Maximum Absolute Error           0.99
  _SSE_       Sum of Squared Errors          205.56
  _ASE_       Average Squared Error            0.05
  _RASE_      Root Average Squared Error       0.22
  _DIV_       Divisor for ASE               4426.00
  _DFT_       Total Degrees of Freedom      2213.00


Group=^(cv_var =4) Target=DepVar Target Label=DepVar

   Fit
Statistics    Statistics Label                Train

  _NOBS_      Sum of Frequencies            2182.00
  _MISC_      Misclassification Rate           0.06
  _MAX_       Maximum Absolute Error           0.99
  _SSE_       Sum of Squared Errors          198.50
  _ASE_       Average Squared Error            0.05
  _RASE_      Root Average Squared Error       0.21
  _DIV_       Divisor for ASE               4364.00
  _DFT_       Total Degrees of Freedom      2182.00


Group=^(cv_var =5) Target=DepVar Target Label=DepVar

   Fit
Statistics    Statistics Label                Train

  _NOBS_      Sum of Frequencies            2197.00
  _MISC_      Misclassification Rate           0.05
  _MAX_       Maximum Absolute Error           0.99
  _SSE_       Sum of Squared Errors          185.62
  _ASE_       Average Squared Error            0.04
  _RASE_      Root Average Squared Error       0.21
  _DIV_       Divisor for ASE               4394.00
  _DFT_       Total Degrees of Freedom      2197.00


Group=^(cv_var =6) Target=DepVar Target Label=DepVar

   Fit
Statistics    Statistics Label                Train

  _NOBS_      Sum of Frequencies            2179.00
  _MISC_      Misclassification Rate           0.05
  _MAX_       Maximum Absolute Error           0.99
  _SSE_       Sum of Squared Errors          178.73
  _ASE_       Average Squared Error            0.04
  _RASE_      Root Average Squared Error       0.20
  _DIV_       Divisor for ASE               4358.00
  _DFT_       Total Degrees of Freedom      2179.00


Group=^(cv_var =7) Target=DepVar Target Label=DepVar

   Fit
Statistics    Statistics Label                Train

  _NOBS_      Sum of Frequencies            2222.00
  _MISC_      Misclassification Rate           0.06
  _MAX_       Maximum Absolute Error           0.97
  _SSE_       Sum of Squared Errors          197.91
  _ASE_       Average Squared Error            0.04
  _RASE_      Root Average Squared Error       0.21
  _DIV_       Divisor for ASE               4444.00
  _DFT_       Total Degrees of Freedom      2222.00


Group=^(cv_var =8) Target=DepVar Target Label=DepVar

   Fit
Statistics    Statistics Label                Train

  _NOBS_      Sum of Frequencies            2207.00
  _MISC_      Misclassification Rate           0.05
  _MAX_       Maximum Absolute Error           0.99
  _SSE_       Sum of Squared Errors          178.10
  _ASE_       Average Squared Error            0.04
  _RASE_      Root Average Squared Error       0.20
  _DIV_       Divisor for ASE               4414.00
  _DFT_       Total Degrees of Freedom      2207.00


Group=^(cv_var =9) Target=DepVar Target Label=DepVar

   Fit
Statistics    Statistics Label                Train

  _NOBS_      Sum of Frequencies            2188.00
  _MISC_      Misclassification Rate           0.05
  _MAX_       Maximum Absolute Error           1.00
  _SSE_       Sum of Squared Errors          186.53
  _ASE_       Average Squared Error            0.04
  _RASE_      Root Average Squared Error       0.21
  _DIV_       Divisor for ASE               4376.00
  _DFT_       Total Degrees of Freedom      2188.00


Group=^(cv_var =10) Target=DepVar Target Label=DepVar

   Fit
Statistics    Statistics Label                Train

  _NOBS_      Sum of Frequencies            2184.00
  _MISC_      Misclassification Rate           0.06
  _MAX_       Maximum Absolute Error           0.99
  _SSE_       Sum of Squared Errors          209.29
  _ASE_       Average Squared Error            0.05
  _RASE_      Root Average Squared Error       0.22
  _DIV_       Divisor for ASE               4368.00
  _DFT_       Total Degrees of Freedom      2184.00


Group=_OVERALL_ Target=DepVar Target Label=DepVar

   Fit
Statistics    Statistics Label                     Train

 _ASE_        Average Squared Error                 0.05
 _DIV_        Divisor for ASE                    4874.00
 _MAX_        Maximum Absolute Error                1.00
 _NOBS_       Sum of Frequencies                 2437.00
 _RASE_       Root Average Squared Error            0.22
 _SSE_        Sum of Squared Errors               228.36
 _DISF_       Frequency of Classified Cases      2437.00
 _MISC_       Misclassification Rate                0.06
 _WRONG_      Number of Wrong Classifications     147.00
 
                                                                                               
 
 
Classification Table

Data Role=TRAIN Group=^(cv_var =1) Target Variable=DepVar Target Label=DepVar

                       Target        Outcome     Frequency       Total
Target    Outcome    Percentage    Percentage      Count      Percentage

  0          0         96.4286       96.7792        1863        83.4304 
  1          0          3.5714       22.4026          69         3.0900 
  0          1         20.5980        3.2208          62         2.7765 
  1          1         79.4020       77.5974         239        10.7031 


Data Role=TRAIN Group=^(cv_var =10) Target Variable=DepVar Target Label=DepVar

                       Target        Outcome     Frequency       Total
Target    Outcome    Percentage    Percentage      Count      Percentage

  0          0         96.1619       96.7213        1829        83.7454 
  1          0          3.8381       24.9147          73         3.3425 
  0          1         21.9858        3.2787          62         2.8388 
  1          1         78.0142       75.0853         220        10.0733 


Data Role=TRAIN Group=^(cv_var =2) Target Variable=DepVar Target Label=DepVar

                       Target        Outcome     Frequency       Total
Target    Outcome    Percentage    Percentage      Count      Percentage

  0          0         96.8404       96.0815        1839        82.9125 
  1          0          3.1596       19.7368          60         2.7051 
  0          1         23.5110        3.9185          75         3.3814 
  1          1         76.4890       80.2632         244        11.0009 


Data Role=TRAIN Group=^(cv_var =3) Target Variable=DepVar Target Label=DepVar

                       Target        Outcome     Frequency       Total
Target    Outcome    Percentage    Percentage      Count      Percentage

  0          0         95.8333       97.4372        1863        84.1844 
  1          0          4.1667       26.9103          81         3.6602 
  0          1         18.2156        2.5628          49         2.2142 
  1          1         81.7844       73.0897         220         9.9413 


Data Role=TRAIN Group=^(cv_var =4) Target Variable=DepVar Target Label=DepVar

                       Target        Outcome     Frequency       Total
Target    Outcome    Percentage    Percentage      Count      Percentage

  0          0         96.0774       97.4536        1837        84.1888 
  1          0          3.9226       25.2525          75         3.4372 
  0          1         17.7778        2.5464          48         2.1998 
  1          1         82.2222       74.7475         222        10.1742 


Data Role=TRAIN Group=^(cv_var =5) Target Variable=DepVar Target Label=DepVar

                       Target        Outcome     Frequency       Total
Target    Outcome    Percentage    Percentage      Count      Percentage

  0          0         96.8865       96.8354        1836        83.5685 
  1          0          3.1135       19.6013          59         2.6855 
  0          1         19.8675        3.1646          60         2.7310 
  1          1         80.1325       80.3987         242        11.0150 


Data Role=TRAIN Group=^(cv_var =6) Target Variable=DepVar Target Label=DepVar

                       Target        Outcome     Frequency       Total
Target    Outcome    Percentage    Percentage      Count      Percentage

  0          0         96.1920       97.8249        1844        84.6260 
  1          0          3.8080       24.8299          73         3.3502 
  0          1         15.6489        2.1751          41         1.8816 
  1          1         84.3511       75.1701         221        10.1423 


Data Role=TRAIN Group=^(cv_var =7) Target Variable=DepVar Target Label=DepVar

                       Target        Outcome     Frequency       Total
Target    Outcome    Percentage    Percentage      Count      Percentage

  0          0         95.6145       97.7581        1875        84.3834 
  1          0          4.3855       28.2895          86         3.8704 
  0          1         16.4751        2.2419          43         1.9352 
  1          1         83.5249       71.7105         218         9.8110 


Data Role=TRAIN Group=^(cv_var =8) Target Variable=DepVar Target Label=DepVar

                       Target        Outcome     Frequency       Total
Target    Outcome    Percentage    Percentage      Count      Percentage

  0          0         96.9045       97.1594        1847        83.6883 
  1          0          3.0955       19.2810          59         2.6733 
  0          1         17.9402        2.8406          54         2.4468 
  1          1         82.0598       80.7190         247        11.1917 


Data Role=TRAIN Group=^(cv_var =9) Target Variable=DepVar Target Label=DepVar

                       Target        Outcome     Frequency       Total
Target    Outcome    Percentage    Percentage      Count      Percentage

  0          0         95.3728       98.4085        1855        84.7806 
  1          0          4.6272       29.7030          90         4.1133 
  0          1         12.3457        1.5915          30         1.3711 
  1          1         87.6543       70.2970         213         9.7349 


Data Role=TRAIN Group=_OVERALL_ Target Variable=DepVar Target Label=DepVar

                       Target        Outcome     Frequency       Total
Target    Outcome    Percentage    Percentage      Count      Percentage

  0          0         96.0886       96.9567        2039        83.6684 
  1          0          3.9114       24.8503          83         3.4058 
  0          1         20.3175        3.0433          64         2.6262 
  1          1         79.6825       75.1497         251        10.2995 
 
                                                                                               
 
 
Event Classification Table

Data Role=TRAIN Group=_OVERALL_ Target=DepVar Target Label=DepVar

  False       True        False       True       Group
Negative    Negative    Positive    Positive     Index

   83         2039         64          251          11
 
                                                                                               
 
 
Assessment Score Rankings

Data Role=TRAIN Group=^(cv_var =1) Target Variable=DepVar Target Label=DepVar

                                                                                    Mean
                            Cumulative       %      Cumulative     Number of     Posterior
Depth      Gain     Lift       Lift      Response   % Response   Observations   Probability

   5    533.890   6.33890     6.33890     87.4330     87.4330         112         0.87433  
  10    499.872   5.65854     5.99872     78.0488     82.7409         112         0.78049  
  15    434.449   4.02426     5.34449     55.5070     73.7171         111         0.55507  
  20    331.687   1.24319     4.31687     17.1474     59.5431         112         0.17147  
  25    262.986   0.88796     3.62986     12.2478     50.0671         112         0.12248  
  30    209.038   0.37354     3.09038      5.1522     42.6260         111         0.05152  
  35    168.087   0.23112     2.68087      3.1879     36.9775         112         0.03188  
  40    137.397   0.23112     2.37397      3.1879     32.7444         112         0.03188  
  45    113.730   0.23112     2.13730      3.1879     29.4799         111         0.03188  
  50     94.617   0.23112     1.94617      3.1879     26.8437         112         0.03188  
  55     78.927   0.22449     1.78927      3.0965     24.6796         112         0.03096  
  60     65.547   0.17400     1.65547      2.4000     22.8340         111         0.02400  
  65     53.127   0.04537     1.53127      0.6257     21.1210         112         0.00626  
  70     42.351   0.02641     1.42351      0.3642     19.6346         112         0.00364  
  75     32.986   0.01042     1.32986      0.1437     18.3429         111         0.00144  
  80     24.717   0.01042     1.24717      0.1437     17.2023         112         0.00144  
  85     17.423   0.01042     1.17423      0.1437     16.1962         112         0.00144  
  90     10.996   0.01042     1.10996      0.1437     15.3097         111         0.00144  
  95      5.192   0.01042     1.05192      0.1437     14.5093         112         0.00144  
 100      0.000   0.00741     1.00000      0.1023     13.7931         111         0.00102  


Data Role=TRAIN Group=^(cv_var =2) Target Variable=DepVar Target Label=DepVar

                                                                                    Mean
                            Cumulative       %      Cumulative     Number of     Posterior
Depth      Gain     Lift       Lift      Response   % Response   Observations   Probability

   5    534.595   6.34595     6.34595     86.9779     86.9779         111         0.86978  
  10    502.695   5.70796     6.02695     78.2335     82.6057         111         0.78233  
  15    449.505   4.43123     5.49505     60.7346     75.3153         111         0.60735  
  20    355.480   1.73408     4.55480     23.7674     62.4283         111         0.23767  
  25    277.962   0.67886     3.77962      9.3045     51.8036         111         0.09304  
  30    218.796   0.22967     3.18796      3.1479     43.6943         111         0.03148  
  35    176.115   0.20028     2.76115      2.7451     37.8444         111         0.02745  
  40    144.003   0.19224     2.44003      2.6348     33.4432         111         0.02635  
  45    118.471   0.14209     2.18471      1.9475     29.9437         111         0.01948  
  50     97.156   0.03580     1.97156      0.4907     27.0223         110         0.00491  
  55     79.544   0.03580     1.79544      0.4907     24.6083         111         0.00491  
  60     64.869   0.03580     1.64869      0.4907     22.5970         111         0.00491  
  65     52.454   0.03580     1.52454      0.4907     20.8954         111         0.00491  
  70     41.813   0.03580     1.41813      0.4907     19.4369         111         0.00491  
  75     32.592   0.03580     1.32592      0.4907     18.1731         111         0.00491  
  80     24.524   0.03580     1.24524      0.4907     17.0673         111         0.00491  
  85     17.406   0.03580     1.17406      0.4907     16.0917         111         0.00491  
  90     11.067   0.03354     1.11067      0.4597     15.2228         111         0.00460  
  95      5.218   0.00000     1.05218      0.0000     14.4213         111         0.00000  
 100      0.000   0.00000     1.00000      0.0000     13.7060         110         0.00000  


Data Role=TRAIN Group=^(cv_var =3) Target Variable=DepVar Target Label=DepVar

                                                                                    Mean
                            Cumulative       %      Cumulative     Number of     Posterior
Depth      Gain     Lift       Lift      Response   % Response   Observations   Probability

   5    579.877   6.79877     6.79877     92.4731     92.4731         111         0.92473  
  10    537.267   5.94658     6.37267     80.8821     86.6776         111         0.80882  
  15    430.578   3.15258     5.30578     42.8796     72.1662         110         0.42880  
  20    335.514   1.51182     4.35514     20.5629     59.2363         111         0.20563  
  25    264.346   0.80315     3.64346     10.9241     49.5564         111         0.10924  
  30    212.761   0.52957     3.12761      7.2030     42.5400         110         0.07203  
  35    172.569   0.32141     2.72569      4.3717     37.0733         111         0.04372  
  40    140.863   0.19494     2.40863      2.6515     32.7609         111         0.02652  
  45    116.415   0.19494     2.16415      2.6515     29.4355         110         0.02652  
  50     95.660   0.09428     1.95660      1.2824     26.6126         111         0.01282  
  55     78.274   0.04884     1.78274      0.6643     24.2479         111         0.00664  
  60     63.863   0.04295     1.63863      0.5842     22.2878         110         0.00584  
  65     51.555   0.04295     1.51555      0.5842     20.6136         111         0.00584  
  70     41.009   0.04295     1.41009      0.5842     19.1793         111         0.00584  
  75     31.950   0.04295     1.31950      0.5842     17.9471         110         0.00584  
  80     23.949   0.04295     1.23949      0.5842     16.8588         111         0.00584  
  85     16.892   0.04295     1.16892      0.5842     15.8989         111         0.00584  
  90     10.674   0.04295     1.10674      0.5842     15.0533         110         0.00584  
  95      5.059   0.04295     1.05059      0.5842     14.2896         111         0.00584  
 100      0.000   0.03280     1.00000      0.4461     13.6014         110         0.00446  


Data Role=TRAIN Group=^(cv_var =4) Target Variable=DepVar Target Label=DepVar

                                                                                    Mean
                            Cumulative       %      Cumulative     Number of     Posterior
Depth      Gain     Lift       Lift      Response   % Response   Observations   Probability

   5    599.464   6.99464     6.99464     95.2066     95.2066         110         0.95207  
  10    542.216   5.84443     6.42216     79.5507     87.4144         109         0.79551  
  15    428.221   2.99184     5.28221     40.7230     71.8980         109         0.40723  
  20    333.187   1.47213     4.33187     20.0377     58.9626         109         0.20038  
  25    261.158   0.72380     3.61158      9.8519     49.1585         109         0.09852  
  30    209.422   0.50268     3.09422      6.8421     42.1165         109         0.06842  
  35    169.147   0.27128     2.69147      3.6925     36.6346         109         0.03693  
  40    137.635   0.16763     2.37635      2.2817     32.3454         109         0.02282  
  45    112.714   0.13119     2.12714      1.7857     28.9533         109         0.01786  
  50     92.773   0.13119     1.92773      1.7857     26.2390         109         0.01786  
  55     75.971   0.09325     1.75971      1.2693     23.9520         110         0.01269  
  60     61.917   0.07071     1.61917      0.9625     22.0392         109         0.00962  
  65     50.023   0.07071     1.50023      0.9625     20.4202         109         0.00962  
  70     39.825   0.07071     1.39825      0.9625     19.0322         109         0.00962  
  75     30.986   0.07071     1.30986      0.9625     17.8290         109         0.00962  
  80     23.250   0.07071     1.23250      0.9625     16.7760         109         0.00962  
  85     16.423   0.07071     1.16423      0.9625     15.8468         109         0.00962  
  90     10.355   0.07071     1.10355      0.9625     15.0208         109         0.00962  
  95      4.924   0.07071     1.04924      0.9625     14.2816         109         0.00962  
 100      0.000   0.06357     1.00000      0.8653     13.6114         109         0.00865  


Data Role=TRAIN Group=^(cv_var =5) Target Variable=DepVar Target Label=DepVar

                                                                                    Mean
                            Cumulative       %      Cumulative     Number of     Posterior
Depth      Gain     Lift       Lift      Response   % Response   Observations   Probability

   5    575.183   6.75183     6.75183     92.5035     92.5035         110         0.92503  
  10    532.557   5.89930     6.32557     80.8234     86.6634         110         0.80823  
  15    457.931   4.08681     5.57931     55.9913     76.4394         110         0.55991  
  20    350.796   1.29391     4.50796     17.7273     61.7614         110         0.17727  
  25    272.354   0.58584     3.72354      8.0263     51.0144         110         0.08026  
  30    218.120   0.46953     3.18120      6.4327     43.5841         110         0.06433  
  35    178.197   0.36461     2.78197      4.9954     38.1144         109         0.04995  
  40    144.085   0.05609     2.44085      0.7685     33.4409         110         0.00768  
  45    117.561   0.05609     2.17561      0.7685     29.8069         110         0.00768  
  50     96.346   0.05609     1.96346      0.7685     26.9004         110         0.00768  
  55     78.992   0.05609     1.78992      0.7685     24.5229         110         0.00768  
  60     64.533   0.05609     1.64533      0.7685     22.5418         110         0.00768  
  65     52.299   0.05609     1.52299      0.7685     20.8658         110         0.00768  
  70     41.903   0.05609     1.41903      0.7685     19.4415         109         0.00768  
  75     32.806   0.05609     1.32806      0.7685     18.1951         110         0.00768  
  80     24.847   0.05609     1.24847      0.7685     17.1047         110         0.00768  
  85     17.612   0.01989     1.17612      0.2725     16.1135         110         0.00272  
  90     11.072   0.00000     1.11072      0.0000     15.2174         110         0.00000  
  95      5.220   0.00000     1.05220      0.0000     14.4157         110         0.00000  
 100      0.000   0.00000     1.00000      0.0000     13.7005         109         0.00000  


Data Role=TRAIN Group=^(cv_var =6) Target Variable=DepVar Target Label=DepVar

                                                                                    Mean
                            Cumulative       %      Cumulative     Number of     Posterior
Depth      Gain     Lift       Lift      Response   % Response   Observations   Probability

   5    619.908   7.19908     7.19908     97.1330     97.1330         109         0.97133  
  10    562.961   6.06014     6.62961     81.7661     89.4495         109         0.81766  
  15    452.063   3.30266     5.52063     44.5609     74.4867         109         0.44561  
  20    338.722   0.98700     4.38722     13.3170     59.1943         109         0.13317  
  25    268.800   0.89111     3.68800     12.0233     49.7601         109         0.12023  
  30    217.287   0.59725     3.17287      8.0583     42.8098         109         0.08058  
  35    175.894   0.27532     2.75894      3.7148     37.2248         109         0.03715  
  40    143.375   0.15747     2.43375      2.1247     32.8373         109         0.02125  
  45    117.270   0.08422     2.17270      1.1364     29.3149         109         0.01136  
  50     96.117   0.05744     1.96117      0.7751     26.4610         109         0.00775  
  55     78.685   0.04368     1.78685      0.5894     24.1090         109         0.00589  
  60     64.159   0.04368     1.64159      0.5894     22.1490         109         0.00589  
  65     51.867   0.04368     1.51867      0.5894     20.4906         109         0.00589  
  70     41.332   0.04368     1.41332      0.5894     19.0691         109         0.00589  
  75     32.201   0.04368     1.32201      0.5894     17.8371         109         0.00589  
  80     24.211   0.04368     1.24211      0.5894     16.7591         109         0.00589  
  85     17.162   0.04368     1.17162      0.5894     15.8080         109         0.00589  
  90     10.895   0.04368     1.10895      0.5894     14.9625         109         0.00589  
  95      5.215   0.02966     1.05215      0.4001     14.1960         109         0.00400  
 100      0.000   0.00000     1.00000      0.0000     13.4924         108         0.00000  


Data Role=TRAIN Group=^(cv_var =7) Target Variable=DepVar Target Label=DepVar

                                                                                    Mean
                            Cumulative       %      Cumulative     Number of     Posterior
Depth      Gain     Lift       Lift      Response   % Response   Observations   Probability

   5    581.975   6.81975     6.81975     93.3036     93.3036         112         0.93304  
  10    530.952   5.79469     6.30952     79.2793     86.3229         111         0.79279  
  15    439.437   3.55583     5.39437     48.6486     73.8024         111         0.48649  
  20    342.654   1.51431     4.42654     20.7178     60.5611         111         0.20718  
  25    274.573   1.01638     3.74573     13.9055     51.2467         111         0.13905  
  30    222.005   0.58689     3.22005      8.0294     44.0546         111         0.08029  
  35    179.151   0.21641     2.79151      2.9608     38.1916         111         0.02961  
  40    146.584   0.18324     2.46584      2.5070     33.7361         111         0.02507  
  45    121.247   0.18324     2.21247      2.5070     30.2696         111         0.02507  
  50    100.000   0.08584     2.00000      1.1744     27.3627         111         0.01174  
  55     81.684   0.00000     1.81684      0.0000     24.8569         112         0.00000  
  60     66.567   0.00000     1.66567      0.0000     22.7886         111         0.00000  
  65     53.772   0.00000     1.53772      0.0000     21.0381         111         0.00000  
  70     42.802   0.00000     1.42802      0.0000     19.5373         111         0.00000  
  75     33.293   0.00000     1.33293      0.0000     18.2364         111         0.00000  
  80     24.972   0.00000     1.24972      0.0000     17.0979         111         0.00000  
  85     17.628   0.00000     1.17628      0.0000     16.0932         111         0.00000  
  90     11.100   0.00000     1.11100      0.0000     15.2000         111         0.00000  
  95      5.258   0.00000     1.05258      0.0000     14.4008         111         0.00000  
 100      0.000   0.00000     1.00000      0.0000     13.6814         111         0.00000  


Data Role=TRAIN Group=^(cv_var =8) Target Variable=DepVar Target Label=DepVar

                                                                                    Mean
                            Cumulative       %      Cumulative     Number of     Posterior
Depth      Gain     Lift       Lift      Response   % Response   Observations   Probability

   5    579.162   6.79162     6.79162     94.1656     94.1656         111         0.94166  
  10    528.231   5.76837     6.28231     79.9784     87.1041         110         0.79978  
  15    464.828   4.38593     5.64828     60.8108     78.3133         111         0.60811  
  20    354.326   1.20811     4.54326     16.7505     62.9922         110         0.16750  
  25    274.819   0.55346     3.74819      7.6738     51.9686         110         0.07674  
  30    217.158   0.30413     3.17158      4.2168     43.9739         111         0.04217  
  35    176.111   0.28706     2.76111      3.9801     38.2827         110         0.03980  
  40    144.232   0.20212     2.44232      2.8024     33.8627         110         0.02802  
  45    117.975   0.09100     2.17975      1.2617     30.2222         111         0.01262  
  50     96.676   0.04210     1.96676      0.5837     27.2691         110         0.00584  
  55     79.237   0.04210     1.79237      0.5837     24.8511         110         0.00584  
  60     64.574   0.04210     1.64574      0.5837     22.8181         111         0.00584  
  65     52.281   0.04210     1.52281      0.5837     21.1138         110         0.00584  
  70     41.739   0.04210     1.41739      0.5837     19.6521         110         0.00584  
  75     32.521   0.04210     1.32521      0.5837     18.3739         111         0.00584  
  80     24.528   0.04210     1.24528      0.5837     17.2658         110         0.00584  
  85     17.473   0.04210     1.17473      0.5837     16.2877         110         0.00584  
  90     11.072   0.02882     1.11072      0.3996     15.4001         111         0.00400  
  95      5.246   0.00000     1.05246      0.0000     14.5923         110         0.00000  
 100      0.000   0.00000     1.00000      0.0000     13.8650         110         0.00000  


Data Role=TRAIN Group=^(cv_var =9) Target Variable=DepVar Target Label=DepVar

                                                                                    Mean
                            Cumulative       %      Cumulative     Number of     Posterior
Depth      Gain     Lift       Lift      Response   % Response   Observations   Probability

   5    595.854   6.95854     6.95854     96.3636     96.3636         110         0.96364  
  10    553.736   6.11233     6.53736     84.6451     90.5311         109         0.84645  
  15    440.487   3.15017     5.40487     43.6244     74.8480         110         0.43624  
  20    339.367   1.34154     4.39367     18.5780     60.8447         109         0.18578  
  25    269.901   0.90761     3.69901     12.5688     51.2249         109         0.12569  
  30    216.757   0.52489     3.16757      7.2688     43.8654         110         0.07269  
  35    175.034   0.23547     2.75034      3.2609     38.0875         109         0.03261  
  40    143.277   0.22135     2.43277      3.0653     33.6897         110         0.03065  
  45    117.573   0.10997     2.17573      1.5228     30.1301         109         0.01523  
  50     96.991   0.10997     1.96991      1.5228     27.2799         109         0.01523  
  55     79.998   0.10997     1.79998      1.5228     24.9266         110         0.01523  
  60     65.811   0.09100     1.65811      1.2602     22.9619         109         0.01260  
  65     53.295   0.03898     1.53295      0.5398     21.2287         110         0.00540  
  70     42.464   0.01067     1.42464      0.1477     19.7288         109         0.00148  
  75     33.072   0.01067     1.33072      0.1477     18.4282         109         0.00148  
  80     24.779   0.01067     1.24779      0.1477     17.2798         110         0.00148  
  85     17.529   0.01067     1.17529      0.1477     16.2758         109         0.00148  
  90     11.026   0.01067     1.11026      0.1477     15.3752         110         0.00148  
  95      5.243   0.00714     1.05243      0.0989     14.5743         109         0.00099  
 100      0.000   0.00000     1.00000      0.0000     13.8483         109         0.00000  


Data Role=TRAIN Group=^(cv_var =10) Target Variable=DepVar Target Label=DepVar

                                                                                    Mean
                            Cumulative       %      Cumulative     Number of     Posterior
Depth      Gain     Lift       Lift      Response   % Response   Observations   Probability

   5    599.190   6.99190     6.99190     93.8017     93.8017         110         0.93802  
  10    536.613   5.73461     6.36613     76.9341     85.4064         109         0.76934  
  15    425.250   3.01501     5.25250     40.4487     70.4662         109         0.40449  
  20    327.738   1.34309     4.27738     18.0185     57.3843         109         0.18019  
  25    257.883   0.77820     3.57883     10.4401     48.0126         109         0.10440  
  30    204.800   0.41315     3.04800      5.5427     40.8911         110         0.05543  
  35    166.942   0.39103     2.66942      5.2459     35.8123         109         0.05246  
  40    138.232   0.36738     2.38232      4.9287     31.9607         109         0.04929  
  45    113.950   0.19242     2.13950      2.5815     28.7030         109         0.02581  
  50     94.454   0.18635     1.94454      2.5000     26.0875         109         0.02500  
  55     77.629   0.10599     1.77629      1.4220     23.8302         110         0.01422  
  60     63.279   0.05036     1.63279      0.6757     21.9051         109         0.00676  
  65     51.132   0.05036     1.51132      0.6757     20.2755         109         0.00676  
  70     40.717   0.05036     1.40717      0.6757     18.8783         109         0.00676  
  75     31.688   0.05036     1.31688      0.6757     17.6670         109         0.00676  
  80     23.718   0.05036     1.23718      0.6757     16.5977         110         0.00676  
  85     16.752   0.05036     1.16752      0.6757     15.6632         109         0.00676  
  90     10.558   0.05036     1.10558      0.6757     14.8322         109         0.00676  
  95      5.015   0.05036     1.05015      0.6757     14.0886         109         0.00676  
 100      0.000   0.04528     1.00000      0.6075     13.4158         109         0.00607  


Data Role=TRAIN Group=_OVERALL_ Target Variable=DepVar Target Label=DepVar

                                                                                    Mean
                            Cumulative       %      Cumulative     Number of     Posterior
Depth      Gain     Lift       Lift      Response   % Response   Observations   Probability

   5    554.455   6.54455     6.54455     89.6956     89.6956         122         0.93300  
  10    523.185   5.91915     6.23185     81.1241     85.4098         122         0.80025  
  15    433.608   3.54454     5.33608     48.5792     73.1330         122         0.51761  
  20    336.243   1.44149     4.36243     19.7562     59.7888         122         0.18777  
  25    267.213   0.91090     3.67213     12.4842     50.3279         122         0.10768  
  30    214.649   0.51832     3.14649      7.1038     43.1239         122         0.06320  
  35    176.613   0.46508     2.76613      6.3741     37.9108         121         0.03717  
  40    143.326   0.10590     2.43326      1.4514     33.3487         122         0.02713  
  45    116.830   0.05084     2.16830      0.6967     29.7174         122         0.02170  
  50     95.130   0.00000     1.95130      0.0000     26.7432         122         0.01133  
  55     77.943   0.06220     1.77943      0.8525     24.3878         122         0.00859  
  60     64.497   0.16696     1.64497      2.2883     22.5449         122         0.00734  
  65     52.373   0.06987     1.52373      0.9576     20.8833         122         0.00633  
  70     41.566   0.00000     1.41566      0.0000     19.4021         121         0.00588  
  75     32.118   0.00000     1.32118      0.0000     18.1072         122         0.00584  
  80     24.003   0.02413     1.24003      0.3307     16.9951         122         0.00549  
  85     16.912   0.03567     1.16912      0.4889     16.0232         122         0.00339  
  90     10.762   0.06328     1.10762      0.8673     15.1804         122         0.00127  
  95      5.077   0.02828     1.05077      0.3876     14.4012         122         0.00000  
 100      0.000   0.02828     1.00000      0.3876     13.7054         121         0.00000  
 
                                                                                               
 
 
Assessment Score Distribution

Data Role=TRAIN Group=^(cv_var =1) Target Variable=DepVar Target Label=DepVar

 Posterior     Number                     Mean
Probability      of      Number of     Posterior
   Range       Events    Nonevents    Probability    Percentage

 0.95-1.00       12            0        1.00000         0.5374 
 0.90-0.95       31            3        0.91176         1.5226 
 0.80-0.85       97           20        0.82906         5.2396 
 0.75-0.80       20            6        0.76923         1.1644 
 0.70-0.75       59           23        0.71951         3.6722 
 0.65-0.70       14            6        0.70000         0.8957 
 0.55-0.60        6            4        0.60000         0.4478 
 0.20-0.25        7           22        0.24138         1.2987 
 0.15-0.20       16           68        0.19048         3.7618 
 0.10-0.15       21          154        0.12000         7.8370 
 0.00-0.05       25         1619        0.01521        73.6229 


Data Role=TRAIN Group=^(cv_var =2) Target Variable=DepVar Target Label=DepVar

 Posterior     Number                     Mean
Probability      of      Number of     Posterior
   Range       Events    Nonevents    Probability    Percentage

 0.95-1.00       11            0        1.00000         0.4959 
 0.90-0.95       33            3        0.91667         1.6231 
 0.80-0.85       64           14        0.82051         3.5167 
 0.75-0.80       69           19        0.78409         3.9675 
 0.70-0.75        5            2        0.71429         0.3156 
 0.65-0.70       23           11        0.67647         1.5329 
 0.60-0.65       11            6        0.64706         0.7665 
 0.55-0.60       28           20        0.58333         2.1641 
 0.45-0.50        6            6        0.50000         0.5410 
 0.35-0.40        7           11        0.38889         0.8115 
 0.25-0.30        3            8        0.27273         0.4959 
 0.20-0.25       18           70        0.20455         3.9675 
 0.10-0.15        2           13        0.13333         0.6763 
 0.05-0.10        7           72        0.08861         3.5618 
 0.00-0.05       17         1659        0.01014        75.5636 


Data Role=TRAIN Group=^(cv_var =3) Target Variable=DepVar Target Label=DepVar

 Posterior     Number                     Mean
Probability      of      Number of     Posterior
   Range       Events    Nonevents    Probability    Percentage

 0.95-1.00       19            0        1.00000         0.8586 
 0.90-0.95       99           10        0.90826         4.9254 
 0.80-0.85       39            7        0.84783         2.0786 
 0.75-0.80       29            9        0.76316         1.7171 
 0.65-0.70        4            2        0.66667         0.2711 
 0.60-0.65       20           13        0.60606         1.4912 
 0.55-0.60        4            3        0.57143         0.3163 
 0.50-0.55        6            5        0.54545         0.4971 
 0.35-0.40       12           20        0.37500         1.4460 
 0.20-0.25       24           74        0.24490         4.4284 
 0.10-0.15       13           79        0.14130         4.1573 
 0.05-0.10       12          129        0.08511         6.3714 
 0.00-0.05       20         1561        0.01265        71.4415 


Data Role=TRAIN Group=^(cv_var =4) Target Variable=DepVar Target Label=DepVar

 Posterior     Number                     Mean
Probability      of      Number of     Posterior
   Range       Events    Nonevents    Probability    Percentage

 0.95-1.00       74            2        0.97368         3.4830 
 0.90-0.95       11            1        0.91667         0.5500 
 0.85-0.90       56            8        0.87500         2.9331 
 0.80-0.85        9            2        0.81818         0.5041 
 0.75-0.80       13            4        0.76471         0.7791 
 0.70-0.75       35           13        0.72917         2.1998 
 0.55-0.60       24           18        0.57143         1.9248 
 0.30-0.35        3            6        0.33333         0.4125 
 0.20-0.25       19           67        0.22093         3.9413 
 0.15-0.20       19           83        0.18627         4.6746 
 0.05-0.10       13          177        0.06842         8.7076 
 0.00-0.05       21         1504        0.01377        69.8900 


Data Role=TRAIN Group=^(cv_var =5) Target Variable=DepVar Target Label=DepVar

 Posterior     Number                     Mean
Probability      of      Number of     Posterior
   Range       Events    Nonevents    Probability    Percentage

 0.95-1.00       27            0        1.00000         1.2289 
 0.90-0.95       23            2        0.92000         1.1379 
 0.85-0.90       73            9        0.89024         3.7324 
 0.80-0.85       40            8        0.83333         2.1848 
 0.75-0.80       12            3        0.80000         0.6827 
 0.65-0.70       32           15        0.68085         2.1393 
 0.60-0.65       21           12        0.63636         1.5020 
 0.55-0.60        6            4        0.60000         0.4552 
 0.50-0.55        8            7        0.53333         0.6827 
 0.40-0.45        6            8        0.42857         0.6372 
 0.35-0.40        2            3        0.40000         0.2276 
 0.20-0.25        7           21        0.25000         1.2745 
 0.15-0.20       11           53        0.17188         2.9131 
 0.10-0.15        4           25        0.13793         1.3200 
 0.05-0.10       19          251        0.07037        12.2895 
 0.00-0.05       10         1475        0.00673        67.5922 


Data Role=TRAIN Group=^(cv_var =6) Target Variable=DepVar Target Label=DepVar

 Posterior     Number                     Mean
Probability      of      Number of     Posterior
   Range       Events    Nonevents    Probability    Percentage

 0.95-1.00       91            1        0.98913         4.2221 
 0.85-0.90       27            4        0.87097         1.4227 
 0.80-0.85       56           12        0.82353         3.1207 
 0.75-0.80       18            5        0.78261         1.0555 
 0.70-0.75        6            2        0.75000         0.3671 
 0.55-0.60       23           17        0.57500         1.8357 
 0.45-0.50        6            6        0.50000         0.5507 
 0.35-0.40        4            6        0.40000         0.4589 
 0.30-0.35       11           21        0.34375         1.4686 
 0.10-0.15       30          206        0.12712        10.8307 
 0.05-0.10       10          120        0.07692         5.9660 
 0.00-0.05       12         1485        0.00802        68.7012 


Data Role=TRAIN Group=^(cv_var =7) Target Variable=DepVar Target Label=DepVar

 Posterior     Number                     Mean
Probability      of      Number of     Posterior
   Range       Events    Nonevents    Probability    Percentage

 0.95-1.00       45            1        0.97826         2.0702 
 0.90-0.95       52            5        0.91228         2.5653 
 0.80-0.85       61           13        0.82432         3.3303 
 0.75-0.80       24            7        0.77419         1.3951 
 0.70-0.75        5            2        0.71429         0.3150 
 0.65-0.70       31           15        0.67391         2.0702 
 0.45-0.50        6            6        0.50000         0.5401 
 0.35-0.40       19           32        0.37255         2.2952 
 0.30-0.35       14           26        0.35000         1.8002 
 0.20-0.25        2            6        0.25000         0.3600 
 0.10-0.15       30          190        0.13636         9.9010 
 0.05-0.10        4           52        0.07143         2.5203 
 0.00-0.05       11         1563        0.00699        70.8371 


Data Role=TRAIN Group=^(cv_var =8) Target Variable=DepVar Target Label=DepVar

 Posterior     Number                     Mean
Probability      of      Number of     Posterior
   Range       Events    Nonevents    Probability    Percentage

 0.95-1.00       37            0        1.00000         1.6765 
 0.90-0.95       82            8        0.91111         4.0779 
 0.85-0.90        7            1        0.87500         0.3625 
 0.80-0.85       10            2        0.83333         0.5437 
 0.75-0.80       25            7        0.78125         1.4499 
 0.70-0.75       54           18        0.75000         3.2623 
 0.65-0.70       15            7        0.68182         0.9968 
 0.60-0.65       10            6        0.62500         0.7250 
 0.55-0.60        7            5        0.58333         0.5437 
 0.40-0.45       11           15        0.42308         1.1781 
 0.35-0.40        2            3        0.40000         0.2266 
 0.25-0.30        3            8        0.27273         0.4984 
 0.20-0.25        8           29        0.21622         1.6765 
 0.15-0.20        3           13        0.18750         0.7250 
 0.05-0.10       13          145        0.08228         7.1590 
 0.00-0.05       19         1634        0.01149        74.8981 


Data Role=TRAIN Group=^(cv_var =9) Target Variable=DepVar Target Label=DepVar

 Posterior     Number                     Mean
Probability      of      Number of     Posterior
   Range       Events    Nonevents    Probability    Percentage

 0.95-1.00       74            2        0.97368         3.4735 
 0.90-0.95       48            3        0.94118         2.3309 
 0.85-0.90       63            9        0.87500         3.2907 
 0.65-0.70       12            6        0.66667         0.8227 
 0.60-0.65       12            7        0.63158         0.8684 
 0.55-0.60        4            3        0.57143         0.3199 
 0.40-0.45        3            4        0.42857         0.3199 
 0.35-0.40       31           50        0.38272         3.7020 
 0.15-0.20       26          120        0.17808         6.6728 
 0.10-0.15        5           43        0.10417         2.1938 
 0.05-0.10       10          116        0.07937         5.7587 
 0.00-0.05       15         1522        0.00976        70.2468 


Data Role=TRAIN Group=^(cv_var =10) Target Variable=DepVar Target Label=DepVar

 Posterior     Number                     Mean
Probability      of      Number of     Posterior
   Range       Events    Nonevents    Probability    Percentage

 0.95-1.00       18            0        1.00000         0.8242 
 0.90-0.95       87            7        0.92553         4.3040 
 0.85-0.90        7            1        0.87500         0.3663 
 0.80-0.85       41            8        0.83673         2.2436 
 0.70-0.75       18            6        0.75000         1.0989 
 0.65-0.70        4            2        0.66667         0.2747 
 0.60-0.65        7            4        0.63636         0.5037 
 0.55-0.60       14           11        0.56000         1.1447 
 0.50-0.55       24           23        0.51064         2.1520 
 0.20-0.25       15           47        0.24194         2.8388 
 0.15-0.20       17           84        0.16832         4.6245 
 0.10-0.15        5           39        0.11364         2.0147 
 0.05-0.10       22          350        0.05914        17.0330 
 0.00-0.05       14         1309        0.01058        60.5769 


Data Role=TRAIN Group=_OVERALL_ Target Variable=DepVar Target Label=DepVar

 Posterior     Number                     Mean
Probability      of      Number of     Posterior
   Range       Events    Nonevents    Probability    Percentage

 0.95-1.00       37            3        0.98698         1.6414 
 0.90-0.95       51            6        0.91647         2.3389 
 0.85-0.90       29            4        0.87922         1.3541 
 0.80-0.85       47           11        0.83059         2.3800 
 0.75-0.80       25            5        0.77748         1.2310 
 0.70-0.75       23            8        0.73550         1.2721 
 0.65-0.70       18           10        0.67676         1.1490 
 0.60-0.65       11            4        0.63036         0.6155 
 0.55-0.60        7           10        0.58161         0.6976 
 0.50-0.55        3            3        0.52224         0.2462 
 0.45-0.50        1            2        0.50000         0.1231 
 0.40-0.45        3            2        0.42619         0.2052 
 0.35-0.40        8           15        0.37395         0.9438 
 0.30-0.35        3            6        0.34792         0.3693 
 0.25-0.30        1            1        0.27273         0.0821 
 0.20-0.25        8           41        0.22859         2.0107 
 0.15-0.20       11           51        0.17829         2.5441 
 0.10-0.15       16           69        0.12809         3.4879 
 0.05-0.10       13          154        0.07366         6.8527 
 0.00-0.05       19         1698        0.01035        70.4555 
